srcscan starts
INFO: analyzing module Accumulator (VERI-9002)
INFO: analyzing module FC_controller (VERI-9002)
INFO: analyzing module FC_layer (VERI-9002)
INFO: analyzing module FIFO (VERI-9002)
INFO: analyzing module MAC (VERI-9002)
INFO: analyzing module Max_Pooling_ReLU (VERI-9002)
INFO: analyzing module PE_Array (VERI-9002)
INFO: analyzing module buffer1 (VERI-9002)
INFO: analyzing module comparator (VERI-9002)
INFO: analyzing module conv2d_pe (VERI-9002)
INFO: analyzing module global_controller (VERI-9002)
INFO: analyzing module matmul (VERI-9002)
INFO: analyzing module max_finder (VERI-9002)
INFO: analyzing module shiftBuffer (VERI-9002)
INFO: analyzing module top (VERI-9002)
INFO: analyzing module A2O1A1Ixp33_ASAP7_75t_R (VERI-9002)
INFO: analyzing module A2O1A1O1Ixp25_ASAP7_75t_R (VERI-9002)
INFO: analyzing module AO211x2_ASAP7_75t_R (VERI-9002)
INFO: analyzing module AO21x1_ASAP7_75t_R (VERI-9002)
INFO: analyzing module AO21x2_ASAP7_75t_R (VERI-9002)
INFO: analyzing module AO221x1_ASAP7_75t_R (VERI-9002)
INFO: analyzing module AO221x2_ASAP7_75t_R (VERI-9002)
INFO: analyzing module AO222x2_ASAP7_75t_R (VERI-9002)
INFO: analyzing module AO22x1_ASAP7_75t_R (VERI-9002)
INFO: analyzing module AO22x2_ASAP7_75t_R (VERI-9002)
INFO: analyzing module AO31x2_ASAP7_75t_R (VERI-9002)
INFO: analyzing module AO322x2_ASAP7_75t_R (VERI-9002)
INFO: analyzing module AO32x1_ASAP7_75t_R (VERI-9002)
INFO: analyzing module AO32x2_ASAP7_75t_R (VERI-9002)
INFO: analyzing module AO331x1_ASAP7_75t_R (VERI-9002)
INFO: analyzing module AO331x2_ASAP7_75t_R (VERI-9002)
INFO: analyzing module AO332x1_ASAP7_75t_R (VERI-9002)
INFO: analyzing module AO332x2_ASAP7_75t_R (VERI-9002)
INFO: analyzing module AO333x1_ASAP7_75t_R (VERI-9002)
INFO: analyzing module AO333x2_ASAP7_75t_R (VERI-9002)
INFO: analyzing module AO33x2_ASAP7_75t_R (VERI-9002)
INFO: analyzing module AOI211x1_ASAP7_75t_R (VERI-9002)
INFO: analyzing module AOI211xp5_ASAP7_75t_R (VERI-9002)
INFO: analyzing module AOI21x1_ASAP7_75t_R (VERI-9002)
INFO: analyzing module AOI21xp33_ASAP7_75t_R (VERI-9002)
INFO: analyzing module AOI21xp5_ASAP7_75t_R (VERI-9002)
INFO: analyzing module AOI221x1_ASAP7_75t_R (VERI-9002)
INFO: analyzing module AOI221xp5_ASAP7_75t_R (VERI-9002)
INFO: analyzing module AOI222xp33_ASAP7_75t_R (VERI-9002)
INFO: analyzing module AOI22x1_ASAP7_75t_R (VERI-9002)
INFO: analyzing module AOI22xp33_ASAP7_75t_R (VERI-9002)
INFO: analyzing module AOI22xp5_ASAP7_75t_R (VERI-9002)
INFO: analyzing module AOI311xp33_ASAP7_75t_R (VERI-9002)
INFO: analyzing module AOI31xp33_ASAP7_75t_R (VERI-9002)
INFO: analyzing module AOI31xp67_ASAP7_75t_R (VERI-9002)
INFO: analyzing module AOI321xp33_ASAP7_75t_R (VERI-9002)
INFO: analyzing module AOI322xp5_ASAP7_75t_R (VERI-9002)
INFO: analyzing module AOI32xp33_ASAP7_75t_R (VERI-9002)
INFO: analyzing module AOI331xp33_ASAP7_75t_R (VERI-9002)
INFO: analyzing module AOI332xp33_ASAP7_75t_R (VERI-9002)
INFO: analyzing module AOI333xp33_ASAP7_75t_R (VERI-9002)
INFO: analyzing module AOI33xp33_ASAP7_75t_R (VERI-9002)
INFO: analyzing module BUFx10_ASAP7_75t_R (VERI-9002)
INFO: analyzing module BUFx12_ASAP7_75t_R (VERI-9002)
INFO: analyzing module BUFx12f_ASAP7_75t_R (VERI-9002)
INFO: analyzing module BUFx16f_ASAP7_75t_R (VERI-9002)
INFO: analyzing module BUFx24_ASAP7_75t_R (VERI-9002)
INFO: analyzing module BUFx2_ASAP7_75t_R (VERI-9002)
INFO: analyzing module BUFx3_ASAP7_75t_R (VERI-9002)
INFO: analyzing module BUFx4_ASAP7_75t_R (VERI-9002)
INFO: analyzing module BUFx4f_ASAP7_75t_R (VERI-9002)
INFO: analyzing module BUFx5_ASAP7_75t_R (VERI-9002)
INFO: analyzing module BUFx6f_ASAP7_75t_R (VERI-9002)
INFO: analyzing module BUFx8_ASAP7_75t_R (VERI-9002)
INFO: analyzing module CKINVDCx10_ASAP7_75t_R (VERI-9002)
INFO: analyzing module CKINVDCx11_ASAP7_75t_R (VERI-9002)
INFO: analyzing module CKINVDCx12_ASAP7_75t_R (VERI-9002)
INFO: analyzing module CKINVDCx14_ASAP7_75t_R (VERI-9002)
INFO: analyzing module CKINVDCx16_ASAP7_75t_R (VERI-9002)
INFO: analyzing module CKINVDCx20_ASAP7_75t_R (VERI-9002)
INFO: analyzing module CKINVDCx5p33_ASAP7_75t_R (VERI-9002)
INFO: analyzing module CKINVDCx6p67_ASAP7_75t_R (VERI-9002)
INFO: analyzing module CKINVDCx8_ASAP7_75t_R (VERI-9002)
INFO: analyzing module CKINVDCx9p33_ASAP7_75t_R (VERI-9002)
INFO: analyzing module HB1xp67_ASAP7_75t_R (VERI-9002)
INFO: analyzing module HB2xp67_ASAP7_75t_R (VERI-9002)
INFO: analyzing module HB3xp67_ASAP7_75t_R (VERI-9002)
INFO: analyzing module HB4xp67_ASAP7_75t_R (VERI-9002)
INFO: analyzing module INVx11_ASAP7_75t_R (VERI-9002)
INFO: analyzing module INVx13_ASAP7_75t_R (VERI-9002)
INFO: analyzing module INVx1_ASAP7_75t_R (VERI-9002)
INFO: analyzing module INVx2_ASAP7_75t_R (VERI-9002)
INFO: analyzing module INVx3_ASAP7_75t_R (VERI-9002)
INFO: analyzing module INVx4_ASAP7_75t_R (VERI-9002)
INFO: analyzing module INVx5_ASAP7_75t_R (VERI-9002)
INFO: analyzing module INVx6_ASAP7_75t_R (VERI-9002)
INFO: analyzing module INVx8_ASAP7_75t_R (VERI-9002)
INFO: analyzing module INVxp33_ASAP7_75t_R (VERI-9002)
INFO: analyzing module INVxp67_ASAP7_75t_R (VERI-9002)
INFO: analyzing module O2A1O1Ixp33_ASAP7_75t_R (VERI-9002)
INFO: analyzing module O2A1O1Ixp5_ASAP7_75t_R (VERI-9002)
INFO: analyzing module OA211x2_ASAP7_75t_R (VERI-9002)
INFO: analyzing module OA21x2_ASAP7_75t_R (VERI-9002)
INFO: analyzing module OA221x2_ASAP7_75t_R (VERI-9002)
INFO: analyzing module OA222x2_ASAP7_75t_R (VERI-9002)
INFO: analyzing module OA22x2_ASAP7_75t_R (VERI-9002)
INFO: analyzing module OA31x2_ASAP7_75t_R (VERI-9002)
INFO: analyzing module OA331x1_ASAP7_75t_R (VERI-9002)
INFO: analyzing module OA331x2_ASAP7_75t_R (VERI-9002)
INFO: analyzing module OA332x1_ASAP7_75t_R (VERI-9002)
INFO: analyzing module OA332x2_ASAP7_75t_R (VERI-9002)
INFO: analyzing module OA333x1_ASAP7_75t_R (VERI-9002)
INFO: analyzing module OA333x2_ASAP7_75t_R (VERI-9002)
INFO: analyzing module OA33x2_ASAP7_75t_R (VERI-9002)
INFO: analyzing module OAI211xp5_ASAP7_75t_R (VERI-9002)
INFO: analyzing module OAI21x1_ASAP7_75t_R (VERI-9002)
INFO: analyzing module OAI21xp33_ASAP7_75t_R (VERI-9002)
INFO: analyzing module OAI21xp5_ASAP7_75t_R (VERI-9002)
INFO: analyzing module OAI221xp5_ASAP7_75t_R (VERI-9002)
INFO: analyzing module OAI222xp33_ASAP7_75t_R (VERI-9002)
INFO: analyzing module OAI22x1_ASAP7_75t_R (VERI-9002)
INFO: analyzing module OAI22xp33_ASAP7_75t_R (VERI-9002)
INFO: analyzing module OAI22xp5_ASAP7_75t_R (VERI-9002)
INFO: analyzing module OAI311xp33_ASAP7_75t_R (VERI-9002)
INFO: analyzing module OAI31xp33_ASAP7_75t_R (VERI-9002)
INFO: analyzing module OAI31xp67_ASAP7_75t_R (VERI-9002)
INFO: analyzing module OAI321xp33_ASAP7_75t_R (VERI-9002)
INFO: analyzing module OAI322xp33_ASAP7_75t_R (VERI-9002)
INFO: analyzing module OAI32xp33_ASAP7_75t_R (VERI-9002)
INFO: analyzing module OAI331xp33_ASAP7_75t_R (VERI-9002)
INFO: analyzing module OAI332xp33_ASAP7_75t_R (VERI-9002)
INFO: analyzing module OAI333xp33_ASAP7_75t_R (VERI-9002)
INFO: analyzing module OAI33xp33_ASAP7_75t_R (VERI-9002)
INFO: analyzing module DFFASRHQNx1_ASAP7_75t_R (VERI-9002)
INFO: analyzing module DFFHQNx1_ASAP7_75t_R (VERI-9002)
INFO: analyzing module DFFHQNx2_ASAP7_75t_R (VERI-9002)
INFO: analyzing module DFFHQNx3_ASAP7_75t_R (VERI-9002)
INFO: analyzing module DFFHQx4_ASAP7_75t_R (VERI-9002)
INFO: analyzing module DFFLQNx1_ASAP7_75t_R (VERI-9002)
INFO: analyzing module DFFLQNx2_ASAP7_75t_R (VERI-9002)
INFO: analyzing module DFFLQNx3_ASAP7_75t_R (VERI-9002)
INFO: analyzing module DFFLQx4_ASAP7_75t_R (VERI-9002)
INFO: analyzing module DHLx1_ASAP7_75t_R (VERI-9002)
INFO: analyzing module DHLx2_ASAP7_75t_R (VERI-9002)
INFO: analyzing module DHLx3_ASAP7_75t_R (VERI-9002)
INFO: analyzing module DLLx1_ASAP7_75t_R (VERI-9002)
INFO: analyzing module DLLx2_ASAP7_75t_R (VERI-9002)
INFO: analyzing module DLLx3_ASAP7_75t_R (VERI-9002)
INFO: analyzing module ICGx1_ASAP7_75t_R (VERI-9002)
INFO: analyzing module ICGx2_ASAP7_75t_R (VERI-9002)
INFO: analyzing module ICGx2p67DC_ASAP7_75t_R (VERI-9002)
INFO: analyzing module ICGx3_ASAP7_75t_R (VERI-9002)
INFO: analyzing module ICGx4DC_ASAP7_75t_R (VERI-9002)
INFO: analyzing module ICGx4_ASAP7_75t_R (VERI-9002)
INFO: analyzing module ICGx5_ASAP7_75t_R (VERI-9002)
INFO: analyzing module ICGx5p33DC_ASAP7_75t_R (VERI-9002)
INFO: analyzing module ICGx6p67DC_ASAP7_75t_R (VERI-9002)
INFO: analyzing module ICGx8DC_ASAP7_75t_R (VERI-9002)
INFO: analyzing module SDFHx1_ASAP7_75t_R (VERI-9002)
INFO: analyzing module SDFHx2_ASAP7_75t_R (VERI-9002)
INFO: analyzing module SDFHx3_ASAP7_75t_R (VERI-9002)
INFO: analyzing module SDFHx4_ASAP7_75t_R (VERI-9002)
INFO: analyzing module SDFLx1_ASAP7_75t_R (VERI-9002)
INFO: analyzing module SDFLx2_ASAP7_75t_R (VERI-9002)
INFO: analyzing module SDFLx3_ASAP7_75t_R (VERI-9002)
INFO: analyzing module SDFLx4_ASAP7_75t_R (VERI-9002)
INFO: analyzing module AND2x2_ASAP7_75t_R (VERI-9002)
INFO: analyzing module AND2x4_ASAP7_75t_R (VERI-9002)
INFO: analyzing module AND2x6_ASAP7_75t_R (VERI-9002)
INFO: analyzing module AND3x1_ASAP7_75t_R (VERI-9002)
INFO: analyzing module AND3x2_ASAP7_75t_R (VERI-9002)
INFO: analyzing module AND3x4_ASAP7_75t_R (VERI-9002)
INFO: analyzing module AND4x1_ASAP7_75t_R (VERI-9002)
INFO: analyzing module AND4x2_ASAP7_75t_R (VERI-9002)
INFO: analyzing module AND5x1_ASAP7_75t_R (VERI-9002)
INFO: analyzing module AND5x2_ASAP7_75t_R (VERI-9002)
INFO: analyzing module FAx1_ASAP7_75t_R (VERI-9002)
INFO: analyzing module HAxp5_ASAP7_75t_R (VERI-9002)
INFO: analyzing module MAJIxp5_ASAP7_75t_R (VERI-9002)
INFO: analyzing module MAJx2_ASAP7_75t_R (VERI-9002)
INFO: analyzing module MAJx3_ASAP7_75t_R (VERI-9002)
INFO: analyzing module NAND2x1_ASAP7_75t_R (VERI-9002)
INFO: analyzing module NAND2x1p5_ASAP7_75t_R (VERI-9002)
INFO: analyzing module NAND2x2_ASAP7_75t_R (VERI-9002)
INFO: analyzing module NAND2xp33_ASAP7_75t_R (VERI-9002)
INFO: analyzing module NAND2xp5_ASAP7_75t_R (VERI-9002)
INFO: analyzing module NAND2xp67_ASAP7_75t_R (VERI-9002)
INFO: analyzing module NAND3x1_ASAP7_75t_R (VERI-9002)
INFO: analyzing module NAND3x2_ASAP7_75t_R (VERI-9002)
INFO: analyzing module NAND3xp33_ASAP7_75t_R (VERI-9002)
INFO: analyzing module NAND4xp25_ASAP7_75t_R (VERI-9002)
INFO: analyzing module NAND4xp75_ASAP7_75t_R (VERI-9002)
INFO: analyzing module NAND5xp2_ASAP7_75t_R (VERI-9002)
INFO: analyzing module NOR2x1_ASAP7_75t_R (VERI-9002)
INFO: analyzing module NOR2x1p5_ASAP7_75t_R (VERI-9002)
INFO: analyzing module NOR2x2_ASAP7_75t_R (VERI-9002)
INFO: analyzing module NOR2xp33_ASAP7_75t_R (VERI-9002)
INFO: analyzing module NOR2xp67_ASAP7_75t_R (VERI-9002)
INFO: analyzing module NOR3x1_ASAP7_75t_R (VERI-9002)
INFO: analyzing module NOR3x2_ASAP7_75t_R (VERI-9002)
INFO: analyzing module NOR3xp33_ASAP7_75t_R (VERI-9002)
INFO: analyzing module NOR4xp25_ASAP7_75t_R (VERI-9002)
INFO: analyzing module NOR4xp75_ASAP7_75t_R (VERI-9002)
INFO: analyzing module NOR5xp2_ASAP7_75t_R (VERI-9002)
INFO: analyzing module OR2x2_ASAP7_75t_R (VERI-9002)
INFO: analyzing module OR2x4_ASAP7_75t_R (VERI-9002)
INFO: analyzing module OR2x6_ASAP7_75t_R (VERI-9002)
INFO: analyzing module OR3x1_ASAP7_75t_R (VERI-9002)
INFO: analyzing module OR3x2_ASAP7_75t_R (VERI-9002)
INFO: analyzing module OR3x4_ASAP7_75t_R (VERI-9002)
INFO: analyzing module OR4x1_ASAP7_75t_R (VERI-9002)
INFO: analyzing module OR4x2_ASAP7_75t_R (VERI-9002)
INFO: analyzing module OR5x1_ASAP7_75t_R (VERI-9002)
INFO: analyzing module OR5x2_ASAP7_75t_R (VERI-9002)
INFO: analyzing module TIEHIx1_ASAP7_75t_R (VERI-9002)
INFO: analyzing module TIELOx1_ASAP7_75t_R (VERI-9002)
INFO: analyzing module XNOR2x1_ASAP7_75t_R (VERI-9002)
INFO: analyzing module XNOR2x2_ASAP7_75t_R (VERI-9002)
INFO: analyzing module XNOR2xp5_ASAP7_75t_R (VERI-9002)
INFO: analyzing module XOR2x1_ASAP7_75t_R (VERI-9002)
INFO: analyzing module XOR2x2_ASAP7_75t_R (VERI-9002)
INFO: analyzing module XOR2xp5_ASAP7_75t_R (VERI-9002)
INFO: analyzing module DFFHQNx1_ASAP7_75t_R (VERI-9002)
D:/KNU_design_contest_2024/KNU_CNN_verilog/KNU_CNN_verilog.srcs/source_1/asap7_library/dff.v(7): WARNING: overwriting previous definition of module 'DFFHQNx1_ASAP7_75t_R' (VERI-1206)
INFO: analyzing module DFFHQNx2_ASAP7_75t_R (VERI-9002)
D:/KNU_design_contest_2024/KNU_CNN_verilog/KNU_CNN_verilog.srcs/source_1/asap7_library/dff.v(16): WARNING: overwriting previous definition of module 'DFFHQNx2_ASAP7_75t_R' (VERI-1206)
INFO: analyzing module DFFHQNx3_ASAP7_75t_R (VERI-9002)
D:/KNU_design_contest_2024/KNU_CNN_verilog/KNU_CNN_verilog.srcs/source_1/asap7_library/dff.v(25): WARNING: overwriting previous definition of module 'DFFHQNx3_ASAP7_75t_R' (VERI-1206)
INFO: analyzing module netlist (VERI-9002)
INFO: analyzing module BUFx10_ASAP7_6t_R (VERI-9002)
INFO: analyzing module BUFx12_ASAP7_6t_R (VERI-9002)
INFO: analyzing module BUFx12q_ASAP7_6t_R (VERI-9002)
INFO: analyzing module BUFx16q_ASAP7_6t_R (VERI-9002)
INFO: analyzing module BUFx24_ASAP7_6t_R (VERI-9002)
INFO: analyzing module BUFx2_ASAP7_6t_R (VERI-9002)
INFO: analyzing module BUFx3_ASAP7_6t_R (VERI-9002)
INFO: analyzing module BUFx4_ASAP7_6t_R (VERI-9002)
INFO: analyzing module BUFx4q_ASAP7_6t_R (VERI-9002)
INFO: analyzing module BUFx5_ASAP7_6t_R (VERI-9002)
INFO: analyzing module BUFx6q_ASAP7_6t_R (VERI-9002)
INFO: analyzing module BUFx8_ASAP7_6t_R (VERI-9002)
INFO: analyzing module HB1x1_ASAP7_6t_R (VERI-9002)
INFO: analyzing module HB2x1_ASAP7_6t_R (VERI-9002)
INFO: analyzing module HB3x1_ASAP7_6t_R (VERI-9002)
INFO: analyzing module HB4x1_ASAP7_6t_R (VERI-9002)
INFO: analyzing module INVx11_ASAP7_6t_R (VERI-9002)
INFO: analyzing module INVx13_ASAP7_6t_R (VERI-9002)
INFO: analyzing module INVx1_ASAP7_6t_R (VERI-9002)
INFO: analyzing module INVx2_ASAP7_6t_R (VERI-9002)
INFO: analyzing module INVx3_ASAP7_6t_R (VERI-9002)
INFO: analyzing module INVx4_ASAP7_6t_R (VERI-9002)
INFO: analyzing module INVx5_ASAP7_6t_R (VERI-9002)
INFO: analyzing module INVx6_ASAP7_6t_R (VERI-9002)
INFO: analyzing module INVx8_ASAP7_6t_R (VERI-9002)
INFO: analyzing module INVxp5_ASAP7_6t_R (VERI-9002)
INFO: analyzing module TAPCELL_ASAP7_75t_R (VERI-9002)
INFO: analyzing module FILLERxp5_ASAP7_75t_R (VERI-9002)
INFO: analyzing module FILLER_ASAP7_75t_R (VERI-9002)
INFO: analyzing module DECAPx1_ASAP7_75t_R (VERI-9002)
INFO: analyzing module DECAPx2_ASAP7_75t_R (VERI-9002)
INFO: analyzing module DECAPx4_ASAP7_75t_R (VERI-9002)
INFO: analyzing module DECAPx6_ASAP7_75t_R (VERI-9002)
INFO: analyzing module DECAPx10_ASAP7_75t_R (VERI-9002)
srcscan exits with return value 0
