INFO: [VRFC 10-2263] Analyzing Verilog file "D:/KNU_design_contest_2024/KNU_CNN_verilog/KNU_CNN_verilog.srcs/source_1/1_synth.v" into library xil_defaultlib
INFO: [VRFC 10-311] analyzing module netlist
INFO: [VRFC 10-2263] Analyzing Verilog file "D:/KNU_design_contest_2024/KNU_CNN_verilog/KNU_CNN_verilog.srcs/source_1/ROM_Bias.v" into library xil_defaultlib
INFO: [VRFC 10-311] analyzing module ROM_Bias
INFO: [VRFC 10-2263] Analyzing Verilog file "D:/KNU_design_contest_2024/KNU_CNN_verilog/KNU_CNN_verilog.srcs/source_1/ROM_Weight.v" into library xil_defaultlib
INFO: [VRFC 10-311] analyzing module ROM_Weight
INFO: [VRFC 10-2263] Analyzing Verilog file "D:/KNU_design_contest_2024/KNU_CNN_verilog/KNU_CNN_verilog.srcs/source_1/asap7_library/asap7sc7p5t_AO_RVT_TT_201020.v" into library xil_defaultlib
INFO: [VRFC 10-311] analyzing module A2O1A1Ixp33_ASAP7_75t_R
INFO: [VRFC 10-311] analyzing module A2O1A1O1Ixp25_ASAP7_75t_R
INFO: [VRFC 10-311] analyzing module AO211x2_ASAP7_75t_R
INFO: [VRFC 10-311] analyzing module AO21x1_ASAP7_75t_R
INFO: [VRFC 10-311] analyzing module AO21x2_ASAP7_75t_R
INFO: [VRFC 10-311] analyzing module AO221x1_ASAP7_75t_R
INFO: [VRFC 10-311] analyzing module AO221x2_ASAP7_75t_R
INFO: [VRFC 10-311] analyzing module AO222x2_ASAP7_75t_R
INFO: [VRFC 10-311] analyzing module AO22x1_ASAP7_75t_R
INFO: [VRFC 10-311] analyzing module AO22x2_ASAP7_75t_R
INFO: [VRFC 10-311] analyzing module AO31x2_ASAP7_75t_R
INFO: [VRFC 10-311] analyzing module AO322x2_ASAP7_75t_R
INFO: [VRFC 10-311] analyzing module AO32x1_ASAP7_75t_R
INFO: [VRFC 10-311] analyzing module AO32x2_ASAP7_75t_R
INFO: [VRFC 10-311] analyzing module AO331x1_ASAP7_75t_R
INFO: [VRFC 10-311] analyzing module AO331x2_ASAP7_75t_R
INFO: [VRFC 10-311] analyzing module AO332x1_ASAP7_75t_R
INFO: [VRFC 10-311] analyzing module AO332x2_ASAP7_75t_R
INFO: [VRFC 10-311] analyzing module AO333x1_ASAP7_75t_R
INFO: [VRFC 10-311] analyzing module AO333x2_ASAP7_75t_R
INFO: [VRFC 10-311] analyzing module AO33x2_ASAP7_75t_R
INFO: [VRFC 10-311] analyzing module AOI211x1_ASAP7_75t_R
INFO: [VRFC 10-311] analyzing module AOI211xp5_ASAP7_75t_R
INFO: [VRFC 10-311] analyzing module AOI21x1_ASAP7_75t_R
INFO: [VRFC 10-311] analyzing module AOI21xp33_ASAP7_75t_R
INFO: [VRFC 10-311] analyzing module AOI21xp5_ASAP7_75t_R
INFO: [VRFC 10-311] analyzing module AOI221x1_ASAP7_75t_R
INFO: [VRFC 10-311] analyzing module AOI221xp5_ASAP7_75t_R
INFO: [VRFC 10-311] analyzing module AOI222xp33_ASAP7_75t_R
INFO: [VRFC 10-311] analyzing module AOI22x1_ASAP7_75t_R
INFO: [VRFC 10-311] analyzing module AOI22xp33_ASAP7_75t_R
INFO: [VRFC 10-311] analyzing module AOI22xp5_ASAP7_75t_R
INFO: [VRFC 10-311] analyzing module AOI311xp33_ASAP7_75t_R
INFO: [VRFC 10-311] analyzing module AOI31xp33_ASAP7_75t_R
INFO: [VRFC 10-311] analyzing module AOI31xp67_ASAP7_75t_R
INFO: [VRFC 10-311] analyzing module AOI321xp33_ASAP7_75t_R
INFO: [VRFC 10-311] analyzing module AOI322xp5_ASAP7_75t_R
INFO: [VRFC 10-311] analyzing module AOI32xp33_ASAP7_75t_R
INFO: [VRFC 10-311] analyzing module AOI331xp33_ASAP7_75t_R
INFO: [VRFC 10-311] analyzing module AOI332xp33_ASAP7_75t_R
INFO: [VRFC 10-311] analyzing module AOI333xp33_ASAP7_75t_R
INFO: [VRFC 10-311] analyzing module AOI33xp33_ASAP7_75t_R
INFO: [VRFC 10-2263] Analyzing Verilog file "D:/KNU_design_contest_2024/KNU_CNN_verilog/KNU_CNN_verilog.srcs/source_1/asap7_library/asap7sc7p5t_INVBUF_RVT_TT_201020.v" into library xil_defaultlib
INFO: [VRFC 10-311] analyzing module BUFx10_ASAP7_75t_R
INFO: [VRFC 10-311] analyzing module BUFx12_ASAP7_75t_R
INFO: [VRFC 10-311] analyzing module BUFx12f_ASAP7_75t_R
INFO: [VRFC 10-311] analyzing module BUFx16f_ASAP7_75t_R
INFO: [VRFC 10-311] analyzing module BUFx24_ASAP7_75t_R
INFO: [VRFC 10-311] analyzing module BUFx2_ASAP7_75t_R
INFO: [VRFC 10-311] analyzing module BUFx3_ASAP7_75t_R
INFO: [VRFC 10-311] analyzing module BUFx4_ASAP7_75t_R
INFO: [VRFC 10-311] analyzing module BUFx4f_ASAP7_75t_R
INFO: [VRFC 10-311] analyzing module BUFx5_ASAP7_75t_R
INFO: [VRFC 10-311] analyzing module BUFx6f_ASAP7_75t_R
INFO: [VRFC 10-311] analyzing module BUFx8_ASAP7_75t_R
INFO: [VRFC 10-311] analyzing module CKINVDCx10_ASAP7_75t_R
INFO: [VRFC 10-311] analyzing module CKINVDCx11_ASAP7_75t_R
INFO: [VRFC 10-311] analyzing module CKINVDCx12_ASAP7_75t_R
INFO: [VRFC 10-311] analyzing module CKINVDCx14_ASAP7_75t_R
INFO: [VRFC 10-311] analyzing module CKINVDCx16_ASAP7_75t_R
INFO: [VRFC 10-311] analyzing module CKINVDCx20_ASAP7_75t_R
INFO: [VRFC 10-311] analyzing module CKINVDCx5p33_ASAP7_75t_R
INFO: [VRFC 10-311] analyzing module CKINVDCx6p67_ASAP7_75t_R
INFO: [VRFC 10-311] analyzing module CKINVDCx8_ASAP7_75t_R
INFO: [VRFC 10-311] analyzing module CKINVDCx9p33_ASAP7_75t_R
INFO: [VRFC 10-311] analyzing module HB1xp67_ASAP7_75t_R
INFO: [VRFC 10-311] analyzing module HB2xp67_ASAP7_75t_R
INFO: [VRFC 10-311] analyzing module HB3xp67_ASAP7_75t_R
INFO: [VRFC 10-311] analyzing module HB4xp67_ASAP7_75t_R
INFO: [VRFC 10-311] analyzing module INVx11_ASAP7_75t_R
INFO: [VRFC 10-311] analyzing module INVx13_ASAP7_75t_R
INFO: [VRFC 10-311] analyzing module INVx1_ASAP7_75t_R
INFO: [VRFC 10-311] analyzing module INVx2_ASAP7_75t_R
INFO: [VRFC 10-311] analyzing module INVx3_ASAP7_75t_R
INFO: [VRFC 10-311] analyzing module INVx4_ASAP7_75t_R
INFO: [VRFC 10-311] analyzing module INVx5_ASAP7_75t_R
INFO: [VRFC 10-311] analyzing module INVx6_ASAP7_75t_R
INFO: [VRFC 10-311] analyzing module INVx8_ASAP7_75t_R
INFO: [VRFC 10-311] analyzing module INVxp33_ASAP7_75t_R
INFO: [VRFC 10-311] analyzing module INVxp67_ASAP7_75t_R
INFO: [VRFC 10-2263] Analyzing Verilog file "D:/KNU_design_contest_2024/KNU_CNN_verilog/KNU_CNN_verilog.srcs/source_1/asap7_library/asap7sc7p5t_OA_RVT_TT_201020.v" into library xil_defaultlib
INFO: [VRFC 10-311] analyzing module O2A1O1Ixp33_ASAP7_75t_R
INFO: [VRFC 10-311] analyzing module O2A1O1Ixp5_ASAP7_75t_R
INFO: [VRFC 10-311] analyzing module OA211x2_ASAP7_75t_R
INFO: [VRFC 10-311] analyzing module OA21x2_ASAP7_75t_R
INFO: [VRFC 10-311] analyzing module OA221x2_ASAP7_75t_R
INFO: [VRFC 10-311] analyzing module OA222x2_ASAP7_75t_R
INFO: [VRFC 10-311] analyzing module OA22x2_ASAP7_75t_R
INFO: [VRFC 10-311] analyzing module OA31x2_ASAP7_75t_R
INFO: [VRFC 10-311] analyzing module OA331x1_ASAP7_75t_R
INFO: [VRFC 10-311] analyzing module OA331x2_ASAP7_75t_R
INFO: [VRFC 10-311] analyzing module OA332x1_ASAP7_75t_R
INFO: [VRFC 10-311] analyzing module OA332x2_ASAP7_75t_R
INFO: [VRFC 10-311] analyzing module OA333x1_ASAP7_75t_R
INFO: [VRFC 10-311] analyzing module OA333x2_ASAP7_75t_R
INFO: [VRFC 10-311] analyzing module OA33x2_ASAP7_75t_R
INFO: [VRFC 10-311] analyzing module OAI211xp5_ASAP7_75t_R
INFO: [VRFC 10-311] analyzing module OAI21x1_ASAP7_75t_R
INFO: [VRFC 10-311] analyzing module OAI21xp33_ASAP7_75t_R
INFO: [VRFC 10-311] analyzing module OAI21xp5_ASAP7_75t_R
INFO: [VRFC 10-311] analyzing module OAI221xp5_ASAP7_75t_R
INFO: [VRFC 10-311] analyzing module OAI222xp33_ASAP7_75t_R
INFO: [VRFC 10-311] analyzing module OAI22x1_ASAP7_75t_R
INFO: [VRFC 10-311] analyzing module OAI22xp33_ASAP7_75t_R
INFO: [VRFC 10-311] analyzing module OAI22xp5_ASAP7_75t_R
INFO: [VRFC 10-311] analyzing module OAI311xp33_ASAP7_75t_R
INFO: [VRFC 10-311] analyzing module OAI31xp33_ASAP7_75t_R
INFO: [VRFC 10-311] analyzing module OAI31xp67_ASAP7_75t_R
INFO: [VRFC 10-311] analyzing module OAI321xp33_ASAP7_75t_R
INFO: [VRFC 10-311] analyzing module OAI322xp33_ASAP7_75t_R
INFO: [VRFC 10-311] analyzing module OAI32xp33_ASAP7_75t_R
INFO: [VRFC 10-311] analyzing module OAI331xp33_ASAP7_75t_R
INFO: [VRFC 10-311] analyzing module OAI332xp33_ASAP7_75t_R
INFO: [VRFC 10-311] analyzing module OAI333xp33_ASAP7_75t_R
INFO: [VRFC 10-311] analyzing module OAI33xp33_ASAP7_75t_R
INFO: [VRFC 10-2263] Analyzing Verilog file "D:/KNU_design_contest_2024/KNU_CNN_verilog/KNU_CNN_verilog.srcs/source_1/asap7_library/asap7sc7p5t_SEQ_RVT_TT_220101.v" into library xil_defaultlib
INFO: [VRFC 10-311] analyzing module DFFASRHQNx1_ASAP7_75t_R
INFO: [VRFC 10-311] analyzing module DFFHQNx1_ASAP7_75t_R
INFO: [VRFC 10-311] analyzing module DFFHQNx2_ASAP7_75t_R
INFO: [VRFC 10-311] analyzing module DFFHQNx3_ASAP7_75t_R
INFO: [VRFC 10-311] analyzing module DFFHQx4_ASAP7_75t_R
INFO: [VRFC 10-311] analyzing module DFFLQNx1_ASAP7_75t_R
INFO: [VRFC 10-311] analyzing module DFFLQNx2_ASAP7_75t_R
INFO: [VRFC 10-311] analyzing module DFFLQNx3_ASAP7_75t_R
INFO: [VRFC 10-311] analyzing module DFFLQx4_ASAP7_75t_R
INFO: [VRFC 10-311] analyzing module DHLx1_ASAP7_75t_R
INFO: [VRFC 10-311] analyzing module DHLx2_ASAP7_75t_R
INFO: [VRFC 10-311] analyzing module DHLx3_ASAP7_75t_R
INFO: [VRFC 10-311] analyzing module DLLx1_ASAP7_75t_R
INFO: [VRFC 10-311] analyzing module DLLx2_ASAP7_75t_R
INFO: [VRFC 10-311] analyzing module DLLx3_ASAP7_75t_R
INFO: [VRFC 10-311] analyzing module ICGx1_ASAP7_75t_R
INFO: [VRFC 10-311] analyzing module ICGx2_ASAP7_75t_R
INFO: [VRFC 10-311] analyzing module ICGx2p67DC_ASAP7_75t_R
INFO: [VRFC 10-311] analyzing module ICGx3_ASAP7_75t_R
INFO: [VRFC 10-311] analyzing module ICGx4DC_ASAP7_75t_R
INFO: [VRFC 10-311] analyzing module ICGx4_ASAP7_75t_R
INFO: [VRFC 10-311] analyzing module ICGx5_ASAP7_75t_R
INFO: [VRFC 10-311] analyzing module ICGx5p33DC_ASAP7_75t_R
INFO: [VRFC 10-311] analyzing module ICGx6p67DC_ASAP7_75t_R
INFO: [VRFC 10-311] analyzing module ICGx8DC_ASAP7_75t_R
INFO: [VRFC 10-311] analyzing module SDFHx1_ASAP7_75t_R
INFO: [VRFC 10-311] analyzing module SDFHx2_ASAP7_75t_R
INFO: [VRFC 10-311] analyzing module SDFHx3_ASAP7_75t_R
INFO: [VRFC 10-311] analyzing module SDFHx4_ASAP7_75t_R
INFO: [VRFC 10-311] analyzing module SDFLx1_ASAP7_75t_R
INFO: [VRFC 10-311] analyzing module SDFLx2_ASAP7_75t_R
INFO: [VRFC 10-311] analyzing module SDFLx3_ASAP7_75t_R
INFO: [VRFC 10-311] analyzing module SDFLx4_ASAP7_75t_R
INFO: [VRFC 10-2263] Analyzing Verilog file "D:/KNU_design_contest_2024/KNU_CNN_verilog/KNU_CNN_verilog.srcs/source_1/asap7_library/asap7sc7p5t_SIMPLE_RVT_TT_201020.v" into library xil_defaultlib
INFO: [VRFC 10-311] analyzing module AND2x2_ASAP7_75t_R
INFO: [VRFC 10-311] analyzing module AND2x4_ASAP7_75t_R
INFO: [VRFC 10-311] analyzing module AND2x6_ASAP7_75t_R
INFO: [VRFC 10-311] analyzing module AND3x1_ASAP7_75t_R
INFO: [VRFC 10-311] analyzing module AND3x2_ASAP7_75t_R
INFO: [VRFC 10-311] analyzing module AND3x4_ASAP7_75t_R
INFO: [VRFC 10-311] analyzing module AND4x1_ASAP7_75t_R
INFO: [VRFC 10-311] analyzing module AND4x2_ASAP7_75t_R
INFO: [VRFC 10-311] analyzing module AND5x1_ASAP7_75t_R
INFO: [VRFC 10-311] analyzing module AND5x2_ASAP7_75t_R
INFO: [VRFC 10-311] analyzing module FAx1_ASAP7_75t_R
INFO: [VRFC 10-311] analyzing module HAxp5_ASAP7_75t_R
INFO: [VRFC 10-311] analyzing module MAJIxp5_ASAP7_75t_R
INFO: [VRFC 10-311] analyzing module MAJx2_ASAP7_75t_R
INFO: [VRFC 10-311] analyzing module MAJx3_ASAP7_75t_R
INFO: [VRFC 10-311] analyzing module NAND2x1_ASAP7_75t_R
INFO: [VRFC 10-311] analyzing module NAND2x1p5_ASAP7_75t_R
INFO: [VRFC 10-311] analyzing module NAND2x2_ASAP7_75t_R
INFO: [VRFC 10-311] analyzing module NAND2xp33_ASAP7_75t_R
INFO: [VRFC 10-311] analyzing module NAND2xp5_ASAP7_75t_R
INFO: [VRFC 10-311] analyzing module NAND2xp67_ASAP7_75t_R
INFO: [VRFC 10-311] analyzing module NAND3x1_ASAP7_75t_R
INFO: [VRFC 10-311] analyzing module NAND3x2_ASAP7_75t_R
INFO: [VRFC 10-311] analyzing module NAND3xp33_ASAP7_75t_R
INFO: [VRFC 10-311] analyzing module NAND4xp25_ASAP7_75t_R
INFO: [VRFC 10-311] analyzing module NAND4xp75_ASAP7_75t_R
INFO: [VRFC 10-311] analyzing module NAND5xp2_ASAP7_75t_R
INFO: [VRFC 10-311] analyzing module NOR2x1_ASAP7_75t_R
INFO: [VRFC 10-311] analyzing module NOR2x1p5_ASAP7_75t_R
INFO: [VRFC 10-311] analyzing module NOR2x2_ASAP7_75t_R
INFO: [VRFC 10-311] analyzing module NOR2xp33_ASAP7_75t_R
INFO: [VRFC 10-311] analyzing module NOR2xp67_ASAP7_75t_R
INFO: [VRFC 10-311] analyzing module NOR3x1_ASAP7_75t_R
INFO: [VRFC 10-311] analyzing module NOR3x2_ASAP7_75t_R
INFO: [VRFC 10-311] analyzing module NOR3xp33_ASAP7_75t_R
INFO: [VRFC 10-311] analyzing module NOR4xp25_ASAP7_75t_R
INFO: [VRFC 10-311] analyzing module NOR4xp75_ASAP7_75t_R
INFO: [VRFC 10-311] analyzing module NOR5xp2_ASAP7_75t_R
INFO: [VRFC 10-311] analyzing module OR2x2_ASAP7_75t_R
INFO: [VRFC 10-311] analyzing module OR2x4_ASAP7_75t_R
INFO: [VRFC 10-311] analyzing module OR2x6_ASAP7_75t_R
INFO: [VRFC 10-311] analyzing module OR3x1_ASAP7_75t_R
INFO: [VRFC 10-311] analyzing module OR3x2_ASAP7_75t_R
INFO: [VRFC 10-311] analyzing module OR3x4_ASAP7_75t_R
INFO: [VRFC 10-311] analyzing module OR4x1_ASAP7_75t_R
INFO: [VRFC 10-311] analyzing module OR4x2_ASAP7_75t_R
INFO: [VRFC 10-311] analyzing module OR5x1_ASAP7_75t_R
INFO: [VRFC 10-311] analyzing module OR5x2_ASAP7_75t_R
INFO: [VRFC 10-311] analyzing module TIEHIx1_ASAP7_75t_R
INFO: [VRFC 10-311] analyzing module TIELOx1_ASAP7_75t_R
INFO: [VRFC 10-311] analyzing module XNOR2x1_ASAP7_75t_R
INFO: [VRFC 10-311] analyzing module XNOR2x2_ASAP7_75t_R
INFO: [VRFC 10-311] analyzing module XNOR2xp5_ASAP7_75t_R
INFO: [VRFC 10-311] analyzing module XOR2x1_ASAP7_75t_R
INFO: [VRFC 10-311] analyzing module XOR2x2_ASAP7_75t_R
INFO: [VRFC 10-311] analyzing module XOR2xp5_ASAP7_75t_R
INFO: [VRFC 10-2263] Analyzing Verilog file "D:/KNU_design_contest_2024/KNU_CNN_verilog/KNU_CNN_verilog.srcs/source_1/asap7_library/dff.v" into library xil_defaultlib
INFO: [VRFC 10-311] analyzing module DFFHQNx1_ASAP7_75t_R
WARNING: [VRFC 10-3609] overwriting previous definition of module 'DFFHQNx1_ASAP7_75t_R' [D:/KNU_design_contest_2024/KNU_CNN_verilog/KNU_CNN_verilog.srcs/source_1/asap7_library/dff.v:7]
INFO: [VRFC 10-311] analyzing module DFFHQNx2_ASAP7_75t_R
WARNING: [VRFC 10-3609] overwriting previous definition of module 'DFFHQNx2_ASAP7_75t_R' [D:/KNU_design_contest_2024/KNU_CNN_verilog/KNU_CNN_verilog.srcs/source_1/asap7_library/dff.v:16]
INFO: [VRFC 10-311] analyzing module DFFHQNx3_ASAP7_75t_R
WARNING: [VRFC 10-3609] overwriting previous definition of module 'DFFHQNx3_ASAP7_75t_R' [D:/KNU_design_contest_2024/KNU_CNN_verilog/KNU_CNN_verilog.srcs/source_1/asap7_library/dff.v:25]
INFO: [VRFC 10-2263] Analyzing Verilog file "D:/KNU_design_contest_2024/KNU_CNN_verilog/KNU_CNN_verilog.srcs/source_1/fc_bias_ROM.v" into library xil_defaultlib
INFO: [VRFC 10-311] analyzing module fc_bias_ROM
INFO: [VRFC 10-2263] Analyzing Verilog file "D:/KNU_design_contest_2024/KNU_CNN_verilog/KNU_CNN_verilog.srcs/source_1/fc_weight_ROM.v" into library xil_defaultlib
INFO: [VRFC 10-311] analyzing module fc_weight_ROM
INFO: [VRFC 10-2263] Analyzing Verilog file "D:/KNU_design_contest_2024/KNU_CNN_verilog/KNU_CNN_verilog.srcs/sim_1/tb_netlist.v" into library xil_defaultlib
INFO: [VRFC 10-311] analyzing module tb_netlist
