#
# A fatal error has been detected by the Java Runtime Environment:
#
#  EXCEPTION_ACCESS_VIOLATION (0xc0000005) at pc=0x00007ffe5b423370, pid=7768, tid=2328
#
# JRE version: Java(TM) SE Runtime Environment (9.0+11) (build 9.0.4+11)
# Java VM: Java HotSpot(TM) 64-Bit Server VM (9.0.4+11, mixed mode, tiered, compressed oops, g1 gc, windows-amd64)
# Problematic frame:
# C  [librdi_wavedata.dll+0x453370]
#
# No core dump will be written. Minidumps are not enabled by default on client versions of Windows
#
# If you would like to submit a bug report, please visit:
#   http://bugreport.java.com/bugreport/crash.jsp
# The crash happened outside the Java Virtual Machine in native code.
# See problematic frame for where to report the bug.
#

---------------  S U M M A R Y ------------

Command Line: -Dsun.java2d.pmoffscreen=false -Dsun.java2d.xrender=false -Dsun.java2d.d3d=false -Dsun.awt.nopixfmt=true -Dsun.java2d.dpiaware=true -Dsun.java2d.uiScale.enabled=false -Xverify:none -Dswing.aatext=true -XX:-UsePerfData -Djdk.map.althashing.threshold=512 -XX:StringTableSize=4072 --add-opens=java.base/java.nio=ALL-UNNAMED --add-opens=java.desktop/sun.swing=ALL-UNNAMED --add-opens=java.desktop/javax.swing=ALL-UNNAMED --add-opens=java.desktop/javax.swing.tree=ALL-UNNAMED --add-opens=java.desktop/javax.swing.plaf.basic=ALL-UNNAMED --add-opens=java.desktop/javax.swing.plaf.synth=ALL-UNNAMED --add-opens=java.desktop/com.sun.awt=ALL-UNNAMED -XX:NewSize=60m -XX:MaxNewSize=60m -Xms128m -Xmx3072m -Xss5m 

Host: AMD Ryzen 5 5600X 6-Core Processor             , 12 cores, 15G,  Windows 10 , 64 bit Build 19041 (10.0.19041.4957)
Time: Fri Nov 08 05:38:15 2024 ¢¥eCN©öI¡¾©ö C¡ÍA¨ª¨öA elapsed time: 123 seconds (0d 0h 2m 3s)

---------------  T H R E A D  ---------------

Current thread (0x000001e4e4588800):  JavaThread "AWT-EventQueue-1" [_thread_in_native, id=2328, stack(0x0000007a19400000,0x0000007a19900000)]

Stack: [0x0000007a19400000,0x0000007a19900000],  sp=0x0000007a198f3c18,  free space=5071k
Native frames: (J=compiled Java code, j=interpreted, Vv=VM code, C=native code)
C  [librdi_wavedata.dll+0x453370]

Java frames: (J=compiled Java code, j=interpreted, Vv=VM code)
j  ui.views.waveform.waveformi.WVExecutive_getGraphicsDataSize(J)J+0
j  ui.views.waveform.executive.a.gEt()Ljava/io/ByteArrayInputStream;+8
j  ui.views.waveform.b.a.gEf()V+7
j  ui.views.waveform.b.a.fOl()V+1
j  ui.views.waveform.m.gDo()V+4
j  ui.views.waveform.m.cRi()V+11
j  ui.views.waveform.w.cRi()V+29
j  ui.views.waveform.c.b.j(Lui/frmwork/b/i;)V+92
j  ui.views.waveform.w.a(Lui/frmwork/b/i;)V+13
J 14199 c1 ui.frmwork.b.l.d(Lui/frmwork/b/i;)V (61 bytes) @ 0x000001e4f0bd6b9c [0x000001e4f0bd6340+0x000000000000085c]
J 14187 c1 ui.frmwork.HTclEventBroker.i(JZ)V (471 bytes) @ 0x000001e4f1bb102c [0x000001e4f1bac840+0x00000000000047ec]
J 14189 c1 ui.frmwork.HTclEventBroker.fireTclEvent(J)I (113 bytes) @ 0x000001e4f0d6944c [0x000001e4f0d68c40+0x000000000000080c]
v  ~StubRoutines::call_stub
j  ui.views.waveform.waveformi.WVExecutive_processModelEvent(JJ)V+0
j  ui.views.waveform.executive.a.eE(J)V+5
j  ui.views.waveform.c.b.eD(J)V+8
j  ui.views.waveform.c.b.j(Lui/frmwork/b/i;)V+133
j  ui.views.waveform.w.a(Lui/frmwork/b/i;)V+13
J 14199 c1 ui.frmwork.b.l.d(Lui/frmwork/b/i;)V (61 bytes) @ 0x000001e4f0bd6b9c [0x000001e4f0bd6340+0x000000000000085c]
J 14187 c1 ui.frmwork.HTclEventBroker.i(JZ)V (471 bytes) @ 0x000001e4f1bb102c [0x000001e4f1bac840+0x00000000000047ec]
J 14189 c1 ui.frmwork.HTclEventBroker.fireTclEvent(J)I (113 bytes) @ 0x000001e4f0d6944c [0x000001e4f0d68c40+0x000000000000080c]
v  ~StubRoutines::call_stub
j  ui.views.waveform.waveformi.WVExecutive_processModelEvent(JJ)V+0
j  ui.views.waveform.executive.a.eE(J)V+5
j  ui.views.waveform.c.b.eD(J)V+8
j  ui.views.waveform.c.e.actionPerformed(Ljava/awt/event/ActionEvent;)V+8
J 11745 c1 javax.swing.Timer.fireActionPerformed(Ljava/awt/event/ActionEvent;)V java.desktop@9.0.4 (46 bytes) @ 0x000001e4f191a5c4 [0x000001e4f191a300+0x00000000000002c4]
J 12661 c1 javax.swing.Timer$DoPostEvent.run()V java.desktop@9.0.4 (82 bytes) @ 0x000001e4f21ea4cc [0x000001e4f21e9c80+0x000000000000084c]
J 13975 c2 java.awt.EventQueue$3.run()Ljava/lang/Object; java.desktop@9.0.4 (5 bytes) @ 0x000001e4f80e5dc0 [0x000001e4f80e5880+0x0000000000000540]
v  ~StubRoutines::call_stub
J 4330  java.security.AccessController.doPrivileged(Ljava/security/PrivilegedAction;Ljava/security/AccessControlContext;)Ljava/lang/Object; java.base@9.0.4 (0 bytes) @ 0x000001e4f7edc9c6 [0x000001e4f7edc960+0x0000000000000066]
J 13973 c2 ui.frmwork.b.d.dispatchEvent(Ljava/awt/AWTEvent;)V (34 bytes) @ 0x000001e4f80e7da0 [0x000001e4f80e7780+0x0000000000000620]
J 16552 c2 java.awt.EventDispatchThread.pumpOneEventForFilters(I)V java.desktop@9.0.4 (218 bytes) @ 0x000001e4f8af3e20 [0x000001e4f8af3b00+0x0000000000000320]
j  java.awt.EventDispatchThread.pumpEventsForFilter(ILjava/awt/Conditional;Ljava/awt/EventFilter;)V+35 java.desktop@9.0.4
j  java.awt.EventDispatchThread.pumpEventsForFilter(Ljava/awt/Conditional;Ljava/awt/EventFilter;)V+4 java.desktop@9.0.4
j  java.awt.WaitDispatchSupport$2.run()V+59 java.desktop@9.0.4
j  java.awt.WaitDispatchSupport$4.run()Ljava/lang/Void;+4 java.desktop@9.0.4
j  java.awt.WaitDispatchSupport$4.run()Ljava/lang/Object;+1 java.desktop@9.0.4
v  ~StubRoutines::call_stub
J 1039  java.security.AccessController.doPrivileged(Ljava/security/PrivilegedAction;)Ljava/lang/Object; java.base@9.0.4 (0 bytes) @ 0x000001e4f7cea732 [0x000001e4f7cea6e0+0x0000000000000052]
j  java.awt.WaitDispatchSupport.enter()Z+260 java.desktop@9.0.4
j  java.awt.Dialog.show()V+225 java.desktop@9.0.4
J 12840 c1 java.awt.Component.setVisible(Z)V java.desktop@9.0.4 (6 bytes) @ 0x000001e4f077ffcc [0x000001e4f077fde0+0x00000000000001ec]
j  java.awt.Window.setVisible(Z)V+2 java.desktop@9.0.4
j  java.awt.Dialog.setVisible(Z)V+2 java.desktop@9.0.4
j  ui.b.c.g.setVisible(Z)V+2
j  ui.b.c.by.showDialog()V+64
j  ui.b.c.bF.actionPerformed(Ljava/awt/event/ActionEvent;)V+8
j  ui.b.c.by.cJI()V+396
j  ui.views.c.t.b.a.run()V+60
j  ui.frmwork.a.dWF()Z+66
j  ui.frmwork.V.dYl()V+42
j  ui.bk.actionPerformed(Ljava/awt/event/ActionEvent;)V+25
j  javax.swing.AbstractButton.fireActionPerformed(Ljava/awt/event/ActionEvent;)V+84 java.desktop@9.0.4
j  ui.utils.o.b.B.fireActionPerformed(Ljava/awt/event/ActionEvent;)V+7
j  javax.swing.AbstractButton$Handler.actionPerformed(Ljava/awt/event/ActionEvent;)V+5 java.desktop@9.0.4
j  javax.swing.DefaultButtonModel.fireActionPerformed(Ljava/awt/event/ActionEvent;)V+34 java.desktop@9.0.4
j  javax.swing.DefaultButtonModel.setPressed(Z)V+117 java.desktop@9.0.4
j  javax.swing.plaf.basic.BasicButtonListener.mouseReleased(Ljava/awt/event/MouseEvent;)V+35 java.desktop@9.0.4
j  com.jidesoft.plaf.basic.BasicJideButtonListener.mouseReleased(Ljava/awt/event/MouseEvent;)V+61
j  java.awt.AWTEventMulticaster.mouseReleased(Ljava/awt/event/MouseEvent;)V+8 java.desktop@9.0.4
j  java.awt.AWTEventMulticaster.mouseReleased(Ljava/awt/event/MouseEvent;)V+8 java.desktop@9.0.4
j  java.awt.AWTEventMulticaster.mouseReleased(Ljava/awt/event/MouseEvent;)V+8 java.desktop@9.0.4
j  java.awt.AWTEventMulticaster.mouseReleased(Ljava/awt/event/MouseEvent;)V+8 java.desktop@9.0.4
j  java.awt.Component.processMouseEvent(Ljava/awt/event/MouseEvent;)V+64 java.desktop@9.0.4
j  javax.swing.JComponent.processMouseEvent(Ljava/awt/event/MouseEvent;)V+23 java.desktop@9.0.4
J 13040 c2 java.awt.Container.processEvent(Ljava/awt/AWTEvent;)V java.desktop@9.0.4 (22 bytes) @ 0x000001e4f81f3e38 [0x000001e4f81f3d20+0x0000000000000118]
J 14064 c1 java.awt.Component.dispatchEventImpl(Ljava/awt/AWTEvent;)V java.desktop@9.0.4 (739 bytes) @ 0x000001e4f0b6390c [0x000001e4f0b5fca0+0x0000000000003c6c]
J 12719 c2 java.awt.Container.dispatchEventImpl(Ljava/awt/AWTEvent;)V java.desktop@9.0.4 (129 bytes) @ 0x000001e4f858e8f8 [0x000001e4f858e8a0+0x0000000000000058]
J 8049 c1 java.awt.LightweightDispatcher.retargetMouseEvent(Ljava/awt/Component;ILjava/awt/event/MouseEvent;)V java.desktop@9.0.4 (350 bytes) @ 0x000001e4f1b70a74 [0x000001e4f1b6e5c0+0x00000000000024b4]
J 12650 c1 java.awt.LightweightDispatcher.processMouseEvent(Ljava/awt/event/MouseEvent;)Z java.desktop@9.0.4 (265 bytes) @ 0x000001e4f21b1ca4 [0x000001e4f21b0d40+0x0000000000000f64]
J 12719 c2 java.awt.Container.dispatchEventImpl(Ljava/awt/AWTEvent;)V java.desktop@9.0.4 (129 bytes) @ 0x000001e4f858ec5c [0x000001e4f858e8a0+0x00000000000003bc]
J 12496 c1 java.awt.Window.dispatchEventImpl(Ljava/awt/AWTEvent;)V java.desktop@9.0.4 (23 bytes) @ 0x000001e4f2156b74 [0x000001e4f21565a0+0x00000000000005d4]
J 13975 c2 java.awt.EventQueue$3.run()Ljava/lang/Object; java.desktop@9.0.4 (5 bytes) @ 0x000001e4f80e5e78 [0x000001e4f80e5880+0x00000000000005f8]
v  ~StubRoutines::call_stub
J 4330  java.security.AccessController.doPrivileged(Ljava/security/PrivilegedAction;Ljava/security/AccessControlContext;)Ljava/lang/Object; java.base@9.0.4 (0 bytes) @ 0x000001e4f7edc9c6 [0x000001e4f7edc960+0x0000000000000066]
J 10922 c1 java.awt.EventQueue$4.run()Ljava/lang/Object; java.desktop@9.0.4 (5 bytes) @ 0x000001e4f0f4ca54 [0x000001e4f0f4c660+0x00000000000003f4]
v  ~StubRoutines::call_stub
J 4330  java.security.AccessController.doPrivileged(Ljava/security/PrivilegedAction;Ljava/security/AccessControlContext;)Ljava/lang/Object; java.base@9.0.4 (0 bytes) @ 0x000001e4f7edc9c6 [0x000001e4f7edc960+0x0000000000000066]
J 13973 c2 ui.frmwork.b.d.dispatchEvent(Ljava/awt/AWTEvent;)V (34 bytes) @ 0x000001e4f80e7bc8 [0x000001e4f80e7780+0x0000000000000448]
J 14174 c1 java.awt.EventDispatchThread.pumpOneEventForFilters(I)V java.desktop@9.0.4 (218 bytes) @ 0x000001e4f0bdba94 [0x000001e4f0bda6c0+0x00000000000013d4]
j  java.awt.EventDispatchThread.pumpEventsForFilter(ILjava/awt/Conditional;Ljava/awt/EventFilter;)V+35 java.desktop@9.0.4
j  java.awt.EventDispatchThread.pumpEventsForHierarchy(ILjava/awt/Conditional;Ljava/awt/Component;)V+11 java.desktop@9.0.4
j  java.awt.EventDispatchThread.pumpEvents(ILjava/awt/Conditional;)V+4 java.desktop@9.0.4
j  java.awt.EventDispatchThread.pumpEvents(Ljava/awt/Conditional;)V+3 java.desktop@9.0.4
j  java.awt.EventDispatchThread.run()V+9 java.desktop@9.0.4
v  ~StubRoutines::call_stub

siginfo: EXCEPTION_ACCESS_VIOLATION (0xc0000005), data execution prevention violation at address 0x00007ffe5b423370


Register to memory mapping:

RIP=0x00007ffe5b423370 librdi_wavedata.dll
RAX=0x00007ffe5b3c85e0 librdi_wavedata.dll
RBX=0x0000007a198f3d80 is pointing into the stack for thread: 0x000001e4e4588800
RCX=0x000001e48f3748e0 is an unknown value
RDX=0x000001e4961be1d0 is an unknown value
RSP=0x0000007a198f3c18 is pointing into the stack for thread: 0x000001e4e4588800
RBP=0x0000007a198f3d40 is pointing into the stack for thread: 0x000001e4e4588800
RSI=0x000001e4961be1d0 is an unknown value
RDI=0x000001e48f3748e0 is an unknown value
R8 =0x0000007a198f3d40 is pointing into the stack for thread: 0x000001e4e4588800
R9 =0x0000007a198f3d80 is pointing into the stack for thread: 0x000001e4e4588800
R10=0x000001e4961be1e0 is an unknown value
R11=0xffffff36d1fbffff is an unknown value
R12=0x0000000000000000 is an unknown value
R13=0x0000000000000000 is an unknown value
R14=0x000001e4961be1d0 is an unknown value
R15=0x0000000000000001 is an unknown value


Registers:
RAX=0x00007ffe5b3c85e0, RBX=0x0000007a198f3d80, RCX=0x000001e48f3748e0, RDX=0x000001e4961be1d0
RSP=0x0000007a198f3c18, RBP=0x0000007a198f3d40, RSI=0x000001e4961be1d0, RDI=0x000001e48f3748e0
R8 =0x0000007a198f3d40, R9 =0x0000007a198f3d80, R10=0x000001e4961be1e0, R11=0xffffff36d1fbffff
R12=0x0000000000000000, R13=0x0000000000000000, R14=0x000001e4961be1d0, R15=0x0000000000000001
RIP=0x00007ffe5b423370, EFLAGS=0x0000000000010206

Top of Stack: (sp=0x0000007a198f3c18)
0x0000007a198f3c18:   00007ffe5b0feedc 0000000000000000
0x0000007a198f3c28:   000001e4da5e1b00 0000007a00000000
0x0000007a198f3c38:   000001e4da5e0000 000001e4da5e02a4
0x0000007a198f3c48:   0000007a198f3d80 0000007a198f3d40
0x0000007a198f3c58:   000001e4961be1d0 fffffffffffffffe
0x0000007a198f3c68:   0000000000000000 0000000000000000
0x0000007a198f3c78:   0000000000000010 0000000000000008
0x0000007a198f3c88:   0000000000000002 000001e4da4e0000
0x0000007a198f3c98:   0000007a198f3d59 0000000000000001
0x0000007a198f3ca8:   00007ffed767b3c7 000001e4da5e0000
0x0000007a198f3cb8:   0000000000000000 0000000000000008
0x0000007a198f3cc8:   000001e400000000 000003c243adea8d
0x0000007a198f3cd8:   000000009ae49af8 0000000200000001
0x0000007a198f3ce8:   0000007a198f3e58 000001e495913c50
0x0000007a198f3cf8:   0000007a198f3d89 0000007a198f3e40
0x0000007a198f3d08:   00007ffe5b0f5fc7 000000000000004f 

Instructions: (pc=0x00007ffe5b423370)
0x00007ffe5b423350:   00 00 00 00 ff ff ff ff 00 00 00 00 40 00 00 00
0x00007ffe5b423360:   20 33 45 00 00 00 00 00 00 00 00 00 00 00 00 00
0x00007ffe5b423370:   01 00 00 00 00 00 00 00 00 00 00 00 10 8a 58 00
0x00007ffe5b423380:   98 33 45 00 70 33 45 00 00 00 00 00 00 00 00 00 



---------------  P R O C E S S  ---------------

Java Threads: ( => current thread )
  0x000001e48e684800 JavaThread "Relaunch Simulation" [_thread_in_native, id=16804, stack(0x0000007a1c900000,0x0000007a1ce00000)]
  0x000001e48e687800 JavaThread "SyntheticaAnimation 50" daemon [_thread_blocked, id=5092, stack(0x0000007a19900000,0x0000007a19e00000)]
  0x000001e48e680800 JavaThread "Update Runs Swing Worker" [_thread_blocked, id=20444, stack(0x0000007a1ce00000,0x0000007a1d300000)]
  0x000001e48e681800 JavaThread "hw_ila_monitor" [_thread_blocked, id=8056, stack(0x0000007a1c400000,0x0000007a1c900000)]
  0x000001e48e680000 JavaThread "Refresh Filesets Swing Worker" [_thread_blocked, id=19928, stack(0x0000007a1bf00000,0x0000007a1c400000)]
  0x000001e48e683800 JavaThread "SyntheticaAnimation 70" daemon [_thread_blocked, id=8612, stack(0x0000007a1ba00000,0x0000007a1bf00000)]
  0x000001e4e3843800 JavaThread "SyntheticaAnimation 25" daemon [_thread_blocked, id=14320, stack(0x0000007a1b000000,0x0000007a1b500000)]
  0x000001e4e3845000 JavaThread "SyntheticaAnimation 50" daemon [_thread_blocked, id=14960, stack(0x0000007a1ab00000,0x0000007a1b000000)]
  0x000001e4e3846800 JavaThread "Monitor HEventQueue" [_thread_blocked, id=7368, stack(0x0000007a1a600000,0x0000007a1ab00000)]
  0x000001e4e3840800 JavaThread "SyntheticaCleanerThread" daemon [_thread_blocked, id=8672, stack(0x0000007a19e00000,0x0000007a1a300000)]
  0x000001e4e3842000 JavaThread "Batik CleanerThread" daemon [_thread_blocked, id=16284, stack(0x0000007a18a00000,0x0000007a18f00000)]
=>0x000001e4e4588800 JavaThread "AWT-EventQueue-1" [_thread_in_native, id=2328, stack(0x0000007a19400000,0x0000007a19900000)]
  0x000001e4e4577000 JavaThread "Process Messages" [_thread_blocked, id=4424, stack(0x0000007a18f00000,0x0000007a19400000)]
  0x000001e4e4084000 JavaThread "Thread-1" [_thread_in_native, id=17568, stack(0x0000007a11800000,0x0000007a12c00000)]
  0x000001e4e4b54800 JavaThread "TimerQueue" daemon [_thread_blocked, id=5716, stack(0x0000007a18000000,0x0000007a18500000)]
  0x000001e4e4064800 JavaThread "AWT-Windows" daemon [_thread_in_native, id=19776, stack(0x0000007a17b00000,0x0000007a18000000)]
  0x000001e4e3c5c000 JavaThread "AWT-Shutdown" [_thread_blocked, id=6764, stack(0x0000007a17600000,0x0000007a17b00000)]
  0x000001e4e4037000 JavaThread "Java2D Disposer" daemon [_thread_blocked, id=8576, stack(0x0000007a17100000,0x0000007a17600000)]
  0x000001e4e39dc000 JavaThread "Service Thread" daemon [_thread_blocked, id=4268, stack(0x0000007a16b00000,0x0000007a17000000)]
  0x000001e4e6d51800 JavaThread "Common-Cleaner" daemon [_thread_blocked, id=20280, stack(0x0000007a16600000,0x0000007a16b00000)]
  0x000001e4e3844000 JavaThread "Sweeper thread" daemon [_thread_blocked, id=2552, stack(0x0000007a16100000,0x0000007a16600000)]
  0x000001e4e8899000 JavaThread "C1 CompilerThread3" daemon [_thread_blocked, id=5424, stack(0x0000007a16000000,0x0000007a16100000)]
  0x000001e4e8898800 JavaThread "C2 CompilerThread2" daemon [_thread_blocked, id=3024, stack(0x0000007a15f00000,0x0000007a16000000)]
  0x000001e4e758a000 JavaThread "C2 CompilerThread1" daemon [_thread_blocked, id=16964, stack(0x0000007a15e00000,0x0000007a15f00000)]
  0x000001e4e7589800 JavaThread "C2 CompilerThread0" daemon [_thread_blocked, id=10684, stack(0x0000007a15d00000,0x0000007a15e00000)]
  0x000001e4e5a67000 JavaThread "Attach Listener" daemon [_thread_blocked, id=2484, stack(0x0000007a15800000,0x0000007a15d00000)]
  0x000001e4e3ede800 JavaThread "Signal Dispatcher" daemon [_thread_blocked, id=17968, stack(0x0000007a15300000,0x0000007a15800000)]
  0x000001e4e5d71800 JavaThread "Finalizer" daemon [_thread_blocked, id=1872, stack(0x0000007a14e00000,0x0000007a15300000)]
  0x000001e4e5d70800 JavaThread "Reference Handler" daemon [_thread_blocked, id=14448, stack(0x0000007a14900000,0x0000007a14e00000)]
  0x000001e4e70f0800 JavaThread "main" [_thread_blocked, id=15288, stack(0x0000007a11700000,0x0000007a11800000)]

Other Threads:
  0x000001e4e90b7800 VMThread "VM Thread" [stack: 0x0000007a14800000,0x0000007a14900000] [id=3904]
  0x000001e4e1484000 WatcherThread [stack: 0x0000007a17000000,0x0000007a17100000] [id=14932]
  0x000001e4e15b6000 GCTaskThread "GC Thread#0" [stack: 0x0000007a12f00000,0x0000007a13000000] [id=5556]
  0x000001e4e3793000 GCTaskThread "GC Thread#1" [stack: 0x0000007a13000000,0x0000007a13100000] [id=7444]
  0x000001e4e3795000 GCTaskThread "GC Thread#2" [stack: 0x0000007a13100000,0x0000007a13200000] [id=17664]
  0x000001e4e3795800 GCTaskThread "GC Thread#3" [stack: 0x0000007a13200000,0x0000007a13300000] [id=1332]
  0x000001e4e3796000 GCTaskThread "GC Thread#4" [stack: 0x0000007a13300000,0x0000007a13400000] [id=4000]
  0x000001e4e3794800 GCTaskThread "GC Thread#5" [stack: 0x0000007a13400000,0x0000007a13500000] [id=11124]
  0x000001e4e378f800 GCTaskThread "GC Thread#6" [stack: 0x0000007a13500000,0x0000007a13600000] [id=7252]
  0x000001e4e3790800 GCTaskThread "GC Thread#7" [stack: 0x0000007a13600000,0x0000007a13700000] [id=10768]
  0x000001e4e3791000 GCTaskThread "GC Thread#8" [stack: 0x0000007a13700000,0x0000007a13800000] [id=7800]
  0x000001e4e3792800 GCTaskThread "GC Thread#9" [stack: 0x0000007a13800000,0x0000007a13900000] [id=6572]
  0x000001e4e7070800 ConcurrentGCThread "G1 Main Marker" [stack: 0x0000007a14400000,0x0000007a14500000] [id=5892]
  0x000001e4e3793800 ConcurrentGCThread "G1 Marker#0" [stack: 0x0000007a14500000,0x0000007a14600000] [id=2780]
  0x000001e4e3790000 ConcurrentGCThread "G1 Marker#1" [stack: 0x0000007a14600000,0x0000007a14700000] [id=8412]
  0x000001e4e3792000 ConcurrentGCThread "G1 Marker#2" [stack: 0x0000007a14700000,0x0000007a14800000] [id=3352]
  0x000001e4e706f800 ConcurrentGCThread "G1 Refine#0" [stack: 0x0000007a14200000,0x0000007a14300000] [id=5572]
  0x000001e4e5a71800 ConcurrentGCThread "G1 Refine#1" [stack: 0x0000007a14100000,0x0000007a14200000] [id=19812]
  0x000001e4e5a71000 ConcurrentGCThread "G1 Refine#2" [stack: 0x0000007a14000000,0x0000007a14100000] [id=7960]
  0x000001e4e5a70800 ConcurrentGCThread "G1 Refine#3" [stack: 0x0000007a13f00000,0x0000007a14000000] [id=14324]
  0x000001e4e3799800 ConcurrentGCThread "G1 Refine#4" [stack: 0x0000007a13e00000,0x0000007a13f00000] [id=16108]
  0x000001e4e13ba000 ConcurrentGCThread "G1 Refine#5" [stack: 0x0000007a13d00000,0x0000007a13e00000] [id=15572]
  0x000001e4e13b9800 ConcurrentGCThread "G1 Refine#6" [stack: 0x0000007a13c00000,0x0000007a13d00000] [id=4896]
  0x000001e4e9064000 ConcurrentGCThread "G1 Refine#7" [stack: 0x0000007a13b00000,0x0000007a13c00000] [id=4468]
  0x000001e4e9063800 ConcurrentGCThread "G1 Refine#8" [stack: 0x0000007a13a00000,0x0000007a13b00000] [id=20108]
  0x000001e4e8b8b000 ConcurrentGCThread "G1 Refine#9" [stack: 0x0000007a13900000,0x0000007a13a00000] [id=2180]
  0x000001e4e7070000 ConcurrentGCThread "G1 Young RemSet Sampling" [stack: 0x0000007a14300000,0x0000007a14400000] [id=7248]

Threads with active compile tasks:

VM state:not at safepoint (normal execution)

VM Mutex/Monitor currently owned by a thread: None

Heap address: 0x0000000700000000, size: 3072 MB, Compressed Oops mode: Zero based, Oop shift amount: 3
Narrow klass base: 0x0000000000000000, Narrow klass shift: 3
Compressed class space size: 1073741824 Address: 0x00000007c0000000

Heap:
 garbage-first heap   total 187392K, used 111960K [0x0000000700000000, 0x00000007001005b8, 0x00000007c0000000)
  region size 1024K, 43 young (44032K), 1 survivors (1024K)
 Metaspace       used 77821K, capacity 83215K, committed 83248K, reserved 1120256K
  class space    used 10831K, capacity 11802K, committed 11824K, reserved 1048576K
Heap Regions: E=young(eden), S=young(survivor), O=old, HS=humongous(starts), HC=humongous(continues), CS=collection set, F=free, A=archive, TS=gc time stamp, AC=allocation context, TAMS=top-at-mark-start (previous, next)
|   0|0x0000000700000000, 0x00000007000fffd0, 0x0000000700100000| 99%| O|  |TS  0|AC  0|TAMS 0x0000000700000000, 0x0000000700000000|
|   1|0x0000000700100000, 0x0000000700200000, 0x0000000700200000|100%|HS|  |TS  0|AC  0|TAMS 0x0000000700100000, 0x0000000700100000|
|   2|0x0000000700200000, 0x0000000700300000, 0x0000000700300000|100%|HC|  |TS  0|AC  0|TAMS 0x0000000700200000, 0x0000000700200000|
|   3|0x0000000700300000, 0x0000000700400000, 0x0000000700400000|100%|HS|  |TS  0|AC  0|TAMS 0x0000000700300000, 0x0000000700300000|
|   4|0x0000000700400000, 0x00000007004fe528, 0x0000000700500000| 99%| O|  |TS  0|AC  0|TAMS 0x0000000700400000, 0x0000000700400000|
|   5|0x0000000700500000, 0x00000007005f2650, 0x0000000700600000| 94%| O|  |TS  0|AC  0|TAMS 0x0000000700500000, 0x0000000700500000|
|   6|0x0000000700600000, 0x0000000700700000, 0x0000000700700000|100%| O|  |TS  0|AC  0|TAMS 0x0000000700600000, 0x0000000700600000|
|   7|0x0000000700700000, 0x00000007007ffff8, 0x0000000700800000| 99%| O|  |TS  0|AC  0|TAMS 0x0000000700700000, 0x0000000700700000|
|   8|0x0000000700800000, 0x00000007008fff68, 0x0000000700900000| 99%| O|  |TS  0|AC  0|TAMS 0x0000000700800000, 0x0000000700800000|
|   9|0x0000000700900000, 0x00000007009ffff0, 0x0000000700a00000| 99%| O|  |TS  0|AC  0|TAMS 0x0000000700900000, 0x0000000700900000|
|  10|0x0000000700a00000, 0x0000000700affff0, 0x0000000700b00000| 99%| O|  |TS  0|AC  0|TAMS 0x0000000700a00000, 0x0000000700a00000|
|  11|0x0000000700b00000, 0x0000000700bf64b0, 0x0000000700c00000| 96%| O|  |TS  0|AC  0|TAMS 0x0000000700b00000, 0x0000000700b00000|
|  12|0x0000000700c00000, 0x0000000700cf2768, 0x0000000700d00000| 94%| O|  |TS  0|AC  0|TAMS 0x0000000700c00000, 0x0000000700c00000|
|  13|0x0000000700d00000, 0x0000000700dc5a60, 0x0000000700e00000| 77%| O|  |TS  0|AC  0|TAMS 0x0000000700d00000, 0x0000000700d00000|
|  14|0x0000000700e00000, 0x0000000700eda2a8, 0x0000000700f00000| 85%| O|  |TS  0|AC  0|TAMS 0x0000000700e00000, 0x0000000700e00000|
|  15|0x0000000700f00000, 0x0000000700ff23c0, 0x0000000701000000| 94%| O|  |TS  0|AC  0|TAMS 0x0000000700f00000, 0x0000000700f00000|
|  16|0x0000000701000000, 0x00000007010fffe8, 0x0000000701100000| 99%| O|  |TS  0|AC  0|TAMS 0x0000000701000000, 0x0000000701000000|
|  17|0x0000000701100000, 0x00000007011ffff8, 0x0000000701200000| 99%| O|  |TS  0|AC  0|TAMS 0x0000000701100000, 0x0000000701100000|
|  18|0x0000000701200000, 0x00000007012ffff8, 0x0000000701300000| 99%| O|  |TS  0|AC  0|TAMS 0x0000000701200000, 0x0000000701200000|
|  19|0x0000000701300000, 0x00000007013fff08, 0x0000000701400000| 99%| O|  |TS  0|AC  0|TAMS 0x0000000701300000, 0x0000000701300000|
|  20|0x0000000701400000, 0x00000007014fffb0, 0x0000000701500000| 99%| O|  |TS  0|AC  0|TAMS 0x0000000701400000, 0x0000000701400000|
|  21|0x0000000701500000, 0x00000007015ffff0, 0x0000000701600000| 99%| O|  |TS  0|AC  0|TAMS 0x0000000701500000, 0x0000000701500000|
|  22|0x0000000701600000, 0x00000007016ffff0, 0x0000000701700000| 99%| O|  |TS  0|AC  0|TAMS 0x0000000701600000, 0x0000000701600000|
|  23|0x0000000701700000, 0x00000007017ffff8, 0x0000000701800000| 99%| O|  |TS  0|AC  0|TAMS 0x0000000701700000, 0x0000000701700000|
|  24|0x0000000701800000, 0x00000007018ffff8, 0x0000000701900000| 99%| O|  |TS  0|AC  0|TAMS 0x0000000701800000, 0x0000000701800000|
|  25|0x0000000701900000, 0x00000007019fffe8, 0x0000000701a00000| 99%| O|  |TS  0|AC  0|TAMS 0x0000000701900000, 0x0000000701900000|
|  26|0x0000000701a00000, 0x0000000701affff0, 0x0000000701b00000| 99%| O|  |TS  0|AC  0|TAMS 0x0000000701a00000, 0x0000000701a00000|
|  27|0x0000000701b00000, 0x0000000701bfffe0, 0x0000000701c00000| 99%| O|  |TS  0|AC  0|TAMS 0x0000000701b00000, 0x0000000701b00000|
|  28|0x0000000701c00000, 0x0000000701cff9a8, 0x0000000701d00000| 99%| O|  |TS  0|AC  0|TAMS 0x0000000701c00000, 0x0000000701c00000|
|  29|0x0000000701d00000, 0x0000000701dffff0, 0x0000000701e00000| 99%| O|  |TS  0|AC  0|TAMS 0x0000000701d00000, 0x0000000701d00000|
|  30|0x0000000701e00000, 0x0000000701effff0, 0x0000000701f00000| 99%| O|  |TS  0|AC  0|TAMS 0x0000000701e00000, 0x0000000701e00000|
|  31|0x0000000701f00000, 0x0000000701fffff0, 0x0000000702000000| 99%| O|  |TS  0|AC  0|TAMS 0x0000000701f00000, 0x0000000701f00000|
|  32|0x0000000702000000, 0x00000007020ffff0, 0x0000000702100000| 99%| O|  |TS  0|AC  0|TAMS 0x0000000702000000, 0x0000000702000000|
|  33|0x0000000702100000, 0x0000000702200000, 0x0000000702200000|100%| O|  |TS  0|AC  0|TAMS 0x0000000702100000, 0x0000000702100000|
|  34|0x0000000702200000, 0x00000007022fffe0, 0x0000000702300000| 99%| O|  |TS  0|AC  0|TAMS 0x0000000702200000, 0x0000000702200000|
|  35|0x0000000702300000, 0x00000007023fffd0, 0x0000000702400000| 99%| O|  |TS  0|AC  0|TAMS 0x0000000702300000, 0x0000000702300000|
|  36|0x0000000702400000, 0x00000007024dc308, 0x0000000702500000| 86%| O|  |TS  0|AC  0|TAMS 0x0000000702400000, 0x0000000702400000|
|  37|0x0000000702500000, 0x00000007025ffdf8, 0x0000000702600000| 99%| O|  |TS  0|AC  0|TAMS 0x0000000702500000, 0x0000000702500000|
|  38|0x0000000702600000, 0x0000000702700000, 0x0000000702700000|100%| O|  |TS  0|AC  0|TAMS 0x0000000702600000, 0x0000000702600000|
|  39|0x0000000702700000, 0x00000007027fffe8, 0x0000000702800000| 99%| O|  |TS  0|AC  0|TAMS 0x0000000702700000, 0x0000000702700000|
|  40|0x0000000702800000, 0x00000007028ffff0, 0x0000000702900000| 99%| O|  |TS  0|AC  0|TAMS 0x0000000702800000, 0x0000000702800000|
|  41|0x0000000702900000, 0x00000007029ffff8, 0x0000000702a00000| 99%| O|  |TS  0|AC  0|TAMS 0x0000000702900000, 0x0000000702900000|
|  42|0x0000000702a00000, 0x0000000702affef0, 0x0000000702b00000| 99%| O|  |TS  0|AC  0|TAMS 0x0000000702a00000, 0x0000000702a00000|
|  43|0x0000000702b00000, 0x0000000702bffff0, 0x0000000702c00000| 99%| O|  |TS  0|AC  0|TAMS 0x0000000702b00000, 0x0000000702b00000|
|  44|0x0000000702c00000, 0x0000000702d00000, 0x0000000702d00000|100%|HS|  |TS  0|AC  0|TAMS 0x0000000702c00000, 0x0000000702c00000|
|  45|0x0000000702d00000, 0x0000000702e00000, 0x0000000702e00000|100%|HC|  |TS  0|AC  0|TAMS 0x0000000702d00000, 0x0000000702d00000|
|  46|0x0000000702e00000, 0x0000000702f00000, 0x0000000702f00000|100%|HC|  |TS  0|AC  0|TAMS 0x0000000702e00000, 0x0000000702e00000|
|  47|0x0000000702f00000, 0x0000000703000000, 0x0000000703000000|100%|HC|  |TS  0|AC  0|TAMS 0x0000000702f00000, 0x0000000702f00000|
|  48|0x0000000703000000, 0x0000000703100000, 0x0000000703100000|100%|HC|  |TS  0|AC  0|TAMS 0x0000000703000000, 0x0000000703000000|
|  49|0x0000000703100000, 0x0000000703200000, 0x0000000703200000|100%|HC|  |TS  0|AC  0|TAMS 0x0000000703100000, 0x0000000703100000|
|  50|0x0000000703200000, 0x0000000703300000, 0x0000000703300000|100%|HC|  |TS  0|AC  0|TAMS 0x0000000703200000, 0x0000000703200000|
|  51|0x0000000703300000, 0x0000000703400000, 0x0000000703400000|100%|HC|  |TS  0|AC  0|TAMS 0x0000000703300000, 0x0000000703300000|
|  52|0x0000000703400000, 0x0000000703500000, 0x0000000703500000|100%|HC|  |TS  0|AC  0|TAMS 0x0000000703400000, 0x0000000703400000|
|  53|0x0000000703500000, 0x0000000703600000, 0x0000000703600000|100%|HC|  |TS  0|AC  0|TAMS 0x0000000703500000, 0x0000000703500000|
|  54|0x0000000703600000, 0x00000007036ffff0, 0x0000000703700000| 99%| O|  |TS  0|AC  0|TAMS 0x0000000703600000, 0x0000000703600000|
|  55|0x0000000703700000, 0x0000000703800000, 0x0000000703800000|100%| O|  |TS  0|AC  0|TAMS 0x0000000703700000, 0x0000000703700000|
|  56|0x0000000703800000, 0x00000007038ffed0, 0x0000000703900000| 99%| O|  |TS  0|AC  0|TAMS 0x0000000703800000, 0x0000000703800000|
|  57|0x0000000703900000, 0x00000007039fff58, 0x0000000703a00000| 99%| O|  |TS  0|AC  0|TAMS 0x0000000703900000, 0x0000000703900000|
|  58|0x0000000703a00000, 0x0000000703b00000, 0x0000000703b00000|100%| O|  |TS  0|AC  0|TAMS 0x0000000703a00000, 0x0000000703a00000|
|  59|0x0000000703b00000, 0x0000000703c00000, 0x0000000703c00000|100%| O|  |TS  0|AC  0|TAMS 0x0000000703b00000, 0x0000000703b00000|
|  60|0x0000000703c00000, 0x0000000703d00000, 0x0000000703d00000|100%| O|  |TS  0|AC  0|TAMS 0x0000000703c00000, 0x0000000703c00000|
|  61|0x0000000703d00000, 0x0000000703e00000, 0x0000000703e00000|100%| O|  |TS  0|AC  0|TAMS 0x0000000703d00000, 0x0000000703d00000|
|  62|0x0000000703e00000, 0x0000000703ec6590, 0x0000000703f00000| 77%| O|  |TS  0|AC  0|TAMS 0x0000000703e00000, 0x0000000703e00000|
|  63|0x0000000703f00000, 0x0000000703f00000, 0x0000000704000000|  0%| F|  |TS  0|AC  0|TAMS 0x0000000703f00000, 0x0000000703f00000|
|  64|0x0000000704000000, 0x0000000704000000, 0x0000000704100000|  0%| F|  |TS  0|AC  0|TAMS 0x0000000704000000, 0x0000000704000000|
|  65|0x0000000704100000, 0x0000000704100000, 0x0000000704200000|  0%| F|  |TS  0|AC  0|TAMS 0x0000000704100000, 0x0000000704100000|
|  66|0x0000000704200000, 0x0000000704200000, 0x0000000704300000|  0%| F|  |TS  0|AC  0|TAMS 0x0000000704200000, 0x0000000704200000|
|  67|0x0000000704300000, 0x0000000704300000, 0x0000000704400000|  0%| F|  |TS  0|AC  0|TAMS 0x0000000704300000, 0x0000000704300000|
|  68|0x0000000704400000, 0x0000000704500000, 0x0000000704500000|100%|HS|  |TS  0|AC  0|TAMS 0x0000000704400000, 0x0000000704400000|
|  69|0x0000000704500000, 0x0000000704600000, 0x0000000704600000|100%|HC|  |TS  0|AC  0|TAMS 0x0000000704500000, 0x0000000704500000|
|  70|0x0000000704600000, 0x0000000704700000, 0x0000000704700000|100%|HC|  |TS  0|AC  0|TAMS 0x0000000704600000, 0x0000000704600000|
|  71|0x0000000704700000, 0x0000000704700000, 0x0000000704800000|  0%| F|  |TS  0|AC  0|TAMS 0x0000000704700000, 0x0000000704700000|
|  72|0x0000000704800000, 0x0000000704800000, 0x0000000704900000|  0%| F|  |TS  0|AC  0|TAMS 0x0000000704800000, 0x0000000704800000|
|  73|0x0000000704900000, 0x0000000704900000, 0x0000000704a00000|  0%| F|  |TS  0|AC  0|TAMS 0x0000000704900000, 0x0000000704900000|
|  74|0x0000000704a00000, 0x0000000704a00000, 0x0000000704b00000|  0%| F|  |TS  0|AC  0|TAMS 0x0000000704a00000, 0x0000000704a00000|
|  75|0x0000000704b00000, 0x0000000704c00000, 0x0000000704c00000|100%|HS|  |TS  0|AC  0|TAMS 0x0000000704b00000, 0x0000000704b00000|
|  76|0x0000000704c00000, 0x0000000704d00000, 0x0000000704d00000|100%|HC|  |TS  0|AC  0|TAMS 0x0000000704c00000, 0x0000000704c00000|
|  77|0x0000000704d00000, 0x0000000704e00000, 0x0000000704e00000|100%|HC|  |TS  0|AC  0|TAMS 0x0000000704d00000, 0x0000000704d00000|
|  78|0x0000000704e00000, 0x0000000704e00000, 0x0000000704f00000|  0%| F|  |TS  0|AC  0|TAMS 0x0000000704e00000, 0x0000000704e00000|
|  79|0x0000000704f00000, 0x0000000704f00000, 0x0000000705000000|  0%| F|  |TS  0|AC  0|TAMS 0x0000000704f00000, 0x0000000704f00000|
|  80|0x0000000705000000, 0x0000000705000000, 0x0000000705100000|  0%| F|  |TS  0|AC  0|TAMS 0x0000000705000000, 0x0000000705000000|
|  81|0x0000000705100000, 0x0000000705100000, 0x0000000705200000|  0%| F|  |TS  0|AC  0|TAMS 0x0000000705100000, 0x0000000705100000|
|  82|0x0000000705200000, 0x0000000705200000, 0x0000000705300000|  0%| F|  |TS  0|AC  0|TAMS 0x0000000705200000, 0x0000000705200000|
|  83|0x0000000705300000, 0x0000000705300000, 0x0000000705400000|  0%| F|  |TS  0|AC  0|TAMS 0x0000000705300000, 0x0000000705300000|
|  84|0x0000000705400000, 0x0000000705400000, 0x0000000705500000|  0%| F|  |TS  0|AC  0|TAMS 0x0000000705400000, 0x0000000705400000|
|  85|0x0000000705500000, 0x0000000705500000, 0x0000000705600000|  0%| F|  |TS  0|AC  0|TAMS 0x0000000705500000, 0x0000000705500000|
|  86|0x0000000705600000, 0x0000000705600000, 0x0000000705700000|  0%| F|  |TS  0|AC  0|TAMS 0x0000000705600000, 0x0000000705600000|
|  87|0x0000000705700000, 0x0000000705700000, 0x0000000705800000|  0%| F|  |TS  0|AC  0|TAMS 0x0000000705700000, 0x0000000705700000|
|  88|0x0000000705800000, 0x0000000705800000, 0x0000000705900000|  0%| F|  |TS  0|AC  0|TAMS 0x0000000705800000, 0x0000000705800000|
|  89|0x0000000705900000, 0x0000000705900000, 0x0000000705a00000|  0%| F|  |TS  0|AC  0|TAMS 0x0000000705900000, 0x0000000705900000|
|  90|0x0000000705a00000, 0x0000000705a00000, 0x0000000705b00000|  0%| F|  |TS  0|AC  0|TAMS 0x0000000705a00000, 0x0000000705a00000|
|  91|0x0000000705b00000, 0x0000000705b00000, 0x0000000705c00000|  0%| F|  |TS  0|AC  0|TAMS 0x0000000705b00000, 0x0000000705b00000|
|  92|0x0000000705c00000, 0x0000000705c00000, 0x0000000705d00000|  0%| F|  |TS  0|AC  0|TAMS 0x0000000705c00000, 0x0000000705c00000|
|  93|0x0000000705d00000, 0x0000000705d00000, 0x0000000705e00000|  0%| F|  |TS  0|AC  0|TAMS 0x0000000705d00000, 0x0000000705d00000|
|  94|0x0000000705e00000, 0x0000000705e00000, 0x0000000705f00000|  0%| F|  |TS  0|AC  0|TAMS 0x0000000705e00000, 0x0000000705e00000|
|  95|0x0000000705f00000, 0x0000000705f00000, 0x0000000706000000|  0%| F|  |TS  0|AC  0|TAMS 0x0000000705f00000, 0x0000000705f00000|
|  96|0x0000000706000000, 0x0000000706000000, 0x0000000706100000|  0%| F|  |TS  0|AC  0|TAMS 0x0000000706000000, 0x0000000706000000|
|  97|0x0000000706100000, 0x0000000706100000, 0x0000000706200000|  0%| F|  |TS  0|AC  0|TAMS 0x0000000706100000, 0x0000000706100000|
|  98|0x0000000706200000, 0x0000000706200000, 0x0000000706300000|  0%| F|  |TS  0|AC  0|TAMS 0x0000000706200000, 0x0000000706200000|
|  99|0x0000000706300000, 0x0000000706300000, 0x0000000706400000|  0%| F|  |TS  0|AC  0|TAMS 0x0000000706300000, 0x0000000706300000|
| 100|0x0000000706400000, 0x0000000706400000, 0x0000000706500000|  0%| F|  |TS  0|AC  0|TAMS 0x0000000706400000, 0x0000000706400000|
| 101|0x0000000706500000, 0x0000000706500000, 0x0000000706600000|  0%| F|  |TS  0|AC  0|TAMS 0x0000000706500000, 0x0000000706500000|
| 102|0x0000000706600000, 0x0000000706600000, 0x0000000706700000|  0%| F|  |TS  0|AC  0|TAMS 0x0000000706600000, 0x0000000706600000|
| 103|0x0000000706700000, 0x0000000706700000, 0x0000000706800000|  0%| F|  |TS  0|AC  0|TAMS 0x0000000706700000, 0x0000000706700000|
| 104|0x0000000706800000, 0x0000000706800000, 0x0000000706900000|  0%| F|  |TS  0|AC  0|TAMS 0x0000000706800000, 0x0000000706800000|
| 105|0x0000000706900000, 0x0000000706900000, 0x0000000706a00000|  0%| F|  |TS  0|AC  0|TAMS 0x0000000706900000, 0x0000000706900000|
| 106|0x0000000706a00000, 0x0000000706a00000, 0x0000000706b00000|  0%| F|  |TS  0|AC  0|TAMS 0x0000000706a00000, 0x0000000706a00000|
| 107|0x0000000706b00000, 0x0000000706b00000, 0x0000000706c00000|  0%| F|  |TS  0|AC  0|TAMS 0x0000000706b00000, 0x0000000706b00000|
| 108|0x0000000706c00000, 0x0000000706c00000, 0x0000000706d00000|  0%| F|  |TS  0|AC  0|TAMS 0x0000000706c00000, 0x0000000706c00000|
| 109|0x0000000706d00000, 0x0000000706d00000, 0x0000000706e00000|  0%| F|  |TS  0|AC  0|TAMS 0x0000000706d00000, 0x0000000706d00000|
| 110|0x0000000706e00000, 0x0000000706e00000, 0x0000000706f00000|  0%| F|  |TS  0|AC  0|TAMS 0x0000000706e00000, 0x0000000706e00000|
| 111|0x0000000706f00000, 0x0000000706f00000, 0x0000000707000000|  0%| F|  |TS  0|AC  0|TAMS 0x0000000706f00000, 0x0000000706f00000|
| 112|0x0000000707000000, 0x0000000707000000, 0x0000000707100000|  0%| F|  |TS  0|AC  0|TAMS 0x0000000707000000, 0x0000000707000000|
| 113|0x0000000707100000, 0x0000000707100000, 0x0000000707200000|  0%| F|  |TS  0|AC  0|TAMS 0x0000000707100000, 0x0000000707100000|
| 114|0x0000000707200000, 0x0000000707200000, 0x0000000707300000|  0%| F|  |TS  0|AC  0|TAMS 0x0000000707200000, 0x0000000707200000|
| 115|0x0000000707300000, 0x0000000707300000, 0x0000000707400000|  0%| F|  |TS  0|AC  0|TAMS 0x0000000707300000, 0x0000000707300000|
| 116|0x0000000707400000, 0x0000000707400000, 0x0000000707500000|  0%| F|  |TS  0|AC  0|TAMS 0x0000000707400000, 0x0000000707400000|
| 117|0x0000000707500000, 0x0000000707500000, 0x0000000707600000|  0%| F|  |TS  0|AC  0|TAMS 0x0000000707500000, 0x0000000707500000|
| 118|0x0000000707600000, 0x0000000707600000, 0x0000000707700000|  0%| F|  |TS  0|AC  0|TAMS 0x0000000707600000, 0x0000000707600000|
| 119|0x0000000707700000, 0x0000000707700000, 0x0000000707800000|  0%| F|  |TS  0|AC  0|TAMS 0x0000000707700000, 0x0000000707700000|
| 120|0x0000000707800000, 0x0000000707800000, 0x0000000707900000|  0%| F|  |TS  0|AC  0|TAMS 0x0000000707800000, 0x0000000707800000|
| 121|0x0000000707900000, 0x0000000707900000, 0x0000000707a00000|  0%| F|  |TS  0|AC  0|TAMS 0x0000000707900000, 0x0000000707900000|
| 122|0x0000000707a00000, 0x0000000707a00000, 0x0000000707b00000|  0%| F|  |TS  3|AC  0|TAMS 0x0000000707a00000, 0x0000000707a00000|
| 123|0x0000000707b00000, 0x0000000707b49090, 0x0000000707c00000| 28%| S|CS|TS  3|AC  0|TAMS 0x0000000707b00000, 0x0000000707b00000|
| 124|0x0000000707c00000, 0x0000000707c00000, 0x0000000707d00000|  0%| F|  |TS  3|AC  0|TAMS 0x0000000707c00000, 0x0000000707c00000|
| 125|0x0000000707d00000, 0x0000000707d00000, 0x0000000707e00000|  0%| F|  |TS  3|AC  0|TAMS 0x0000000707d00000, 0x0000000707d00000|
| 126|0x0000000707e00000, 0x0000000707e00000, 0x0000000707f00000|  0%| F|  |TS  3|AC  0|TAMS 0x0000000707e00000, 0x0000000707e00000|
| 127|0x0000000707f00000, 0x0000000707f00000, 0x0000000708000000|  0%| F|  |TS  3|AC  0|TAMS 0x0000000707f00000, 0x0000000707f00000|
| 128|0x0000000708000000, 0x0000000708000000, 0x0000000708100000|  0%| F|  |TS  3|AC  0|TAMS 0x0000000708000000, 0x0000000708000000|
| 129|0x0000000708100000, 0x0000000708100000, 0x0000000708200000|  0%| F|  |TS  3|AC  0|TAMS 0x0000000708100000, 0x0000000708100000|
| 130|0x0000000708200000, 0x0000000708200000, 0x0000000708300000|  0%| F|  |TS  3|AC  0|TAMS 0x0000000708200000, 0x0000000708200000|
| 131|0x0000000708300000, 0x0000000708300000, 0x0000000708400000|  0%| F|  |TS  3|AC  0|TAMS 0x0000000708300000, 0x0000000708300000|
| 132|0x0000000708400000, 0x0000000708400000, 0x0000000708500000|  0%| F|  |TS  3|AC  0|TAMS 0x0000000708400000, 0x0000000708400000|
| 133|0x0000000708500000, 0x0000000708500000, 0x0000000708600000|  0%| F|  |TS  3|AC  0|TAMS 0x0000000708500000, 0x0000000708500000|
| 134|0x0000000708600000, 0x0000000708600000, 0x0000000708700000|  0%| F|  |TS  3|AC  0|TAMS 0x0000000708600000, 0x0000000708600000|
| 135|0x0000000708700000, 0x0000000708700000, 0x0000000708800000|  0%| F|  |TS  3|AC  0|TAMS 0x0000000708700000, 0x0000000708700000|
| 136|0x0000000708800000, 0x0000000708800000, 0x0000000708900000|  0%| F|  |TS  3|AC  0|TAMS 0x0000000708800000, 0x0000000708800000|
| 137|0x0000000708900000, 0x0000000708900000, 0x0000000708a00000|  0%| F|  |TS  3|AC  0|TAMS 0x0000000708900000, 0x0000000708900000|
| 138|0x0000000708a00000, 0x0000000708a00000, 0x0000000708b00000|  0%| F|  |TS  3|AC  0|TAMS 0x0000000708a00000, 0x0000000708a00000|
| 139|0x0000000708b00000, 0x0000000708b00000, 0x0000000708c00000|  0%| F|  |TS  3|AC  0|TAMS 0x0000000708b00000, 0x0000000708b00000|
| 140|0x0000000708c00000, 0x0000000708c00000, 0x0000000708d00000|  0%| F|  |TS  3|AC  0|TAMS 0x0000000708c00000, 0x0000000708c00000|
| 141|0x0000000708d00000, 0x0000000708d95748, 0x0000000708e00000| 58%| E|  |TS  3|AC  0|TAMS 0x0000000708d00000, 0x0000000708d00000|
| 142|0x0000000708e00000, 0x0000000708f00000, 0x0000000708f00000|100%| E|CS|TS  3|AC  0|TAMS 0x0000000708e00000, 0x0000000708e00000|
| 143|0x0000000708f00000, 0x0000000709000000, 0x0000000709000000|100%| E|CS|TS  3|AC  0|TAMS 0x0000000708f00000, 0x0000000708f00000|
| 144|0x0000000709000000, 0x0000000709100000, 0x0000000709100000|100%| E|CS|TS  3|AC  0|TAMS 0x0000000709000000, 0x0000000709000000|
| 145|0x0000000709100000, 0x0000000709200000, 0x0000000709200000|100%| E|CS|TS  3|AC  0|TAMS 0x0000000709100000, 0x0000000709100000|
| 146|0x0000000709200000, 0x0000000709300000, 0x0000000709300000|100%| E|CS|TS  3|AC  0|TAMS 0x0000000709200000, 0x0000000709200000|
| 147|0x0000000709300000, 0x0000000709400000, 0x0000000709400000|100%| E|CS|TS  3|AC  0|TAMS 0x0000000709300000, 0x0000000709300000|
| 148|0x0000000709400000, 0x0000000709500000, 0x0000000709500000|100%| E|CS|TS  3|AC  0|TAMS 0x0000000709400000, 0x0000000709400000|
| 149|0x0000000709500000, 0x0000000709600000, 0x0000000709600000|100%| E|CS|TS  3|AC  0|TAMS 0x0000000709500000, 0x0000000709500000|
| 150|0x0000000709600000, 0x0000000709700000, 0x0000000709700000|100%| E|CS|TS  3|AC  0|TAMS 0x0000000709600000, 0x0000000709600000|
| 151|0x0000000709700000, 0x0000000709800000, 0x0000000709800000|100%| E|CS|TS  3|AC  0|TAMS 0x0000000709700000, 0x0000000709700000|
| 152|0x0000000709800000, 0x0000000709900000, 0x0000000709900000|100%| E|CS|TS  3|AC  0|TAMS 0x0000000709800000, 0x0000000709800000|
| 153|0x0000000709900000, 0x0000000709a00000, 0x0000000709a00000|100%| E|CS|TS  3|AC  0|TAMS 0x0000000709900000, 0x0000000709900000|
| 154|0x0000000709a00000, 0x0000000709b00000, 0x0000000709b00000|100%| E|CS|TS  3|AC  0|TAMS 0x0000000709a00000, 0x0000000709a00000|
| 155|0x0000000709b00000, 0x0000000709c00000, 0x0000000709c00000|100%| E|CS|TS  3|AC  0|TAMS 0x0000000709b00000, 0x0000000709b00000|
| 156|0x0000000709c00000, 0x0000000709d00000, 0x0000000709d00000|100%| E|CS|TS  3|AC  0|TAMS 0x0000000709c00000, 0x0000000709c00000|
| 157|0x0000000709d00000, 0x0000000709e00000, 0x0000000709e00000|100%| E|CS|TS  3|AC  0|TAMS 0x0000000709d00000, 0x0000000709d00000|
| 158|0x0000000709e00000, 0x0000000709f00000, 0x0000000709f00000|100%| E|CS|TS  3|AC  0|TAMS 0x0000000709e00000, 0x0000000709e00000|
| 159|0x0000000709f00000, 0x000000070a000000, 0x000000070a000000|100%| E|CS|TS  3|AC  0|TAMS 0x0000000709f00000, 0x0000000709f00000|
| 160|0x000000070a000000, 0x000000070a100000, 0x000000070a100000|100%| E|CS|TS  3|AC  0|TAMS 0x000000070a000000, 0x000000070a000000|
| 161|0x000000070a100000, 0x000000070a200000, 0x000000070a200000|100%| E|CS|TS  3|AC  0|TAMS 0x000000070a100000, 0x000000070a100000|
| 162|0x000000070a200000, 0x000000070a300000, 0x000000070a300000|100%| E|CS|TS  3|AC  0|TAMS 0x000000070a200000, 0x000000070a200000|
| 163|0x000000070a300000, 0x000000070a400000, 0x000000070a400000|100%| E|CS|TS  3|AC  0|TAMS 0x000000070a300000, 0x000000070a300000|
| 164|0x000000070a400000, 0x000000070a500000, 0x000000070a500000|100%| E|CS|TS  3|AC  0|TAMS 0x000000070a400000, 0x000000070a400000|
| 165|0x000000070a500000, 0x000000070a600000, 0x000000070a600000|100%| E|CS|TS  3|AC  0|TAMS 0x000000070a500000, 0x000000070a500000|
| 166|0x000000070a600000, 0x000000070a700000, 0x000000070a700000|100%| E|CS|TS  3|AC  0|TAMS 0x000000070a600000, 0x000000070a600000|
| 167|0x000000070a700000, 0x000000070a800000, 0x000000070a800000|100%| E|CS|TS  3|AC  0|TAMS 0x000000070a700000, 0x000000070a700000|
| 168|0x000000070a800000, 0x000000070a900000, 0x000000070a900000|100%| E|CS|TS  3|AC  0|TAMS 0x000000070a800000, 0x000000070a800000|
| 169|0x000000070a900000, 0x000000070aa00000, 0x000000070aa00000|100%| E|CS|TS  3|AC  0|TAMS 0x000000070a900000, 0x000000070a900000|
| 170|0x000000070aa00000, 0x000000070ab00000, 0x000000070ab00000|100%| E|CS|TS  3|AC  0|TAMS 0x000000070aa00000, 0x000000070aa00000|
| 171|0x000000070ab00000, 0x000000070ac00000, 0x000000070ac00000|100%| E|CS|TS  3|AC  0|TAMS 0x000000070ab00000, 0x000000070ab00000|
| 172|0x000000070ac00000, 0x000000070ad00000, 0x000000070ad00000|100%| E|CS|TS  3|AC  0|TAMS 0x000000070ac00000, 0x000000070ac00000|
| 173|0x000000070ad00000, 0x000000070ae00000, 0x000000070ae00000|100%| E|CS|TS  3|AC  0|TAMS 0x000000070ad00000, 0x000000070ad00000|
| 174|0x000000070ae00000, 0x000000070af00000, 0x000000070af00000|100%| E|CS|TS  3|AC  0|TAMS 0x000000070ae00000, 0x000000070ae00000|
| 175|0x000000070af00000, 0x000000070b000000, 0x000000070b000000|100%| E|CS|TS  3|AC  0|TAMS 0x000000070af00000, 0x000000070af00000|
| 176|0x000000070b000000, 0x000000070b100000, 0x000000070b100000|100%| E|CS|TS  3|AC  0|TAMS 0x000000070b000000, 0x000000070b000000|
| 177|0x000000070b100000, 0x000000070b200000, 0x000000070b200000|100%| E|CS|TS  3|AC  0|TAMS 0x000000070b100000, 0x000000070b100000|
| 178|0x000000070b200000, 0x000000070b300000, 0x000000070b300000|100%| E|CS|TS  3|AC  0|TAMS 0x000000070b200000, 0x000000070b200000|
| 179|0x000000070b300000, 0x000000070b400000, 0x000000070b400000|100%| E|CS|TS  3|AC  0|TAMS 0x000000070b300000, 0x000000070b300000|
| 180|0x000000070b400000, 0x000000070b500000, 0x000000070b500000|100%| E|CS|TS  3|AC  0|TAMS 0x000000070b400000, 0x000000070b400000|
| 181|0x000000070b500000, 0x000000070b600000, 0x000000070b600000|100%| E|CS|TS  3|AC  0|TAMS 0x000000070b500000, 0x000000070b500000|
| 182|0x000000070b600000, 0x000000070b700000, 0x000000070b700000|100%| E|CS|TS  3|AC  0|TAMS 0x000000070b600000, 0x000000070b600000|

Card table byte_map: [0x000001e4e4db0000,0x000001e4e53b0000] byte_map_base: 0x000001e4e15b0000

Marking Bits (Prev, Next): (CMBitMap*) 0x000001e4e90d2fe0, (CMBitMap*) 0x000001e4e90d3018
 Prev Bits: [0x000001e480000000, 0x000001e483000000)
 Next Bits: [0x000001e483000000, 0x000001e486000000)

Polling page: 0x000001e4dc350000

CodeHeap 'non-profiled nmethods': size=120000Kb used=14809Kb max_used=14809Kb free=105190Kb
 bounds [0x000001e4f7c80000, 0x000001e4f8b00000, 0x000001e4ff1b0000]
CodeHeap 'profiled nmethods': size=120000Kb used=35643Kb max_used=35643Kb free=84356Kb
 bounds [0x000001e4f0750000, 0x000001e4f2a50000, 0x000001e4f7c80000]
CodeHeap 'non-nmethods': size=5760Kb used=1732Kb max_used=1782Kb free=4027Kb
 bounds [0x000001e4f01b0000, 0x000001e4f0420000, 0x000001e4f0750000]
 total_blobs=23614 nmethods=13793 adapters=1047
 compilation: enabled

Compilation events (10 events):
Event: 123.442 Thread 0x000001e4e8899000 nmethod 16551 0x000001e4f2a42410 code [0x000001e4f2a42620, 0x000001e4f2a42e30]
Event: 123.442 Thread 0x000001e4e8899000 16550       3       com.jidesoft.grid.RowHeightChangeEvent::<init> (22 bytes)
Event: 123.442 Thread 0x000001e4e8899000 nmethod 16550 0x000001e4f2a43110 code [0x000001e4f2a432e0, 0x000001e4f2a43670]
Event: 123.443 Thread 0x000001e4e758a000 nmethod 16549 0x000001e4f8af3290 code [0x000001e4f8af3460, 0x000001e4f8af3690]
Event: 123.449 Thread 0x000001e4e7589800 nmethod 16552 0x000001e4f8af3890 code [0x000001e4f8af3b00, 0x000001e4f8af4760]
Event: 123.451 Thread 0x000001e4e8898800 nmethod 16553 0x000001e4f8af5290 code [0x000001e4f8af5480, 0x000001e4f8af5f98]
Event: 123.638 Thread 0x000001e4e8899000 16554       3       ui.views.waveform.f.s::setRowHeight (67 bytes)
Event: 123.638 Thread 0x000001e4e8899000 nmethod 16554 0x000001e4f2a43810 code [0x000001e4f2a43a20, 0x000001e4f2a442a0]
Event: 123.638 Thread 0x000001e4e8899000 16555       3       com.jidesoft.grid.JideTable::setRowHeight (236 bytes)
Event: 123.639 Thread 0x000001e4e8899000 nmethod 16555 0x000001e4f2a44590 code [0x000001e4f2a448c0, 0x000001e4f2a46480]

GC Heap History (10 events):
Event: 120.693 GC heap before
{Heap before GC invocations=48 (full 4):
 garbage-first heap   total 187392K, used 129976K [0x0000000700000000, 0x00000007001005b8, 0x00000007c0000000)
  region size 1024K, 60 young (61440K), 2 survivors (2048K)
 Metaspace       used 77604K, capacity 83069K, committed 83248K, reserved 1120256K
  class space    used 10818K, capacity 11797K, committed 11824K, reserved 1048576K
}
Event: 120.695 GC heap after
{Heap after GC invocations=49 (full 4):
 garbage-first heap   total 187392K, used 70496K [0x0000000700000000, 0x00000007001005b8, 0x00000007c0000000)
  region size 1024K, 1 young (1024K), 1 survivors (1024K)
 Metaspace       used 77604K, capacity 83069K, committed 83248K, reserved 1120256K
  class space    used 10818K, capacity 11797K, committed 11824K, reserved 1048576K
}
Event: 121.444 GC heap before
{Heap before GC invocations=49 (full 4):
 garbage-first heap   total 187392K, used 130912K [0x0000000700000000, 0x00000007001005b8, 0x00000007c0000000)
  region size 1024K, 60 young (61440K), 1 survivors (1024K)
 Metaspace       used 77701K, capacity 83151K, committed 83248K, reserved 1120256K
  class space    used 10823K, capacity 11802K, committed 11824K, reserved 1048576K
}
Event: 121.445 GC heap after
{Heap after GC invocations=50 (full 4):
 garbage-first heap   total 187392K, used 70523K [0x0000000700000000, 0x00000007001005b8, 0x00000007c0000000)
  region size 1024K, 1 young (1024K), 1 survivors (1024K)
 Metaspace       used 77701K, capacity 83151K, committed 83248K, reserved 1120256K
  class space    used 10823K, capacity 11802K, committed 11824K, reserved 1048576K
}
Event: 121.485 GC heap before
{Heap before GC invocations=50 (full 4):
 garbage-first heap   total 187392K, used 94075K [0x0000000700000000, 0x00000007001005b8, 0x00000007c0000000)
  region size 1024K, 22 young (22528K), 1 survivors (1024K)
 Metaspace       used 77732K, capacity 83151K, committed 83248K, reserved 1120256K
  class space    used 10823K, capacity 11802K, committed 11824K, reserved 1048576K
}
Event: 121.596 GC heap after
{Heap after GC invocations=51 (full 5):
 garbage-first heap   total 187392K, used 69684K [0x0000000700000000, 0x00000007001005b8, 0x00000007c0000000)
  region size 1024K, 0 young (0K), 0 survivors (0K)
 Metaspace       used 77732K, capacity 83151K, committed 83248K, reserved 1120256K
  class space    used 10823K, capacity 11802K, committed 11824K, reserved 1048576K
}
Event: 121.715 GC heap before
{Heap before GC invocations=51 (full 5):
 garbage-first heap   total 187392K, used 131124K [0x0000000700000000, 0x00000007001005b8, 0x00000007c0000000)
  region size 1024K, 60 young (61440K), 0 survivors (0K)
 Metaspace       used 77756K, capacity 83215K, committed 83248K, reserved 1120256K
  class space    used 10823K, capacity 11802K, committed 11824K, reserved 1048576K
}
Event: 121.716 GC heap after
{Heap after GC invocations=52 (full 5):
 garbage-first heap   total 187392K, used 69958K [0x0000000700000000, 0x00000007001005b8, 0x00000007c0000000)
  region size 1024K, 1 young (1024K), 1 survivors (1024K)
 Metaspace       used 77756K, capacity 83215K, committed 83248K, reserved 1120256K
  class space    used 10823K, capacity 11802K, committed 11824K, reserved 1048576K
}
Event: 121.864 GC heap before
{Heap before GC invocations=52 (full 5):
 garbage-first heap   total 187392K, used 130374K [0x0000000700000000, 0x00000007001005b8, 0x00000007c0000000)
  region size 1024K, 60 young (61440K), 1 survivors (1024K)
 Metaspace       used 77774K, capacity 83215K, committed 83248K, reserved 1120256K
  class space    used 10823K, capacity 11802K, committed 11824K, reserved 1048576K
}
Event: 121.865 GC heap after
{Heap after GC invocations=53 (full 5):
 garbage-first heap   total 187392K, used 69976K [0x0000000700000000, 0x00000007001005b8, 0x00000007c0000000)
  region size 1024K, 1 young (1024K), 1 survivors (1024K)
 Metaspace       used 77774K, capacity 83215K, committed 83248K, reserved 1120256K
  class space    used 10823K, capacity 11802K, committed 11824K, reserved 1048576K
}

Deoptimization events (10 events):
Event: 121.795 Thread 0x000001e4e4588800 Uncommon trap: reason=unstable_if action=reinterpret pc=0x000001e4f83f0eec method=java.awt.EventQueue.removeSourceEvents(Ljava/lang/Object;Z)V @ 99 c2
Event: 121.795 Thread 0x000001e4e4588800 Uncommon trap: reason=unstable_if action=reinterpret pc=0x000001e4f8289f40 method=java.awt.DefaultKeyboardFocusManager.discardKeyEvents(Ljava/awt/Component;)V @ 50 c2
Event: 121.822 Thread 0x000001e4e4588800 Uncommon trap: reason=class_check action=maybe_recompile pc=0x000001e4f83d8790 method=sun.java2d.SunGraphics2D.setComposite(Ljava/awt/Composite;)V @ 10 c2
Event: 121.880 Thread 0x000001e4e4588800 Uncommon trap: reason=class_check action=maybe_recompile pc=0x000001e4f83d8790 method=sun.java2d.SunGraphics2D.setComposite(Ljava/awt/Composite;)V @ 10 c2
Event: 121.933 Thread 0x000001e4e4588800 Uncommon trap: reason=class_check action=maybe_recompile pc=0x000001e4f83d8790 method=sun.java2d.SunGraphics2D.setComposite(Ljava/awt/Composite;)V @ 10 c2
Event: 122.358 Thread 0x000001e4e4588800 Uncommon trap: reason=class_check action=maybe_recompile pc=0x000001e4f7e84a3c method=java.awt.Component.addNotify()V @ 200 c2
Event: 122.359 Thread 0x000001e4e4588800 Uncommon trap: reason=speculate_class_check action=maybe_recompile pc=0x000001e4f83aa234 method=java.awt.Component.reshape(IIII)V @ 222 c2
Event: 122.360 Thread 0x000001e4e4588800 Uncommon trap: reason=speculate_class_check action=maybe_recompile pc=0x000001e4f83aa234 method=java.awt.Component.reshape(IIII)V @ 222 c2
Event: 122.369 Thread 0x000001e4e4588800 Uncommon trap: reason=speculate_class_check action=maybe_recompile pc=0x000001e4f837a9e4 method=java.awt.DefaultKeyboardFocusManager.dispatchEvent(Ljava/awt/AWTEvent;)Z @ 1467 c2
Event: 122.380 Thread 0x000001e4e4588800 Uncommon trap: reason=unstable_if action=reinterpret pc=0x000001e4f891817c method=javax.swing.AbstractButton.setEnabled(Z)V @ 13 c2

Classes redefined (0 events):
No events

Internal exceptions (10 events):
Event: 120.685 Thread 0x000001e4e4588800 Exception <a 'java/lang/NoSuchMethodError'{0x0000000707eaf878}: method resolution failed> (0x0000000707eaf878) thrown at [t:/workspace/hotspot/src/share/vm/prims/methodHandles.cpp, line 1256]
Event: 120.685 Thread 0x000001e4e4588800 Exception <a 'java/lang/NoSuchMethodError'{0x0000000707eb36c0}: java.lang.invoke.DelegatingMethodHandle$Holder.reinvoke_L(Ljava/lang/Object;Ljava/lang/Object;IILjava/lang/Object;Ljava/lang/Object;ILjava/lang/Object;II)Ljava/lang/Object;> (0x0000000707eb36
Event: 120.686 Thread 0x000001e4e4588800 Exception <a 'java/lang/NoSuchMethodError'{0x0000000707d1eff8}: java.lang.invoke.DirectMethodHandle$Holder.invokeSpecial(Ljava/lang/Object;Ljava/lang/Object;IIILjava/lang/Object;Ljava/lang/Object;ILjava/lang/Object;II)Ljava/lang/Object;> (0x0000000707d1ef
Event: 120.687 Thread 0x000001e4e4588800 Exception <a 'java/lang/NoSuchMethodError'{0x0000000707d22830}: java.lang.invoke.DelegatingMethodHandle$Holder.reinvoke_L(Ljava/lang/Object;IIILjava/lang/Object;Ljava/lang/Object;ILjava/lang/Object;II)Ljava/lang/Object;> (0x0000000707d22830) thrown at [t:
Event: 120.687 Thread 0x000001e4e4588800 Exception <a 'java/lang/NoSuchMethodError'{0x0000000707d403e0}: method resolution failed> (0x0000000707d403e0) thrown at [t:/workspace/hotspot/src/share/vm/prims/methodHandles.cpp, line 1256]
Event: 120.709 Thread 0x000001e4e4588800 Exception <a 'java/lang/NoSuchMethodError'{0x000000070b62f300}: java.lang.invoke.DirectMethodHandle$Holder.invokeSpecial(Ljava/lang/Object;Ljava/lang/Object;ILjava/lang/Object;)V> (0x000000070b62f300) thrown at [t:/workspace/hotspot/src/share/vm/interpret
Event: 120.710 Thread 0x000001e4e4588800 Exception <a 'java/lang/NoSuchMethodError'{0x000000070b634bc8}: java.lang.invoke.DirectMethodHandle$Holder.invokeStatic(Ljava/lang/Object;Ljava/lang/Object;ILjava/lang/Object;)Ljava/lang/Object;> (0x000000070b634bc8) thrown at [t:/workspace/hotspot/src/sh
Event: 121.073 Thread 0x000001e4e4588800 Exception <a 'java/lang/NoSuchMethodError'{0x000000070ac11380}: method resolution failed> (0x000000070ac11380) thrown at [t:/workspace/hotspot/src/share/vm/prims/methodHandles.cpp, line 1256]
Event: 121.445 Thread 0x000001e4e4588800 Implicit null exception at 0x000001e4f7ed22b2 to 0x000001e4f7ed2711
Event: 121.596 Thread 0x000001e48e683800 Implicit null exception at 0x000001e4f87d9924 to 0x000001e4f87db7e5

Events (10 events):
Event: 122.379 loading class com/jidesoft/grid/TableUtils$ColumnSelectionRow done
Event: 122.380 Thread 0x000001e4e4588800 Uncommon trap: trap_request=0xffffff5d fr.pc=0x000001e4f891817c relative=0x000000000000021c
Event: 122.380 Thread 0x000001e4e4588800 DEOPT PACKING pc=0x000001e4f891817c sp=0x0000007a198f6850
Event: 122.380 Thread 0x000001e4e4588800 DEOPT UNPACKING pc=0x000001e4f01fda29 sp=0x0000007a198f67a8 mode 2
Event: 122.822 Thread 0x000001e48e683000 Thread added: 0x000001e48e683000
Event: 122.824 Executing VM operation: RevokeBias
Event: 122.825 Executing VM operation: RevokeBias done
Event: 122.825 Thread 0x000001e48e683000 Thread exited: 0x000001e48e683000
Event: 122.951 Thread 0x000001e48e67f000 Thread added: 0x000001e48e67f000
Event: 122.954 Thread 0x000001e48e67f000 Thread exited: 0x000001e48e67f000


Dynamic libraries:
0x00007ff79d930000 - 0x00007ff79d960000 	C:\Xilinx\Vivado\2019.1\bin\unwrapped\win64.o\vivado.exe
0x00007ffed7650000 - 0x00007ffed7848000 	C:\WINDOWS\SYSTEM32\ntdll.dll
0x00007ffed5e00000 - 0x00007ffed5ec2000 	C:\WINDOWS\System32\KERNEL32.DLL
0x00007ffed51c0000 - 0x00007ffed54be000 	C:\WINDOWS\System32\KERNELBASE.dll
0x00007ffed54c0000 - 0x00007ffed55c0000 	C:\WINDOWS\System32\ucrtbase.dll
0x00007ffe8d980000 - 0x00007ffe8da0d000 	C:\WINDOWS\SYSTEM32\MSVCP140.dll
0x00007ffe890c0000 - 0x00007ffe89fa2000 	C:\Xilinx\Vivado\2019.1\lib\win64.o\librdi_common.dll
0x00007ffebe240000 - 0x00007ffebe254000 	C:\Xilinx\Vivado\2019.1\lib\win64.o\libboost_signals.dll
0x00007ffeb50c0000 - 0x00007ffeb50dd000 	C:\WINDOWS\SYSTEM32\VCRUNTIME140.dll
0x00007ffecde20000 - 0x00007ffecde34000 	C:\Xilinx\Vivado\2019.1\lib\win64.o\librdi_commonmain.dll
0x00007ffed67e0000 - 0x00007ffed697d000 	C:\WINDOWS\System32\USER32.dll
0x00007ffed4f40000 - 0x00007ffed4f62000 	C:\WINDOWS\System32\win32u.dll
0x00007ffeb4c30000 - 0x00007ffeb4c3c000 	C:\WINDOWS\SYSTEM32\VCRUNTIME140_1.dll
0x00007ffed5c30000 - 0x00007ffed5c5b000 	C:\WINDOWS\System32\GDI32.dll
0x00007ffed4d90000 - 0x00007ffed4ea7000 	C:\WINDOWS\System32\gdi32full.dll
0x00007ffed4cf0000 - 0x00007ffed4d8d000 	C:\WINDOWS\System32\msvcp_win.dll
0x00007ffe8b6a0000 - 0x00007ffe8ba0e000 	C:\Xilinx\Vivado\2019.1\lib\win64.o\libCOIN-all.dll
0x00007ffebe330000 - 0x00007ffebe344000 	C:\Xilinx\Vivado\2019.1\lib\win64.o\libboost_date_time.dll
0x00007ffed65d0000 - 0x00007ffed6682000 	C:\WINDOWS\System32\ADVAPI32.dll
0x00007ffed6530000 - 0x00007ffed65ce000 	C:\WINDOWS\System32\msvcrt.dll
0x00007ffec4990000 - 0x00007ffec49b6000 	C:\Xilinx\Vivado\2019.1\lib\win64.o\libboost_filesystem.dll
0x00007ffed6740000 - 0x00007ffed67e0000 	C:\WINDOWS\System32\sechost.dll
0x00007ffead430000 - 0x00007ffead544000 	C:\Xilinx\Vivado\2019.1\lib\win64.o\libboost_regex.dll
0x00007ffeb9a10000 - 0x00007ffeb9a8f000 	C:\Xilinx\Vivado\2019.1\lib\win64.o\libboost_program_options.dll
0x00007ffed6190000 - 0x00007ffed62b3000 	C:\WINDOWS\System32\RPCRT4.dll
0x00007ffed4fe0000 - 0x00007ffed5007000 	C:\WINDOWS\System32\bcrypt.dll
0x00007ffec4950000 - 0x00007ffec495b000 	C:\Xilinx\Vivado\2019.1\lib\win64.o\libboost_system.dll
0x00007ffed6980000 - 0x00007ffed70ef000 	C:\WINDOWS\System32\SHELL32.dll
0x00007ffeb6ee0000 - 0x00007ffeb6f01000 	C:\Xilinx\Vivado\2019.1\lib\win64.o\libboost_thread.dll
0x00007ffec4510000 - 0x00007ffec451f000 	C:\Xilinx\Vivado\2019.1\lib\win64.o\libboost_xilinx.dll
0x00007ffeb1be0000 - 0x00007ffeb1c62000 	C:\Xilinx\Vivado\2019.1\lib\win64.o\libhdlpsolve.dll
0x00007ffeac820000 - 0x00007ffeac8c5000 	C:\Xilinx\Vivado\2019.1\lib\win64.o\libhdxml.dll
0x00007ffe86590000 - 0x00007ffe8713f400 	C:\Xilinx\Vivado\2019.1\lib\win64.o\libisl_iostreams.dll
0x00007ffeb5140000 - 0x00007ffeb516e000 	C:\Xilinx\Vivado\2019.1\lib\win64.o\libisl_sysinfo.dll
0x00007ffed5ff0000 - 0x00007ffed605b000 	C:\WINDOWS\System32\WS2_32.dll
0x00007ffeaf2c0000 - 0x00007ffeaf325000 	C:\Xilinx\Vivado\2019.1\lib\win64.o\liblmx6.0.dll
0x00007ffebaa70000 - 0x00007ffebaa8a000 	C:\Xilinx\Vivado\2019.1\lib\win64.o\pthreadVC2.dll
0x00007ffeac130000 - 0x00007ffeac251000 	C:\Xilinx\Vivado\2019.1\lib\win64.o\librdi_commonxillic.dll
0x00007ffeb6f40000 - 0x00007ffeb6f5c000 	C:\Xilinx\Vivado\2019.1\lib\win64.o\librdiconfig.dll
0x000000006ca10000 - 0x000000006cb3b000 	C:\Xilinx\Vivado\2019.1\lib\win64.o\tcl85t.dll
0x00007ffec4960000 - 0x00007ffec4981000 	C:\Xilinx\Vivado\2019.1\lib\win64.o\librdizlib.dll
0x0000000012000000 - 0x0000000012270000 	C:\Xilinx\Vivado\2019.1\lib\win64.o\xerces-c_3_1.dll
0x00007ffece350000 - 0x00007ffece35a000 	C:\Xilinx\Vivado\2019.1\lib\win64.o\librdi_commonversion.dll
0x00007ffec5070000 - 0x00007ffec5089000 	C:\WINDOWS\SYSTEM32\NETAPI32.dll
0x00007ffec5ca0000 - 0x00007ffec6178000 	C:\WINDOWS\SYSTEM32\WININET.dll
0x00007ffecf370000 - 0x00007ffecf47d000 	C:\WINDOWS\SYSTEM32\WINHTTP.dll
0x00007ffec51d0000 - 0x00007ffec53bc000 	C:\WINDOWS\SYSTEM32\urlmon.dll
0x00007ffe89010000 - 0x00007ffe89019000 	C:\WINDOWS\SYSTEM32\WSOCK32.dll
0x00007ffec2e50000 - 0x00007ffec2e5d000 	C:\Xilinx\Vivado\2019.1\lib\win64.o\libboost_chrono.dll
0x00007ffe856f0000 - 0x00007ffe86581000 	C:\Xilinx\Vivado\2019.1\lib\win64.o\gurobi65.dll
0x00007ffeb45b0000 - 0x00007ffeb45e2000 	C:\WINDOWS\SYSTEM32\VCOMP140.DLL
0x00007ffeb1b40000 - 0x00007ffeb1b5b000 	C:\Xilinx\Vivado\2019.1\lib\win64.o\libboost_iostreams.dll
0x00007ffeb1e70000 - 0x00007ffeb1e95000 	C:\Xilinx\Vivado\2019.1\lib\win64.o\libisl_iosutils.dll
0x00007ffe8b050000 - 0x00007ffe8b328000 	C:\Xilinx\Vivado\2019.1\lib\win64.o\libXil_lmgr11.dll
0x00007ffec4cf0000 - 0x00007ffec4fae000 	C:\WINDOWS\SYSTEM32\iertutil.dll
0x00007ffed5d20000 - 0x00007ffed5dfa000 	C:\WINDOWS\System32\COMDLG32.dll
0x00007ffed72a0000 - 0x00007ffed75f3000 	C:\WINDOWS\System32\combase.dll
0x00007ffed6690000 - 0x00007ffed673d000 	C:\WINDOWS\System32\shcore.dll
0x00007ffed41a0000 - 0x00007ffed41ac000 	C:\WINDOWS\SYSTEM32\netutils.dll
0x00007ffec5040000 - 0x00007ffec5068000 	C:\WINDOWS\SYSTEM32\srvcli.dll
0x00007ffed6130000 - 0x00007ffed6185000 	C:\WINDOWS\System32\SHLWAPI.dll
0x00007ffed63f0000 - 0x00007ffed64bd000 	C:\WINDOWS\System32\OLEAUT32.dll
0x00007ffed62c0000 - 0x00007ffed63eb000 	C:\WINDOWS\System32\ole32.dll
0x00007ffe88f20000 - 0x00007ffe88fd0000 	C:\WINDOWS\WinSxS\amd64_microsoft.windows.common-controls_6595b64144ccf1df_5.82.19041.4355_none_792ecafd2442822f\COMCTL32.dll
0x00007ffed4f70000 - 0x00007ffed4fd9000 	C:\WINDOWS\System32\WINTRUST.dll
0x00007ffed5010000 - 0x00007ffed516c000 	C:\WINDOWS\System32\CRYPT32.dll
0x00007ffecfe60000 - 0x00007ffecfe7d000 	C:\WINDOWS\SYSTEM32\dhcpcsvc.DLL
0x00007ffed6060000 - 0x00007ffed608f000 	C:\WINDOWS\System32\IMM32.DLL
0x00007ffed47e0000 - 0x00007ffed47f2000 	C:\WINDOWS\SYSTEM32\MSASN1.dll
0x00007ffed2b90000 - 0x00007ffed2ba2000 	C:\WINDOWS\SYSTEM32\kernel.appcore.dll
0x00007ffe851d0000 - 0x00007ffe856e7000 	C:\Xilinx\Vivado\2019.1\lib\win64.o\librdi_commontasks.dll
0x00007ffecd570000 - 0x00007ffecd57a000 	C:\WINDOWS\SYSTEM32\VERSION.dll
0x00007ffeac4a0000 - 0x00007ffeac726000 	C:\Xilinx\Vivado\2019.1\lib\win64.o\librdi_sio.dll
0x00007ffed4090000 - 0x00007ffed40cb000 	C:\WINDOWS\SYSTEM32\IPHLPAPI.DLL
0x000000006bfe0000 - 0x000000006ca05000 	C:\Xilinx\Vivado\2019.1\tps\win64\jre9.0.4\bin\server\jvm.dll
0x00007ffed6120000 - 0x00007ffed6128000 	C:\WINDOWS\System32\PSAPI.DLL
0x00007ffec7680000 - 0x00007ffec76a7000 	C:\WINDOWS\SYSTEM32\WINMM.dll
0x00007ffed43b0000 - 0x00007ffed441a000 	C:\WINDOWS\SYSTEM32\MSWSOCK.DLL
0x00007ffeb19c0000 - 0x00007ffeb1aaf000 	C:\Xilinx\Vivado\2019.1\tps\win64\jre9.0.4\bin\MSVCR120.dll
0x00007ffed2d90000 - 0x00007ffed3534000 	C:\WINDOWS\SYSTEM32\windows.storage.dll
0x00007ffed4650000 - 0x00007ffed467e000 	C:\WINDOWS\SYSTEM32\Wldp.dll
0x00007ffe82d10000 - 0x00007ffe851cc000 	C:\Xilinx\Vivado\2019.1\lib\win64.o\librdi_tcltasks.dll
0x00007ffeaeb10000 - 0x00007ffeaeb88000 	C:\Xilinx\Vivado\2019.1\lib\win64.o\librdi_boarddep.dll
0x00007ffe8a450000 - 0x00007ffe8a53b000 	C:\Xilinx\Vivado\2019.1\lib\win64.o\librdi_chipscope.dll
0x00007ffead550000 - 0x00007ffead6e1000 	C:\Xilinx\Vivado\2019.1\lib\win64.o\librdi_board.dll
0x00007ffe8ac40000 - 0x00007ffe8b048000 	C:\Xilinx\Vivado\2019.1\lib\win64.o\librdi_bitstream.dll
0x00007ffe8a290000 - 0x00007ffe8a44d000 	C:\Xilinx\Vivado\2019.1\lib\win64.o\librdi_chipscopeimpl.dll
0x00007ffe88250000 - 0x00007ffe883a6000 	C:\Xilinx\Vivado\2019.1\lib\win64.o\librdi_containers.dll
0x00007ffe81320000 - 0x00007ffe82d0a000 	C:\Xilinx\Vivado\2019.1\lib\win64.o\librdi_constraints.dll
0x00007ffe7ed80000 - 0x00007ffe7f45a000 	C:\Xilinx\Vivado\2019.1\lib\win64.o\librdi_coregenipxact.dll
0x00007ffe7f460000 - 0x00007ffe81311000 	C:\Xilinx\Vivado\2019.1\lib\win64.o\librdi_coregen.dll
0x00007ffe7ad30000 - 0x00007ffe7ed73000 	C:\Xilinx\Vivado\2019.1\lib\win64.o\librdi_designutils.dll
0x00007ffe685e0000 - 0x00007ffe688fe000 	C:\Xilinx\Vivado\2019.1\lib\win64.o\librdi_dlyest.dll
0x00007ffe68040000 - 0x00007ffe685da000 	C:\Xilinx\Vivado\2019.1\lib\win64.o\librdi_drc.dll
0x00007ffe8b5d0000 - 0x00007ffe8b694000 	C:\Xilinx\Vivado\2019.1\lib\win64.o\librdi_dsp.dll
0x00007ffe679f0000 - 0x00007ffe6803d000 	C:\Xilinx\Vivado\2019.1\lib\win64.o\librdi_filemgmt.dll
0x00007ffe67700000 - 0x00007ffe679e3000 	C:\Xilinx\Vivado\2019.1\lib\win64.o\librdi_guitools.dll
0x00007ffe68900000 - 0x00007ffe7ad2c000 	C:\Xilinx\Vivado\2019.1\lib\win64.o\librdi_device.dll
0x00007ffeb1950000 - 0x00007ffeb19b5000 	C:\Xilinx\Vivado\2019.1\lib\win64.o\librdi_hdf.dll
0x00007ffe65b20000 - 0x00007ffe66135000 	C:\Xilinx\Vivado\2019.1\lib\win64.o\librdi_memdata.dll
0x00007ffe66140000 - 0x00007ffe67700000 	C:\Xilinx\Vivado\2019.1\lib\win64.o\librdi_implflow.dll
0x00007ffeadf80000 - 0x00007ffeadff3000 	C:\Xilinx\Vivado\2019.1\lib\win64.o\librdi_memoryarray.dll
0x00007ffead3e0000 - 0x00007ffead42b000 	C:\Xilinx\Vivado\2019.1\lib\win64.o\librdi_pfi.dll
0x00007ffe62780000 - 0x00007ffe62e22000 	C:\Xilinx\Vivado\2019.1\lib\win64.o\librdi_netlist.dll
0x00007ffe5fdf0000 - 0x00007ffe600ff000 	C:\Xilinx\Vivado\2019.1\lib\win64.o\librdi_platform.dll
0x00007ffe5f6a0000 - 0x00007ffe5fdea000 	C:\Xilinx\Vivado\2019.1\lib\win64.o\librdi_power.dll
0x00007ffe60100000 - 0x00007ffe62776000 	C:\Xilinx\Vivado\2019.1\lib\win64.o\librdi_place.dll
0x00007ffe5f120000 - 0x00007ffe5f69f000 	C:\Xilinx\Vivado\2019.1\lib\win64.o\librdi_project.dll
0x00007ffe5ea10000 - 0x00007ffe5f119000 	C:\Xilinx\Vivado\2019.1\lib\win64.o\librdi_psta.dll
0x00007ffe62e30000 - 0x00007ffe65b16000 	C:\Xilinx\Vivado\2019.1\lib\win64.o\librdi_mig.dll
0x00007ffe5df00000 - 0x00007ffe5e2f1000 	C:\Xilinx\Vivado\2019.1\lib\win64.o\librdi_runs.dll
0x00007ffe5e300000 - 0x00007ffe5ea06000 	C:\Xilinx\Vivado\2019.1\lib\win64.o\librdi_rsb.dll
0x00007ffe5de00000 - 0x00007ffe5defa000 	C:\Xilinx\Vivado\2019.1\lib\win64.o\librdi_runsbase.dll
0x00007ffe5dba0000 - 0x00007ffe5ddf6000 	C:\Xilinx\Vivado\2019.1\lib\win64.o\librdi_simdata.dll
0x00007ffe5cd80000 - 0x00007ffe5db91000 	C:\Xilinx\Vivado\2019.1\lib\win64.o\librdi_timing.dll
0x00007ffe5cc00000 - 0x00007ffe5cd72000 	C:\Xilinx\Vivado\2019.1\lib\win64.o\librdi_advchipscopeimpl.dll
0x00007ffeace40000 - 0x00007ffeace8c000 	C:\Xilinx\Vivado\2019.1\lib\win64.o\libboost_serialization.dll
0x00007ffe8a1c0000 - 0x00007ffe8a282000 	C:\Xilinx\Vivado\2019.1\lib\win64.o\librdi_ipconfig_readwrite.dll
0x00007ffe5ca60000 - 0x00007ffe5cbff000 	C:\Xilinx\Vivado\2019.1\lib\win64.o\librdi_hip_devdesign.dll
0x00007ffeac450000 - 0x00007ffeac493000 	C:\Xilinx\Vivado\2019.1\lib\win64.o\librdi_noc_frameworks.dll
0x00007ffe5bb20000 - 0x00007ffe5bf05000 	C:\Xilinx\Vivado\2019.1\lib\win64.o\librdi_hip_config.dll
0x00007ffe5b5d0000 - 0x00007ffe5bb1e000 	C:\Xilinx\Vivado\2019.1\lib\win64.o\librdi_xdm.dll
0x00007ffe5bf10000 - 0x00007ffe5ca57000 	C:\Xilinx\Vivado\2019.1\lib\win64.o\libverific.dll
0x00007ffe89020000 - 0x00007ffe890be000 	C:\Xilinx\Vivado\2019.1\lib\win64.o\libise.dll
0x00007ffeae050000 - 0x00007ffeae090000 	C:\Xilinx\Vivado\2019.1\lib\win64.o\librdi_wavedata_SimpleApi.dll
0x00007ffe5afd0000 - 0x00007ffe5b5cc000 	C:\Xilinx\Vivado\2019.1\lib\win64.o\librdi_wavedata.dll
0x00007ffeac7e0000 - 0x00007ffeac81f000 	C:\Xilinx\Vivado\2019.1\lib\win64.o\librdi_schedmon.dll
0x00007ffe59be0000 - 0x00007ffe59e39000 	C:\Xilinx\Vivado\2019.1\lib\win64.o\librdi_hsm.dll

VM Arguments:
jvm_args: -Dsun.java2d.pmoffscreen=false -Dsun.java2d.xrender=false -Dsun.java2d.d3d=false -Dsun.awt.nopixfmt=true -Dsun.java2d.dpiaware=true -Dsun.java2d.uiScale.enabled=false -Xverify:none -Dswing.aatext=true -XX:-UsePerfData -Djdk.map.althashing.threshold=512 -XX:StringTableSize=4072 --add-opens=java.base/java.nio=ALL-UNNAMED --add-opens=java.desktop/sun.swing=ALL-UNNAMED --add-opens=java.desktop/javax.swing=ALL-UNNAMED --add-opens=java.desktop/javax.swing.tree=ALL-UNNAMED --add-opens=java.desktop/javax.swing.plaf.basic=ALL-UNNAMED --add-opens=java.desktop/javax.swing.plaf.synth=ALL-UNNAMED --add-opens=java.desktop/com.sun.awt=ALL-UNNAMED -XX:NewSize=60m -XX:MaxNewSize=60m -Xms128m -Xmx3072m -Xss5m 
java_command: <unknown>
java_class_path (initial): C:/Xilinx/Vivado/2019.1\lib\classes\alloy.jar;C:/Xilinx/Vivado/2019.1\lib\classes\autopilot.scelaborator.jar;C:/Xilinx/Vivado/2019.1\lib\classes\autopilot.sourceprocessor.jar;C:/Xilinx/Vivado/2019.1\lib\classes\autopilot.tbprocessor.jar;C:/Xilinx/Vivado/2019.1\lib\classes\batik-anim.jar;C:/Xilinx/Vivado/2019.1\lib\classes\batik-awt-util.jar;C:/Xilinx/Vivado/2019.1\lib\classes\batik-bridge.jar;C:/Xilinx/Vivado/2019.1\lib\classes\batik-codec.jar;C:/Xilinx/Vivado/2019.1\lib\classes\batik-css.jar;C:/Xilinx/Vivado/2019.1\lib\classes\batik-dom.jar;C:/Xilinx/Vivado/2019.1\lib\classes\batik-ext.jar;C:/Xilinx/Vivado/2019.1\lib\classes\batik-gui-util.jar;C:/Xilinx/Vivado/2019.1\lib\classes\batik-gvt.jar;C:/Xilinx/Vivado/2019.1\lib\classes\batik-parser.jar;C:/Xilinx/Vivado/2019.1\lib\classes\batik-script.jar;C:/Xilinx/Vivado/2019.1\lib\classes\batik-svg-dom.jar;C:/Xilinx/Vivado/2019.1\lib\classes\batik-swing.jar;C:/Xilinx/Vivado/2019.1\lib\classes\batik-transcoder.jar;C:/Xilinx/Vivado/2019.1\lib\classes\batik-util.jar;C:/Xilinx/Vivado/2019.1\lib\classes\batik-xml.jar;C:/Xilinx/Vivado/2019.1\lib\classes\com.google.gson_2.7.0.v20170129-0911.jar;C:/Xilinx/Vivado/2019.1\lib\classes\com.google.guava_21.0.0.v20170206-1425.jar;C:/Xilinx/Vivado/2019.1\lib\classes\com.google.inject_3.0.0.v201605172100.jar;C:/Xilinx/Vivado/2019.1\lib\classes\com.ibm.icu_4.4.2.v20110208.jar;C:/Xilinx/Vivado/2019.1\lib\classes\com.sigasi.hdt.annotations.runtime_4.3.0.201903071210.jar;C:/Xilinx/Vivado/2019.1\lib\classes\com.sigasi.hdt.blockdiagram.model_4.3.0.201903071210.jar;C:/Xilinx/Vivado/2019.1\lib\classes\com.sigasi.hdt.connection_4.3.0.201903071210.jar;C:/Xilinx/Vivado/2019.1\lib\classes\com.sigasi.hdt.dependencies.model_4.3.0.201903071210.jar;C:/Xilinx/Vivado/2019.1\lib\classes\com.sigasi.hdt.epl_4.3.0.201903071210.jar;C:/Xilinx/Vivado/2019.1\lib\classes\com.sigasi.hdt.graphics.model_4.3.0.201903071210.jar;C:/Xilinx/Vivado/2019.1\lib\classes\com.sigasi.hdt.project_4.3.0
Launcher Type: generic

Logging:
Log output configuration:
#0: stdout all=warning uptime,level,tags
#1: stderr all=off uptime,level,tags

Environment Variables:
PATH=C:/Xilinx/Vivado/2019.1/bin;C:/Xilinx/Vivado/2019.1/lib/win64.o;C:/Xilinx/Vivado/2019.1/tps/win64/jre9.0.4/bin/server;C:/Xilinx/Vivado/2019.1/tps/win64/jre9.0.4/bin;C:/Xilinx/SDK/2019.1/bin;C:/Xilinx/Vivado/2019.1/ids_lite/ISE/bin/nt64;C:/Xilinx/Vivado/2019.1/ids_lite/ISE/lib/nt64;C:\WINDOWS\system32;C:\WINDOWS;C:\WINDOWS\System32\Wbem;C:\WINDOWS\System32\WindowsPowerShell\v1.0\;C:\WINDOWS\System32\OpenSSH\;C:\Program Files\Git\cmd;C:\Users\sjh00\AppData\Local\Programs\Python\Python39;C:\Users\sjh00\AppData\Local\Programs\Python\Python39\Scripts;C:\Program Files\MATLAB\R2024b\bin;C:\Users\sjh00\AppData\Local\Microsoft\WindowsApps;D:\Microsoft VS Code\bin;;C:/Xilinx/Vivado/2019.1\tps\mingw\6.2.0\win64.o\nt\bin;C:/Xilinx/Vivado/2019.1\tps\mingw\6.2.0\win64.o\nt\libexec\gcc\x86_64-w64-mingw32\6.2.0;C:/Xilinx/Vivado/2019.1\tps\win64\python-2.7.5;C:/Xilinx/Vivado/2019.1\tps\win64\python-2.7.5\lib;C:/Xilinx/Vivado/2019.1\tps\win64\python-2.7.5\Lib\lib-tk;C:/Xilinx/Vivado/2019.1\tps\win64\python-2.7.5\lib\site-packages
USERNAME=sjh00
OS=Windows_NT
PROCESSOR_IDENTIFIER=AMD64 Family 25 Model 33 Stepping 0, AuthenticAMD



---------------  S Y S T E M  ---------------

OS: Windows 10 , 64 bit Build 19041 (10.0.19041.4957)

CPU:total 12 (initial active 12) (12 cores per cpu, 1 threads per core) family 25 model 33 stepping 0, cmov, cx8, fxsr, mmx, sse, sse2, sse3, ssse3, sse4.1, sse4.2, popcnt, avx, avx2, aes, clmul, erms, mmxext, 3dnowpref, lzcnt, sse4a, tsc, tscinvbit, tscinv, bmi1

Memory: 4k page, physical 16702292k(3051836k free), swap 28352888k(5634916k free)

vm_info: Java HotSpot(TM) 64-Bit Server VM (9.0.4+11) for windows-amd64 JRE (9.0.4+11), built on Dec 20 2017 02:18:54 by "mach5one" with MS VC++ 12.0 (VS2013)

END.
