#
# A fatal error has been detected by the Java Runtime Environment:
#
#  EXCEPTION_ACCESS_VIOLATION (0xc0000005) at pc=0x00007ffd4e433370, pid=13292, tid=6132
#
# JRE version: Java(TM) SE Runtime Environment (9.0+11) (build 9.0.4+11)
# Java VM: Java HotSpot(TM) 64-Bit Server VM (9.0.4+11, mixed mode, tiered, compressed oops, g1 gc, windows-amd64)
# Problematic frame:
# C  [librdi_wavedata.dll+0x453370]
#
# No core dump will be written. Minidumps are not enabled by default on client versions of Windows
#
# If you would like to submit a bug report, please visit:
#   http://bugreport.java.com/bugreport/crash.jsp
# The crash happened outside the Java Virtual Machine in native code.
# See problematic frame for where to report the bug.
#

---------------  S U M M A R Y ------------

Command Line: -Dsun.java2d.pmoffscreen=false -Dsun.java2d.xrender=false -Dsun.java2d.d3d=false -Dsun.awt.nopixfmt=true -Dsun.java2d.dpiaware=true -Dsun.java2d.uiScale.enabled=false -Xverify:none -Dswing.aatext=true -XX:-UsePerfData -Djdk.map.althashing.threshold=512 -XX:StringTableSize=4072 --add-opens=java.base/java.nio=ALL-UNNAMED --add-opens=java.desktop/sun.swing=ALL-UNNAMED --add-opens=java.desktop/javax.swing=ALL-UNNAMED --add-opens=java.desktop/javax.swing.tree=ALL-UNNAMED --add-opens=java.desktop/javax.swing.plaf.basic=ALL-UNNAMED --add-opens=java.desktop/javax.swing.plaf.synth=ALL-UNNAMED --add-opens=java.desktop/com.sun.awt=ALL-UNNAMED -XX:NewSize=60m -XX:MaxNewSize=60m -Xms128m -Xmx3072m -Xss5m 

Host: AMD Ryzen 5 5600X 6-Core Processor             , 12 cores, 15G,  Windows 10 , 64 bit Build 19041 (10.0.19041.4957)
Time: Fri Nov 08 03:48:44 2024 ¢¥eCN©öI¡¾©ö C¡ÍA¨ª¨öA elapsed time: 82 seconds (0d 0h 1m 22s)

---------------  T H R E A D  ---------------

Current thread (0x000001f5f7fb7000):  JavaThread "AWT-EventQueue-1" [_thread_in_native, id=6132, stack(0x000000d888500000,0x000000d888a00000)]

Stack: [0x000000d888500000,0x000000d888a00000],  sp=0x000000d8889f43b8,  free space=5072k
Native frames: (J=compiled Java code, j=interpreted, Vv=VM code, C=native code)
C  [librdi_wavedata.dll+0x453370]

Java frames: (J=compiled Java code, j=interpreted, Vv=VM code)
j  ui.views.waveform.waveformi.WVExecutive_getGraphicsDataSize(J)J+0
j  ui.views.waveform.executive.a.gEt()Ljava/io/ByteArrayInputStream;+8
j  ui.views.waveform.b.a.gEf()V+7
j  ui.views.waveform.b.a.fOl()V+1
j  ui.views.waveform.m.gDo()V+4
j  ui.views.waveform.m.cRi()V+11
j  ui.views.waveform.w.cRi()V+29
j  ui.views.waveform.c.b.j(Lui/frmwork/b/i;)V+92
j  ui.views.waveform.w.a(Lui/frmwork/b/i;)V+13
J 13041 c1 ui.frmwork.b.l.d(Lui/frmwork/b/i;)V (61 bytes) @ 0x000001f5e23fe99c [0x000001f5e23fe140+0x000000000000085c]
J 13028 c1 ui.frmwork.HTclEventBroker.i(JZ)V (471 bytes) @ 0x000001f5e23d5b2c [0x000001f5e23d1340+0x00000000000047ec]
J 13029 c1 ui.frmwork.HTclEventBroker.fireTclEvent(J)I (113 bytes) @ 0x000001f5e23da74c [0x000001f5e23d9f40+0x000000000000080c]
v  ~StubRoutines::call_stub
j  ui.views.waveform.waveformi.WVExecutive_processModelEvent(JJ)V+0
j  ui.views.waveform.executive.a.eE(J)V+5
j  ui.views.waveform.c.b.eD(J)V+8
j  ui.views.waveform.c.b.j(Lui/frmwork/b/i;)V+133
j  ui.views.waveform.w.a(Lui/frmwork/b/i;)V+13
J 13041 c1 ui.frmwork.b.l.d(Lui/frmwork/b/i;)V (61 bytes) @ 0x000001f5e23fe99c [0x000001f5e23fe140+0x000000000000085c]
J 13028 c1 ui.frmwork.HTclEventBroker.i(JZ)V (471 bytes) @ 0x000001f5e23d5b2c [0x000001f5e23d1340+0x00000000000047ec]
J 13029 c1 ui.frmwork.HTclEventBroker.fireTclEvent(J)I (113 bytes) @ 0x000001f5e23da74c [0x000001f5e23d9f40+0x000000000000080c]
v  ~StubRoutines::call_stub
j  ui.views.waveform.waveformi.WVExecutive_processModelEvent(JJ)V+0
j  ui.views.waveform.executive.a.eE(J)V+5
j  ui.views.waveform.c.b.eD(J)V+8
j  ui.views.waveform.c.e.actionPerformed(Ljava/awt/event/ActionEvent;)V+8
J 11917 c1 javax.swing.Timer.fireActionPerformed(Ljava/awt/event/ActionEvent;)V java.desktop@9.0.4 (46 bytes) @ 0x000001f5e21e5944 [0x000001f5e21e5680+0x00000000000002c4]
J 12591 c1 javax.swing.Timer$DoPostEvent.run()V java.desktop@9.0.4 (82 bytes) @ 0x000001f5e1b48fcc [0x000001f5e1b48780+0x000000000000084c]
J 13349 c2 java.awt.EventQueue$3.run()Ljava/lang/Object; java.desktop@9.0.4 (5 bytes) @ 0x000001f5e86ca984 [0x000001f5e86ca880+0x0000000000000104]
v  ~StubRoutines::call_stub
J 4242  java.security.AccessController.doPrivileged(Ljava/security/PrivilegedAction;Ljava/security/AccessControlContext;)Ljava/lang/Object; java.base@9.0.4 (0 bytes) @ 0x000001f5e7e871c6 [0x000001f5e7e87160+0x0000000000000066]
J 13333 c2 ui.frmwork.b.d.dispatchEvent(Ljava/awt/AWTEvent;)V (34 bytes) @ 0x000001f5e86c10a0 [0x000001f5e86c0a80+0x0000000000000620]
J 13356 c2 java.awt.EventDispatchThread.pumpOneEventForFilters(I)V java.desktop@9.0.4 (218 bytes) @ 0x000001f5e86d23b0 [0x000001f5e86d2000+0x00000000000003b0]
j  java.awt.EventDispatchThread.pumpEventsForFilter(ILjava/awt/Conditional;Ljava/awt/EventFilter;)V+35 java.desktop@9.0.4
j  java.awt.EventDispatchThread.pumpEventsForFilter(Ljava/awt/Conditional;Ljava/awt/EventFilter;)V+4 java.desktop@9.0.4
j  java.awt.WaitDispatchSupport$2.run()V+59 java.desktop@9.0.4
j  java.awt.WaitDispatchSupport$4.run()Ljava/lang/Void;+4 java.desktop@9.0.4
j  java.awt.WaitDispatchSupport$4.run()Ljava/lang/Object;+1 java.desktop@9.0.4
v  ~StubRoutines::call_stub
J 1033  java.security.AccessController.doPrivileged(Ljava/security/PrivilegedAction;)Ljava/lang/Object; java.base@9.0.4 (0 bytes) @ 0x000001f5e7c99d32 [0x000001f5e7c99ce0+0x0000000000000052]
j  java.awt.WaitDispatchSupport.enter()Z+260 java.desktop@9.0.4
j  java.awt.Dialog.show()V+225 java.desktop@9.0.4
J 13486 c1 java.awt.Component.setVisible(Z)V java.desktop@9.0.4 (6 bytes) @ 0x000001f5e25595cc [0x000001f5e25593e0+0x00000000000001ec]
j  java.awt.Window.setVisible(Z)V+2 java.desktop@9.0.4
j  java.awt.Dialog.setVisible(Z)V+2 java.desktop@9.0.4
j  ui.b.c.g.setVisible(Z)V+2
j  ui.b.c.by.showDialog()V+64
j  ui.b.c.bF.actionPerformed(Ljava/awt/event/ActionEvent;)V+8
j  ui.b.c.by.cJI()V+396
j  ui.views.c.t.b.a.run()V+60
j  ui.frmwork.a.dWF()Z+66
j  ui.frmwork.V.dYl()V+42
j  ui.bk.actionPerformed(Ljava/awt/event/ActionEvent;)V+25
j  javax.swing.AbstractButton.fireActionPerformed(Ljava/awt/event/ActionEvent;)V+84 java.desktop@9.0.4
j  ui.utils.o.b.B.fireActionPerformed(Ljava/awt/event/ActionEvent;)V+7
j  javax.swing.AbstractButton$Handler.actionPerformed(Ljava/awt/event/ActionEvent;)V+5 java.desktop@9.0.4
j  javax.swing.DefaultButtonModel.fireActionPerformed(Ljava/awt/event/ActionEvent;)V+34 java.desktop@9.0.4
j  javax.swing.DefaultButtonModel.setPressed(Z)V+117 java.desktop@9.0.4
j  javax.swing.plaf.basic.BasicButtonListener.mouseReleased(Ljava/awt/event/MouseEvent;)V+35 java.desktop@9.0.4
j  com.jidesoft.plaf.basic.BasicJideButtonListener.mouseReleased(Ljava/awt/event/MouseEvent;)V+61
j  java.awt.AWTEventMulticaster.mouseReleased(Ljava/awt/event/MouseEvent;)V+8 java.desktop@9.0.4
j  java.awt.AWTEventMulticaster.mouseReleased(Ljava/awt/event/MouseEvent;)V+8 java.desktop@9.0.4
j  java.awt.AWTEventMulticaster.mouseReleased(Ljava/awt/event/MouseEvent;)V+8 java.desktop@9.0.4
j  java.awt.AWTEventMulticaster.mouseReleased(Ljava/awt/event/MouseEvent;)V+8 java.desktop@9.0.4
J 17031 c1 java.awt.Component.processMouseEvent(Ljava/awt/event/MouseEvent;)V java.desktop@9.0.4 (100 bytes) @ 0x000001f5e2c9e334 [0x000001f5e2c9dfa0+0x0000000000000394]
J 17030 c1 javax.swing.JComponent.processMouseEvent(Ljava/awt/event/MouseEvent;)V java.desktop@9.0.4 (27 bytes) @ 0x000001f5e2c9daec [0x000001f5e2c9d8e0+0x000000000000020c]
J 16550 c1 java.awt.Component.processEvent(Ljava/awt/AWTEvent;)V java.desktop@9.0.4 (220 bytes) @ 0x000001f5e1c45f1c [0x000001f5e1c45a00+0x000000000000051c]
J 16559 c1 java.awt.Container.processEvent(Ljava/awt/AWTEvent;)V java.desktop@9.0.4 (22 bytes) @ 0x000001f5e19e837c [0x000001f5e19e8060+0x000000000000031c]
J 16595 c2 java.awt.Component.dispatchEventImpl(Ljava/awt/AWTEvent;)V java.desktop@9.0.4 (739 bytes) @ 0x000001f5e8b1ed74 [0x000001f5e8b1e220+0x0000000000000b54]
J 15890 c2 java.awt.Container.dispatchEventImpl(Ljava/awt/AWTEvent;)V java.desktop@9.0.4 (129 bytes) @ 0x000001f5e7daaf98 [0x000001f5e7daaf40+0x0000000000000058]
J 16109 c2 java.awt.LightweightDispatcher.retargetMouseEvent(Ljava/awt/Component;ILjava/awt/event/MouseEvent;)V java.desktop@9.0.4 (350 bytes) @ 0x000001f5e8a6d774 [0x000001f5e8a6d1e0+0x0000000000000594]
J 11892 c1 java.awt.LightweightDispatcher.processMouseEvent(Ljava/awt/event/MouseEvent;)Z java.desktop@9.0.4 (265 bytes) @ 0x000001f5e21cd0e4 [0x000001f5e21cc160+0x0000000000000f84]
J 15890 c2 java.awt.Container.dispatchEventImpl(Ljava/awt/AWTEvent;)V java.desktop@9.0.4 (129 bytes) @ 0x000001f5e7dab29c [0x000001f5e7daaf40+0x000000000000035c]
J 11815 c1 java.awt.Window.dispatchEventImpl(Ljava/awt/AWTEvent;)V java.desktop@9.0.4 (23 bytes) @ 0x000001f5e215d274 [0x000001f5e215cca0+0x00000000000005d4]
J 13349 c2 java.awt.EventQueue$3.run()Ljava/lang/Object; java.desktop@9.0.4 (5 bytes) @ 0x000001f5e86caa3c [0x000001f5e86ca880+0x00000000000001bc]
v  ~StubRoutines::call_stub
J 4242  java.security.AccessController.doPrivileged(Ljava/security/PrivilegedAction;Ljava/security/AccessControlContext;)Ljava/lang/Object; java.base@9.0.4 (0 bytes) @ 0x000001f5e7e871c6 [0x000001f5e7e87160+0x0000000000000066]
J 11135 c1 java.awt.EventQueue$4.run()Ljava/lang/Object; java.desktop@9.0.4 (5 bytes) @ 0x000001f5e1f46154 [0x000001f5e1f45d60+0x00000000000003f4]
v  ~StubRoutines::call_stub
J 4242  java.security.AccessController.doPrivileged(Ljava/security/PrivilegedAction;Ljava/security/AccessControlContext;)Ljava/lang/Object; java.base@9.0.4 (0 bytes) @ 0x000001f5e7e871c6 [0x000001f5e7e87160+0x0000000000000066]
J 13333 c2 ui.frmwork.b.d.dispatchEvent(Ljava/awt/AWTEvent;)V (34 bytes) @ 0x000001f5e86c0ec8 [0x000001f5e86c0a80+0x0000000000000448]
J 13356 c2 java.awt.EventDispatchThread.pumpOneEventForFilters(I)V java.desktop@9.0.4 (218 bytes) @ 0x000001f5e86d23b0 [0x000001f5e86d2000+0x00000000000003b0]
j  java.awt.EventDispatchThread.pumpEventsForFilter(ILjava/awt/Conditional;Ljava/awt/EventFilter;)V+35 java.desktop@9.0.4
j  java.awt.EventDispatchThread.pumpEventsForHierarchy(ILjava/awt/Conditional;Ljava/awt/Component;)V+11 java.desktop@9.0.4
j  java.awt.EventDispatchThread.pumpEvents(ILjava/awt/Conditional;)V+4 java.desktop@9.0.4
j  java.awt.EventDispatchThread.pumpEvents(Ljava/awt/Conditional;)V+3 java.desktop@9.0.4
j  java.awt.EventDispatchThread.run()V+9 java.desktop@9.0.4
v  ~StubRoutines::call_stub

siginfo: EXCEPTION_ACCESS_VIOLATION (0xc0000005), data execution prevention violation at address 0x00007ffd4e433370


Register to memory mapping:

RIP=0x00007ffd4e433370 librdi_wavedata.dll
RAX=0x00007ffd4e3d85e0 librdi_wavedata.dll
RBX=0x000000d8889f4520 is pointing into the stack for thread: 0x000001f5f7fb7000
RCX=0x000001f5f7b1cfa0 is an unknown value
RDX=0x000001f588a06af0 is an unknown value
RSP=0x000000d8889f43b8 is pointing into the stack for thread: 0x000001f5f7fb7000
RBP=0x000000d8889f44e0 is pointing into the stack for thread: 0x000001f5f7fb7000
RSI=0x000001f588a06af0 is an unknown value
RDI=0x000001f5f7b1cfa0 is an unknown value
R8 =0x000000d8889f44e0 is pointing into the stack for thread: 0x000001f5f7fb7000
R9 =0x000000d8889f4520 is pointing into the stack for thread: 0x000001f5f7fb7000
R10=0x000001f588a06b00 is an unknown value
R11=0x59101e598e1bb802 is an unknown value
R12=0x0000000000000000 is an unknown value
R13=0x0000000000000000 is an unknown value
R14=0x000001f588a06af0 is an unknown value
R15=0x0000000000000001 is an unknown value


Registers:
RAX=0x00007ffd4e3d85e0, RBX=0x000000d8889f4520, RCX=0x000001f5f7b1cfa0, RDX=0x000001f588a06af0
RSP=0x000000d8889f43b8, RBP=0x000000d8889f44e0, RSI=0x000001f588a06af0, RDI=0x000001f5f7b1cfa0
R8 =0x000000d8889f44e0, R9 =0x000000d8889f4520, R10=0x000001f588a06b00, R11=0x59101e598e1bb802
R12=0x0000000000000000, R13=0x0000000000000000, R14=0x000001f588a06af0, R15=0x0000000000000001
RIP=0x00007ffd4e433370, EFLAGS=0x0000000000010206

Top of Stack: (sp=0x000000d8889f43b8)
0x000000d8889f43b8:   00007ffd4e10eedc 0000000000000000
0x000000d8889f43c8:   000001f5ca4e1c80 000001f500000000
0x000000d8889f43d8:   000001f5ca4e0000 000001f5ca4e02a4
0x000000d8889f43e8:   000000d8889f4520 000000d8889f44e0
0x000000d8889f43f8:   000001f588a06af0 fffffffffffffffe
0x000000d8889f4408:   0000000000000000 0000000000000000
0x000000d8889f4418:   0000000000000010 0000000000000008
0x000000d8889f4428:   0000000000000002 000001f5ca560000
0x000000d8889f4438:   000000d8889f44f9 0000000000000001
0x000000d8889f4448:   00007ffe72d9b3c7 000001f5ca4e0000
0x000000d8889f4458:   0000000000000000 0000000000000008
0x000000d8889f4468:   0000000700000000 0000f3b236596fdb
0x000000d8889f4478:   0000000701e99328 0000000200000007
0x000000d8889f4488:   000000d8889f45f8 000001f5a6b091f0
0x000000d8889f4498:   000000d8889f4529 000000d8889f45e0
0x000000d8889f44a8:   00007ffd4e105fc7 000000000000004f 

Instructions: (pc=0x00007ffd4e433370)
0x00007ffd4e433350:   00 00 00 00 ff ff ff ff 00 00 00 00 40 00 00 00
0x00007ffd4e433360:   20 33 45 00 00 00 00 00 00 00 00 00 00 00 00 00
0x00007ffd4e433370:   01 00 00 00 00 00 00 00 00 00 00 00 10 8a 58 00
0x00007ffd4e433380:   98 33 45 00 70 33 45 00 00 00 00 00 00 00 00 00 



---------------  P R O C E S S  ---------------

Java Threads: ( => current thread )
  0x000001f5fbf74000 JavaThread "Relaunch Simulation" [_thread_in_native, id=2520, stack(0x000000d88b300000,0x000000d88b800000)]
  0x000001f5fbf73000 JavaThread "SyntheticaAnimation 50" daemon [_thread_blocked, id=21168, stack(0x000000d888a00000,0x000000d888f00000)]
  0x000001f5fbf76000 JavaThread "Update Runs Swing Worker" [_thread_blocked, id=17708, stack(0x000000d88c700000,0x000000d88cc00000)]
  0x000001f5fbf74800 JavaThread "hw_ila_monitor" [_thread_blocked, id=9468, stack(0x000000d88bd00000,0x000000d88c200000)]
  0x000001f5fbf72800 JavaThread "Refresh Filesets Swing Worker" [_thread_blocked, id=7528, stack(0x000000d88b800000,0x000000d88bd00000)]
  0x000001f5d89b2000 JavaThread "SyntheticaAnimation 70" daemon [_thread_blocked, id=10192, stack(0x000000d88ae00000,0x000000d88b300000)]
  0x000001f5d89b1800 JavaThread "Swing-Shell" daemon [_thread_blocked, id=9372, stack(0x000000d88a600000,0x000000d88ab00000)]
  0x000001f5d89b7800 JavaThread "SyntheticaAnimation 25" daemon [_thread_blocked, id=4112, stack(0x000000d88a100000,0x000000d88a600000)]
  0x000001f5d89b3000 JavaThread "SyntheticaAnimation 50" daemon [_thread_blocked, id=3324, stack(0x000000d889c00000,0x000000d88a100000)]
  0x000001f5d89b6800 JavaThread "Monitor HEventQueue" [_thread_blocked, id=14040, stack(0x000000d889700000,0x000000d889c00000)]
  0x000001f5d89b0800 JavaThread "SyntheticaCleanerThread" daemon [_thread_blocked, id=11864, stack(0x000000d888f00000,0x000000d889400000)]
  0x000001f5d89b3800 JavaThread "Batik CleanerThread" daemon [_thread_blocked, id=21148, stack(0x000000d887b00000,0x000000d888000000)]
=>0x000001f5f7fb7000 JavaThread "AWT-EventQueue-1" [_thread_in_native, id=6132, stack(0x000000d888500000,0x000000d888a00000)]
  0x000001f5f80e5800 JavaThread "Process Messages" [_thread_blocked, id=22628, stack(0x000000d888000000,0x000000d888500000)]
  0x000001f5f7a1f800 JavaThread "Thread-1" [_thread_in_native, id=2696, stack(0x000000d880900000,0x000000d881d00000)]
  0x000001f5f80ef000 JavaThread "TimerQueue" daemon [_thread_blocked, id=18324, stack(0x000000d887100000,0x000000d887600000)]
  0x000001f5f794a800 JavaThread "AWT-Windows" daemon [_thread_in_native, id=2000, stack(0x000000d886c00000,0x000000d887100000)]
  0x000001f5d1d35000 JavaThread "AWT-Shutdown" [_thread_blocked, id=22088, stack(0x000000d886700000,0x000000d886c00000)]
  0x000001f5f781e800 JavaThread "Java2D Disposer" daemon [_thread_blocked, id=23356, stack(0x000000d886200000,0x000000d886700000)]
  0x000001f5d1e4b000 JavaThread "Service Thread" daemon [_thread_blocked, id=12940, stack(0x000000d885c00000,0x000000d886100000)]
  0x000001f5d89d2800 JavaThread "Common-Cleaner" daemon [_thread_blocked, id=16356, stack(0x000000d885700000,0x000000d885c00000)]
  0x000001f5d89b4800 JavaThread "Sweeper thread" daemon [_thread_blocked, id=3480, stack(0x000000d885200000,0x000000d885700000)]
  0x000001f5d300b000 JavaThread "C1 CompilerThread3" daemon [_thread_blocked, id=7668, stack(0x000000d885100000,0x000000d885200000)]
  0x000001f5d3009000 JavaThread "C2 CompilerThread2" daemon [_thread_blocked, id=1464, stack(0x000000d885000000,0x000000d885100000)]
  0x000001f5d3008800 JavaThread "C2 CompilerThread1" daemon [_thread_blocked, id=23740, stack(0x000000d884f00000,0x000000d885000000)]
  0x000001f5d3007000 JavaThread "C2 CompilerThread0" daemon [_thread_blocked, id=19332, stack(0x000000d884e00000,0x000000d884f00000)]
  0x000001f5d3006800 JavaThread "Attach Listener" daemon [_thread_blocked, id=5852, stack(0x000000d884900000,0x000000d884e00000)]
  0x000001f5cead5000 JavaThread "Signal Dispatcher" daemon [_thread_blocked, id=18052, stack(0x000000d884400000,0x000000d884900000)]
  0x000001f5cead3800 JavaThread "Finalizer" daemon [_thread_blocked, id=14616, stack(0x000000d883f00000,0x000000d884400000)]
  0x000001f5d19e1000 JavaThread "Reference Handler" daemon [_thread_blocked, id=5348, stack(0x000000d883a00000,0x000000d883f00000)]
  0x000001f5d3b6b800 JavaThread "main" [_thread_blocked, id=19504, stack(0x000000d880800000,0x000000d880900000)]

Other Threads:
  0x000001f5d959f800 VMThread "VM Thread" [stack: 0x000000d883900000,0x000000d883a00000] [id=22820]
  0x000001f5d19fc000 WatcherThread [stack: 0x000000d886100000,0x000000d886200000] [id=22896]
  0x000001f5d3354800 GCTaskThread "GC Thread#0" [stack: 0x000000d882000000,0x000000d882100000] [id=21444]
  0x000001f5d577c000 GCTaskThread "GC Thread#1" [stack: 0x000000d882100000,0x000000d882200000] [id=17144]
  0x000001f5d577d000 GCTaskThread "GC Thread#2" [stack: 0x000000d882200000,0x000000d882300000] [id=8776]
  0x000001f5d577d800 GCTaskThread "GC Thread#3" [stack: 0x000000d882300000,0x000000d882400000] [id=7392]
  0x000001f5d577a800 GCTaskThread "GC Thread#4" [stack: 0x000000d882400000,0x000000d882500000] [id=18116]
  0x000001f5d577b000 GCTaskThread "GC Thread#5" [stack: 0x000000d882500000,0x000000d882600000] [id=21464]
  0x000001f5d577b800 GCTaskThread "GC Thread#6" [stack: 0x000000d882600000,0x000000d882700000] [id=22200]
  0x000001f5cecbb000 GCTaskThread "GC Thread#7" [stack: 0x000000d882700000,0x000000d882800000] [id=12924]
  0x000001f5cecc1000 GCTaskThread "GC Thread#8" [stack: 0x000000d882800000,0x000000d882900000] [id=22112]
  0x000001f5cecba800 GCTaskThread "GC Thread#9" [stack: 0x000000d882900000,0x000000d882a00000] [id=9740]
  0x000001f5d33b0800 ConcurrentGCThread "G1 Main Marker" [stack: 0x000000d883500000,0x000000d883600000] [id=2876]
  0x000001f5cecc2000 ConcurrentGCThread "G1 Marker#0" [stack: 0x000000d883600000,0x000000d883700000] [id=24396]
  0x000001f5cecbc000 ConcurrentGCThread "G1 Marker#1" [stack: 0x000000d883700000,0x000000d883800000] [id=21068]
  0x000001f5cecc0000 ConcurrentGCThread "G1 Marker#2" [stack: 0x000000d883800000,0x000000d883900000] [id=23568]
  0x000001f5d949c800 ConcurrentGCThread "G1 Refine#0" [stack: 0x000000d883300000,0x000000d883400000] [id=8744]
  0x000001f5d949c000 ConcurrentGCThread "G1 Refine#1" [stack: 0x000000d883200000,0x000000d883300000] [id=16504]
  0x000001f5d949b800 ConcurrentGCThread "G1 Refine#2" [stack: 0x000000d883100000,0x000000d883200000] [id=16492]
  0x000001f5d961e800 ConcurrentGCThread "G1 Refine#3" [stack: 0x000000d883000000,0x000000d883100000] [id=12948]
  0x000001f5d961e000 ConcurrentGCThread "G1 Refine#4" [stack: 0x000000d882f00000,0x000000d883000000] [id=20592]
  0x000001f5d961d800 ConcurrentGCThread "G1 Refine#5" [stack: 0x000000d882e00000,0x000000d882f00000] [id=2928]
  0x000001f5d53dd800 ConcurrentGCThread "G1 Refine#6" [stack: 0x000000d882d00000,0x000000d882e00000] [id=7192]
  0x000001f5d53dd000 ConcurrentGCThread "G1 Refine#7" [stack: 0x000000d882c00000,0x000000d882d00000] [id=8608]
  0x000001f5d53dc800 ConcurrentGCThread "G1 Refine#8" [stack: 0x000000d882b00000,0x000000d882c00000] [id=21780]
  0x000001f5d900e800 ConcurrentGCThread "G1 Refine#9" [stack: 0x000000d882a00000,0x000000d882b00000] [id=10504]
  0x000001f5d34aa800 ConcurrentGCThread "G1 Young RemSet Sampling" [stack: 0x000000d883400000,0x000000d883500000] [id=22908]

Threads with active compile tasks:

VM state:not at safepoint (normal execution)

VM Mutex/Monitor currently owned by a thread: None

Heap address: 0x0000000700000000, size: 3072 MB, Compressed Oops mode: Zero based, Oop shift amount: 3
Narrow klass base: 0x0000000000000000, Narrow klass shift: 3
Compressed class space size: 1073741824 Address: 0x00000007c0000000

Heap:
 garbage-first heap   total 182272K, used 89719K [0x0000000700000000, 0x0000000700100590, 0x00000007c0000000)
  region size 1024K, 18 young (18432K), 2 survivors (2048K)
 Metaspace       used 79231K, capacity 85235K, committed 85372K, reserved 1122304K
  class space    used 10998K, capacity 12050K, committed 12156K, reserved 1048576K
Heap Regions: E=young(eden), S=young(survivor), O=old, HS=humongous(starts), HC=humongous(continues), CS=collection set, F=free, A=archive, TS=gc time stamp, AC=allocation context, TAMS=top-at-mark-start (previous, next)
|   0|0x0000000700000000, 0x00000007000fc790, 0x0000000700100000| 98%| O|  |TS  0|AC  0|TAMS 0x0000000700000000, 0x0000000700000000|
|   1|0x0000000700100000, 0x0000000700200000, 0x0000000700200000|100%|HS|  |TS  0|AC  0|TAMS 0x0000000700100000, 0x0000000700100000|
|   2|0x0000000700200000, 0x0000000700300000, 0x0000000700300000|100%|HC|  |TS  0|AC  0|TAMS 0x0000000700200000, 0x0000000700200000|
|   3|0x0000000700300000, 0x0000000700400000, 0x0000000700400000|100%|HS|  |TS  0|AC  0|TAMS 0x0000000700300000, 0x0000000700300000|
|   4|0x0000000700400000, 0x00000007004f6de8, 0x0000000700500000| 96%| O|  |TS  0|AC  0|TAMS 0x0000000700400000, 0x0000000700400000|
|   5|0x0000000700500000, 0x00000007005f0bf0, 0x0000000700600000| 94%| O|  |TS  0|AC  0|TAMS 0x0000000700500000, 0x0000000700500000|
|   6|0x0000000700600000, 0x00000007006ffff8, 0x0000000700700000| 99%| O|  |TS  0|AC  0|TAMS 0x0000000700600000, 0x0000000700600000|
|   7|0x0000000700700000, 0x0000000700800000, 0x0000000700800000|100%| O|  |TS  0|AC  0|TAMS 0x0000000700700000, 0x0000000700700000|
|   8|0x0000000700800000, 0x00000007008fffe8, 0x0000000700900000| 99%| O|  |TS  0|AC  0|TAMS 0x0000000700800000, 0x0000000700800000|
|   9|0x0000000700900000, 0x00000007009ffff8, 0x0000000700a00000| 99%| O|  |TS  0|AC  0|TAMS 0x0000000700900000, 0x0000000700900000|
|  10|0x0000000700a00000, 0x0000000700b00000, 0x0000000700b00000|100%| O|  |TS  0|AC  0|TAMS 0x0000000700a00000, 0x0000000700a00000|
|  11|0x0000000700b00000, 0x0000000700bf5870, 0x0000000700c00000| 95%| O|  |TS  0|AC  0|TAMS 0x0000000700b00000, 0x0000000700b00000|
|  12|0x0000000700c00000, 0x0000000700cd67b0, 0x0000000700d00000| 83%| O|  |TS  0|AC  0|TAMS 0x0000000700c00000, 0x0000000700c00000|
|  13|0x0000000700d00000, 0x0000000700e00000, 0x0000000700e00000|100%| O|  |TS  0|AC  0|TAMS 0x0000000700d00000, 0x0000000700d00000|
|  14|0x0000000700e00000, 0x0000000700ef5cc8, 0x0000000700f00000| 96%| O|  |TS  0|AC  0|TAMS 0x0000000700e00000, 0x0000000700e00000|
|  15|0x0000000700f00000, 0x0000000700ff0f38, 0x0000000701000000| 94%| O|  |TS  0|AC  0|TAMS 0x0000000700f00000, 0x0000000700f00000|
|  16|0x0000000701000000, 0x00000007010ffdc8, 0x0000000701100000| 99%| O|  |TS  0|AC  0|TAMS 0x0000000701000000, 0x0000000701000000|
|  17|0x0000000701100000, 0x00000007011fff98, 0x0000000701200000| 99%| O|  |TS  0|AC  0|TAMS 0x0000000701100000, 0x0000000701100000|
|  18|0x0000000701200000, 0x00000007012d5f18, 0x0000000701300000| 83%| O|  |TS  0|AC  0|TAMS 0x0000000701200000, 0x0000000701200000|
|  19|0x0000000701300000, 0x0000000701400000, 0x0000000701400000|100%| O|  |TS  0|AC  0|TAMS 0x0000000701300000, 0x0000000701300000|
|  20|0x0000000701400000, 0x0000000701500000, 0x0000000701500000|100%| O|  |TS  0|AC  0|TAMS 0x0000000701400000, 0x0000000701400000|
|  21|0x0000000701500000, 0x0000000701600000, 0x0000000701600000|100%| O|  |TS  0|AC  0|TAMS 0x0000000701500000, 0x0000000701500000|
|  22|0x0000000701600000, 0x00000007016fffe0, 0x0000000701700000| 99%| O|  |TS  0|AC  0|TAMS 0x0000000701600000, 0x0000000701600000|
|  23|0x0000000701700000, 0x00000007017ffa48, 0x0000000701800000| 99%| O|  |TS  0|AC  0|TAMS 0x0000000701700000, 0x0000000701700000|
|  24|0x0000000701800000, 0x0000000701900000, 0x0000000701900000|100%| O|  |TS  0|AC  0|TAMS 0x0000000701800000, 0x0000000701800000|
|  25|0x0000000701900000, 0x00000007019fff70, 0x0000000701a00000| 99%| O|  |TS  0|AC  0|TAMS 0x0000000701900000, 0x0000000701900000|
|  26|0x0000000701a00000, 0x0000000701af0f78, 0x0000000701b00000| 94%| O|  |TS  0|AC  0|TAMS 0x0000000701a00000, 0x0000000701a00000|
|  27|0x0000000701b00000, 0x0000000701bffff8, 0x0000000701c00000| 99%| O|  |TS  0|AC  0|TAMS 0x0000000701b00000, 0x0000000701b00000|
|  28|0x0000000701c00000, 0x0000000701cffff0, 0x0000000701d00000| 99%| O|  |TS  0|AC  0|TAMS 0x0000000701c00000, 0x0000000701c00000|
|  29|0x0000000701d00000, 0x0000000701dfffa8, 0x0000000701e00000| 99%| O|  |TS  0|AC  0|TAMS 0x0000000701d00000, 0x0000000701d00000|
|  30|0x0000000701e00000, 0x0000000701f00000, 0x0000000701f00000|100%| O|  |TS  0|AC  0|TAMS 0x0000000701e00000, 0x0000000701e00000|
|  31|0x0000000701f00000, 0x0000000701ffffe8, 0x0000000702000000| 99%| O|  |TS  0|AC  0|TAMS 0x0000000701f00000, 0x0000000701f00000|
|  32|0x0000000702000000, 0x00000007020fffe0, 0x0000000702100000| 99%| O|  |TS  0|AC  0|TAMS 0x0000000702000000, 0x0000000702000000|
|  33|0x0000000702100000, 0x00000007021ffff0, 0x0000000702200000| 99%| O|  |TS  0|AC  0|TAMS 0x0000000702100000, 0x0000000702100000|
|  34|0x0000000702200000, 0x00000007022ffff0, 0x0000000702300000| 99%| O|  |TS  0|AC  0|TAMS 0x0000000702200000, 0x0000000702200000|
|  35|0x0000000702300000, 0x0000000702400000, 0x0000000702400000|100%| O|  |TS  0|AC  0|TAMS 0x0000000702300000, 0x0000000702300000|
|  36|0x0000000702400000, 0x00000007024fffe8, 0x0000000702500000| 99%| O|  |TS  0|AC  0|TAMS 0x0000000702400000, 0x0000000702400000|
|  37|0x0000000702500000, 0x00000007025ff3b8, 0x0000000702600000| 99%| O|  |TS  0|AC  0|TAMS 0x0000000702500000, 0x0000000702500000|
|  38|0x0000000702600000, 0x00000007026ffff0, 0x0000000702700000| 99%| O|  |TS  0|AC  0|TAMS 0x0000000702600000, 0x0000000702600000|
|  39|0x0000000702700000, 0x00000007027fffe8, 0x0000000702800000| 99%| O|  |TS  0|AC  0|TAMS 0x0000000702700000, 0x0000000702700000|
|  40|0x0000000702800000, 0x00000007028ffff8, 0x0000000702900000| 99%| O|  |TS  0|AC  0|TAMS 0x0000000702800000, 0x0000000702800000|
|  41|0x0000000702900000, 0x00000007029fff80, 0x0000000702a00000| 99%| O|  |TS  0|AC  0|TAMS 0x0000000702900000, 0x0000000702900000|
|  42|0x0000000702a00000, 0x0000000702affff8, 0x0000000702b00000| 99%| O|  |TS  0|AC  0|TAMS 0x0000000702a00000, 0x0000000702a00000|
|  43|0x0000000702b00000, 0x0000000702bff2a0, 0x0000000702c00000| 99%| O|  |TS  0|AC  0|TAMS 0x0000000702b00000, 0x0000000702b00000|
|  44|0x0000000702c00000, 0x0000000702d00000, 0x0000000702d00000|100%|HS|  |TS  0|AC  0|TAMS 0x0000000702c00000, 0x0000000702c00000|
|  45|0x0000000702d00000, 0x0000000702e00000, 0x0000000702e00000|100%|HC|  |TS  0|AC  0|TAMS 0x0000000702d00000, 0x0000000702d00000|
|  46|0x0000000702e00000, 0x0000000702f00000, 0x0000000702f00000|100%|HC|  |TS  0|AC  0|TAMS 0x0000000702e00000, 0x0000000702e00000|
|  47|0x0000000702f00000, 0x0000000703000000, 0x0000000703000000|100%|HC|  |TS  0|AC  0|TAMS 0x0000000702f00000, 0x0000000702f00000|
|  48|0x0000000703000000, 0x0000000703100000, 0x0000000703100000|100%|HC|  |TS  0|AC  0|TAMS 0x0000000703000000, 0x0000000703000000|
|  49|0x0000000703100000, 0x0000000703200000, 0x0000000703200000|100%|HC|  |TS  0|AC  0|TAMS 0x0000000703100000, 0x0000000703100000|
|  50|0x0000000703200000, 0x0000000703300000, 0x0000000703300000|100%|HC|  |TS  0|AC  0|TAMS 0x0000000703200000, 0x0000000703200000|
|  51|0x0000000703300000, 0x0000000703400000, 0x0000000703400000|100%|HC|  |TS  0|AC  0|TAMS 0x0000000703300000, 0x0000000703300000|
|  52|0x0000000703400000, 0x0000000703500000, 0x0000000703500000|100%|HC|  |TS  0|AC  0|TAMS 0x0000000703400000, 0x0000000703400000|
|  53|0x0000000703500000, 0x0000000703600000, 0x0000000703600000|100%|HC|  |TS  0|AC  0|TAMS 0x0000000703500000, 0x0000000703500000|
|  54|0x0000000703600000, 0x0000000703700000, 0x0000000703700000|100%|HC|  |TS  0|AC  0|TAMS 0x0000000703600000, 0x0000000703600000|
|  55|0x0000000703700000, 0x0000000703800000, 0x0000000703800000|100%|HC|  |TS  0|AC  0|TAMS 0x0000000703700000, 0x0000000703700000|
|  56|0x0000000703800000, 0x00000007038fff98, 0x0000000703900000| 99%| O|  |TS  0|AC  0|TAMS 0x0000000703800000, 0x0000000703800000|
|  57|0x0000000703900000, 0x00000007039fe2e8, 0x0000000703a00000| 99%| O|  |TS  0|AC  0|TAMS 0x0000000703900000, 0x0000000703900000|
|  58|0x0000000703a00000, 0x0000000703afffc8, 0x0000000703b00000| 99%| O|  |TS  0|AC  0|TAMS 0x0000000703a00000, 0x0000000703a00000|
|  59|0x0000000703b00000, 0x0000000703bfffc0, 0x0000000703c00000| 99%| O|  |TS  0|AC  0|TAMS 0x0000000703b00000, 0x0000000703b00000|
|  60|0x0000000703c00000, 0x0000000703cffff0, 0x0000000703d00000| 99%| O|  |TS  0|AC  0|TAMS 0x0000000703c00000, 0x0000000703c00000|
|  61|0x0000000703d00000, 0x0000000703dffff0, 0x0000000703e00000| 99%| O|  |TS  0|AC  0|TAMS 0x0000000703d00000, 0x0000000703d00000|
|  62|0x0000000703e00000, 0x0000000703effff8, 0x0000000703f00000| 99%| O|  |TS  0|AC  0|TAMS 0x0000000703e00000, 0x0000000703e00000|
|  63|0x0000000703f00000, 0x0000000704000000, 0x0000000704000000|100%|HS|  |TS  0|AC  0|TAMS 0x0000000703f00000, 0x0000000703f00000|
|  64|0x0000000704000000, 0x0000000704100000, 0x0000000704100000|100%|HC|  |TS  0|AC  0|TAMS 0x0000000704000000, 0x0000000704000000|
|  65|0x0000000704100000, 0x0000000704200000, 0x0000000704200000|100%|HC|  |TS  0|AC  0|TAMS 0x0000000704100000, 0x0000000704100000|
|  66|0x0000000704200000, 0x0000000704300000, 0x0000000704300000|100%|HC|  |TS  0|AC  0|TAMS 0x0000000704200000, 0x0000000704200000|
|  67|0x0000000704300000, 0x0000000704400000, 0x0000000704400000|100%|HS|  |TS  0|AC  0|TAMS 0x0000000704300000, 0x0000000704300000|
|  68|0x0000000704400000, 0x0000000704500000, 0x0000000704500000|100%|HC|  |TS  0|AC  0|TAMS 0x0000000704400000, 0x0000000704400000|
|  69|0x0000000704500000, 0x0000000704600000, 0x0000000704600000|100%|HC|  |TS  0|AC  0|TAMS 0x0000000704500000, 0x0000000704500000|
|  70|0x0000000704600000, 0x0000000704700000, 0x0000000704700000|100%|HC|  |TS  0|AC  0|TAMS 0x0000000704600000, 0x0000000704600000|
|  71|0x0000000704700000, 0x00000007047b8910, 0x0000000704800000| 72%| O|  |TS  0|AC  0|TAMS 0x0000000704700000, 0x0000000704700000|
|  72|0x0000000704800000, 0x000000070487de00, 0x0000000704900000| 49%| O|  |TS 41|AC  0|TAMS 0x0000000704800000, 0x0000000704800000|
|  73|0x0000000704900000, 0x0000000704900000, 0x0000000704a00000|  0%| F|  |TS  0|AC  0|TAMS 0x0000000704900000, 0x0000000704900000|
|  74|0x0000000704a00000, 0x0000000704a00000, 0x0000000704b00000|  0%| F|  |TS  0|AC  0|TAMS 0x0000000704a00000, 0x0000000704a00000|
|  75|0x0000000704b00000, 0x0000000704b00000, 0x0000000704c00000|  0%| F|  |TS  0|AC  0|TAMS 0x0000000704b00000, 0x0000000704b00000|
|  76|0x0000000704c00000, 0x0000000704c00000, 0x0000000704d00000|  0%| F|  |TS  0|AC  0|TAMS 0x0000000704c00000, 0x0000000704c00000|
|  77|0x0000000704d00000, 0x0000000704d00000, 0x0000000704e00000|  0%| F|  |TS  0|AC  0|TAMS 0x0000000704d00000, 0x0000000704d00000|
|  78|0x0000000704e00000, 0x0000000704e00000, 0x0000000704f00000|  0%| F|  |TS  0|AC  0|TAMS 0x0000000704e00000, 0x0000000704e00000|
|  79|0x0000000704f00000, 0x0000000704f00000, 0x0000000705000000|  0%| F|  |TS  0|AC  0|TAMS 0x0000000704f00000, 0x0000000704f00000|
|  80|0x0000000705000000, 0x0000000705000000, 0x0000000705100000|  0%| F|  |TS  0|AC  0|TAMS 0x0000000705000000, 0x0000000705000000|
|  81|0x0000000705100000, 0x0000000705100000, 0x0000000705200000|  0%| F|  |TS  0|AC  0|TAMS 0x0000000705100000, 0x0000000705100000|
|  82|0x0000000705200000, 0x0000000705200000, 0x0000000705300000|  0%| F|  |TS  0|AC  0|TAMS 0x0000000705200000, 0x0000000705200000|
|  83|0x0000000705300000, 0x0000000705300000, 0x0000000705400000|  0%| F|  |TS  0|AC  0|TAMS 0x0000000705300000, 0x0000000705300000|
|  84|0x0000000705400000, 0x0000000705400000, 0x0000000705500000|  0%| F|  |TS  0|AC  0|TAMS 0x0000000705400000, 0x0000000705400000|
|  85|0x0000000705500000, 0x0000000705500000, 0x0000000705600000|  0%| F|  |TS  0|AC  0|TAMS 0x0000000705500000, 0x0000000705500000|
|  86|0x0000000705600000, 0x0000000705600000, 0x0000000705700000|  0%| F|  |TS  0|AC  0|TAMS 0x0000000705600000, 0x0000000705600000|
|  87|0x0000000705700000, 0x0000000705700000, 0x0000000705800000|  0%| F|  |TS  0|AC  0|TAMS 0x0000000705700000, 0x0000000705700000|
|  88|0x0000000705800000, 0x0000000705800000, 0x0000000705900000|  0%| F|  |TS  0|AC  0|TAMS 0x0000000705800000, 0x0000000705800000|
|  89|0x0000000705900000, 0x0000000705900000, 0x0000000705a00000|  0%| F|  |TS  0|AC  0|TAMS 0x0000000705900000, 0x0000000705900000|
|  90|0x0000000705a00000, 0x0000000705a00000, 0x0000000705b00000|  0%| F|  |TS  0|AC  0|TAMS 0x0000000705a00000, 0x0000000705a00000|
|  91|0x0000000705b00000, 0x0000000705b00000, 0x0000000705c00000|  0%| F|  |TS  0|AC  0|TAMS 0x0000000705b00000, 0x0000000705b00000|
|  92|0x0000000705c00000, 0x0000000705c00000, 0x0000000705d00000|  0%| F|  |TS  0|AC  0|TAMS 0x0000000705c00000, 0x0000000705c00000|
|  93|0x0000000705d00000, 0x0000000705d00000, 0x0000000705e00000|  0%| F|  |TS  0|AC  0|TAMS 0x0000000705d00000, 0x0000000705d00000|
|  94|0x0000000705e00000, 0x0000000705e00000, 0x0000000705f00000|  0%| F|  |TS  0|AC  0|TAMS 0x0000000705e00000, 0x0000000705e00000|
|  95|0x0000000705f00000, 0x0000000705f00000, 0x0000000706000000|  0%| F|  |TS  0|AC  0|TAMS 0x0000000705f00000, 0x0000000705f00000|
|  96|0x0000000706000000, 0x0000000706000000, 0x0000000706100000|  0%| F|  |TS  0|AC  0|TAMS 0x0000000706000000, 0x0000000706000000|
|  97|0x0000000706100000, 0x0000000706100000, 0x0000000706200000|  0%| F|  |TS  0|AC  0|TAMS 0x0000000706100000, 0x0000000706100000|
|  98|0x0000000706200000, 0x0000000706200000, 0x0000000706300000|  0%| F|  |TS  0|AC  0|TAMS 0x0000000706200000, 0x0000000706200000|
|  99|0x0000000706300000, 0x0000000706300000, 0x0000000706400000|  0%| F|  |TS  0|AC  0|TAMS 0x0000000706300000, 0x0000000706300000|
| 100|0x0000000706400000, 0x0000000706400000, 0x0000000706500000|  0%| F|  |TS  0|AC  0|TAMS 0x0000000706400000, 0x0000000706400000|
| 101|0x0000000706500000, 0x0000000706500000, 0x0000000706600000|  0%| F|  |TS  0|AC  0|TAMS 0x0000000706500000, 0x0000000706500000|
| 102|0x0000000706600000, 0x0000000706600000, 0x0000000706700000|  0%| F|  |TS  0|AC  0|TAMS 0x0000000706600000, 0x0000000706600000|
| 103|0x0000000706700000, 0x0000000706700000, 0x0000000706800000|  0%| F|  |TS  0|AC  0|TAMS 0x0000000706700000, 0x0000000706700000|
| 104|0x0000000706800000, 0x0000000706800000, 0x0000000706900000|  0%| F|  |TS  0|AC  0|TAMS 0x0000000706800000, 0x0000000706800000|
| 105|0x0000000706900000, 0x0000000706900000, 0x0000000706a00000|  0%| F|  |TS  0|AC  0|TAMS 0x0000000706900000, 0x0000000706900000|
| 106|0x0000000706a00000, 0x0000000706a00000, 0x0000000706b00000|  0%| F|  |TS  0|AC  0|TAMS 0x0000000706a00000, 0x0000000706a00000|
| 107|0x0000000706b00000, 0x0000000706b00000, 0x0000000706c00000|  0%| F|  |TS  0|AC  0|TAMS 0x0000000706b00000, 0x0000000706b00000|
| 108|0x0000000706c00000, 0x0000000706c00000, 0x0000000706d00000|  0%| F|  |TS  0|AC  0|TAMS 0x0000000706c00000, 0x0000000706c00000|
| 109|0x0000000706d00000, 0x0000000706d00000, 0x0000000706e00000|  0%| F|  |TS  0|AC  0|TAMS 0x0000000706d00000, 0x0000000706d00000|
| 110|0x0000000706e00000, 0x0000000706e00000, 0x0000000706f00000|  0%| F|  |TS  0|AC  0|TAMS 0x0000000706e00000, 0x0000000706e00000|
| 111|0x0000000706f00000, 0x0000000706f00000, 0x0000000707000000|  0%| F|  |TS  0|AC  0|TAMS 0x0000000706f00000, 0x0000000706f00000|
| 112|0x0000000707000000, 0x0000000707000000, 0x0000000707100000|  0%| F|  |TS  0|AC  0|TAMS 0x0000000707000000, 0x0000000707000000|
| 113|0x0000000707100000, 0x0000000707100000, 0x0000000707200000|  0%| F|  |TS  0|AC  0|TAMS 0x0000000707100000, 0x0000000707100000|
| 114|0x0000000707200000, 0x0000000707200000, 0x0000000707300000|  0%| F|  |TS  0|AC  0|TAMS 0x0000000707200000, 0x0000000707200000|
| 115|0x0000000707300000, 0x0000000707300000, 0x0000000707400000|  0%| F|  |TS  0|AC  0|TAMS 0x0000000707300000, 0x0000000707300000|
| 116|0x0000000707400000, 0x000000070740dc50, 0x0000000707500000|  5%| S|CS|TS 41|AC  0|TAMS 0x0000000707400000, 0x0000000707400000|
| 117|0x0000000707500000, 0x0000000707500000, 0x0000000707600000|  0%| F|  |TS 41|AC  0|TAMS 0x0000000707500000, 0x0000000707500000|
| 118|0x0000000707600000, 0x0000000707700000, 0x0000000707700000|100%| S|CS|TS 41|AC  0|TAMS 0x0000000707600000, 0x0000000707600000|
| 119|0x0000000707700000, 0x0000000707700000, 0x0000000707800000|  0%| F|  |TS 41|AC  0|TAMS 0x0000000707700000, 0x0000000707700000|
| 120|0x0000000707800000, 0x0000000707800000, 0x0000000707900000|  0%| F|  |TS 41|AC  0|TAMS 0x0000000707800000, 0x0000000707800000|
| 121|0x0000000707900000, 0x0000000707900000, 0x0000000707a00000|  0%| F|  |TS 41|AC  0|TAMS 0x0000000707900000, 0x0000000707900000|
| 122|0x0000000707a00000, 0x0000000707a00000, 0x0000000707b00000|  0%| F|  |TS 41|AC  0|TAMS 0x0000000707a00000, 0x0000000707a00000|
| 123|0x0000000707b00000, 0x0000000707b00000, 0x0000000707c00000|  0%| F|  |TS 41|AC  0|TAMS 0x0000000707b00000, 0x0000000707b00000|
| 124|0x0000000707c00000, 0x0000000707c00000, 0x0000000707d00000|  0%| F|  |TS 41|AC  0|TAMS 0x0000000707c00000, 0x0000000707c00000|
| 125|0x0000000707d00000, 0x0000000707d00000, 0x0000000707e00000|  0%| F|  |TS 41|AC  0|TAMS 0x0000000707d00000, 0x0000000707d00000|
| 126|0x0000000707e00000, 0x0000000707e00000, 0x0000000707f00000|  0%| F|  |TS 41|AC  0|TAMS 0x0000000707e00000, 0x0000000707e00000|
| 127|0x0000000707f00000, 0x0000000707f00000, 0x0000000708000000|  0%| F|  |TS 41|AC  0|TAMS 0x0000000707f00000, 0x0000000707f00000|
| 128|0x0000000708000000, 0x0000000708000000, 0x0000000708100000|  0%| F|  |TS 41|AC  0|TAMS 0x0000000708000000, 0x0000000708000000|
| 129|0x0000000708100000, 0x0000000708100000, 0x0000000708200000|  0%| F|  |TS 41|AC  0|TAMS 0x0000000708100000, 0x0000000708100000|
| 130|0x0000000708200000, 0x0000000708200000, 0x0000000708300000|  0%| F|  |TS 41|AC  0|TAMS 0x0000000708200000, 0x0000000708200000|
| 131|0x0000000708300000, 0x0000000708300000, 0x0000000708400000|  0%| F|  |TS 41|AC  0|TAMS 0x0000000708300000, 0x0000000708300000|
| 132|0x0000000708400000, 0x0000000708400000, 0x0000000708500000|  0%| F|  |TS 41|AC  0|TAMS 0x0000000708400000, 0x0000000708400000|
| 133|0x0000000708500000, 0x0000000708500000, 0x0000000708600000|  0%| F|  |TS 41|AC  0|TAMS 0x0000000708500000, 0x0000000708500000|
| 134|0x0000000708600000, 0x0000000708600000, 0x0000000708700000|  0%| F|  |TS 41|AC  0|TAMS 0x0000000708600000, 0x0000000708600000|
| 135|0x0000000708700000, 0x0000000708700000, 0x0000000708800000|  0%| F|  |TS 41|AC  0|TAMS 0x0000000708700000, 0x0000000708700000|
| 136|0x0000000708800000, 0x0000000708800000, 0x0000000708900000|  0%| F|  |TS 41|AC  0|TAMS 0x0000000708800000, 0x0000000708800000|
| 137|0x0000000708900000, 0x0000000708900000, 0x0000000708a00000|  0%| F|  |TS 41|AC  0|TAMS 0x0000000708900000, 0x0000000708900000|
| 138|0x0000000708a00000, 0x0000000708a00000, 0x0000000708b00000|  0%| F|  |TS 41|AC  0|TAMS 0x0000000708a00000, 0x0000000708a00000|
| 139|0x0000000708b00000, 0x0000000708b00000, 0x0000000708c00000|  0%| F|  |TS 41|AC  0|TAMS 0x0000000708b00000, 0x0000000708b00000|
| 140|0x0000000708c00000, 0x0000000708c00000, 0x0000000708d00000|  0%| F|  |TS 41|AC  0|TAMS 0x0000000708c00000, 0x0000000708c00000|
| 141|0x0000000708d00000, 0x0000000708d00000, 0x0000000708e00000|  0%| F|  |TS 41|AC  0|TAMS 0x0000000708d00000, 0x0000000708d00000|
| 142|0x0000000708e00000, 0x0000000708e00000, 0x0000000708f00000|  0%| F|  |TS 41|AC  0|TAMS 0x0000000708e00000, 0x0000000708e00000|
| 143|0x0000000708f00000, 0x0000000708f00000, 0x0000000709000000|  0%| F|  |TS 41|AC  0|TAMS 0x0000000708f00000, 0x0000000708f00000|
| 144|0x0000000709000000, 0x0000000709000000, 0x0000000709100000|  0%| F|  |TS 41|AC  0|TAMS 0x0000000709000000, 0x0000000709000000|
| 145|0x0000000709100000, 0x0000000709100000, 0x0000000709200000|  0%| F|  |TS 41|AC  0|TAMS 0x0000000709100000, 0x0000000709100000|
| 146|0x0000000709200000, 0x0000000709200000, 0x0000000709300000|  0%| F|  |TS 41|AC  0|TAMS 0x0000000709200000, 0x0000000709200000|
| 147|0x0000000709300000, 0x0000000709300000, 0x0000000709400000|  0%| F|  |TS 41|AC  0|TAMS 0x0000000709300000, 0x0000000709300000|
| 148|0x0000000709400000, 0x0000000709400000, 0x0000000709500000|  0%| F|  |TS 41|AC  0|TAMS 0x0000000709400000, 0x0000000709400000|
| 149|0x0000000709500000, 0x0000000709500000, 0x0000000709600000|  0%| F|  |TS 41|AC  0|TAMS 0x0000000709500000, 0x0000000709500000|
| 150|0x0000000709600000, 0x0000000709600000, 0x0000000709700000|  0%| F|  |TS 41|AC  0|TAMS 0x0000000709600000, 0x0000000709600000|
| 151|0x0000000709700000, 0x0000000709700000, 0x0000000709800000|  0%| F|  |TS 41|AC  0|TAMS 0x0000000709700000, 0x0000000709700000|
| 152|0x0000000709800000, 0x0000000709800000, 0x0000000709900000|  0%| F|  |TS 41|AC  0|TAMS 0x0000000709800000, 0x0000000709800000|
| 153|0x0000000709900000, 0x0000000709900000, 0x0000000709a00000|  0%| F|  |TS 41|AC  0|TAMS 0x0000000709900000, 0x0000000709900000|
| 154|0x0000000709a00000, 0x0000000709a00000, 0x0000000709b00000|  0%| F|  |TS 41|AC  0|TAMS 0x0000000709a00000, 0x0000000709a00000|
| 155|0x0000000709b00000, 0x0000000709b00000, 0x0000000709c00000|  0%| F|  |TS 41|AC  0|TAMS 0x0000000709b00000, 0x0000000709b00000|
| 156|0x0000000709c00000, 0x0000000709c00000, 0x0000000709d00000|  0%| F|  |TS 41|AC  0|TAMS 0x0000000709c00000, 0x0000000709c00000|
| 157|0x0000000709d00000, 0x0000000709d00000, 0x0000000709e00000|  0%| F|  |TS 41|AC  0|TAMS 0x0000000709d00000, 0x0000000709d00000|
| 158|0x0000000709e00000, 0x0000000709e00000, 0x0000000709f00000|  0%| F|  |TS 41|AC  0|TAMS 0x0000000709e00000, 0x0000000709e00000|
| 159|0x0000000709f00000, 0x0000000709f00000, 0x000000070a000000|  0%| F|  |TS 41|AC  0|TAMS 0x0000000709f00000, 0x0000000709f00000|
| 160|0x000000070a000000, 0x000000070a000000, 0x000000070a100000|  0%| F|  |TS 41|AC  0|TAMS 0x000000070a000000, 0x000000070a000000|
| 161|0x000000070a100000, 0x000000070a100000, 0x000000070a200000|  0%| F|  |TS 41|AC  0|TAMS 0x000000070a100000, 0x000000070a100000|
| 162|0x000000070a200000, 0x000000070a20d710, 0x000000070a300000|  5%| E|  |TS 41|AC  0|TAMS 0x000000070a200000, 0x000000070a200000|
| 163|0x000000070a300000, 0x000000070a400000, 0x000000070a400000|100%| E|CS|TS 41|AC  0|TAMS 0x000000070a300000, 0x000000070a300000|
| 164|0x000000070a400000, 0x000000070a500000, 0x000000070a500000|100%| E|CS|TS 41|AC  0|TAMS 0x000000070a400000, 0x000000070a400000|
| 165|0x000000070a500000, 0x000000070a600000, 0x000000070a600000|100%| E|CS|TS 41|AC  0|TAMS 0x000000070a500000, 0x000000070a500000|
| 166|0x000000070a600000, 0x000000070a700000, 0x000000070a700000|100%| E|CS|TS 41|AC  0|TAMS 0x000000070a600000, 0x000000070a600000|
| 167|0x000000070a700000, 0x000000070a800000, 0x000000070a800000|100%| E|CS|TS 41|AC  0|TAMS 0x000000070a700000, 0x000000070a700000|
| 168|0x000000070a800000, 0x000000070a900000, 0x000000070a900000|100%| E|CS|TS 41|AC  0|TAMS 0x000000070a800000, 0x000000070a800000|
| 169|0x000000070a900000, 0x000000070aa00000, 0x000000070aa00000|100%| E|CS|TS 41|AC  0|TAMS 0x000000070a900000, 0x000000070a900000|
| 170|0x000000070aa00000, 0x000000070ab00000, 0x000000070ab00000|100%| E|CS|TS 41|AC  0|TAMS 0x000000070aa00000, 0x000000070aa00000|
| 171|0x000000070ab00000, 0x000000070ac00000, 0x000000070ac00000|100%| E|CS|TS 41|AC  0|TAMS 0x000000070ab00000, 0x000000070ab00000|
| 172|0x000000070ac00000, 0x000000070ad00000, 0x000000070ad00000|100%| E|CS|TS 41|AC  0|TAMS 0x000000070ac00000, 0x000000070ac00000|
| 173|0x000000070ad00000, 0x000000070ae00000, 0x000000070ae00000|100%| E|CS|TS 41|AC  0|TAMS 0x000000070ad00000, 0x000000070ad00000|
| 174|0x000000070ae00000, 0x000000070af00000, 0x000000070af00000|100%| E|CS|TS 41|AC  0|TAMS 0x000000070ae00000, 0x000000070ae00000|
| 175|0x000000070af00000, 0x000000070b000000, 0x000000070b000000|100%| E|CS|TS 41|AC  0|TAMS 0x000000070af00000, 0x000000070af00000|
| 176|0x000000070b000000, 0x000000070b100000, 0x000000070b100000|100%| E|CS|TS 41|AC  0|TAMS 0x000000070b000000, 0x000000070b000000|
| 177|0x000000070b100000, 0x000000070b200000, 0x000000070b200000|100%| E|CS|TS 41|AC  0|TAMS 0x000000070b100000, 0x000000070b100000|

Card table byte_map: [0x000001f5d5bc0000,0x000001f5d61c0000] byte_map_base: 0x000001f5d23c0000

Marking Bits (Prev, Next): (CMBitMap*) 0x000001f5d5284798, (CMBitMap*) 0x000001f5d5284760
 Prev Bits: [0x000001f5f2160000, 0x000001f5f5160000)
 Next Bits: [0x000001f5ef160000, 0x000001f5f2160000)

Polling page: 0x000001f5cbfa0000

CodeHeap 'non-profiled nmethods': size=120000Kb used=16173Kb max_used=16173Kb free=103826Kb
 bounds [0x000001f5e7c30000, 0x000001f5e8c00000, 0x000001f5ef160000]
CodeHeap 'profiled nmethods': size=120000Kb used=38421Kb max_used=38421Kb free=81578Kb
 bounds [0x000001f5e0700000, 0x000001f5e2cb0000, 0x000001f5e7c30000]
CodeHeap 'non-nmethods': size=5760Kb used=1764Kb max_used=1838Kb free=3995Kb
 bounds [0x000001f5e0160000, 0x000001f5e03d0000, 0x000001f5e0700000]
 total_blobs=24489 nmethods=14640 adapters=1090
 compilation: enabled

Compilation events (10 events):
Event: 81.846 Thread 0x000001f5d300b000 17046       3       javax.swing.plaf.synth.SynthProgressBarUI::paint (616 bytes)
Event: 81.847 Thread 0x000001f5d300b000 nmethod 17046 0x000001f5e2ca5890 code [0x000001f5e2ca5ca0, 0x000001f5e2ca83a0]
Event: 81.876 Thread 0x000001f5d300b000 17047       1       com.jidesoft.editor.e::size (5 bytes)
Event: 81.876 Thread 0x000001f5d300b000 nmethod 17047 0x000001f5e8bfbb90 code [0x000001f5e8bfbd40, 0x000001f5e8bfbe58]
Event: 81.894 Thread 0x000001f5d300b000 17048       3       javax.swing.plaf.basic.BasicProgressBarUI::access$400 (4 bytes)
Event: 81.894 Thread 0x000001f5d300b000 nmethod 17048 0x000001f5e10f2590 code [0x000001f5e10f2740, 0x000001f5e10f2898]
Event: 82.044 Thread 0x000001f5d300b000 17049       3       javax.swing.plaf.basic.BasicProgressBarUI$Animator::actionPerformed (93 bytes)
Event: 82.045 Thread 0x000001f5d300b000 nmethod 17049 0x000001f5e2ca8e10 code [0x000001f5e2ca9080, 0x000001f5e2ca9c60]
Event: 82.045 Thread 0x000001f5d300b000 17050       3       javax.swing.plaf.basic.BasicProgressBarUI::incrementAnimationIndex (29 bytes)
Event: 82.045 Thread 0x000001f5d300b000 nmethod 17050 0x000001f5e2caa090 code [0x000001f5e2caa260, 0x000001f5e2caa620]

GC Heap History (10 events):
Event: 79.463 GC heap before
{Heap before GC invocations=63 (full 5):
 garbage-first heap   total 182272K, used 133797K [0x0000000700000000, 0x0000000700100590, 0x00000007c0000000)
  region size 1024K, 60 young (61440K), 2 survivors (2048K)
 Metaspace       used 79053K, capacity 85039K, committed 85372K, reserved 1122304K
  class space    used 10991K, capacity 12050K, committed 12156K, reserved 1048576K
}
Event: 79.465 GC heap after
{Heap after GC invocations=64 (full 5):
 garbage-first heap   total 182272K, used 74397K [0x0000000700000000, 0x0000000700100590, 0x00000007c0000000)
  region size 1024K, 2 young (2048K), 2 survivors (2048K)
 Metaspace       used 79053K, capacity 85039K, committed 85372K, reserved 1122304K
  class space    used 10991K, capacity 12050K, committed 12156K, reserved 1048576K
}
Event: 80.577 GC heap before
{Heap before GC invocations=64 (full 5):
 garbage-first heap   total 182272K, used 133789K [0x0000000700000000, 0x0000000700100590, 0x00000007c0000000)
  region size 1024K, 60 young (61440K), 2 survivors (2048K)
 Metaspace       used 79165K, capacity 85103K, committed 85372K, reserved 1122304K
  class space    used 10991K, capacity 12050K, committed 12156K, reserved 1048576K
}
Event: 80.578 GC heap after
{Heap after GC invocations=65 (full 5):
 garbage-first heap   total 182272K, used 74430K [0x0000000700000000, 0x0000000700100590, 0x00000007c0000000)
  region size 1024K, 2 young (2048K), 2 survivors (2048K)
 Metaspace       used 79165K, capacity 85103K, committed 85372K, reserved 1122304K
  class space    used 10991K, capacity 12050K, committed 12156K, reserved 1048576K
}
Event: 80.901 GC heap before
{Heap before GC invocations=65 (full 5):
 garbage-first heap   total 182272K, used 133822K [0x0000000700000000, 0x0000000700100590, 0x00000007c0000000)
  region size 1024K, 60 young (61440K), 2 survivors (2048K)
 Metaspace       used 79171K, capacity 85107K, committed 85372K, reserved 1122304K
  class space    used 10991K, capacity 12050K, committed 12156K, reserved 1048576K
}
Event: 80.903 GC heap after
{Heap after GC invocations=66 (full 5):
 garbage-first heap   total 182272K, used 74235K [0x0000000700000000, 0x0000000700100590, 0x00000007c0000000)
  region size 1024K, 1 young (1024K), 1 survivors (1024K)
 Metaspace       used 79171K, capacity 85107K, committed 85372K, reserved 1122304K
  class space    used 10991K, capacity 12050K, committed 12156K, reserved 1048576K
}
Event: 81.003 GC heap before
{Heap before GC invocations=66 (full 5):
 garbage-first heap   total 182272K, used 134651K [0x0000000700000000, 0x0000000700100590, 0x00000007c0000000)
  region size 1024K, 60 young (61440K), 1 survivors (1024K)
 Metaspace       used 79181K, capacity 85107K, committed 85372K, reserved 1122304K
  class space    used 10991K, capacity 12050K, committed 12156K, reserved 1048576K
}
Event: 81.005 GC heap after
{Heap after GC invocations=67 (full 5):
 garbage-first heap   total 182272K, used 74253K [0x0000000700000000, 0x0000000700100590, 0x00000007c0000000)
  region size 1024K, 1 young (1024K), 1 survivors (1024K)
 Metaspace       used 79181K, capacity 85107K, committed 85372K, reserved 1122304K
  class space    used 10991K, capacity 12050K, committed 12156K, reserved 1048576K
}
Event: 81.259 GC heap before
{Heap before GC invocations=67 (full 5):
 garbage-first heap   total 182272K, used 134669K [0x0000000700000000, 0x0000000700100590, 0x00000007c0000000)
  region size 1024K, 60 young (61440K), 1 survivors (1024K)
 Metaspace       used 79191K, capacity 85107K, committed 85372K, reserved 1122304K
  class space    used 10991K, capacity 12050K, committed 12156K, reserved 1048576K
}
Event: 81.260 GC heap after
{Heap after GC invocations=68 (full 5):
 garbage-first heap   total 182272K, used 74359K [0x0000000700000000, 0x0000000700100590, 0x00000007c0000000)
  region size 1024K, 2 young (2048K), 2 survivors (2048K)
 Metaspace       used 79191K, capacity 85107K, committed 85372K, reserved 1122304K
  class space    used 10991K, capacity 12050K, committed 12156K, reserved 1048576K
}

Deoptimization events (10 events):
Event: 75.091 Thread 0x000001f5f7fb7000 Uncommon trap: reason=array_check action=maybe_recompile pc=0x000001f5e8b17294 method=java.util.TimSort.binarySort([Ljava/lang/Object;IIILjava/util/Comparator;)V @ 193 c2
Event: 75.149 Thread 0x000001f5f7fb7000 Uncommon trap: reason=array_check action=maybe_recompile pc=0x000001f5e8b1712c method=java.util.TimSort.reverseRange([Ljava/lang/Object;II)V @ 27 c2
Event: 75.416 Thread 0x000001f5f7fb7000 Uncommon trap: reason=unstable_if action=reinterpret pc=0x000001f5e8aac5c0 method=com.jidesoft.document.d.a(Ljava/awt/Component;Lcom/jidesoft/document/DocumentPane;)Ljava/awt/Component; @ 23 c2
Event: 75.601 Thread 0x000001f5f7fb7000 Uncommon trap: reason=array_check action=maybe_recompile pc=0x000001f5e8b74b98 method=java.util.TimSort.binarySort([Ljava/lang/Object;IIILjava/util/Comparator;)V @ 215 c2
Event: 75.603 Thread 0x000001f5f7fb7000 Uncommon trap: reason=array_check action=maybe_recompile pc=0x000001f5e8b74b98 method=java.util.TimSort.binarySort([Ljava/lang/Object;IIILjava/util/Comparator;)V @ 215 c2
Event: 80.894 Thread 0x000001f5f7fb7000 Uncommon trap: reason=unstable_if action=reinterpret pc=0x000001f5e8baa35c method=com.jidesoft.grid.JideTable.rowAtPoint(Ljava/awt/Point;)I @ 58 c2
Event: 80.894 Thread 0x000001f5f7fb7000 Uncommon trap: reason=unstable_if action=reinterpret pc=0x000001f5e89aae2c method=com.jidesoft.grid.JideTable.rowAtPoint(Ljava/awt/Point;)I @ 58 c2
Event: 81.378 Thread 0x000001f5f7fb7000 Uncommon trap: reason=unstable_if action=reinterpret pc=0x000001f5e819147c method=java.awt.Container.findComponentAtImpl(IIZ)Ljava/awt/Component; @ 24 c2
Event: 81.594 Thread 0x000001f5f7fb7000 Uncommon trap: reason=bimorphic_or_optimized_type_check action=maybe_recompile pc=0x000001f5e851d228 method=java.awt.Component.addNotify()V @ 200 c2
Event: 81.615 Thread 0x000001f5f7fb7000 Uncommon trap: reason=unstable_if action=reinterpret pc=0x000001f5e89b2f74 method=javax.swing.AbstractButton.setEnabled(Z)V @ 13 c2

Classes redefined (0 events):
No events

Internal exceptions (10 events):
Event: 60.292 Thread 0x000001f5f7fb7000 Exception <a 'java/lang/NoSuchMethodError'{0x0000000708263048}: java.lang.invoke.DirectMethodHandle$Holder.invokeSpecial(Ljava/lang/Object;Ljava/lang/Object;Ljava/lang/Object;IILjava/lang/Object;)Ljava/lang/Object;> (0x0000000708263048) thrown at [t:/work
Event: 60.294 Thread 0x000001f5f7fb7000 Exception <a 'java/lang/NoSuchMethodError'{0x00000007082f8808}: java.lang.invoke.DirectMethodHandle$Holder.invokeSpecial(Ljava/lang/Object;Ljava/lang/Object;Ljava/lang/Object;IILjava/lang/Object;Ljava/lang/Object;Ljava/lang/Object;Ljava/lang/Object;Ljava/
Event: 60.294 Thread 0x000001f5f7fb7000 Exception <a 'java/lang/NoSuchMethodError'{0x00000007082fcfd8}: java.lang.invoke.DelegatingMethodHandle$Holder.reinvoke_L(Ljava/lang/Object;Ljava/lang/Object;IILjava/lang/Object;Ljava/lang/Object;Ljava/lang/Object;Ljava/lang/Object;Ljava/lang/Object;Ljava
Event: 60.295 Thread 0x000001f5f7fb7000 Exception <a 'java/lang/NoSuchMethodError'{0x000000070816d450}: java.lang.invoke.DirectMethodHandle$Holder.invokeSpecial(Ljava/lang/Object;Ljava/lang/Object;IIILjava/lang/Object;Ljava/lang/Object;Ljava/lang/Object;Ljava/lang/Object;Ljava/lang/Object;Ljava
Event: 60.295 Thread 0x000001f5f7fb7000 Exception <a 'java/lang/NoSuchMethodError'{0x00000007081714c0}: java.lang.invoke.DelegatingMethodHandle$Holder.reinvoke_L(Ljava/lang/Object;IIILjava/lang/Object;Ljava/lang/Object;Ljava/lang/Object;Ljava/lang/Object;Ljava/lang/Object;Ljava/lang/Object;)Lja
Event: 60.296 Thread 0x000001f5f7fb7000 Exception <a 'java/lang/NoSuchMethodError'{0x00000007081a11e0}: java.lang.invoke.DirectMethodHandle$Holder.invokeStatic(Ljava/lang/Object;Ljava/lang/Object;Ljava/lang/Object;Ljava/lang/Object;Ljava/lang/Object;IILjava/lang/Object;Ljava/lang/Object;Ljava/l
Event: 60.296 Thread 0x000001f5f7fb7000 Exception <a 'java/lang/NoSuchMethodError'{0x00000007081be250}: method resolution failed> (0x00000007081be250) thrown at [t:/workspace/hotspot/src/share/vm/prims/methodHandles.cpp, line 1256]
Event: 60.297 Thread 0x000001f5f7fb7000 Exception <a 'java/lang/NoSuchMethodError'{0x00000007081dc9b8}: method resolution failed> (0x00000007081dc9b8) thrown at [t:/workspace/hotspot/src/share/vm/prims/methodHandles.cpp, line 1256]
Event: 61.550 Thread 0x000001f5f7fb7000 Exception <a 'java/lang/NoSuchMethodError'{0x00000007093747b8}: method resolution failed> (0x00000007093747b8) thrown at [t:/workspace/hotspot/src/share/vm/prims/methodHandles.cpp, line 1256]
Event: 75.062 Thread 0x000001f5f7fb7000 Implicit null exception at 0x000001f5e837e832 to 0x000001f5e837ec81

Events (10 events):
Event: 81.594 Thread 0x000001f5f7fb7000 DEOPT UNPACKING pc=0x000001f5e01ada29 sp=0x000000d8889fb0e8 mode 2
Event: 81.615 Thread 0x000001f5f7fb7000 Uncommon trap: trap_request=0xffffff5d fr.pc=0x000001f5e89b2f74 relative=0x00000000000000b4
Event: 81.615 Thread 0x000001f5f7fb7000 DEOPT PACKING pc=0x000001f5e89b2f74 sp=0x000000d8889f6f80
Event: 81.615 Thread 0x000001f5f7fb7000 DEOPT UNPACKING pc=0x000001f5e01ada29 sp=0x000000d8889f6f10 mode 2
Event: 82.089 Thread 0x000001f5fbf75800 Thread added: 0x000001f5fbf75800
Event: 82.092 Thread 0x000001f5fbf75800 Thread exited: 0x000001f5fbf75800
Event: 82.428 Thread 0x000001f5fbf75800 Thread added: 0x000001f5fbf75800
Event: 82.432 Executing VM operation: RevokeBias
Event: 82.432 Executing VM operation: RevokeBias done
Event: 82.432 Thread 0x000001f5fbf75800 Thread exited: 0x000001f5fbf75800


Dynamic libraries:
0x00007ff6598c0000 - 0x00007ff6598f0000 	C:\Xilinx\Vivado\2019.1\bin\unwrapped\win64.o\vivado.exe
0x00007ffe72d70000 - 0x00007ffe72f68000 	C:\WINDOWS\SYSTEM32\ntdll.dll
0x00007ffe72bb0000 - 0x00007ffe72c72000 	C:\WINDOWS\System32\KERNEL32.DLL
0x00007ffe704c0000 - 0x00007ffe707be000 	C:\WINDOWS\System32\KERNELBASE.dll
0x00007ffe70c90000 - 0x00007ffe70d90000 	C:\WINDOWS\System32\ucrtbase.dll
0x00007ffe5c640000 - 0x00007ffe5c6cd000 	C:\WINDOWS\SYSTEM32\MSVCP140.dll
0x00007ffe689e0000 - 0x00007ffe689f4000 	C:\Xilinx\Vivado\2019.1\lib\win64.o\libboost_signals.dll
0x00007ffe62e80000 - 0x00007ffe62e94000 	C:\Xilinx\Vivado\2019.1\lib\win64.o\librdi_commonmain.dll
0x00007ffe60110000 - 0x00007ffe6012d000 	C:\WINDOWS\SYSTEM32\VCRUNTIME140.dll
0x00007ffe03780000 - 0x00007ffe04662000 	C:\Xilinx\Vivado\2019.1\lib\win64.o\librdi_common.dll
0x00007ffe67550000 - 0x00007ffe6755c000 	C:\WINDOWS\SYSTEM32\VCRUNTIME140_1.dll
0x00007ffe72520000 - 0x00007ffe726bd000 	C:\WINDOWS\System32\USER32.dll
0x00007ffe70a70000 - 0x00007ffe70a92000 	C:\WINDOWS\System32\win32u.dll
0x00007ffe719c0000 - 0x00007ffe719eb000 	C:\WINDOWS\System32\GDI32.dll
0x00007ffe60170000 - 0x00007ffe60196000 	C:\Xilinx\Vivado\2019.1\lib\win64.o\libboost_filesystem.dll
0x00007ffe708d0000 - 0x00007ffe709e7000 	C:\WINDOWS\System32\gdi32full.dll
0x00007ffe6dab0000 - 0x00007ffe6daba000 	C:\Xilinx\Vivado\2019.1\lib\win64.o\librdi_commonversion.dll
0x00007ffe707c0000 - 0x00007ffe7085d000 	C:\WINDOWS\System32\msvcp_win.dll
0x00007ffe71a20000 - 0x00007ffe71ad2000 	C:\WINDOWS\System32\ADVAPI32.dll
0x00007ffe716c0000 - 0x00007ffe7175e000 	C:\WINDOWS\System32\msvcrt.dll
0x00007ffe71d50000 - 0x00007ffe724bf000 	C:\WINDOWS\System32\SHELL32.dll
0x00007ffe72aa0000 - 0x00007ffe72b40000 	C:\WINDOWS\System32\sechost.dll
0x00007ffe71c20000 - 0x00007ffe71d43000 	C:\WINDOWS\System32\RPCRT4.dll
0x00007ffe11d50000 - 0x00007ffe11e71000 	C:\Xilinx\Vivado\2019.1\lib\win64.o\librdi_commonxillic.dll
0x000000005ede0000 - 0x000000005ef0b000 	C:\Xilinx\Vivado\2019.1\lib\win64.o\tcl85t.dll
0x00007ffe72b40000 - 0x00007ffe72bab000 	C:\WINDOWS\System32\WS2_32.dll
0x00007ffe709f0000 - 0x00007ffe70a17000 	C:\WINDOWS\System32\bcrypt.dll
0x00007ffe60150000 - 0x00007ffe60164000 	C:\Xilinx\Vivado\2019.1\lib\win64.o\libboost_date_time.dll
0x00007ffe5caf0000 - 0x00007ffe5cb6f000 	C:\Xilinx\Vivado\2019.1\lib\win64.o\libboost_program_options.dll
0x00007ffe0e710000 - 0x00007ffe0ea7e000 	C:\Xilinx\Vivado\2019.1\lib\win64.o\libCOIN-all.dll
0x00007ffe11c30000 - 0x00007ffe11d44000 	C:\Xilinx\Vivado\2019.1\lib\win64.o\libboost_regex.dll
0x00007ffe6d4e0000 - 0x00007ffe6d4eb000 	C:\Xilinx\Vivado\2019.1\lib\win64.o\libboost_system.dll
0x00007ffe5cbb0000 - 0x00007ffe5cbd1000 	C:\Xilinx\Vivado\2019.1\lib\win64.o\libboost_thread.dll
0x00007ffe6a6b0000 - 0x00007ffe6a6bf000 	C:\Xilinx\Vivado\2019.1\lib\win64.o\libboost_xilinx.dll
0x00007ffe56f20000 - 0x00007ffe56fa2000 	C:\Xilinx\Vivado\2019.1\lib\win64.o\libhdlpsolve.dll
0x00007ffe41c00000 - 0x00007ffe41ca5000 	C:\Xilinx\Vivado\2019.1\lib\win64.o\libhdxml.dll
0x00007ffe5c5e0000 - 0x00007ffe5c60e000 	C:\Xilinx\Vivado\2019.1\lib\win64.o\libisl_sysinfo.dll
0x00007ffe02bd0000 - 0x00007ffe0377f400 	C:\Xilinx\Vivado\2019.1\lib\win64.o\libisl_iostreams.dll
0x00007ffe60130000 - 0x00007ffe6014a000 	C:\Xilinx\Vivado\2019.1\lib\win64.o\pthreadVC2.dll
0x00007ffe590b0000 - 0x00007ffe59115000 	C:\Xilinx\Vivado\2019.1\lib\win64.o\liblmx6.0.dll
0x00007ffe58da0000 - 0x00007ffe58dc1000 	C:\Xilinx\Vivado\2019.1\lib\win64.o\librdizlib.dll
0x00007ffe5cad0000 - 0x00007ffe5caec000 	C:\Xilinx\Vivado\2019.1\lib\win64.o\librdiconfig.dll
0x0000000012000000 - 0x0000000012270000 	C:\Xilinx\Vivado\2019.1\lib\win64.o\xerces-c_3_1.dll
0x00007ffe607b0000 - 0x00007ffe607c9000 	C:\WINDOWS\SYSTEM32\NETAPI32.dll
0x00007ffe613c0000 - 0x00007ffe61898000 	C:\WINDOWS\SYSTEM32\WININET.dll
0x00007ffe6ab50000 - 0x00007ffe6ac5d000 	C:\WINDOWS\SYSTEM32\WINHTTP.dll
0x00007ffe60800000 - 0x00007ffe609ec000 	C:\WINDOWS\SYSTEM32\urlmon.dll
0x00007ffdfa530000 - 0x00007ffdfa539000 	C:\WINDOWS\SYSTEM32\WSOCK32.dll
0x00007ffe58d60000 - 0x00007ffe58d92000 	C:\WINDOWS\SYSTEM32\VCOMP140.DLL
0x00007ffe01d30000 - 0x00007ffe02bc1000 	C:\Xilinx\Vivado\2019.1\lib\win64.o\gurobi65.dll
0x00007ffe10510000 - 0x00007ffe107e8000 	C:\Xilinx\Vivado\2019.1\lib\win64.o\libXil_lmgr11.dll
0x00007ffe70e10000 - 0x00007ffe70eea000 	C:\WINDOWS\System32\COMDLG32.dll
0x00007ffe726c0000 - 0x00007ffe72a13000 	C:\WINDOWS\System32\combase.dll
0x00007ffe72c80000 - 0x00007ffe72d2d000 	C:\WINDOWS\System32\shcore.dll
0x00007ffe69a50000 - 0x00007ffe69a5d000 	C:\Xilinx\Vivado\2019.1\lib\win64.o\libboost_chrono.dll
0x00007ffe72a20000 - 0x00007ffe72a75000 	C:\WINDOWS\System32\SHLWAPI.dll
0x00007ffe5c5c0000 - 0x00007ffe5c5db000 	C:\Xilinx\Vivado\2019.1\lib\win64.o\libboost_iostreams.dll
0x00007ffe71890000 - 0x00007ffe7195d000 	C:\WINDOWS\System32\OLEAUT32.dll
0x00007ffe56ef0000 - 0x00007ffe56f15000 	C:\Xilinx\Vivado\2019.1\lib\win64.o\libisl_iosutils.dll
0x00007ffe71760000 - 0x00007ffe7188b000 	C:\WINDOWS\System32\ole32.dll
0x00007ffe60620000 - 0x00007ffe60648000 	C:\WINDOWS\SYSTEM32\srvcli.dll
0x00007ffe601a0000 - 0x00007ffe6045e000 	C:\WINDOWS\SYSTEM32\iertutil.dll
0x00007ffe6f8c0000 - 0x00007ffe6f8cc000 	C:\WINDOWS\SYSTEM32\netutils.dll
0x00007ffe70860000 - 0x00007ffe708c9000 	C:\WINDOWS\System32\WINTRUST.dll
0x00007ffe70b30000 - 0x00007ffe70c8c000 	C:\WINDOWS\System32\CRYPT32.dll
0x00007ffe5d060000 - 0x00007ffe5d110000 	C:\WINDOWS\WinSxS\amd64_microsoft.windows.common-controls_6595b64144ccf1df_5.82.19041.4355_none_792ecafd2442822f\COMCTL32.dll
0x00007ffe6b570000 - 0x00007ffe6b58d000 	C:\WINDOWS\SYSTEM32\dhcpcsvc.DLL
0x00007ffe719f0000 - 0x00007ffe71a1f000 	C:\WINDOWS\System32\IMM32.DLL
0x00007ffe6ff00000 - 0x00007ffe6ff12000 	C:\WINDOWS\SYSTEM32\MSASN1.dll
0x00007ffe6e2b0000 - 0x00007ffe6e2c2000 	C:\WINDOWS\SYSTEM32\kernel.appcore.dll
0x00007ffe01810000 - 0x00007ffe01d27000 	C:\Xilinx\Vivado\2019.1\lib\win64.o\librdi_commontasks.dll
0x00007ffe68e20000 - 0x00007ffe68e2a000 	C:\WINDOWS\SYSTEM32\VERSION.dll
0x000000005e3b0000 - 0x000000005edd5000 	C:\Xilinx\Vivado\2019.1\tps\win64\jre9.0.4\bin\server\jvm.dll
0x00007ffe08d00000 - 0x00007ffe08f86000 	C:\Xilinx\Vivado\2019.1\lib\win64.o\librdi_sio.dll
0x00007ffe71500000 - 0x00007ffe71508000 	C:\WINDOWS\System32\PSAPI.DLL
0x00007ffe62d80000 - 0x00007ffe62da7000 	C:\WINDOWS\SYSTEM32\WINMM.dll
0x00007ffe6f7b0000 - 0x00007ffe6f7eb000 	C:\WINDOWS\SYSTEM32\IPHLPAPI.DLL
0x00007ffe11b40000 - 0x00007ffe11c2f000 	C:\Xilinx\Vivado\2019.1\tps\win64\jre9.0.4\bin\MSVCR120.dll
0x00007ffe6fad0000 - 0x00007ffe6fb3a000 	C:\WINDOWS\SYSTEM32\MSWSOCK.DLL
0x00007ffe6e4b0000 - 0x00007ffe6ec54000 	C:\WINDOWS\SYSTEM32\windows.storage.dll
0x00007ffe6fd70000 - 0x00007ffe6fd9e000 	C:\WINDOWS\SYSTEM32\Wldp.dll
0x00007ffdff350000 - 0x00007ffe0180c000 	C:\Xilinx\Vivado\2019.1\lib\win64.o\librdi_tcltasks.dll
0x00007ffdfef40000 - 0x00007ffdff348000 	C:\Xilinx\Vivado\2019.1\lib\win64.o\librdi_bitstream.dll
0x00007ffe11360000 - 0x00007ffe114f1000 	C:\Xilinx\Vivado\2019.1\lib\win64.o\librdi_board.dll
0x00007ffe555b0000 - 0x00007ffe55628000 	C:\Xilinx\Vivado\2019.1\lib\win64.o\librdi_boarddep.dll
0x00007ffe11a50000 - 0x00007ffe11b3b000 	C:\Xilinx\Vivado\2019.1\lib\win64.o\librdi_chipscope.dll
0x00007ffe10f30000 - 0x00007ffe110ed000 	C:\Xilinx\Vivado\2019.1\lib\win64.o\librdi_chipscopeimpl.dll
0x00007ffe0ec00000 - 0x00007ffe0ed56000 	C:\Xilinx\Vivado\2019.1\lib\win64.o\librdi_containers.dll
0x00007ffdfd550000 - 0x00007ffdfef3a000 	C:\Xilinx\Vivado\2019.1\lib\win64.o\librdi_constraints.dll
0x00007ffdf4090000 - 0x00007ffdf5f41000 	C:\Xilinx\Vivado\2019.1\lib\win64.o\librdi_coregen.dll
0x00007ffdfce70000 - 0x00007ffdfd54a000 	C:\Xilinx\Vivado\2019.1\lib\win64.o\librdi_coregenipxact.dll
0x00007ffdfcb50000 - 0x00007ffdfce6e000 	C:\Xilinx\Vivado\2019.1\lib\win64.o\librdi_dlyest.dll
0x00007ffdfc5b0000 - 0x00007ffdfcb4a000 	C:\Xilinx\Vivado\2019.1\lib\win64.o\librdi_drc.dll
0x00007ffe0e640000 - 0x00007ffe0e704000 	C:\Xilinx\Vivado\2019.1\lib\win64.o\librdi_dsp.dll
0x00007ffdfbf60000 - 0x00007ffdfc5ad000 	C:\Xilinx\Vivado\2019.1\lib\win64.o\librdi_filemgmt.dll
0x00007ffdf3da0000 - 0x00007ffdf4083000 	C:\Xilinx\Vivado\2019.1\lib\win64.o\librdi_guitools.dll
0x00007ffe4da70000 - 0x00007ffe4dad5000 	C:\Xilinx\Vivado\2019.1\lib\win64.o\librdi_hdf.dll
0x00007ffd57200000 - 0x00007ffd5b243000 	C:\Xilinx\Vivado\2019.1\lib\win64.o\librdi_designutils.dll
0x00007ffdf21c0000 - 0x00007ffdf27d5000 	C:\Xilinx\Vivado\2019.1\lib\win64.o\librdi_memdata.dll
0x00007ffe4ab10000 - 0x00007ffe4ab83000 	C:\Xilinx\Vivado\2019.1\lib\win64.o\librdi_memoryarray.dll
0x00007ffdf27e0000 - 0x00007ffdf3da0000 	C:\Xilinx\Vivado\2019.1\lib\win64.o\librdi_implflow.dll
0x00007ffe4e190000 - 0x00007ffe4e1db000 	C:\Xilinx\Vivado\2019.1\lib\win64.o\librdi_pfi.dll
0x00007ffdf1b10000 - 0x00007ffdf21b2000 	C:\Xilinx\Vivado\2019.1\lib\win64.o\librdi_netlist.dll
0x00007ffd54510000 - 0x00007ffd571f6000 	C:\Xilinx\Vivado\2019.1\lib\win64.o\librdi_mig.dll
0x00007ffd5b250000 - 0x00007ffd6d67c000 	C:\Xilinx\Vivado\2019.1\lib\win64.o\librdi_device.dll
0x00007ffddc640000 - 0x00007ffddc94f000 	C:\Xilinx\Vivado\2019.1\lib\win64.o\librdi_platform.dll
0x00007ffd8e880000 - 0x00007ffd8efca000 	C:\Xilinx\Vivado\2019.1\lib\win64.o\librdi_power.dll
0x00007ffd512f0000 - 0x00007ffd53966000 	C:\Xilinx\Vivado\2019.1\lib\win64.o\librdi_place.dll
0x00007ffd50d70000 - 0x00007ffd512ef000 	C:\Xilinx\Vivado\2019.1\lib\win64.o\librdi_project.dll
0x00007ffd50660000 - 0x00007ffd50d69000 	C:\Xilinx\Vivado\2019.1\lib\win64.o\librdi_psta.dll
0x00007ffd4ff50000 - 0x00007ffd50656000 	C:\Xilinx\Vivado\2019.1\lib\win64.o\librdi_rsb.dll
0x00007ffe0e270000 - 0x00007ffe0e36a000 	C:\Xilinx\Vivado\2019.1\lib\win64.o\librdi_runsbase.dll
0x00007ffd8e480000 - 0x00007ffd8e871000 	C:\Xilinx\Vivado\2019.1\lib\win64.o\librdi_runs.dll
0x00007ffda4a10000 - 0x00007ffda4c66000 	C:\Xilinx\Vivado\2019.1\lib\win64.o\librdi_simdata.dll
0x00007ffd4f130000 - 0x00007ffd4ff41000 	C:\Xilinx\Vivado\2019.1\lib\win64.o\librdi_timing.dll
0x00007ffe0d9b0000 - 0x00007ffe0db22000 	C:\Xilinx\Vivado\2019.1\lib\win64.o\librdi_advchipscopeimpl.dll
0x00007ffe4d490000 - 0x00007ffe4d4dc000 	C:\Xilinx\Vivado\2019.1\lib\win64.o\libboost_serialization.dll
0x00007ffdfa830000 - 0x00007ffdfa9cf000 	C:\Xilinx\Vivado\2019.1\lib\win64.o\librdi_hip_devdesign.dll
0x00007ffe0dc00000 - 0x00007ffe0dcc2000 	C:\Xilinx\Vivado\2019.1\lib\win64.o\librdi_ipconfig_readwrite.dll
0x00007ffe11a00000 - 0x00007ffe11a43000 	C:\Xilinx\Vivado\2019.1\lib\win64.o\librdi_noc_frameworks.dll
0x00007ffe0eac0000 - 0x00007ffe0eb5e000 	C:\Xilinx\Vivado\2019.1\lib\win64.o\libise.dll
0x00007ffe56eb0000 - 0x00007ffe56ef0000 	C:\Xilinx\Vivado\2019.1\lib\win64.o\librdi_wavedata_SimpleApi.dll
0x00007ffd4e5e0000 - 0x00007ffd4f127000 	C:\Xilinx\Vivado\2019.1\lib\win64.o\libverific.dll
0x00007ffd4dfe0000 - 0x00007ffd4e5dc000 	C:\Xilinx\Vivado\2019.1\lib\win64.o\librdi_wavedata.dll
0x00007ffd4dbf0000 - 0x00007ffd4dfd5000 	C:\Xilinx\Vivado\2019.1\lib\win64.o\librdi_hip_config.dll
0x00007ffd4d6a0000 - 0x00007ffd4dbee000 	C:\Xilinx\Vivado\2019.1\lib\win64.o\librdi_xdm.dll
0x00007ffe52830000 - 0x00007ffe5286f000 	C:\Xilinx\Vivado\2019.1\lib\win64.o\librdi_schedmon.dll
0x00007ffd8fde0000 - 0x00007ffd90039000 	C:\Xilinx\Vivado\2019.1\lib\win64.o\librdi_hsm.dll

VM Arguments:
jvm_args: -Dsun.java2d.pmoffscreen=false -Dsun.java2d.xrender=false -Dsun.java2d.d3d=false -Dsun.awt.nopixfmt=true -Dsun.java2d.dpiaware=true -Dsun.java2d.uiScale.enabled=false -Xverify:none -Dswing.aatext=true -XX:-UsePerfData -Djdk.map.althashing.threshold=512 -XX:StringTableSize=4072 --add-opens=java.base/java.nio=ALL-UNNAMED --add-opens=java.desktop/sun.swing=ALL-UNNAMED --add-opens=java.desktop/javax.swing=ALL-UNNAMED --add-opens=java.desktop/javax.swing.tree=ALL-UNNAMED --add-opens=java.desktop/javax.swing.plaf.basic=ALL-UNNAMED --add-opens=java.desktop/javax.swing.plaf.synth=ALL-UNNAMED --add-opens=java.desktop/com.sun.awt=ALL-UNNAMED -XX:NewSize=60m -XX:MaxNewSize=60m -Xms128m -Xmx3072m -Xss5m 
java_command: <unknown>
java_class_path (initial): C:/Xilinx/Vivado/2019.1\lib\classes\alloy.jar;C:/Xilinx/Vivado/2019.1\lib\classes\autopilot.scelaborator.jar;C:/Xilinx/Vivado/2019.1\lib\classes\autopilot.sourceprocessor.jar;C:/Xilinx/Vivado/2019.1\lib\classes\autopilot.tbprocessor.jar;C:/Xilinx/Vivado/2019.1\lib\classes\batik-anim.jar;C:/Xilinx/Vivado/2019.1\lib\classes\batik-awt-util.jar;C:/Xilinx/Vivado/2019.1\lib\classes\batik-bridge.jar;C:/Xilinx/Vivado/2019.1\lib\classes\batik-codec.jar;C:/Xilinx/Vivado/2019.1\lib\classes\batik-css.jar;C:/Xilinx/Vivado/2019.1\lib\classes\batik-dom.jar;C:/Xilinx/Vivado/2019.1\lib\classes\batik-ext.jar;C:/Xilinx/Vivado/2019.1\lib\classes\batik-gui-util.jar;C:/Xilinx/Vivado/2019.1\lib\classes\batik-gvt.jar;C:/Xilinx/Vivado/2019.1\lib\classes\batik-parser.jar;C:/Xilinx/Vivado/2019.1\lib\classes\batik-script.jar;C:/Xilinx/Vivado/2019.1\lib\classes\batik-svg-dom.jar;C:/Xilinx/Vivado/2019.1\lib\classes\batik-swing.jar;C:/Xilinx/Vivado/2019.1\lib\classes\batik-transcoder.jar;C:/Xilinx/Vivado/2019.1\lib\classes\batik-util.jar;C:/Xilinx/Vivado/2019.1\lib\classes\batik-xml.jar;C:/Xilinx/Vivado/2019.1\lib\classes\com.google.gson_2.7.0.v20170129-0911.jar;C:/Xilinx/Vivado/2019.1\lib\classes\com.google.guava_21.0.0.v20170206-1425.jar;C:/Xilinx/Vivado/2019.1\lib\classes\com.google.inject_3.0.0.v201605172100.jar;C:/Xilinx/Vivado/2019.1\lib\classes\com.ibm.icu_4.4.2.v20110208.jar;C:/Xilinx/Vivado/2019.1\lib\classes\com.sigasi.hdt.annotations.runtime_4.3.0.201903071210.jar;C:/Xilinx/Vivado/2019.1\lib\classes\com.sigasi.hdt.blockdiagram.model_4.3.0.201903071210.jar;C:/Xilinx/Vivado/2019.1\lib\classes\com.sigasi.hdt.connection_4.3.0.201903071210.jar;C:/Xilinx/Vivado/2019.1\lib\classes\com.sigasi.hdt.dependencies.model_4.3.0.201903071210.jar;C:/Xilinx/Vivado/2019.1\lib\classes\com.sigasi.hdt.epl_4.3.0.201903071210.jar;C:/Xilinx/Vivado/2019.1\lib\classes\com.sigasi.hdt.graphics.model_4.3.0.201903071210.jar;C:/Xilinx/Vivado/2019.1\lib\classes\com.sigasi.hdt.project_4.3.0
Launcher Type: generic

Logging:
Log output configuration:
#0: stdout all=warning uptime,level,tags
#1: stderr all=off uptime,level,tags

Environment Variables:
PATH=C:/Xilinx/Vivado/2019.1/bin;C:/Xilinx/Vivado/2019.1/lib/win64.o;C:/Xilinx/Vivado/2019.1/tps/win64/jre9.0.4/bin/server;C:/Xilinx/Vivado/2019.1/tps/win64/jre9.0.4/bin;C:/Xilinx/SDK/2019.1/bin;C:/Xilinx/Vivado/2019.1/ids_lite/ISE/bin/nt64;C:/Xilinx/Vivado/2019.1/ids_lite/ISE/lib/nt64;C:\WINDOWS\system32;C:\WINDOWS;C:\WINDOWS\System32\Wbem;C:\WINDOWS\System32\WindowsPowerShell\v1.0\;C:\WINDOWS\System32\OpenSSH\;C:\Program Files\Git\cmd;C:\Users\sjh00\AppData\Local\Programs\Python\Python39;C:\Users\sjh00\AppData\Local\Programs\Python\Python39\Scripts;C:\Program Files\MATLAB\R2024b\bin;C:\Users\sjh00\AppData\Local\Microsoft\WindowsApps;D:\Microsoft VS Code\bin;;C:/Xilinx/Vivado/2019.1\tps\mingw\6.2.0\win64.o\nt\bin;C:/Xilinx/Vivado/2019.1\tps\mingw\6.2.0\win64.o\nt\libexec\gcc\x86_64-w64-mingw32\6.2.0;C:/Xilinx/Vivado/2019.1\tps\win64\python-2.7.5;C:/Xilinx/Vivado/2019.1\tps\win64\python-2.7.5\lib;C:/Xilinx/Vivado/2019.1\tps\win64\python-2.7.5\Lib\lib-tk;C:/Xilinx/Vivado/2019.1\tps\win64\python-2.7.5\lib\site-packages
USERNAME=sjh00
OS=Windows_NT
PROCESSOR_IDENTIFIER=AMD64 Family 25 Model 33 Stepping 0, AuthenticAMD



---------------  S Y S T E M  ---------------

OS: Windows 10 , 64 bit Build 19041 (10.0.19041.4957)

CPU:total 12 (initial active 12) (12 cores per cpu, 1 threads per core) family 25 model 33 stepping 0, cmov, cx8, fxsr, mmx, sse, sse2, sse3, ssse3, sse4.1, sse4.2, popcnt, avx, avx2, aes, clmul, erms, mmxext, 3dnowpref, lzcnt, sse4a, tsc, tscinvbit, tscinv, bmi1

Memory: 4k page, physical 16702292k(1905944k free), swap 32580024k(5186144k free)

vm_info: Java HotSpot(TM) 64-Bit Server VM (9.0.4+11) for windows-amd64 JRE (9.0.4+11), built on Dec 20 2017 02:18:54 by "mach5one" with MS VC++ 12.0 (VS2013)

END.
