#
# A fatal error has been detected by the Java Runtime Environment:
#
#  EXCEPTION_ACCESS_VIOLATION (0xc0000005) at pc=0x00007ffe5bcc3370, pid=2872, tid=7804
#
# JRE version: Java(TM) SE Runtime Environment (9.0+11) (build 9.0.4+11)
# Java VM: Java HotSpot(TM) 64-Bit Server VM (9.0.4+11, mixed mode, tiered, compressed oops, g1 gc, windows-amd64)
# Problematic frame:
# C  [librdi_wavedata.dll+0x453370]
#
# No core dump will be written. Minidumps are not enabled by default on client versions of Windows
#
# If you would like to submit a bug report, please visit:
#   http://bugreport.java.com/bugreport/crash.jsp
# The crash happened outside the Java Virtual Machine in native code.
# See problematic frame for where to report the bug.
#

---------------  S U M M A R Y ------------

Command Line: -Dsun.java2d.pmoffscreen=false -Dsun.java2d.xrender=false -Dsun.java2d.d3d=false -Dsun.awt.nopixfmt=true -Dsun.java2d.dpiaware=true -Dsun.java2d.uiScale.enabled=false -Xverify:none -Dswing.aatext=true -XX:-UsePerfData -Djdk.map.althashing.threshold=512 -XX:StringTableSize=4072 --add-opens=java.base/java.nio=ALL-UNNAMED --add-opens=java.desktop/sun.swing=ALL-UNNAMED --add-opens=java.desktop/javax.swing=ALL-UNNAMED --add-opens=java.desktop/javax.swing.tree=ALL-UNNAMED --add-opens=java.desktop/javax.swing.plaf.basic=ALL-UNNAMED --add-opens=java.desktop/javax.swing.plaf.synth=ALL-UNNAMED --add-opens=java.desktop/com.sun.awt=ALL-UNNAMED -XX:NewSize=60m -XX:MaxNewSize=60m -Xms128m -Xmx3072m -Xss5m 

Host: AMD Ryzen 5 5600X 6-Core Processor             , 12 cores, 15G,  Windows 10 , 64 bit Build 19041 (10.0.19041.4957)
Time: Fri Nov 08 04:19:12 2024 ¢¥eCN©öI¡¾©ö C¡ÍA¨ª¨öA elapsed time: 1153 seconds (0d 0h 19m 13s)

---------------  T H R E A D  ---------------

Current thread (0x0000020c36851000):  JavaThread "AWT-EventQueue-1" [_thread_in_native, id=7804, stack(0x000000e699800000,0x000000e699d00000)]

Stack: [0x000000e699800000,0x000000e699d00000],  sp=0x000000e699cf40b8,  free space=5072k
Native frames: (J=compiled Java code, j=interpreted, Vv=VM code, C=native code)
C  [librdi_wavedata.dll+0x453370]

Java frames: (J=compiled Java code, j=interpreted, Vv=VM code)
j  ui.views.waveform.waveformi.WVExecutive_getGraphicsDataSize(J)J+0
j  ui.views.waveform.executive.a.gEt()Ljava/io/ByteArrayInputStream;+8
j  ui.views.waveform.b.a.gEf()V+7
j  ui.views.waveform.b.a.fOl()V+1
j  ui.views.waveform.m.gDo()V+4
j  ui.views.waveform.m.cRi()V+11
j  ui.views.waveform.w.cRi()V+29
J 17572 c1 ui.views.waveform.c.b.j(Lui/frmwork/b/i;)V (603 bytes) @ 0x0000020c21aac1d4 [0x0000020c21aa3c80+0x0000000000008554]
J 17571 c1 ui.views.waveform.w.a(Lui/frmwork/b/i;)V (17 bytes) @ 0x0000020c21aa2994 [0x0000020c21aa28c0+0x00000000000000d4]
J 13769 c1 ui.frmwork.b.l.d(Lui/frmwork/b/i;)V (61 bytes) @ 0x0000020c20a5061c [0x0000020c20a4fdc0+0x000000000000085c]
J 13757 c1 ui.frmwork.HTclEventBroker.i(JZ)V (471 bytes) @ 0x0000020c2117ca2c [0x0000020c21178240+0x00000000000047ec]
J 13761 c1 ui.frmwork.HTclEventBroker.fireTclEvent(J)I (113 bytes) @ 0x0000020c2118164c [0x0000020c21180e40+0x000000000000080c]
v  ~StubRoutines::call_stub
j  ui.views.waveform.waveformi.WVExecutive_processModelEvent(JJ)V+0
J 20348 c1 ui.views.waveform.c.b.eD(J)V (109 bytes) @ 0x0000020c212fb8c4 [0x0000020c212fb780+0x0000000000000144]
J 17572 c1 ui.views.waveform.c.b.j(Lui/frmwork/b/i;)V (603 bytes) @ 0x0000020c21aace8c [0x0000020c21aa3c80+0x000000000000920c]
J 17571 c1 ui.views.waveform.w.a(Lui/frmwork/b/i;)V (17 bytes) @ 0x0000020c21aa2994 [0x0000020c21aa28c0+0x00000000000000d4]
J 13769 c1 ui.frmwork.b.l.d(Lui/frmwork/b/i;)V (61 bytes) @ 0x0000020c20a5061c [0x0000020c20a4fdc0+0x000000000000085c]
J 13757 c1 ui.frmwork.HTclEventBroker.i(JZ)V (471 bytes) @ 0x0000020c2117ca2c [0x0000020c21178240+0x00000000000047ec]
J 13761 c1 ui.frmwork.HTclEventBroker.fireTclEvent(J)I (113 bytes) @ 0x0000020c2118164c [0x0000020c21180e40+0x000000000000080c]
v  ~StubRoutines::call_stub
j  ui.views.waveform.waveformi.WVExecutive_processModelEvent(JJ)V+0
J 20348 c1 ui.views.waveform.c.b.eD(J)V (109 bytes) @ 0x0000020c212fb8c4 [0x0000020c212fb780+0x0000000000000144]
j  ui.views.waveform.c.e.actionPerformed(Ljava/awt/event/ActionEvent;)V+8
J 17360 c2 javax.swing.Timer.fireActionPerformed(Ljava/awt/event/ActionEvent;)V java.desktop@9.0.4 (46 bytes) @ 0x0000020c27917358 [0x0000020c27917240+0x0000000000000118]
J 17349 c2 javax.swing.Timer$DoPostEvent.run()V java.desktop@9.0.4 (82 bytes) @ 0x0000020c27911cec [0x0000020c279119e0+0x000000000000030c]
J 15748 c2 java.awt.EventQueue.dispatchEventImpl(Ljava/awt/AWTEvent;Ljava/lang/Object;)V java.desktop@9.0.4 (136 bytes) @ 0x0000020c2769b904 [0x0000020c2769b3e0+0x0000000000000524]
J 15750 c2 java.awt.EventQueue$3.run()Ljava/lang/Object; java.desktop@9.0.4 (5 bytes) @ 0x0000020c2769dd2c [0x0000020c2769dcc0+0x000000000000006c]
v  ~StubRoutines::call_stub
J 4268  java.security.AccessController.doPrivileged(Ljava/security/PrivilegedAction;Ljava/security/AccessControlContext;)Ljava/lang/Object; java.base@9.0.4 (0 bytes) @ 0x0000020c26b80046 [0x0000020c26b7ffe0+0x0000000000000066]
J 17122 c2 java.awt.EventDispatchThread.pumpOneEventForFilters(I)V java.desktop@9.0.4 (218 bytes) @ 0x0000020c278921a4 [0x0000020c278917e0+0x00000000000009c4]
j  java.awt.EventDispatchThread.pumpEventsForFilter(ILjava/awt/Conditional;Ljava/awt/EventFilter;)V+35 java.desktop@9.0.4
j  java.awt.EventDispatchThread.pumpEventsForFilter(Ljava/awt/Conditional;Ljava/awt/EventFilter;)V+4 java.desktop@9.0.4
j  java.awt.WaitDispatchSupport$2.run()V+59 java.desktop@9.0.4
j  java.awt.WaitDispatchSupport$4.run()Ljava/lang/Void;+4 java.desktop@9.0.4
j  java.awt.WaitDispatchSupport$4.run()Ljava/lang/Object;+1 java.desktop@9.0.4
v  ~StubRoutines::call_stub
J 1040  java.security.AccessController.doPrivileged(Ljava/security/PrivilegedAction;)Ljava/lang/Object; java.base@9.0.4 (0 bytes) @ 0x0000020c2698abb2 [0x0000020c2698ab60+0x0000000000000052]
j  java.awt.WaitDispatchSupport.enter()Z+260 java.desktop@9.0.4
j  java.awt.Dialog.show()V+225 java.desktop@9.0.4
J 12439 c1 java.awt.Component.setVisible(Z)V java.desktop@9.0.4 (6 bytes) @ 0x0000020c20e9204c [0x0000020c20e91e60+0x00000000000001ec]
j  java.awt.Window.setVisible(Z)V+2 java.desktop@9.0.4
j  java.awt.Dialog.setVisible(Z)V+2 java.desktop@9.0.4
j  ui.b.c.g.setVisible(Z)V+2
j  ui.b.c.by.showDialog()V+64
j  ui.b.c.bF.actionPerformed(Ljava/awt/event/ActionEvent;)V+8
j  ui.b.c.by.cJI()V+396
j  ui.views.c.t.b.a.run()V+60
j  ui.frmwork.a.dWF()Z+66
j  ui.frmwork.V.dYl()V+42
j  ui.bk.actionPerformed(Ljava/awt/event/ActionEvent;)V+25
j  javax.swing.AbstractButton.fireActionPerformed(Ljava/awt/event/ActionEvent;)V+84 java.desktop@9.0.4
j  ui.utils.o.b.B.fireActionPerformed(Ljava/awt/event/ActionEvent;)V+7
j  javax.swing.AbstractButton$Handler.actionPerformed(Ljava/awt/event/ActionEvent;)V+5 java.desktop@9.0.4
j  javax.swing.DefaultButtonModel.fireActionPerformed(Ljava/awt/event/ActionEvent;)V+34 java.desktop@9.0.4
j  javax.swing.DefaultButtonModel.setPressed(Z)V+117 java.desktop@9.0.4
j  javax.swing.plaf.basic.BasicButtonListener.mouseReleased(Ljava/awt/event/MouseEvent;)V+35 java.desktop@9.0.4
j  com.jidesoft.plaf.basic.BasicJideButtonListener.mouseReleased(Ljava/awt/event/MouseEvent;)V+61
j  java.awt.AWTEventMulticaster.mouseReleased(Ljava/awt/event/MouseEvent;)V+8 java.desktop@9.0.4
j  java.awt.AWTEventMulticaster.mouseReleased(Ljava/awt/event/MouseEvent;)V+8 java.desktop@9.0.4
j  java.awt.AWTEventMulticaster.mouseReleased(Ljava/awt/event/MouseEvent;)V+8 java.desktop@9.0.4
j  java.awt.AWTEventMulticaster.mouseReleased(Ljava/awt/event/MouseEvent;)V+8 java.desktop@9.0.4
J 16855 c1 java.awt.Component.processMouseEvent(Ljava/awt/event/MouseEvent;)V java.desktop@9.0.4 (100 bytes) @ 0x0000020c20775834 [0x0000020c207754a0+0x0000000000000394]
J 16854 c1 javax.swing.JComponent.processMouseEvent(Ljava/awt/event/MouseEvent;)V java.desktop@9.0.4 (27 bytes) @ 0x0000020c206af26c [0x0000020c206af060+0x000000000000020c]
J 12630 c2 java.awt.Container.processEvent(Ljava/awt/AWTEvent;)V java.desktop@9.0.4 (22 bytes) @ 0x0000020c271e7d40 [0x0000020c271e7c20+0x0000000000000120]
J 19413 c2 java.awt.Component.dispatchEventImpl(Ljava/awt/AWTEvent;)V java.desktop@9.0.4 (739 bytes) @ 0x0000020c27bd4920 [0x0000020c27bd3c00+0x0000000000000d20]
J 19113 c2 java.awt.Container.dispatchEventImpl(Ljava/awt/AWTEvent;)V java.desktop@9.0.4 (129 bytes) @ 0x0000020c27304998 [0x0000020c27304940+0x0000000000000058]
J 16122 c2 java.awt.LightweightDispatcher.retargetMouseEvent(Ljava/awt/Component;ILjava/awt/event/MouseEvent;)V java.desktop@9.0.4 (350 bytes) @ 0x0000020c27715f14 [0x0000020c27715960+0x00000000000005b4]
J 12343 c1 java.awt.LightweightDispatcher.processMouseEvent(Ljava/awt/event/MouseEvent;)Z java.desktop@9.0.4 (265 bytes) @ 0x0000020c20e46d34 [0x0000020c20e45dc0+0x0000000000000f74]
J 19113 c2 java.awt.Container.dispatchEventImpl(Ljava/awt/AWTEvent;)V java.desktop@9.0.4 (129 bytes) @ 0x0000020c27304ce8 [0x0000020c27304940+0x00000000000003a8]
J 19772 c2 java.awt.Window.dispatchEventImpl(Ljava/awt/AWTEvent;)V java.desktop@9.0.4 (23 bytes) @ 0x0000020c26a88b0c [0x0000020c26a88ac0+0x000000000000004c]
J 15748 c2 java.awt.EventQueue.dispatchEventImpl(Ljava/awt/AWTEvent;Ljava/lang/Object;)V java.desktop@9.0.4 (136 bytes) @ 0x0000020c2769b9a8 [0x0000020c2769b3e0+0x00000000000005c8]
J 15750 c2 java.awt.EventQueue$3.run()Ljava/lang/Object; java.desktop@9.0.4 (5 bytes) @ 0x0000020c2769dd2c [0x0000020c2769dcc0+0x000000000000006c]
v  ~StubRoutines::call_stub
J 4268  java.security.AccessController.doPrivileged(Ljava/security/PrivilegedAction;Ljava/security/AccessControlContext;)Ljava/lang/Object; java.base@9.0.4 (0 bytes) @ 0x0000020c26b80046 [0x0000020c26b7ffe0+0x0000000000000066]
J 18926 c2 java.awt.EventQueue$4.run()Ljava/lang/Object; java.desktop@9.0.4 (5 bytes) @ 0x0000020c2714a940 [0x0000020c2714a6e0+0x0000000000000260]
v  ~StubRoutines::call_stub
J 4268  java.security.AccessController.doPrivileged(Ljava/security/PrivilegedAction;Ljava/security/AccessControlContext;)Ljava/lang/Object; java.base@9.0.4 (0 bytes) @ 0x0000020c26b80046 [0x0000020c26b7ffe0+0x0000000000000066]
J 17122 c2 java.awt.EventDispatchThread.pumpOneEventForFilters(I)V java.desktop@9.0.4 (218 bytes) @ 0x0000020c27891fa4 [0x0000020c278917e0+0x00000000000007c4]
j  java.awt.EventDispatchThread.pumpEventsForFilter(ILjava/awt/Conditional;Ljava/awt/EventFilter;)V+35 java.desktop@9.0.4
j  java.awt.EventDispatchThread.pumpEventsForHierarchy(ILjava/awt/Conditional;Ljava/awt/Component;)V+11 java.desktop@9.0.4
j  java.awt.EventDispatchThread.pumpEvents(ILjava/awt/Conditional;)V+4 java.desktop@9.0.4
j  java.awt.EventDispatchThread.pumpEvents(Ljava/awt/Conditional;)V+3 java.desktop@9.0.4
j  java.awt.EventDispatchThread.run()V+9 java.desktop@9.0.4
v  ~StubRoutines::call_stub

siginfo: EXCEPTION_ACCESS_VIOLATION (0xc0000005), data execution prevention violation at address 0x00007ffe5bcc3370


Register to memory mapping:

RIP=0x00007ffe5bcc3370 librdi_wavedata.dll
RAX=0x00007ffe5bc685e0 librdi_wavedata.dll
RBX=0x000000e699cf4220 is pointing into the stack for thread: 0x0000020c36851000
RCX=0x0000020c5d38f7c0 is an unknown value
RDX=0x0000020c3d7af7f0 is an unknown value
RSP=0x000000e699cf40b8 is pointing into the stack for thread: 0x0000020c36851000
RBP=0x000000e699cf41e0 is pointing into the stack for thread: 0x0000020c36851000
RSI=0x0000020c3d7af7f0 is an unknown value
RDI=0x0000020c5d38f7c0 is an unknown value
R8 =0x000000e699cf41e0 is pointing into the stack for thread: 0x0000020c36851000
R9 =0x000000e699cf4220 is pointing into the stack for thread: 0x0000020c36851000
R10=0x0000020c3d7af800 is an unknown value
R11=0x382c268000018f08 is an unknown value
R12=0x0000000000000000 is an unknown value
R13=0x0000000000000000 is an unknown value
R14=0x0000020c3d7af7f0 is an unknown value
R15=0x0000000000000001 is an unknown value


Registers:
RAX=0x00007ffe5bc685e0, RBX=0x000000e699cf4220, RCX=0x0000020c5d38f7c0, RDX=0x0000020c3d7af7f0
RSP=0x000000e699cf40b8, RBP=0x000000e699cf41e0, RSI=0x0000020c3d7af7f0, RDI=0x0000020c5d38f7c0
R8 =0x000000e699cf41e0, R9 =0x000000e699cf4220, R10=0x0000020c3d7af800, R11=0x382c268000018f08
R12=0x0000000000000000, R13=0x0000000000000000, R14=0x0000020c3d7af7f0, R15=0x0000000000000001
RIP=0x00007ffe5bcc3370, EFLAGS=0x0000000000010202

Top of Stack: (sp=0x000000e699cf40b8)
0x000000e699cf40b8:   00007ffe5b99eedc 0000000700000000
0x000000e699cf40c8:   0000020c096a2580 0000020c00000000
0x000000e699cf40d8:   0000020c096a0000 0000020c096a02a4
0x000000e699cf40e8:   000000e699cf4220 000000e699cf41e0
0x000000e699cf40f8:   0000020c3d7af7f0 fffffffffffffffe
0x000000e699cf4108:   0000000000000000 0000000000000000
0x000000e699cf4118:   0000000000000010 0000000000000008
0x000000e699cf4128:   0000000000000002 0000020c09780000
0x000000e699cf4138:   000000e699cf41f9 0000000000000001
0x000000e699cf4148:   00007ffed767b3c7 0000020c096a0000
0x000000e699cf4158:   00007ffe00000000 0000000000000008
0x000000e699cf4168:   0000020c00000000 0000e1d0804c55f1
0x000000e699cf4178:   0000000300000003 0000000203f6c210
0x000000e699cf4188:   000000e699cf42f8 0000020ca4ddebf0
0x000000e699cf4198:   000000e699cf4229 000000e699cf42e0
0x000000e699cf41a8:   00007ffe5b995fc7 000000000000004f 

Instructions: (pc=0x00007ffe5bcc3370)
0x00007ffe5bcc3350:   00 00 00 00 ff ff ff ff 00 00 00 00 40 00 00 00
0x00007ffe5bcc3360:   20 33 45 00 00 00 00 00 00 00 00 00 00 00 00 00
0x00007ffe5bcc3370:   01 00 00 00 00 00 00 00 00 00 00 00 10 8a 58 00
0x00007ffe5bcc3380:   98 33 45 00 70 33 45 00 00 00 00 00 00 00 00 00 



---------------  P R O C E S S  ---------------

Java Threads: ( => current thread )
  0x0000020c3da4a000 JavaThread "Relaunch Simulation" [_thread_in_native, id=11728, stack(0x000000e69b900000,0x000000e69be00000)]
  0x0000020c1251f800 JavaThread "Monitor File Timestamp Swing Worker" [_thread_blocked, id=10268, stack(0x000000e69eb00000,0x000000e69f000000)]
  0x0000020c1251e000 JavaThread "Timer-1" [_thread_blocked, id=4800, stack(0x000000e69e100000,0x000000e69e600000)]
  0x0000020c3da48800 JavaThread "Image Animator 0" daemon [_thread_blocked, id=6796, stack(0x000000e69e600000,0x000000e69eb00000)]
  0x0000020c3da49800 JavaThread "Monitor File Timestamp Swing Worker" [_thread_blocked, id=12632, stack(0x000000e69dc00000,0x000000e69e100000)]
  0x0000020c3da4c800 JavaThread "Timer-0" [_thread_blocked, id=9732, stack(0x000000e69d700000,0x000000e69dc00000)]
  0x0000020c3da47000 JavaThread "SyntheticaAnimation 50" daemon [_thread_blocked, id=20296, stack(0x000000e699d00000,0x000000e69a200000)]
  0x0000020c3da46800 JavaThread "Update Runs Swing Worker" [_thread_blocked, id=14888, stack(0x000000e69d200000,0x000000e69d700000)]
  0x0000020c3da40000 JavaThread "hw_ila_monitor" [_thread_blocked, id=14880, stack(0x000000e69c800000,0x000000e69cd00000)]
  0x0000020c3da45000 JavaThread "Refresh Filesets Swing Worker" [_thread_blocked, id=19576, stack(0x000000e69c300000,0x000000e69c800000)]
  0x0000020c1251f000 JavaThread "SyntheticaAnimation 70" daemon [_thread_blocked, id=15212, stack(0x000000e69be00000,0x000000e69c300000)]
  0x0000020c12520800 JavaThread "SyntheticaAnimation 25" daemon [_thread_blocked, id=17200, stack(0x000000e69b400000,0x000000e69b900000)]
  0x0000020c1251d800 JavaThread "SyntheticaAnimation 50" daemon [_thread_blocked, id=14492, stack(0x000000e69af00000,0x000000e69b400000)]
  0x0000020c12524000 JavaThread "Monitor HEventQueue" [_thread_blocked, id=14436, stack(0x000000e69aa00000,0x000000e69af00000)]
  0x0000020c12522800 JavaThread "SyntheticaCleanerThread" daemon [_thread_blocked, id=7444, stack(0x000000e69a200000,0x000000e69a700000)]
  0x0000020c12522000 JavaThread "Batik CleanerThread" daemon [_thread_blocked, id=17344, stack(0x000000e698e00000,0x000000e699300000)]
=>0x0000020c36851000 JavaThread "AWT-EventQueue-1" [_thread_in_native, id=7804, stack(0x000000e699800000,0x000000e699d00000)]
  0x0000020c36a31000 JavaThread "Process Messages" [_thread_blocked, id=7796, stack(0x000000e699300000,0x000000e699800000)]
  0x0000020c36a32000 JavaThread "Thread-1" [_thread_in_native, id=11152, stack(0x000000e691c00000,0x000000e693000000)]
  0x0000020c3662f800 JavaThread "TimerQueue" daemon [_thread_blocked, id=15080, stack(0x000000e698400000,0x000000e698900000)]
  0x0000020c35f94000 JavaThread "AWT-Windows" daemon [_thread_in_native, id=13992, stack(0x000000e697f00000,0x000000e698400000)]
  0x0000020c361a6800 JavaThread "AWT-Shutdown" [_thread_blocked, id=13984, stack(0x000000e697a00000,0x000000e697f00000)]
  0x0000020c361a5800 JavaThread "Java2D Disposer" daemon [_thread_blocked, id=8700, stack(0x000000e697500000,0x000000e697a00000)]
  0x0000020c0e0e3000 JavaThread "Service Thread" daemon [_thread_blocked, id=7160, stack(0x000000e696f00000,0x000000e697400000)]
  0x0000020c13e27800 JavaThread "Common-Cleaner" daemon [_thread_blocked, id=8016, stack(0x000000e696a00000,0x000000e696f00000)]
  0x0000020c12523800 JavaThread "Sweeper thread" daemon [_thread_blocked, id=17228, stack(0x000000e696500000,0x000000e696a00000)]
  0x0000020c13f8f800 JavaThread "C1 CompilerThread3" daemon [_thread_blocked, id=15004, stack(0x000000e696400000,0x000000e696500000)]
  0x0000020c12325000 JavaThread "C2 CompilerThread2" daemon [_thread_blocked, id=2484, stack(0x000000e696300000,0x000000e696400000)]
  0x0000020c12324800 JavaThread "C2 CompilerThread1" daemon [_thread_blocked, id=8656, stack(0x000000e696200000,0x000000e696300000)]
  0x0000020c0dd9d000 JavaThread "C2 CompilerThread0" daemon [_thread_blocked, id=19248, stack(0x000000e696100000,0x000000e696200000)]
  0x0000020c0dd9c800 JavaThread "Attach Listener" daemon [_thread_blocked, id=11020, stack(0x000000e695c00000,0x000000e696100000)]
  0x0000020c11999000 JavaThread "Signal Dispatcher" daemon [_thread_blocked, id=8632, stack(0x000000e695700000,0x000000e695c00000)]
  0x0000020c1769d800 JavaThread "Finalizer" daemon [_thread_blocked, id=3524, stack(0x000000e695200000,0x000000e695700000)]
  0x0000020c17d8d000 JavaThread "Reference Handler" daemon [_thread_blocked, id=4528, stack(0x000000e694d00000,0x000000e695200000)]
  0x0000020c1830d800 JavaThread "main" [_thread_blocked, id=5128, stack(0x000000e691b00000,0x000000e691c00000)]

Other Threads:
  0x0000020c17b2b000 VMThread "VM Thread" [stack: 0x000000e694c00000,0x000000e694d00000] [id=14208]
  0x0000020c0e22d800 WatcherThread [stack: 0x000000e697400000,0x000000e697500000] [id=6012]
  0x0000020c13e34000 GCTaskThread "GC Thread#0" [stack: 0x000000e693300000,0x000000e693400000] [id=2852]
  0x0000020c13a3a000 GCTaskThread "GC Thread#1" [stack: 0x000000e693400000,0x000000e693500000] [id=1796]
  0x0000020c13a34800 GCTaskThread "GC Thread#2" [stack: 0x000000e693500000,0x000000e693600000] [id=11356]
  0x0000020c13a3b000 GCTaskThread "GC Thread#3" [stack: 0x000000e693600000,0x000000e693700000] [id=3460]
  0x0000020c13a35000 GCTaskThread "GC Thread#4" [stack: 0x000000e693700000,0x000000e693800000] [id=6604]
  0x0000020c13a35800 GCTaskThread "GC Thread#5" [stack: 0x000000e693800000,0x000000e693900000] [id=9148]
  0x0000020c13a38000 GCTaskThread "GC Thread#6" [stack: 0x000000e693900000,0x000000e693a00000] [id=2092]
  0x0000020c13a36000 GCTaskThread "GC Thread#7" [stack: 0x000000e693a00000,0x000000e693b00000] [id=5172]
  0x0000020c13a37000 GCTaskThread "GC Thread#8" [stack: 0x000000e693b00000,0x000000e693c00000] [id=6180]
  0x0000020c13a37800 GCTaskThread "GC Thread#9" [stack: 0x000000e693c00000,0x000000e693d00000] [id=6200]
  0x0000020c109f7800 ConcurrentGCThread "G1 Main Marker" [stack: 0x000000e694800000,0x000000e694900000] [id=17148]
  0x0000020c13a3a800 ConcurrentGCThread "G1 Marker#0" [stack: 0x000000e694900000,0x000000e694a00000] [id=8972]
  0x0000020c13a38800 ConcurrentGCThread "G1 Marker#1" [stack: 0x000000e694a00000,0x000000e694b00000] [id=14592]
  0x0000020c13a39800 ConcurrentGCThread "G1 Marker#2" [stack: 0x000000e694b00000,0x000000e694c00000] [id=19644]
  0x0000020c11c91800 ConcurrentGCThread "G1 Refine#0" [stack: 0x000000e694600000,0x000000e694700000] [id=17528]
  0x0000020c11c91000 ConcurrentGCThread "G1 Refine#1" [stack: 0x000000e694500000,0x000000e694600000] [id=6000]
  0x0000020c13a40800 ConcurrentGCThread "G1 Refine#2" [stack: 0x000000e694400000,0x000000e694500000] [id=5644]
  0x0000020c11c90800 ConcurrentGCThread "G1 Refine#3" [stack: 0x000000e694300000,0x000000e694400000] [id=11228]
  0x0000020c1811e800 ConcurrentGCThread "G1 Refine#4" [stack: 0x000000e694200000,0x000000e694300000] [id=11912]
  0x0000020c1811d800 ConcurrentGCThread "G1 Refine#5" [stack: 0x000000e694100000,0x000000e694200000] [id=4768]
  0x0000020c13f04800 ConcurrentGCThread "G1 Refine#6" [stack: 0x000000e694000000,0x000000e694100000] [id=4772]
  0x0000020c13f04000 ConcurrentGCThread "G1 Refine#7" [stack: 0x000000e693f00000,0x000000e694000000] [id=11972]
  0x0000020c13f03800 ConcurrentGCThread "G1 Refine#8" [stack: 0x000000e693e00000,0x000000e693f00000] [id=7808]
  0x0000020c110ee800 ConcurrentGCThread "G1 Refine#9" [stack: 0x000000e693d00000,0x000000e693e00000] [id=5816]
  0x0000020c124b7800 ConcurrentGCThread "G1 Young RemSet Sampling" [stack: 0x000000e694700000,0x000000e694800000] [id=17736]

Threads with active compile tasks:

VM state:not at safepoint (normal execution)

VM Mutex/Monitor currently owned by a thread: None

Heap address: 0x0000000700000000, size: 3072 MB, Compressed Oops mode: Zero based, Oop shift amount: 3
Narrow klass base: 0x0000000000000000, Narrow klass shift: 3
Compressed class space size: 1073741824 Address: 0x00000007c0000000

Heap:
 garbage-first heap   total 191488K, used 93699K [0x0000000700000000, 0x00000007001005d8, 0x00000007c0000000)
  region size 1024K, 14 young (14336K), 1 survivors (1024K)
 Metaspace       used 81718K, capacity 87661K, committed 87964K, reserved 1124352K
  class space    used 11137K, capacity 12149K, committed 12240K, reserved 1048576K
Heap Regions: E=young(eden), S=young(survivor), O=old, HS=humongous(starts), HC=humongous(continues), CS=collection set, F=free, A=archive, TS=gc time stamp, AC=allocation context, TAMS=top-at-mark-start (previous, next)
|   0|0x0000000700000000, 0x00000007000ff8a8, 0x0000000700100000| 99%| O|  |TS  0|AC  0|TAMS 0x0000000700000000, 0x0000000700000000|
|   1|0x0000000700100000, 0x0000000700200000, 0x0000000700200000|100%|HS|  |TS  0|AC  0|TAMS 0x0000000700100000, 0x0000000700100000|
|   2|0x0000000700200000, 0x0000000700300000, 0x0000000700300000|100%|HC|  |TS  0|AC  0|TAMS 0x0000000700200000, 0x0000000700200000|
|   3|0x0000000700300000, 0x0000000700400000, 0x0000000700400000|100%|HS|  |TS  0|AC  0|TAMS 0x0000000700300000, 0x0000000700300000|
|   4|0x0000000700400000, 0x00000007004fef78, 0x0000000700500000| 99%| O|  |TS  0|AC  0|TAMS 0x0000000700400000, 0x0000000700400000|
|   5|0x0000000700500000, 0x00000007005ffff8, 0x0000000700600000| 99%| O|  |TS  0|AC  0|TAMS 0x0000000700500000, 0x0000000700500000|
|   6|0x0000000700600000, 0x0000000700700000, 0x0000000700700000|100%| O|  |TS  0|AC  0|TAMS 0x0000000700600000, 0x0000000700600000|
|   7|0x0000000700700000, 0x00000007007fffd0, 0x0000000700800000| 99%| O|  |TS  0|AC  0|TAMS 0x0000000700700000, 0x0000000700700000|
|   8|0x0000000700800000, 0x00000007008fffe0, 0x0000000700900000| 99%| O|  |TS  0|AC  0|TAMS 0x0000000700800000, 0x0000000700800000|
|   9|0x0000000700900000, 0x00000007009f0d70, 0x0000000700a00000| 94%| O|  |TS  0|AC  0|TAMS 0x0000000700900000, 0x0000000700900000|
|  10|0x0000000700a00000, 0x0000000700aed858, 0x0000000700b00000| 92%| O|  |TS  0|AC  0|TAMS 0x0000000700a00000, 0x0000000700a00000|
|  11|0x0000000700b00000, 0x0000000700c00000, 0x0000000700c00000|100%| O|  |TS  0|AC  0|TAMS 0x0000000700b00000, 0x0000000700b00000|
|  12|0x0000000700c00000, 0x0000000700cddee8, 0x0000000700d00000| 86%| O|  |TS  0|AC  0|TAMS 0x0000000700c00000, 0x0000000700c00000|
|  13|0x0000000700d00000, 0x0000000700dff160, 0x0000000700e00000| 99%| O|  |TS  0|AC  0|TAMS 0x0000000700d00000, 0x0000000700d00000|
|  14|0x0000000700e00000, 0x0000000700efb600, 0x0000000700f00000| 98%| O|  |TS  0|AC  0|TAMS 0x0000000700e00000, 0x0000000700e00000|
|  15|0x0000000700f00000, 0x0000000700ff65f8, 0x0000000701000000| 96%| O|  |TS  0|AC  0|TAMS 0x0000000700f00000, 0x0000000700f00000|
|  16|0x0000000701000000, 0x00000007010ffff0, 0x0000000701100000| 99%| O|  |TS  0|AC  0|TAMS 0x0000000701000000, 0x0000000701000000|
|  17|0x0000000701100000, 0x00000007011ffff8, 0x0000000701200000| 99%| O|  |TS  0|AC  0|TAMS 0x0000000701100000, 0x0000000701100000|
|  18|0x0000000701200000, 0x0000000701300000, 0x0000000701300000|100%| O|  |TS  0|AC  0|TAMS 0x0000000701200000, 0x0000000701200000|
|  19|0x0000000701300000, 0x0000000701400000, 0x0000000701400000|100%| O|  |TS  0|AC  0|TAMS 0x0000000701300000, 0x0000000701300000|
|  20|0x0000000701400000, 0x00000007014fd6e0, 0x0000000701500000| 98%| O|  |TS  0|AC  0|TAMS 0x0000000701400000, 0x0000000701400000|
|  21|0x0000000701500000, 0x00000007015ffe68, 0x0000000701600000| 99%| O|  |TS  0|AC  0|TAMS 0x0000000701500000, 0x0000000701500000|
|  22|0x0000000701600000, 0x00000007016fffe8, 0x0000000701700000| 99%| O|  |TS  0|AC  0|TAMS 0x0000000701600000, 0x0000000701600000|
|  23|0x0000000701700000, 0x00000007017fffb8, 0x0000000701800000| 99%| O|  |TS  0|AC  0|TAMS 0x0000000701700000, 0x0000000701700000|
|  24|0x0000000701800000, 0x00000007018fffb8, 0x0000000701900000| 99%| O|  |TS  0|AC  0|TAMS 0x0000000701800000, 0x0000000701800000|
|  25|0x0000000701900000, 0x00000007019ffff0, 0x0000000701a00000| 99%| O|  |TS  0|AC  0|TAMS 0x0000000701900000, 0x0000000701900000|
|  26|0x0000000701a00000, 0x0000000701afffe8, 0x0000000701b00000| 99%| O|  |TS  0|AC  0|TAMS 0x0000000701a00000, 0x0000000701a00000|
|  27|0x0000000701b00000, 0x0000000701bfc908, 0x0000000701c00000| 98%| O|  |TS  0|AC  0|TAMS 0x0000000701b00000, 0x0000000701b00000|
|  28|0x0000000701c00000, 0x0000000701cfffe0, 0x0000000701d00000| 99%| O|  |TS  0|AC  0|TAMS 0x0000000701c00000, 0x0000000701c00000|
|  29|0x0000000701d00000, 0x0000000701dfffd8, 0x0000000701e00000| 99%| O|  |TS  0|AC  0|TAMS 0x0000000701d00000, 0x0000000701d00000|
|  30|0x0000000701e00000, 0x0000000701effff0, 0x0000000701f00000| 99%| O|  |TS  0|AC  0|TAMS 0x0000000701e00000, 0x0000000701e00000|
|  31|0x0000000701f00000, 0x0000000701fffff8, 0x0000000702000000| 99%| O|  |TS  0|AC  0|TAMS 0x0000000701f00000, 0x0000000701f00000|
|  32|0x0000000702000000, 0x00000007020fff30, 0x0000000702100000| 99%| O|  |TS  0|AC  0|TAMS 0x0000000702000000, 0x0000000702000000|
|  33|0x0000000702100000, 0x00000007021fe808, 0x0000000702200000| 99%| O|  |TS  0|AC  0|TAMS 0x0000000702100000, 0x0000000702100000|
|  34|0x0000000702200000, 0x0000000702300000, 0x0000000702300000|100%| O|  |TS  0|AC  0|TAMS 0x0000000702200000, 0x0000000702200000|
|  35|0x0000000702300000, 0x00000007023ffff8, 0x0000000702400000| 99%| O|  |TS  0|AC  0|TAMS 0x0000000702300000, 0x0000000702300000|
|  36|0x0000000702400000, 0x00000007024ffdf0, 0x0000000702500000| 99%| O|  |TS  0|AC  0|TAMS 0x0000000702400000, 0x0000000702400000|
|  37|0x0000000702500000, 0x00000007025ffff0, 0x0000000702600000| 99%| O|  |TS  0|AC  0|TAMS 0x0000000702500000, 0x0000000702500000|
|  38|0x0000000702600000, 0x00000007026fffc8, 0x0000000702700000| 99%| O|  |TS  0|AC  0|TAMS 0x0000000702600000, 0x0000000702600000|
|  39|0x0000000702700000, 0x00000007027fffd0, 0x0000000702800000| 99%| O|  |TS  0|AC  0|TAMS 0x0000000702700000, 0x0000000702700000|
|  40|0x0000000702800000, 0x00000007028ffff0, 0x0000000702900000| 99%| O|  |TS  0|AC  0|TAMS 0x0000000702800000, 0x0000000702800000|
|  41|0x0000000702900000, 0x00000007029ffff8, 0x0000000702a00000| 99%| O|  |TS  0|AC  0|TAMS 0x0000000702900000, 0x0000000702900000|
|  42|0x0000000702a00000, 0x0000000702b00000, 0x0000000702b00000|100%| O|  |TS  0|AC  0|TAMS 0x0000000702a00000, 0x0000000702a00000|
|  43|0x0000000702b00000, 0x0000000702bffff0, 0x0000000702c00000| 99%| O|  |TS  0|AC  0|TAMS 0x0000000702b00000, 0x0000000702b00000|
|  44|0x0000000702c00000, 0x0000000702cffff0, 0x0000000702d00000| 99%| O|  |TS  0|AC  0|TAMS 0x0000000702c00000, 0x0000000702c00000|
|  45|0x0000000702d00000, 0x0000000702e00000, 0x0000000702e00000|100%|HS|  |TS  0|AC  0|TAMS 0x0000000702d00000, 0x0000000702d00000|
|  46|0x0000000702e00000, 0x0000000702f00000, 0x0000000702f00000|100%|HC|  |TS  0|AC  0|TAMS 0x0000000702e00000, 0x0000000702e00000|
|  47|0x0000000702f00000, 0x0000000703000000, 0x0000000703000000|100%|HC|  |TS  0|AC  0|TAMS 0x0000000702f00000, 0x0000000702f00000|
|  48|0x0000000703000000, 0x0000000703100000, 0x0000000703100000|100%|HC|  |TS  0|AC  0|TAMS 0x0000000703000000, 0x0000000703000000|
|  49|0x0000000703100000, 0x0000000703200000, 0x0000000703200000|100%|HC|  |TS  0|AC  0|TAMS 0x0000000703100000, 0x0000000703100000|
|  50|0x0000000703200000, 0x0000000703300000, 0x0000000703300000|100%|HC|  |TS  0|AC  0|TAMS 0x0000000703200000, 0x0000000703200000|
|  51|0x0000000703300000, 0x0000000703400000, 0x0000000703400000|100%|HC|  |TS  0|AC  0|TAMS 0x0000000703300000, 0x0000000703300000|
|  52|0x0000000703400000, 0x0000000703500000, 0x0000000703500000|100%|HC|  |TS  0|AC  0|TAMS 0x0000000703400000, 0x0000000703400000|
|  53|0x0000000703500000, 0x0000000703600000, 0x0000000703600000|100%|HC|  |TS  0|AC  0|TAMS 0x0000000703500000, 0x0000000703500000|
|  54|0x0000000703600000, 0x0000000703700000, 0x0000000703700000|100%|HC|  |TS  0|AC  0|TAMS 0x0000000703600000, 0x0000000703600000|
|  55|0x0000000703700000, 0x0000000703800000, 0x0000000703800000|100%|HC|  |TS  0|AC  0|TAMS 0x0000000703700000, 0x0000000703700000|
|  56|0x0000000703800000, 0x00000007038ffff8, 0x0000000703900000| 99%| O|  |TS  0|AC  0|TAMS 0x0000000703800000, 0x0000000703800000|
|  57|0x0000000703900000, 0x00000007039fff20, 0x0000000703a00000| 99%| O|  |TS  0|AC  0|TAMS 0x0000000703900000, 0x0000000703900000|
|  58|0x0000000703a00000, 0x0000000703afffc8, 0x0000000703b00000| 99%| O|  |TS  0|AC  0|TAMS 0x0000000703a00000, 0x0000000703a00000|
|  59|0x0000000703b00000, 0x0000000703c00000, 0x0000000703c00000|100%| O|  |TS  0|AC  0|TAMS 0x0000000703b00000, 0x0000000703b00000|
|  60|0x0000000703c00000, 0x0000000703cfffc0, 0x0000000703d00000| 99%| O|  |TS  0|AC  0|TAMS 0x0000000703c00000, 0x0000000703c00000|
|  61|0x0000000703d00000, 0x0000000703dfffe8, 0x0000000703e00000| 99%| O|  |TS  0|AC  0|TAMS 0x0000000703d00000, 0x0000000703d00000|
|  62|0x0000000703e00000, 0x0000000703effff8, 0x0000000703f00000| 99%| O|  |TS  0|AC  0|TAMS 0x0000000703e00000, 0x0000000703e00000|
|  63|0x0000000703f00000, 0x0000000704000000, 0x0000000704000000|100%| O|  |TS  0|AC  0|TAMS 0x0000000703f00000, 0x0000000703f00000|
|  64|0x0000000704000000, 0x00000007040fe188, 0x0000000704100000| 99%| O|  |TS  0|AC  0|TAMS 0x0000000704000000, 0x0000000704000000|
|  65|0x0000000704100000, 0x00000007041fffd8, 0x0000000704200000| 99%| O|  |TS  0|AC  0|TAMS 0x0000000704100000, 0x0000000704100000|
|  66|0x0000000704200000, 0x00000007042ffff0, 0x0000000704300000| 99%| O|  |TS  0|AC  0|TAMS 0x0000000704200000, 0x0000000704200000|
|  67|0x0000000704300000, 0x00000007043ffff8, 0x0000000704400000| 99%| O|  |TS  0|AC  0|TAMS 0x0000000704300000, 0x0000000704300000|
|  68|0x0000000704400000, 0x00000007044fe550, 0x0000000704500000| 99%| O|  |TS  0|AC  0|TAMS 0x0000000704400000, 0x0000000704400000|
|  69|0x0000000704500000, 0x0000000704600000, 0x0000000704600000|100%|HS|  |TS  0|AC  0|TAMS 0x0000000704500000, 0x0000000704500000|
|  70|0x0000000704600000, 0x0000000704700000, 0x0000000704700000|100%|HC|  |TS  0|AC  0|TAMS 0x0000000704600000, 0x0000000704600000|
|  71|0x0000000704700000, 0x0000000704800000, 0x0000000704800000|100%|HC|  |TS  0|AC  0|TAMS 0x0000000704700000, 0x0000000704700000|
|  72|0x0000000704800000, 0x0000000704800000, 0x0000000704900000|  0%| F|  |TS  0|AC  0|TAMS 0x0000000704800000, 0x0000000704800000|
|  73|0x0000000704900000, 0x0000000704a00000, 0x0000000704a00000|100%|HS|  |TS  0|AC  0|TAMS 0x0000000704900000, 0x0000000704900000|
|  74|0x0000000704a00000, 0x0000000704b00000, 0x0000000704b00000|100%|HC|  |TS  0|AC  0|TAMS 0x0000000704a00000, 0x0000000704a00000|
|  75|0x0000000704b00000, 0x0000000704c00000, 0x0000000704c00000|100%|HC|  |TS  0|AC  0|TAMS 0x0000000704b00000, 0x0000000704b00000|
|  76|0x0000000704c00000, 0x0000000704d00000, 0x0000000704d00000|100%|HC|  |TS  0|AC  0|TAMS 0x0000000704c00000, 0x0000000704c00000|
|  77|0x0000000704d00000, 0x0000000704d00000, 0x0000000704e00000|  0%| F|  |TS  0|AC  0|TAMS 0x0000000704d00000, 0x0000000704d00000|
|  78|0x0000000704e00000, 0x0000000704e00000, 0x0000000704f00000|  0%| F|  |TS  0|AC  0|TAMS 0x0000000704e00000, 0x0000000704e00000|
|  79|0x0000000704f00000, 0x0000000704f00000, 0x0000000705000000|  0%| F|  |TS  0|AC  0|TAMS 0x0000000704f00000, 0x0000000704f00000|
|  80|0x0000000705000000, 0x0000000705000000, 0x0000000705100000|  0%| F|  |TS  0|AC  0|TAMS 0x0000000705000000, 0x0000000705000000|
|  81|0x0000000705100000, 0x0000000705100000, 0x0000000705200000|  0%| F|  |TS  0|AC  0|TAMS 0x0000000705100000, 0x0000000705100000|
|  82|0x0000000705200000, 0x0000000705200000, 0x0000000705300000|  0%| F|  |TS  0|AC  0|TAMS 0x0000000705200000, 0x0000000705200000|
|  83|0x0000000705300000, 0x0000000705300000, 0x0000000705400000|  0%| F|  |TS  0|AC  0|TAMS 0x0000000705300000, 0x0000000705300000|
|  84|0x0000000705400000, 0x0000000705400000, 0x0000000705500000|  0%| F|  |TS  0|AC  0|TAMS 0x0000000705400000, 0x0000000705400000|
|  85|0x0000000705500000, 0x0000000705500000, 0x0000000705600000|  0%| F|  |TS  0|AC  0|TAMS 0x0000000705500000, 0x0000000705500000|
|  86|0x0000000705600000, 0x0000000705600000, 0x0000000705700000|  0%| F|  |TS  0|AC  0|TAMS 0x0000000705600000, 0x0000000705600000|
|  87|0x0000000705700000, 0x0000000705800000, 0x0000000705800000|100%|HS|  |TS  0|AC  0|TAMS 0x0000000705700000, 0x0000000705700000|
|  88|0x0000000705800000, 0x0000000705900000, 0x0000000705900000|100%|HC|  |TS  0|AC  0|TAMS 0x0000000705800000, 0x0000000705800000|
|  89|0x0000000705900000, 0x0000000705a00000, 0x0000000705a00000|100%|HC|  |TS  0|AC  0|TAMS 0x0000000705900000, 0x0000000705900000|
|  90|0x0000000705a00000, 0x0000000705a00000, 0x0000000705b00000|  0%| F|  |TS  0|AC  0|TAMS 0x0000000705a00000, 0x0000000705a00000|
|  91|0x0000000705b00000, 0x0000000705b00000, 0x0000000705c00000|  0%| F|  |TS  0|AC  0|TAMS 0x0000000705b00000, 0x0000000705b00000|
|  92|0x0000000705c00000, 0x0000000705c00000, 0x0000000705d00000|  0%| F|  |TS  0|AC  0|TAMS 0x0000000705c00000, 0x0000000705c00000|
|  93|0x0000000705d00000, 0x0000000705d00000, 0x0000000705e00000|  0%| F|  |TS  0|AC  0|TAMS 0x0000000705d00000, 0x0000000705d00000|
|  94|0x0000000705e00000, 0x0000000705e00000, 0x0000000705f00000|  0%| F|  |TS  0|AC  0|TAMS 0x0000000705e00000, 0x0000000705e00000|
|  95|0x0000000705f00000, 0x0000000705f00000, 0x0000000706000000|  0%| F|  |TS  0|AC  0|TAMS 0x0000000705f00000, 0x0000000705f00000|
|  96|0x0000000706000000, 0x0000000706000000, 0x0000000706100000|  0%| F|  |TS  0|AC  0|TAMS 0x0000000706000000, 0x0000000706000000|
|  97|0x0000000706100000, 0x0000000706100000, 0x0000000706200000|  0%| F|  |TS  0|AC  0|TAMS 0x0000000706100000, 0x0000000706100000|
|  98|0x0000000706200000, 0x0000000706200000, 0x0000000706300000|  0%| F|  |TS  0|AC  0|TAMS 0x0000000706200000, 0x0000000706200000|
|  99|0x0000000706300000, 0x0000000706300000, 0x0000000706400000|  0%| F|  |TS  0|AC  0|TAMS 0x0000000706300000, 0x0000000706300000|
| 100|0x0000000706400000, 0x0000000706400000, 0x0000000706500000|  0%| F|  |TS  0|AC  0|TAMS 0x0000000706400000, 0x0000000706400000|
| 101|0x0000000706500000, 0x0000000706500000, 0x0000000706600000|  0%| F|  |TS  0|AC  0|TAMS 0x0000000706500000, 0x0000000706500000|
| 102|0x0000000706600000, 0x0000000706600000, 0x0000000706700000|  0%| F|  |TS  0|AC  0|TAMS 0x0000000706600000, 0x0000000706600000|
| 103|0x0000000706700000, 0x0000000706700000, 0x0000000706800000|  0%| F|  |TS  0|AC  0|TAMS 0x0000000706700000, 0x0000000706700000|
| 104|0x0000000706800000, 0x0000000706800000, 0x0000000706900000|  0%| F|  |TS  0|AC  0|TAMS 0x0000000706800000, 0x0000000706800000|
| 105|0x0000000706900000, 0x0000000706900000, 0x0000000706a00000|  0%| F|  |TS  0|AC  0|TAMS 0x0000000706900000, 0x0000000706900000|
| 106|0x0000000706a00000, 0x0000000706a00000, 0x0000000706b00000|  0%| F|  |TS  0|AC  0|TAMS 0x0000000706a00000, 0x0000000706a00000|
| 107|0x0000000706b00000, 0x0000000706b00000, 0x0000000706c00000|  0%| F|  |TS  0|AC  0|TAMS 0x0000000706b00000, 0x0000000706b00000|
| 108|0x0000000706c00000, 0x0000000706c00000, 0x0000000706d00000|  0%| F|  |TS  0|AC  0|TAMS 0x0000000706c00000, 0x0000000706c00000|
| 109|0x0000000706d00000, 0x0000000706d00000, 0x0000000706e00000|  0%| F|  |TS  0|AC  0|TAMS 0x0000000706d00000, 0x0000000706d00000|
| 110|0x0000000706e00000, 0x0000000706e00000, 0x0000000706f00000|  0%| F|  |TS  0|AC  0|TAMS 0x0000000706e00000, 0x0000000706e00000|
| 111|0x0000000706f00000, 0x0000000706f00000, 0x0000000707000000|  0%| F|  |TS  0|AC  0|TAMS 0x0000000706f00000, 0x0000000706f00000|
| 112|0x0000000707000000, 0x0000000707000000, 0x0000000707100000|  0%| F|  |TS  0|AC  0|TAMS 0x0000000707000000, 0x0000000707000000|
| 113|0x0000000707100000, 0x0000000707100000, 0x0000000707200000|  0%| F|  |TS  0|AC  0|TAMS 0x0000000707100000, 0x0000000707100000|
| 114|0x0000000707200000, 0x0000000707200000, 0x0000000707300000|  0%| F|  |TS  0|AC  0|TAMS 0x0000000707200000, 0x0000000707200000|
| 115|0x0000000707300000, 0x0000000707300000, 0x0000000707400000|  0%| F|  |TS  0|AC  0|TAMS 0x0000000707300000, 0x0000000707300000|
| 116|0x0000000707400000, 0x0000000707400000, 0x0000000707500000|  0%| F|  |TS  0|AC  0|TAMS 0x0000000707400000, 0x0000000707400000|
| 117|0x0000000707500000, 0x0000000707500000, 0x0000000707600000|  0%| F|  |TS  0|AC  0|TAMS 0x0000000707500000, 0x0000000707500000|
| 118|0x0000000707600000, 0x0000000707600000, 0x0000000707700000|  0%| F|  |TS  0|AC  0|TAMS 0x0000000707600000, 0x0000000707600000|
| 119|0x0000000707700000, 0x0000000707700000, 0x0000000707800000|  0%| F|  |TS  0|AC  0|TAMS 0x0000000707700000, 0x0000000707700000|
| 120|0x0000000707800000, 0x0000000707800000, 0x0000000707900000|  0%| F|  |TS  0|AC  0|TAMS 0x0000000707800000, 0x0000000707800000|
| 121|0x0000000707900000, 0x0000000707900000, 0x0000000707a00000|  0%| F|  |TS  0|AC  0|TAMS 0x0000000707900000, 0x0000000707900000|
| 122|0x0000000707a00000, 0x0000000707a00000, 0x0000000707b00000|  0%| F|  |TS  0|AC  0|TAMS 0x0000000707a00000, 0x0000000707a00000|
| 123|0x0000000707b00000, 0x0000000707b00000, 0x0000000707c00000|  0%| F|  |TS  0|AC  0|TAMS 0x0000000707b00000, 0x0000000707b00000|
| 124|0x0000000707c00000, 0x0000000707c00000, 0x0000000707d00000|  0%| F|  |TS  0|AC  0|TAMS 0x0000000707c00000, 0x0000000707c00000|
| 125|0x0000000707d00000, 0x0000000707d00000, 0x0000000707e00000|  0%| F|  |TS  0|AC  0|TAMS 0x0000000707d00000, 0x0000000707d00000|
| 126|0x0000000707e00000, 0x0000000707e00000, 0x0000000707f00000|  0%| F|  |TS 11|AC  0|TAMS 0x0000000707e00000, 0x0000000707e00000|
| 127|0x0000000707f00000, 0x0000000707fe0db8, 0x0000000708000000| 87%| S|CS|TS 11|AC  0|TAMS 0x0000000707f00000, 0x0000000707f00000|
| 128|0x0000000708000000, 0x0000000708000000, 0x0000000708100000|  0%| F|  |TS 11|AC  0|TAMS 0x0000000708000000, 0x0000000708000000|
| 129|0x0000000708100000, 0x0000000708100000, 0x0000000708200000|  0%| F|  |TS 11|AC  0|TAMS 0x0000000708100000, 0x0000000708100000|
| 130|0x0000000708200000, 0x0000000708200000, 0x0000000708300000|  0%| F|  |TS 11|AC  0|TAMS 0x0000000708200000, 0x0000000708200000|
| 131|0x0000000708300000, 0x0000000708300000, 0x0000000708400000|  0%| F|  |TS 11|AC  0|TAMS 0x0000000708300000, 0x0000000708300000|
| 132|0x0000000708400000, 0x0000000708400000, 0x0000000708500000|  0%| F|  |TS 11|AC  0|TAMS 0x0000000708400000, 0x0000000708400000|
| 133|0x0000000708500000, 0x0000000708500000, 0x0000000708600000|  0%| F|  |TS 11|AC  0|TAMS 0x0000000708500000, 0x0000000708500000|
| 134|0x0000000708600000, 0x0000000708600000, 0x0000000708700000|  0%| F|  |TS 11|AC  0|TAMS 0x0000000708600000, 0x0000000708600000|
| 135|0x0000000708700000, 0x0000000708700000, 0x0000000708800000|  0%| F|  |TS 11|AC  0|TAMS 0x0000000708700000, 0x0000000708700000|
| 136|0x0000000708800000, 0x0000000708800000, 0x0000000708900000|  0%| F|  |TS 11|AC  0|TAMS 0x0000000708800000, 0x0000000708800000|
| 137|0x0000000708900000, 0x0000000708900000, 0x0000000708a00000|  0%| F|  |TS 11|AC  0|TAMS 0x0000000708900000, 0x0000000708900000|
| 138|0x0000000708a00000, 0x0000000708a00000, 0x0000000708b00000|  0%| F|  |TS 11|AC  0|TAMS 0x0000000708a00000, 0x0000000708a00000|
| 139|0x0000000708b00000, 0x0000000708b00000, 0x0000000708c00000|  0%| F|  |TS 11|AC  0|TAMS 0x0000000708b00000, 0x0000000708b00000|
| 140|0x0000000708c00000, 0x0000000708c00000, 0x0000000708d00000|  0%| F|  |TS 11|AC  0|TAMS 0x0000000708c00000, 0x0000000708c00000|
| 141|0x0000000708d00000, 0x0000000708d00000, 0x0000000708e00000|  0%| F|  |TS 11|AC  0|TAMS 0x0000000708d00000, 0x0000000708d00000|
| 142|0x0000000708e00000, 0x0000000708e00000, 0x0000000708f00000|  0%| F|  |TS 11|AC  0|TAMS 0x0000000708e00000, 0x0000000708e00000|
| 143|0x0000000708f00000, 0x0000000708f00000, 0x0000000709000000|  0%| F|  |TS 11|AC  0|TAMS 0x0000000708f00000, 0x0000000708f00000|
| 144|0x0000000709000000, 0x0000000709000000, 0x0000000709100000|  0%| F|  |TS 11|AC  0|TAMS 0x0000000709000000, 0x0000000709000000|
| 145|0x0000000709100000, 0x0000000709100000, 0x0000000709200000|  0%| F|  |TS 11|AC  0|TAMS 0x0000000709100000, 0x0000000709100000|
| 146|0x0000000709200000, 0x0000000709200000, 0x0000000709300000|  0%| F|  |TS 11|AC  0|TAMS 0x0000000709200000, 0x0000000709200000|
| 147|0x0000000709300000, 0x0000000709300000, 0x0000000709400000|  0%| F|  |TS 11|AC  0|TAMS 0x0000000709300000, 0x0000000709300000|
| 148|0x0000000709400000, 0x0000000709400000, 0x0000000709500000|  0%| F|  |TS 11|AC  0|TAMS 0x0000000709400000, 0x0000000709400000|
| 149|0x0000000709500000, 0x0000000709500000, 0x0000000709600000|  0%| F|  |TS 11|AC  0|TAMS 0x0000000709500000, 0x0000000709500000|
| 150|0x0000000709600000, 0x0000000709600000, 0x0000000709700000|  0%| F|  |TS 11|AC  0|TAMS 0x0000000709600000, 0x0000000709600000|
| 151|0x0000000709700000, 0x0000000709700000, 0x0000000709800000|  0%| F|  |TS 11|AC  0|TAMS 0x0000000709700000, 0x0000000709700000|
| 152|0x0000000709800000, 0x0000000709800000, 0x0000000709900000|  0%| F|  |TS 11|AC  0|TAMS 0x0000000709800000, 0x0000000709800000|
| 153|0x0000000709900000, 0x0000000709900000, 0x0000000709a00000|  0%| F|  |TS 11|AC  0|TAMS 0x0000000709900000, 0x0000000709900000|
| 154|0x0000000709a00000, 0x0000000709a00000, 0x0000000709b00000|  0%| F|  |TS 11|AC  0|TAMS 0x0000000709a00000, 0x0000000709a00000|
| 155|0x0000000709b00000, 0x0000000709b00000, 0x0000000709c00000|  0%| F|  |TS 11|AC  0|TAMS 0x0000000709b00000, 0x0000000709b00000|
| 156|0x0000000709c00000, 0x0000000709c00000, 0x0000000709d00000|  0%| F|  |TS 11|AC  0|TAMS 0x0000000709c00000, 0x0000000709c00000|
| 157|0x0000000709d00000, 0x0000000709d00000, 0x0000000709e00000|  0%| F|  |TS 11|AC  0|TAMS 0x0000000709d00000, 0x0000000709d00000|
| 158|0x0000000709e00000, 0x0000000709e00000, 0x0000000709f00000|  0%| F|  |TS 11|AC  0|TAMS 0x0000000709e00000, 0x0000000709e00000|
| 159|0x0000000709f00000, 0x0000000709f00000, 0x000000070a000000|  0%| F|  |TS 11|AC  0|TAMS 0x0000000709f00000, 0x0000000709f00000|
| 160|0x000000070a000000, 0x000000070a000000, 0x000000070a100000|  0%| F|  |TS 11|AC  0|TAMS 0x000000070a000000, 0x000000070a000000|
| 161|0x000000070a100000, 0x000000070a100000, 0x000000070a200000|  0%| F|  |TS 11|AC  0|TAMS 0x000000070a100000, 0x000000070a100000|
| 162|0x000000070a200000, 0x000000070a200000, 0x000000070a300000|  0%| F|  |TS 11|AC  0|TAMS 0x000000070a200000, 0x000000070a200000|
| 163|0x000000070a300000, 0x000000070a300000, 0x000000070a400000|  0%| F|  |TS 11|AC  0|TAMS 0x000000070a300000, 0x000000070a300000|
| 164|0x000000070a400000, 0x000000070a400000, 0x000000070a500000|  0%| F|  |TS 11|AC  0|TAMS 0x000000070a400000, 0x000000070a400000|
| 165|0x000000070a500000, 0x000000070a500000, 0x000000070a600000|  0%| F|  |TS 11|AC  0|TAMS 0x000000070a500000, 0x000000070a500000|
| 166|0x000000070a600000, 0x000000070a600000, 0x000000070a700000|  0%| F|  |TS 11|AC  0|TAMS 0x000000070a600000, 0x000000070a600000|
| 167|0x000000070a700000, 0x000000070a700000, 0x000000070a800000|  0%| F|  |TS 11|AC  0|TAMS 0x000000070a700000, 0x000000070a700000|
| 168|0x000000070a800000, 0x000000070a800000, 0x000000070a900000|  0%| F|  |TS 11|AC  0|TAMS 0x000000070a800000, 0x000000070a800000|
| 169|0x000000070a900000, 0x000000070a900000, 0x000000070aa00000|  0%| F|  |TS 11|AC  0|TAMS 0x000000070a900000, 0x000000070a900000|
| 170|0x000000070aa00000, 0x000000070aa00000, 0x000000070ab00000|  0%| F|  |TS 11|AC  0|TAMS 0x000000070aa00000, 0x000000070aa00000|
| 171|0x000000070ab00000, 0x000000070ab00000, 0x000000070ac00000|  0%| F|  |TS 11|AC  0|TAMS 0x000000070ab00000, 0x000000070ab00000|
| 172|0x000000070ac00000, 0x000000070ac00000, 0x000000070ad00000|  0%| F|  |TS 11|AC  0|TAMS 0x000000070ac00000, 0x000000070ac00000|
| 173|0x000000070ad00000, 0x000000070ad00000, 0x000000070ae00000|  0%| F|  |TS 11|AC  0|TAMS 0x000000070ad00000, 0x000000070ad00000|
| 174|0x000000070ae00000, 0x000000070aedc0a8, 0x000000070af00000| 85%| E|  |TS 11|AC  0|TAMS 0x000000070ae00000, 0x000000070ae00000|
| 175|0x000000070af00000, 0x000000070b000000, 0x000000070b000000|100%| E|CS|TS 11|AC  0|TAMS 0x000000070af00000, 0x000000070af00000|
| 176|0x000000070b000000, 0x000000070b100000, 0x000000070b100000|100%| E|CS|TS 11|AC  0|TAMS 0x000000070b000000, 0x000000070b000000|
| 177|0x000000070b100000, 0x000000070b200000, 0x000000070b200000|100%| E|CS|TS 11|AC  0|TAMS 0x000000070b100000, 0x000000070b100000|
| 178|0x000000070b200000, 0x000000070b300000, 0x000000070b300000|100%| E|CS|TS 11|AC  0|TAMS 0x000000070b200000, 0x000000070b200000|
| 179|0x000000070b300000, 0x000000070b400000, 0x000000070b400000|100%| E|CS|TS 11|AC  0|TAMS 0x000000070b300000, 0x000000070b300000|
| 180|0x000000070b400000, 0x000000070b500000, 0x000000070b500000|100%| E|CS|TS 11|AC  0|TAMS 0x000000070b400000, 0x000000070b400000|
| 181|0x000000070b500000, 0x000000070b600000, 0x000000070b600000|100%| E|CS|TS 11|AC  0|TAMS 0x000000070b500000, 0x000000070b500000|
| 182|0x000000070b600000, 0x000000070b700000, 0x000000070b700000|100%| E|CS|TS 11|AC  0|TAMS 0x000000070b600000, 0x000000070b600000|
| 183|0x000000070b700000, 0x000000070b800000, 0x000000070b800000|100%| E|CS|TS 11|AC  0|TAMS 0x000000070b700000, 0x000000070b700000|
| 184|0x000000070b800000, 0x000000070b900000, 0x000000070b900000|100%| E|CS|TS 11|AC  0|TAMS 0x000000070b800000, 0x000000070b800000|
| 185|0x000000070b900000, 0x000000070ba00000, 0x000000070ba00000|100%| E|CS|TS 11|AC  0|TAMS 0x000000070b900000, 0x000000070b900000|
| 186|0x000000070ba00000, 0x000000070bb00000, 0x000000070bb00000|100%| E|CS|TS 11|AC  0|TAMS 0x000000070ba00000, 0x000000070ba00000|

Card table byte_map: [0x0000020c14f60000,0x0000020c15560000] byte_map_base: 0x0000020c11760000

Marking Bits (Prev, Next): (CMBitMap*) 0x0000020c124b81a0, (CMBitMap*) 0x0000020c124b81d8
 Prev Bits: [0x0000020c2de50000, 0x0000020c30e50000)
 Next Bits: [0x0000020c30e50000, 0x0000020c33e50000)

Polling page: 0x0000020c09760000

CodeHeap 'non-profiled nmethods': size=120000Kb used=19939Kb max_used=19941Kb free=100060Kb
 bounds [0x0000020c26920000, 0x0000020c27cb0000, 0x0000020c2de50000]
CodeHeap 'profiled nmethods': size=120000Kb used=42120Kb max_used=42120Kb free=77879Kb
 bounds [0x0000020c1f3f0000, 0x0000020c21d80000, 0x0000020c26920000]
CodeHeap 'non-nmethods': size=5760Kb used=1764Kb max_used=1804Kb free=3996Kb
 bounds [0x0000020c1ee50000, 0x0000020c1f0c0000, 0x0000020c1f3f0000]
 total_blobs=29621 nmethods=16791 adapters=1087
 compilation: enabled

Compilation events (10 events):
Event: 1152.178 Thread 0x0000020c13f8f800 20412       3       sun.awt.Win32GraphicsConfig::getDeviceColorModel (8 bytes)
Event: 1152.178 Thread 0x0000020c13f8f800 nmethod 20412 0x0000020c213fe410 code [0x0000020c213fe5e0, 0x0000020c213fe8b0]
Event: 1152.179 Thread 0x0000020c13f8f800 20413       3       java.awt.AWTEventMulticaster::focusLost (27 bytes)
Event: 1152.179 Thread 0x0000020c13f8f800 nmethod 20413 0x0000020c21512a10 code [0x0000020c21512c00, 0x0000020c21513120]
Event: 1152.188 Thread 0x0000020c13f8f800 20414       1       ui.views.S.u::fmC (5 bytes)
Event: 1152.188 Thread 0x0000020c13f8f800 nmethod 20414 0x0000020c27567610 code [0x0000020c275677c0, 0x0000020c275678d8]
Event: 1152.194 Thread 0x0000020c12324800 20415       4       com.jidesoft.grid.TableModelWrapperImpl::a (28 bytes)
Event: 1152.199 Thread 0x0000020c12324800 nmethod 20415 0x0000020c2763a410 code [0x0000020c2763a600, 0x0000020c2763aad8]
Event: 1152.565 Thread 0x0000020c0dd9d000 20416       4       com.jidesoft.docking.DockableFrame::isShowTitleBar (48 bytes)
Event: 1152.566 Thread 0x0000020c0dd9d000 nmethod 20416 0x0000020c27567310 code [0x0000020c275674a0, 0x0000020c27567578]

GC Heap History (10 events):
Event: 1150.277 GC heap before
{Heap before GC invocations=132 (full 28):
 garbage-first heap   total 191488K, used 138607K [0x0000000700000000, 0x00000007001005d8, 0x00000007c0000000)
  region size 1024K, 60 young (61440K), 1 survivors (1024K)
 Metaspace       used 81472K, capacity 87309K, committed 87580K, reserved 1124352K
  class space    used 11095K, capacity 12087K, committed 12112K, reserved 1048576K
}
Event: 1150.278 GC heap after
{Heap after GC invocations=133 (full 28):
 garbage-first heap   total 191488K, used 78067K [0x0000000700000000, 0x00000007001005d8, 0x00000007c0000000)
  region size 1024K, 1 young (1024K), 1 survivors (1024K)
 Metaspace       used 81472K, capacity 87309K, committed 87580K, reserved 1124352K
  class space    used 11095K, capacity 12087K, committed 12112K, reserved 1048576K
}
Event: 1151.187 GC heap before
{Heap before GC invocations=133 (full 28):
 garbage-first heap   total 191488K, used 138483K [0x0000000700000000, 0x00000007001005d8, 0x00000007c0000000)
  region size 1024K, 60 young (61440K), 1 survivors (1024K)
 Metaspace       used 81646K, capacity 87597K, committed 87708K, reserved 1124352K
  class space    used 11131K, capacity 12149K, committed 12240K, reserved 1048576K
}
Event: 1151.189 GC heap after
{Heap after GC invocations=134 (full 28):
 garbage-first heap   total 191488K, used 78291K [0x0000000700000000, 0x00000007001005d8, 0x00000007c0000000)
  region size 1024K, 1 young (1024K), 1 survivors (1024K)
 Metaspace       used 81646K, capacity 87597K, committed 87708K, reserved 1124352K
  class space    used 11131K, capacity 12149K, committed 12240K, reserved 1048576K
}
Event: 1151.489 GC heap before
{Heap before GC invocations=134 (full 28):
 garbage-first heap   total 191488K, used 141779K [0x0000000700000000, 0x00000007001005d8, 0x00000007c0000000)
  region size 1024K, 60 young (61440K), 1 survivors (1024K)
 Metaspace       used 81663K, capacity 87597K, committed 87708K, reserved 1124352K
  class space    used 11131K, capacity 12149K, committed 12240K, reserved 1048576K
}
Event: 1151.490 GC heap after
{Heap after GC invocations=135 (full 28):
 garbage-first heap   total 191488K, used 81443K [0x0000000700000000, 0x00000007001005d8, 0x00000007c0000000)
  region size 1024K, 1 young (1024K), 1 survivors (1024K)
 Metaspace       used 81663K, capacity 87597K, committed 87708K, reserved 1124352K
  class space    used 11131K, capacity 12149K, committed 12240K, reserved 1048576K
}
Event: 1151.580 GC heap before
{Heap before GC invocations=135 (full 28):
 garbage-first heap   total 191488K, used 141859K [0x0000000700000000, 0x00000007001005d8, 0x00000007c0000000)
  region size 1024K, 60 young (61440K), 1 survivors (1024K)
 Metaspace       used 81676K, capacity 87597K, committed 87708K, reserved 1124352K
  class space    used 11131K, capacity 12149K, committed 12240K, reserved 1048576K
}
Event: 1151.582 GC heap after
{Heap after GC invocations=136 (full 28):
 garbage-first heap   total 191488K, used 81312K [0x0000000700000000, 0x00000007001005d8, 0x00000007c0000000)
  region size 1024K, 1 young (1024K), 1 survivors (1024K)
 Metaspace       used 81676K, capacity 87597K, committed 87708K, reserved 1124352K
  class space    used 11131K, capacity 12149K, committed 12240K, reserved 1048576K
}
Event: 1151.790 GC heap before
{Heap before GC invocations=136 (full 28):
 garbage-first heap   total 191488K, used 141728K [0x0000000700000000, 0x00000007001005d8, 0x00000007c0000000)
  region size 1024K, 60 young (61440K), 1 survivors (1024K)
 Metaspace       used 81714K, capacity 87661K, committed 87964K, reserved 1124352K
  class space    used 11136K, capacity 12149K, committed 12240K, reserved 1048576K
}
Event: 1151.792 GC heap after
{Heap after GC invocations=137 (full 28):
 garbage-first heap   total 191488K, used 81411K [0x0000000700000000, 0x00000007001005d8, 0x00000007c0000000)
  region size 1024K, 1 young (1024K), 1 survivors (1024K)
 Metaspace       used 81714K, capacity 87661K, committed 87964K, reserved 1124352K
  class space    used 11136K, capacity 12149K, committed 12240K, reserved 1048576K
}

Deoptimization events (10 events):
Event: 1151.332 Thread 0x0000020c36851000 Uncommon trap: reason=bimorphic_or_optimized_type_check action=maybe_recompile pc=0x0000020c27bc8a98 method=com.jidesoft.swing.JideSwingUtilities.getButtonState(Ljavax/swing/AbstractButton;)I @ 84 c2
Event: 1151.332 Thread 0x0000020c36851000 Uncommon trap: reason=bimorphic_or_optimized_type_check action=maybe_recompile pc=0x0000020c278a5130 method=com.jidesoft.plaf.basic.BasicJideButtonUI.getIcon(Ljavax/swing/AbstractButton;)Ljavax/swing/Icon; @ 134 c2
Event: 1151.336 Thread 0x0000020c36851000 Uncommon trap: reason=bimorphic_or_optimized_type_check action=maybe_recompile pc=0x0000020c27bc8a98 method=com.jidesoft.swing.JideSwingUtilities.getButtonState(Ljavax/swing/AbstractButton;)I @ 84 c2
Event: 1151.336 Thread 0x0000020c36851000 Uncommon trap: reason=bimorphic_or_optimized_type_check action=maybe_recompile pc=0x0000020c278a5130 method=com.jidesoft.plaf.basic.BasicJideButtonUI.getIcon(Ljavax/swing/AbstractButton;)Ljavax/swing/Icon; @ 134 c2
Event: 1151.802 Thread 0x0000020c36851000 Uncommon trap: reason=unstable_if action=reinterpret pc=0x0000020c272c80dc method=com.jidesoft.marker.DefaultMarkerModel.getMarkersAt(II)Ljava/util/List; @ 57 c2
Event: 1151.802 Thread 0x0000020c36851000 Uncommon trap: reason=unstable_if action=reinterpret pc=0x0000020c27088f8c method=sun.java2d.SunGraphics2D.validateColor()V @ 28 c2
Event: 1151.802 Thread 0x0000020c36851000 Uncommon trap: reason=unstable_if action=reinterpret pc=0x0000020c26d715e4 method=sun.java2d.SunGraphics2D.validateColor()V @ 28 c2
Event: 1151.802 Thread 0x0000020c36851000 Uncommon trap: reason=unstable_if action=reinterpret pc=0x0000020c271478d4 method=sun.java2d.SurfaceData.validatePipe(Lsun/java2d/SunGraphics2D;)V @ 12 c2
Event: 1151.802 Thread 0x0000020c36851000 Uncommon trap: reason=unstable_if action=reinterpret pc=0x0000020c27177c20 method=sun.java2d.loops.GraphicsPrimitiveMgr.locateGeneral(I)Lsun/java2d/loops/GraphicsPrimitive; @ 15 c2
Event: 1152.178 Thread 0x0000020c36851000 Uncommon trap: reason=unstable_if action=reinterpret pc=0x0000020c27bd6548 method=java.awt.KeyboardFocusManager.retargetFocusEvent(Ljava/awt/AWTEvent;)Ljava/awt/AWTEvent; @ 129 c2

Classes redefined (0 events):
No events

Internal exceptions (10 events):
Event: 1057.379 Thread 0x0000020c36851000 Implicit null exception at 0x0000020c27a4fb1b to 0x0000020c27a502c9
Event: 1087.657 Thread 0x0000020c3da4e800 Exception <a 'java/lang/InterruptedException'{0x0000000708681478}: sleep interrupted> (0x0000000708681478) thrown at [t:/workspace/hotspot/src/share/vm/prims/jvm.cpp, line 2984]
Event: 1150.725 Thread 0x0000020c36851000 Exception <a 'java/lang/NoSuchMethodError'{0x000000070a8dddc8}: method resolution failed> (0x000000070a8dddc8) thrown at [t:/workspace/hotspot/src/share/vm/prims/methodHandles.cpp, line 1256]
Event: 1150.725 Thread 0x0000020c36851000 Exception <a 'java/lang/NoSuchMethodError'{0x000000070a8e1d18}: java.lang.invoke.DelegatingMethodHandle$Holder.reinvoke_L(Ljava/lang/Object;Ljava/lang/Object;IILjava/lang/Object;Ljava/lang/Object;ILjava/lang/Object;II)Ljava/lang/Object;> (0x000000070a8e1d
Event: 1150.726 Thread 0x0000020c36851000 Exception <a 'java/lang/NoSuchMethodError'{0x000000070a74e888}: java.lang.invoke.DirectMethodHandle$Holder.invokeSpecial(Ljava/lang/Object;Ljava/lang/Object;IIILjava/lang/Object;Ljava/lang/Object;ILjava/lang/Object;II)Ljava/lang/Object;> (0x000000070a74e8
Event: 1150.726 Thread 0x0000020c36851000 Exception <a 'java/lang/NoSuchMethodError'{0x000000070a7521c8}: java.lang.invoke.DelegatingMethodHandle$Holder.reinvoke_L(Ljava/lang/Object;IIILjava/lang/Object;Ljava/lang/Object;ILjava/lang/Object;II)Ljava/lang/Object;> (0x000000070a7521c8) thrown at [t:
Event: 1150.727 Thread 0x0000020c36851000 Exception <a 'java/lang/NoSuchMethodError'{0x000000070a7702a0}: method resolution failed> (0x000000070a7702a0) thrown at [t:/workspace/hotspot/src/share/vm/prims/methodHandles.cpp, line 1256]
Event: 1150.780 Thread 0x0000020c36851000 Exception <a 'java/lang/NoSuchMethodError'{0x000000070a660850}: java.lang.invoke.DirectMethodHandle$Holder.invokeSpecial(Ljava/lang/Object;Ljava/lang/Object;ILjava/lang/Object;)V> (0x000000070a660850) thrown at [t:/workspace/hotspot/src/share/vm/interpret
Event: 1150.780 Thread 0x0000020c36851000 Exception <a 'java/lang/NoSuchMethodError'{0x000000070a666178}: java.lang.invoke.DirectMethodHandle$Holder.invokeStatic(Ljava/lang/Object;Ljava/lang/Object;ILjava/lang/Object;)Ljava/lang/Object;> (0x000000070a666178) thrown at [t:/workspace/hotspot/src/sh
Event: 1151.150 Thread 0x0000020c36851000 Exception <a 'java/lang/NoSuchMethodError'{0x0000000709c4d9a8}: method resolution failed> (0x0000000709c4d9a8) thrown at [t:/workspace/hotspot/src/share/vm/prims/methodHandles.cpp, line 1256]

Events (10 events):
Event: 1152.178 Thread 0x0000020c36851000 DEOPT PACKING pc=0x0000020c27bd6548 sp=0x000000e699cf62c0
Event: 1152.178 Thread 0x0000020c36851000 DEOPT UNPACKING pc=0x0000020c1ee9da29 sp=0x000000e699cf61e0 mode 2
Event: 1152.308 Thread 0x0000020c3da4e000 Thread added: 0x0000020c3da4e000
Event: 1152.311 Thread 0x0000020c3da4e000 Thread exited: 0x0000020c3da4e000
Event: 1152.347 Thread 0x0000020c3da4e000 Thread added: 0x0000020c3da4e000
Event: 1152.349 Executing VM operation: RevokeBias
Event: 1152.349 Executing VM operation: RevokeBias done
Event: 1152.349 Thread 0x0000020c3da4e000 Thread exited: 0x0000020c3da4e000
Event: 1153.308 Thread 0x0000020c3da4b800 Thread added: 0x0000020c3da4b800
Event: 1153.311 Thread 0x0000020c3da4b800 Thread exited: 0x0000020c3da4b800


Dynamic libraries:
0x00007ff79d930000 - 0x00007ff79d960000 	C:\Xilinx\Vivado\2019.1\bin\unwrapped\win64.o\vivado.exe
0x00007ffed7650000 - 0x00007ffed7848000 	C:\WINDOWS\SYSTEM32\ntdll.dll
0x00007ffed5e00000 - 0x00007ffed5ec2000 	C:\WINDOWS\System32\KERNEL32.DLL
0x00007ffed51c0000 - 0x00007ffed54be000 	C:\WINDOWS\System32\KERNELBASE.dll
0x00007ffed54c0000 - 0x00007ffed55c0000 	C:\WINDOWS\System32\ucrtbase.dll
0x00007ffe8d980000 - 0x00007ffe8da0d000 	C:\WINDOWS\SYSTEM32\MSVCP140.dll
0x00007ffebaa70000 - 0x00007ffebaa84000 	C:\Xilinx\Vivado\2019.1\lib\win64.o\libboost_signals.dll
0x00007ffeb50c0000 - 0x00007ffeb50dd000 	C:\WINDOWS\SYSTEM32\VCRUNTIME140.dll
0x00007ffe8ab20000 - 0x00007ffe8ba02000 	C:\Xilinx\Vivado\2019.1\lib\win64.o\librdi_common.dll
0x00007ffeb9a70000 - 0x00007ffeb9a84000 	C:\Xilinx\Vivado\2019.1\lib\win64.o\librdi_commonmain.dll
0x00007ffeb4c30000 - 0x00007ffeb4c3c000 	C:\WINDOWS\SYSTEM32\VCRUNTIME140_1.dll
0x00007ffed67e0000 - 0x00007ffed697d000 	C:\WINDOWS\System32\USER32.dll
0x00007ffed4f40000 - 0x00007ffed4f62000 	C:\WINDOWS\System32\win32u.dll
0x00007ffed5c30000 - 0x00007ffed5c5b000 	C:\WINDOWS\System32\GDI32.dll
0x00007ffe8a7b0000 - 0x00007ffe8ab1e000 	C:\Xilinx\Vivado\2019.1\lib\win64.o\libCOIN-all.dll
0x00007ffed4d90000 - 0x00007ffed4ea7000 	C:\WINDOWS\System32\gdi32full.dll
0x00007ffeb9a50000 - 0x00007ffeb9a64000 	C:\Xilinx\Vivado\2019.1\lib\win64.o\libboost_date_time.dll
0x00007ffed4cf0000 - 0x00007ffed4d8d000 	C:\WINDOWS\System32\msvcp_win.dll
0x00007ffeb9a20000 - 0x00007ffeb9a46000 	C:\Xilinx\Vivado\2019.1\lib\win64.o\libboost_filesystem.dll
0x00007ffed65d0000 - 0x00007ffed6682000 	C:\WINDOWS\System32\ADVAPI32.dll
0x00007ffe8a730000 - 0x00007ffe8a7af000 	C:\Xilinx\Vivado\2019.1\lib\win64.o\libboost_program_options.dll
0x00007ffed6530000 - 0x00007ffed65ce000 	C:\WINDOWS\System32\msvcrt.dll
0x00007ffed6980000 - 0x00007ffed70ef000 	C:\WINDOWS\System32\SHELL32.dll
0x00007ffed6740000 - 0x00007ffed67e0000 	C:\WINDOWS\System32\sechost.dll
0x00007ffe8a610000 - 0x00007ffe8a724000 	C:\Xilinx\Vivado\2019.1\lib\win64.o\libboost_regex.dll
0x00007ffed6190000 - 0x00007ffed62b3000 	C:\WINDOWS\System32\RPCRT4.dll
0x00007ffed4fe0000 - 0x00007ffed5007000 	C:\WINDOWS\System32\bcrypt.dll
0x00007ffed1de0000 - 0x00007ffed1deb000 	C:\Xilinx\Vivado\2019.1\lib\win64.o\libboost_system.dll
0x00007ffeac230000 - 0x00007ffeac251000 	C:\Xilinx\Vivado\2019.1\lib\win64.o\libboost_thread.dll
0x00007ffecfe80000 - 0x00007ffecfe8a000 	C:\Xilinx\Vivado\2019.1\lib\win64.o\librdi_commonversion.dll
0x00007ffebf9a0000 - 0x00007ffebf9af000 	C:\Xilinx\Vivado\2019.1\lib\win64.o\libboost_xilinx.dll
0x00007ffe8a4e0000 - 0x00007ffe8a601000 	C:\Xilinx\Vivado\2019.1\lib\win64.o\librdi_commonxillic.dll
0x000000006ca10000 - 0x000000006cb3b000 	C:\Xilinx\Vivado\2019.1\lib\win64.o\tcl85t.dll
0x00007ffe8a450000 - 0x00007ffe8a4d2000 	C:\Xilinx\Vivado\2019.1\lib\win64.o\libhdlpsolve.dll
0x00007ffed5ff0000 - 0x00007ffed605b000 	C:\WINDOWS\System32\WS2_32.dll
0x00007ffe8a3a0000 - 0x00007ffe8a445000 	C:\Xilinx\Vivado\2019.1\lib\win64.o\libhdxml.dll
0x00007ffe897c0000 - 0x00007ffe897ee000 	C:\Xilinx\Vivado\2019.1\lib\win64.o\libisl_sysinfo.dll
0x00007ffe89730000 - 0x00007ffe8974a000 	C:\Xilinx\Vivado\2019.1\lib\win64.o\pthreadVC2.dll
0x00007ffe89750000 - 0x00007ffe897b5000 	C:\Xilinx\Vivado\2019.1\lib\win64.o\liblmx6.0.dll
0x00007ffe89710000 - 0x00007ffe8972c000 	C:\Xilinx\Vivado\2019.1\lib\win64.o\librdiconfig.dll
0x00007ffe896e0000 - 0x00007ffe89701000 	C:\Xilinx\Vivado\2019.1\lib\win64.o\librdizlib.dll
0x0000000012000000 - 0x0000000012270000 	C:\Xilinx\Vivado\2019.1\lib\win64.o\xerces-c_3_1.dll
0x00007ffec5070000 - 0x00007ffec5089000 	C:\WINDOWS\SYSTEM32\NETAPI32.dll
0x00007ffec5ca0000 - 0x00007ffec6178000 	C:\WINDOWS\SYSTEM32\WININET.dll
0x00007ffecf370000 - 0x00007ffecf47d000 	C:\WINDOWS\SYSTEM32\WINHTTP.dll
0x00007ffec51d0000 - 0x00007ffec53bc000 	C:\WINDOWS\SYSTEM32\urlmon.dll
0x00007ffe89010000 - 0x00007ffe89019000 	C:\WINDOWS\SYSTEM32\WSOCK32.dll
0x00007ffe896a0000 - 0x00007ffe896d2000 	C:\WINDOWS\SYSTEM32\VCOMP140.DLL
0x00007ffe862a0000 - 0x00007ffe87131000 	C:\Xilinx\Vivado\2019.1\lib\win64.o\gurobi65.dll
0x00007ffe897f0000 - 0x00007ffe8a39f400 	C:\Xilinx\Vivado\2019.1\lib\win64.o\libisl_iostreams.dll
0x00007ffeb9a10000 - 0x00007ffeb9a1d000 	C:\Xilinx\Vivado\2019.1\lib\win64.o\libboost_chrono.dll
0x00007ffe893c0000 - 0x00007ffe89698000 	C:\Xilinx\Vivado\2019.1\lib\win64.o\libXil_lmgr11.dll
0x00007ffed5d20000 - 0x00007ffed5dfa000 	C:\WINDOWS\System32\COMDLG32.dll
0x00007ffec4cf0000 - 0x00007ffec4fae000 	C:\WINDOWS\SYSTEM32\iertutil.dll
0x00007ffed72a0000 - 0x00007ffed75f3000 	C:\WINDOWS\System32\combase.dll
0x00007ffec5040000 - 0x00007ffec5068000 	C:\WINDOWS\SYSTEM32\srvcli.dll
0x00007ffed41a0000 - 0x00007ffed41ac000 	C:\WINDOWS\SYSTEM32\netutils.dll
0x00007ffed6690000 - 0x00007ffed673d000 	C:\WINDOWS\System32\shcore.dll
0x00007ffed6130000 - 0x00007ffed6185000 	C:\WINDOWS\System32\SHLWAPI.dll
0x00007ffed63f0000 - 0x00007ffed64bd000 	C:\WINDOWS\System32\OLEAUT32.dll
0x00007ffe893a0000 - 0x00007ffe893bb000 	C:\Xilinx\Vivado\2019.1\lib\win64.o\libboost_iostreams.dll
0x00007ffe89370000 - 0x00007ffe89395000 	C:\Xilinx\Vivado\2019.1\lib\win64.o\libisl_iosutils.dll
0x00007ffed62c0000 - 0x00007ffed63eb000 	C:\WINDOWS\System32\ole32.dll
0x00007ffed4f70000 - 0x00007ffed4fd9000 	C:\WINDOWS\System32\WINTRUST.dll
0x00007ffe88f20000 - 0x00007ffe88fd0000 	C:\WINDOWS\WinSxS\amd64_microsoft.windows.common-controls_6595b64144ccf1df_5.82.19041.4355_none_792ecafd2442822f\COMCTL32.dll
0x00007ffed5010000 - 0x00007ffed516c000 	C:\WINDOWS\System32\CRYPT32.dll
0x00007ffecfe60000 - 0x00007ffecfe7d000 	C:\WINDOWS\SYSTEM32\dhcpcsvc.DLL
0x00007ffed6060000 - 0x00007ffed608f000 	C:\WINDOWS\System32\IMM32.DLL
0x00007ffed47e0000 - 0x00007ffed47f2000 	C:\WINDOWS\SYSTEM32\MSASN1.dll
0x00007ffed2b90000 - 0x00007ffed2ba2000 	C:\WINDOWS\SYSTEM32\kernel.appcore.dll
0x00007ffe88830000 - 0x00007ffe88d47000 	C:\Xilinx\Vivado\2019.1\lib\win64.o\librdi_commontasks.dll
0x00007ffecd570000 - 0x00007ffecd57a000 	C:\WINDOWS\SYSTEM32\VERSION.dll
0x000000006bfe0000 - 0x000000006ca05000 	C:\Xilinx\Vivado\2019.1\tps\win64\jre9.0.4\bin\server\jvm.dll
0x00007ffe890e0000 - 0x00007ffe89366000 	C:\Xilinx\Vivado\2019.1\lib\win64.o\librdi_sio.dll
0x00007ffed6120000 - 0x00007ffed6128000 	C:\WINDOWS\System32\PSAPI.DLL
0x00007ffec7680000 - 0x00007ffec76a7000 	C:\WINDOWS\SYSTEM32\WINMM.dll
0x00007ffed4090000 - 0x00007ffed40cb000 	C:\WINDOWS\SYSTEM32\IPHLPAPI.DLL
0x00007ffe88740000 - 0x00007ffe8882f000 	C:\Xilinx\Vivado\2019.1\tps\win64\jre9.0.4\bin\MSVCR120.dll
0x00007ffed43b0000 - 0x00007ffed441a000 	C:\WINDOWS\SYSTEM32\MSWSOCK.DLL
0x00007ffed2d90000 - 0x00007ffed3534000 	C:\WINDOWS\SYSTEM32\windows.storage.dll
0x00007ffed4650000 - 0x00007ffed467e000 	C:\WINDOWS\SYSTEM32\Wldp.dll
0x00007ffe83de0000 - 0x00007ffe8629c000 	C:\Xilinx\Vivado\2019.1\lib\win64.o\librdi_tcltasks.dll
0x00007ffe884b0000 - 0x00007ffe8859b000 	C:\Xilinx\Vivado\2019.1\lib\win64.o\librdi_chipscope.dll
0x00007ffe89060000 - 0x00007ffe890d8000 	C:\Xilinx\Vivado\2019.1\lib\win64.o\librdi_boarddep.dll
0x00007ffe885a0000 - 0x00007ffe88731000 	C:\Xilinx\Vivado\2019.1\lib\win64.o\librdi_board.dll
0x00007ffe839d0000 - 0x00007ffe83dd8000 	C:\Xilinx\Vivado\2019.1\lib\win64.o\librdi_bitstream.dll
0x00007ffe882f0000 - 0x00007ffe884ad000 	C:\Xilinx\Vivado\2019.1\lib\win64.o\librdi_chipscopeimpl.dll
0x00007ffe88190000 - 0x00007ffe882e6000 	C:\Xilinx\Vivado\2019.1\lib\win64.o\librdi_containers.dll
0x00007ffe7fa40000 - 0x00007ffe8011a000 	C:\Xilinx\Vivado\2019.1\lib\win64.o\librdi_coregenipxact.dll
0x00007ffe81fe0000 - 0x00007ffe839ca000 	C:\Xilinx\Vivado\2019.1\lib\win64.o\librdi_constraints.dll
0x00007ffe7b9f0000 - 0x00007ffe7fa33000 	C:\Xilinx\Vivado\2019.1\lib\win64.o\librdi_designutils.dll
0x00007ffe692a0000 - 0x00007ffe695be000 	C:\Xilinx\Vivado\2019.1\lib\win64.o\librdi_dlyest.dll
0x00007ffe80120000 - 0x00007ffe81fd1000 	C:\Xilinx\Vivado\2019.1\lib\win64.o\librdi_coregen.dll
0x00007ffe691d0000 - 0x00007ffe69294000 	C:\Xilinx\Vivado\2019.1\lib\win64.o\librdi_dsp.dll
0x00007ffe68c30000 - 0x00007ffe691ca000 	C:\Xilinx\Vivado\2019.1\lib\win64.o\librdi_drc.dll
0x00007ffe682f0000 - 0x00007ffe685d3000 	C:\Xilinx\Vivado\2019.1\lib\win64.o\librdi_guitools.dll
0x00007ffe685e0000 - 0x00007ffe68c2d000 	C:\Xilinx\Vivado\2019.1\lib\win64.o\librdi_filemgmt.dll
0x00007ffe68280000 - 0x00007ffe682e5000 	C:\Xilinx\Vivado\2019.1\lib\win64.o\librdi_hdf.dll
0x00007ffe666a0000 - 0x00007ffe66cb5000 	C:\Xilinx\Vivado\2019.1\lib\win64.o\librdi_memdata.dll
0x00007ffe66620000 - 0x00007ffe66693000 	C:\Xilinx\Vivado\2019.1\lib\win64.o\librdi_memoryarray.dll
0x00007ffe66cc0000 - 0x00007ffe68280000 	C:\Xilinx\Vivado\2019.1\lib\win64.o\librdi_implflow.dll
0x00007ffe63280000 - 0x00007ffe63922000 	C:\Xilinx\Vivado\2019.1\lib\win64.o\librdi_netlist.dll
0x00007ffe63230000 - 0x00007ffe6327b000 	C:\Xilinx\Vivado\2019.1\lib\win64.o\librdi_pfi.dll
0x00007ffe695c0000 - 0x00007ffe7b9ec000 	C:\Xilinx\Vivado\2019.1\lib\win64.o\librdi_device.dll
0x00007ffe608a0000 - 0x00007ffe60baf000 	C:\Xilinx\Vivado\2019.1\lib\win64.o\librdi_platform.dll
0x00007ffe60150000 - 0x00007ffe6089a000 	C:\Xilinx\Vivado\2019.1\lib\win64.o\librdi_power.dll
0x00007ffe5fbd0000 - 0x00007ffe6014f000 	C:\Xilinx\Vivado\2019.1\lib\win64.o\librdi_project.dll
0x00007ffe5f4c0000 - 0x00007ffe5fbc9000 	C:\Xilinx\Vivado\2019.1\lib\win64.o\librdi_psta.dll
0x00007ffe60bb0000 - 0x00007ffe63226000 	C:\Xilinx\Vivado\2019.1\lib\win64.o\librdi_place.dll
0x00007ffe5edb0000 - 0x00007ffe5f4b6000 	C:\Xilinx\Vivado\2019.1\lib\win64.o\librdi_rsb.dll
0x00007ffe5e9b0000 - 0x00007ffe5eda1000 	C:\Xilinx\Vivado\2019.1\lib\win64.o\librdi_runs.dll
0x00007ffe5e8b0000 - 0x00007ffe5e9aa000 	C:\Xilinx\Vivado\2019.1\lib\win64.o\librdi_runsbase.dll
0x00007ffe5e650000 - 0x00007ffe5e8a6000 	C:\Xilinx\Vivado\2019.1\lib\win64.o\librdi_simdata.dll
0x00007ffe5d830000 - 0x00007ffe5e641000 	C:\Xilinx\Vivado\2019.1\lib\win64.o\librdi_timing.dll
0x00007ffe5d6b0000 - 0x00007ffe5d822000 	C:\Xilinx\Vivado\2019.1\lib\win64.o\librdi_advchipscopeimpl.dll
0x00007ffe63930000 - 0x00007ffe66616000 	C:\Xilinx\Vivado\2019.1\lib\win64.o\librdi_mig.dll
0x00007ffe5d660000 - 0x00007ffe5d6ac000 	C:\Xilinx\Vivado\2019.1\lib\win64.o\libboost_serialization.dll
0x00007ffe5d4c0000 - 0x00007ffe5d65f000 	C:\Xilinx\Vivado\2019.1\lib\win64.o\librdi_hip_devdesign.dll
0x00007ffe5d3f0000 - 0x00007ffe5d4b2000 	C:\Xilinx\Vivado\2019.1\lib\win64.o\librdi_ipconfig_readwrite.dll
0x00007ffe5d3a0000 - 0x00007ffe5d3e3000 	C:\Xilinx\Vivado\2019.1\lib\win64.o\librdi_noc_frameworks.dll
0x00007ffe5d300000 - 0x00007ffe5d39e000 	C:\Xilinx\Vivado\2019.1\lib\win64.o\libise.dll
0x00007ffe5cf10000 - 0x00007ffe5d2f5000 	C:\Xilinx\Vivado\2019.1\lib\win64.o\librdi_hip_config.dll
0x00007ffe5c9c0000 - 0x00007ffe5cf0e000 	C:\Xilinx\Vivado\2019.1\lib\win64.o\librdi_xdm.dll
0x00007ffe5be70000 - 0x00007ffe5c9b7000 	C:\Xilinx\Vivado\2019.1\lib\win64.o\libverific.dll
0x00007ffe89020000 - 0x00007ffe89060000 	C:\Xilinx\Vivado\2019.1\lib\win64.o\librdi_wavedata_SimpleApi.dll
0x00007ffe5b870000 - 0x00007ffe5be6c000 	C:\Xilinx\Vivado\2019.1\lib\win64.o\librdi_wavedata.dll
0x00007ffe88fd0000 - 0x00007ffe8900f000 	C:\Xilinx\Vivado\2019.1\lib\win64.o\librdi_schedmon.dll
0x00007ffe5a650000 - 0x00007ffe5a6d8000 	C:\Xilinx\Vivado\2019.1\lib\win64.o\librdi_meir_core.dll

VM Arguments:
jvm_args: -Dsun.java2d.pmoffscreen=false -Dsun.java2d.xrender=false -Dsun.java2d.d3d=false -Dsun.awt.nopixfmt=true -Dsun.java2d.dpiaware=true -Dsun.java2d.uiScale.enabled=false -Xverify:none -Dswing.aatext=true -XX:-UsePerfData -Djdk.map.althashing.threshold=512 -XX:StringTableSize=4072 --add-opens=java.base/java.nio=ALL-UNNAMED --add-opens=java.desktop/sun.swing=ALL-UNNAMED --add-opens=java.desktop/javax.swing=ALL-UNNAMED --add-opens=java.desktop/javax.swing.tree=ALL-UNNAMED --add-opens=java.desktop/javax.swing.plaf.basic=ALL-UNNAMED --add-opens=java.desktop/javax.swing.plaf.synth=ALL-UNNAMED --add-opens=java.desktop/com.sun.awt=ALL-UNNAMED -XX:NewSize=60m -XX:MaxNewSize=60m -Xms128m -Xmx3072m -Xss5m 
java_command: <unknown>
java_class_path (initial): C:/Xilinx/Vivado/2019.1\lib\classes\alloy.jar;C:/Xilinx/Vivado/2019.1\lib\classes\autopilot.scelaborator.jar;C:/Xilinx/Vivado/2019.1\lib\classes\autopilot.sourceprocessor.jar;C:/Xilinx/Vivado/2019.1\lib\classes\autopilot.tbprocessor.jar;C:/Xilinx/Vivado/2019.1\lib\classes\batik-anim.jar;C:/Xilinx/Vivado/2019.1\lib\classes\batik-awt-util.jar;C:/Xilinx/Vivado/2019.1\lib\classes\batik-bridge.jar;C:/Xilinx/Vivado/2019.1\lib\classes\batik-codec.jar;C:/Xilinx/Vivado/2019.1\lib\classes\batik-css.jar;C:/Xilinx/Vivado/2019.1\lib\classes\batik-dom.jar;C:/Xilinx/Vivado/2019.1\lib\classes\batik-ext.jar;C:/Xilinx/Vivado/2019.1\lib\classes\batik-gui-util.jar;C:/Xilinx/Vivado/2019.1\lib\classes\batik-gvt.jar;C:/Xilinx/Vivado/2019.1\lib\classes\batik-parser.jar;C:/Xilinx/Vivado/2019.1\lib\classes\batik-script.jar;C:/Xilinx/Vivado/2019.1\lib\classes\batik-svg-dom.jar;C:/Xilinx/Vivado/2019.1\lib\classes\batik-swing.jar;C:/Xilinx/Vivado/2019.1\lib\classes\batik-transcoder.jar;C:/Xilinx/Vivado/2019.1\lib\classes\batik-util.jar;C:/Xilinx/Vivado/2019.1\lib\classes\batik-xml.jar;C:/Xilinx/Vivado/2019.1\lib\classes\com.google.gson_2.7.0.v20170129-0911.jar;C:/Xilinx/Vivado/2019.1\lib\classes\com.google.guava_21.0.0.v20170206-1425.jar;C:/Xilinx/Vivado/2019.1\lib\classes\com.google.inject_3.0.0.v201605172100.jar;C:/Xilinx/Vivado/2019.1\lib\classes\com.ibm.icu_4.4.2.v20110208.jar;C:/Xilinx/Vivado/2019.1\lib\classes\com.sigasi.hdt.annotations.runtime_4.3.0.201903071210.jar;C:/Xilinx/Vivado/2019.1\lib\classes\com.sigasi.hdt.blockdiagram.model_4.3.0.201903071210.jar;C:/Xilinx/Vivado/2019.1\lib\classes\com.sigasi.hdt.connection_4.3.0.201903071210.jar;C:/Xilinx/Vivado/2019.1\lib\classes\com.sigasi.hdt.dependencies.model_4.3.0.201903071210.jar;C:/Xilinx/Vivado/2019.1\lib\classes\com.sigasi.hdt.epl_4.3.0.201903071210.jar;C:/Xilinx/Vivado/2019.1\lib\classes\com.sigasi.hdt.graphics.model_4.3.0.201903071210.jar;C:/Xilinx/Vivado/2019.1\lib\classes\com.sigasi.hdt.project_4.3.0
Launcher Type: generic

Logging:
Log output configuration:
#0: stdout all=warning uptime,level,tags
#1: stderr all=off uptime,level,tags

Environment Variables:
PATH=C:/Xilinx/Vivado/2019.1/bin;C:/Xilinx/Vivado/2019.1/lib/win64.o;C:/Xilinx/Vivado/2019.1/tps/win64/jre9.0.4/bin/server;C:/Xilinx/Vivado/2019.1/tps/win64/jre9.0.4/bin;C:/Xilinx/SDK/2019.1/bin;C:/Xilinx/Vivado/2019.1/ids_lite/ISE/bin/nt64;C:/Xilinx/Vivado/2019.1/ids_lite/ISE/lib/nt64;C:\WINDOWS\system32;C:\WINDOWS;C:\WINDOWS\System32\Wbem;C:\WINDOWS\System32\WindowsPowerShell\v1.0\;C:\WINDOWS\System32\OpenSSH\;C:\Program Files\Git\cmd;C:\Users\sjh00\AppData\Local\Programs\Python\Python39;C:\Users\sjh00\AppData\Local\Programs\Python\Python39\Scripts;C:\Program Files\MATLAB\R2024b\bin;C:\Users\sjh00\AppData\Local\Microsoft\WindowsApps;D:\Microsoft VS Code\bin;;C:/Xilinx/Vivado/2019.1\tps\mingw\6.2.0\win64.o\nt\bin;C:/Xilinx/Vivado/2019.1\tps\mingw\6.2.0\win64.o\nt\libexec\gcc\x86_64-w64-mingw32\6.2.0;C:/Xilinx/Vivado/2019.1\tps\win64\python-2.7.5;C:/Xilinx/Vivado/2019.1\tps\win64\python-2.7.5\lib;C:/Xilinx/Vivado/2019.1\tps\win64\python-2.7.5\Lib\lib-tk;C:/Xilinx/Vivado/2019.1\tps\win64\python-2.7.5\lib\site-packages
USERNAME=sjh00
OS=Windows_NT
PROCESSOR_IDENTIFIER=AMD64 Family 25 Model 33 Stepping 0, AuthenticAMD



---------------  S Y S T E M  ---------------

OS: Windows 10 , 64 bit Build 19041 (10.0.19041.4957)

CPU:total 12 (initial active 12) (12 cores per cpu, 1 threads per core) family 25 model 33 stepping 0, cmov, cx8, fxsr, mmx, sse, sse2, sse3, ssse3, sse4.1, sse4.2, popcnt, avx, avx2, aes, clmul, erms, mmxext, 3dnowpref, lzcnt, sse4a, tsc, tscinvbit, tscinv, bmi1

Memory: 4k page, physical 16702292k(3197436k free), swap 28054376k(5915968k free)

vm_info: Java HotSpot(TM) 64-Bit Server VM (9.0.4+11) for windows-amd64 JRE (9.0.4+11), built on Dec 20 2017 02:18:54 by "mach5one" with MS VC++ 12.0 (VS2013)

END.
