#
# A fatal error has been detected by the Java Runtime Environment:
#
#  EXCEPTION_ACCESS_VIOLATION (0xc0000005) at pc=0x00007ffe038fa1a5, pid=12808, tid=14704
#
# JRE version: Java(TM) SE Runtime Environment (9.0+11) (build 9.0.4+11)
# Java VM: Java HotSpot(TM) 64-Bit Server VM (9.0.4+11, mixed mode, tiered, compressed oops, g1 gc, windows-amd64)
# Problematic frame:
# C  [librdi_common.dll+0x17a1a5]
#
# No core dump will be written. Minidumps are not enabled by default on client versions of Windows
#
# If you would like to submit a bug report, please visit:
#   http://bugreport.java.com/bugreport/crash.jsp
# The crash happened outside the Java Virtual Machine in native code.
# See problematic frame for where to report the bug.
#

---------------  S U M M A R Y ------------

Command Line: -Dsun.java2d.pmoffscreen=false -Dsun.java2d.xrender=false -Dsun.java2d.d3d=false -Dsun.awt.nopixfmt=true -Dsun.java2d.dpiaware=true -Dsun.java2d.uiScale.enabled=false -Xverify:none -Dswing.aatext=true -XX:-UsePerfData -Djdk.map.althashing.threshold=512 -XX:StringTableSize=4072 --add-opens=java.base/java.nio=ALL-UNNAMED --add-opens=java.desktop/sun.swing=ALL-UNNAMED --add-opens=java.desktop/javax.swing=ALL-UNNAMED --add-opens=java.desktop/javax.swing.tree=ALL-UNNAMED --add-opens=java.desktop/javax.swing.plaf.basic=ALL-UNNAMED --add-opens=java.desktop/javax.swing.plaf.synth=ALL-UNNAMED --add-opens=java.desktop/com.sun.awt=ALL-UNNAMED -XX:NewSize=60m -XX:MaxNewSize=60m -Xms128m -Xmx3072m -Xss5m 

Host: AMD Ryzen 5 5600X 6-Core Processor             , 12 cores, 15G,  Windows 10 , 64 bit Build 19041 (10.0.19041.4957)
Time: Fri Nov 08 03:47:16 2024 ¢¥eCN©öI¡¾©ö C¡ÍA¨ª¨öA elapsed time: 45 seconds (0d 0h 0m 45s)

---------------  T H R E A D  ---------------

Current thread (0x0000019ce38c1800):  JavaThread "AWT-EventQueue-1" [_thread_in_native, id=14704, stack(0x0000006f4de00000,0x0000006f4e300000)]

Stack: [0x0000006f4de00000,0x0000006f4e300000],  sp=0x0000006f4e2f3580,  free space=5069k
Native frames: (J=compiled Java code, j=interpreted, Vv=VM code, C=native code)
C  [librdi_common.dll+0x17a1a5]
C  [librdi_common.dll+0x16ee15]
C  [librdi_common.dll+0x1386da]
C  [librdi_wavedata.dll+0x12cdc0]
C  [librdi_wavedata.dll+0x148782]
C  [librdi_wavedata.dll+0x1e1cce]
C  [librdi_wavedata.dll+0x1e1bef]
C  [librdi_wavedata.dll+0x20b1f0]
C  [librdi_wavedata.dll+0x20aed0]
C  [librdi_wavedata.dll+0x26873b]
C  [librdi_wavedata.dll+0x26a153]
C  [librdi_wavedata.dll+0x242ea0]
C  [librdi_wavedata.dll+0x242f1d]
C  [librdi_wavedata.dll+0x242fc1]
C  [librdi_wavedata.dll+0x2695c4]
C  [librdi_wavedata.dll+0x239546]
C  [librdi_wavedata.dll+0x239315]
C  [librdi_wavedata.dll+0x275c1f]
C  0x0000019cc887919c

Java frames: (J=compiled Java code, j=interpreted, Vv=VM code)
j  ui.views.waveform.waveformi.WVExecutive_getGraphicsDataSize(J)J+0
j  ui.views.waveform.executive.a.gEt()Ljava/io/ByteArrayInputStream;+8
j  ui.views.waveform.b.a.gEf()V+7
j  ui.views.waveform.b.a.fOl()V+1
j  ui.views.waveform.m.gDo()V+4
j  ui.views.waveform.m.cRi()V+11
j  ui.views.waveform.w.cRi()V+29
j  ui.views.waveform.c.b.j(Lui/frmwork/b/i;)V+92
j  ui.views.waveform.w.a(Lui/frmwork/b/i;)V+13
J 12406 c1 ui.frmwork.b.l.d(Lui/frmwork/b/i;)V (61 bytes) @ 0x0000019cc96c8e1c [0x0000019cc96c85c0+0x000000000000085c]
J 12392 c1 ui.frmwork.HTclEventBroker.i(JZ)V (471 bytes) @ 0x0000019cc9712f5c [0x0000019cc970e740+0x000000000000481c]
J 12393 c1 ui.frmwork.HTclEventBroker.fireTclEvent(J)I (113 bytes) @ 0x0000019cc970c0cc [0x0000019cc970b8c0+0x000000000000080c]
v  ~StubRoutines::call_stub
j  ui.views.waveform.waveformi.WVExecutive_processModelEvent(JJ)V+0
j  ui.views.waveform.executive.a.eE(J)V+5
j  ui.views.waveform.c.b.eD(J)V+8
j  ui.views.waveform.c.b.j(Lui/frmwork/b/i;)V+133
j  ui.views.waveform.w.a(Lui/frmwork/b/i;)V+13
J 12406 c1 ui.frmwork.b.l.d(Lui/frmwork/b/i;)V (61 bytes) @ 0x0000019cc96c8e1c [0x0000019cc96c85c0+0x000000000000085c]
J 12392 c1 ui.frmwork.HTclEventBroker.i(JZ)V (471 bytes) @ 0x0000019cc9712f5c [0x0000019cc970e740+0x000000000000481c]
J 12393 c1 ui.frmwork.HTclEventBroker.fireTclEvent(J)I (113 bytes) @ 0x0000019cc970c0cc [0x0000019cc970b8c0+0x000000000000080c]
v  ~StubRoutines::call_stub
j  ui.views.waveform.waveformi.WVExecutive_processModelEvent(JJ)V+0
j  ui.views.waveform.executive.a.eE(J)V+5
j  ui.views.waveform.c.b.eD(J)V+8
j  ui.views.waveform.c.e.actionPerformed(Ljava/awt/event/ActionEvent;)V+8
J 11538 c1 javax.swing.Timer.fireActionPerformed(Ljava/awt/event/ActionEvent;)V java.desktop@9.0.4 (46 bytes) @ 0x0000019ccaa74844 [0x0000019ccaa74580+0x00000000000002c4]
J 11529 c1 javax.swing.Timer$DoPostEvent.run()V java.desktop@9.0.4 (82 bytes) @ 0x0000019ccaa68f4c [0x0000019ccaa68700+0x000000000000084c]
J 10485 c1 java.awt.event.InvocationEvent.dispatch()V java.desktop@9.0.4 (69 bytes) @ 0x0000019cca6e07ac [0x0000019cca6e05a0+0x000000000000020c]
J 10652 c1 java.awt.EventQueue.dispatchEventImpl(Ljava/awt/AWTEvent;Ljava/lang/Object;)V java.desktop@9.0.4 (136 bytes) @ 0x0000019cca77de84 [0x0000019cca77c4c0+0x00000000000019c4]
J 10422 c1 java.awt.EventQueue$3.run()Ljava/lang/Void; java.desktop@9.0.4 (60 bytes) @ 0x0000019cca6be5a4 [0x0000019cca6be3a0+0x0000000000000204]
J 10421 c1 java.awt.EventQueue$3.run()Ljava/lang/Object; java.desktop@9.0.4 (5 bytes) @ 0x0000019cca6bdfc4 [0x0000019cca6bdf40+0x0000000000000084]
v  ~StubRoutines::call_stub
J 4355  java.security.AccessController.doPrivileged(Ljava/security/PrivilegedAction;Ljava/security/AccessControlContext;)Ljava/lang/Object; java.base@9.0.4 (0 bytes) @ 0x0000019cd05989c6 [0x0000019cd0598960+0x0000000000000066]
J 10647 c1 java.awt.EventQueue.dispatchEvent(Ljava/awt/AWTEvent;)V java.desktop@9.0.4 (80 bytes) @ 0x0000019cca77591c [0x0000019cca774fa0+0x000000000000097c]
J 10405 c1 ui.frmwork.b.d.dispatchEvent(Ljava/awt/AWTEvent;)V (34 bytes) @ 0x0000019cca6af4e4 [0x0000019cca6af420+0x00000000000000c4]
J 10648 c1 java.awt.EventDispatchThread.pumpOneEventForFilters(I)V java.desktop@9.0.4 (218 bytes) @ 0x0000019cca778194 [0x0000019cca776dc0+0x00000000000013d4]
j  java.awt.EventDispatchThread.pumpEventsForFilter(ILjava/awt/Conditional;Ljava/awt/EventFilter;)V+35 java.desktop@9.0.4
j  java.awt.EventDispatchThread.pumpEventsForFilter(Ljava/awt/Conditional;Ljava/awt/EventFilter;)V+4 java.desktop@9.0.4
j  java.awt.WaitDispatchSupport$2.run()V+59 java.desktop@9.0.4
j  java.awt.WaitDispatchSupport$4.run()Ljava/lang/Void;+4 java.desktop@9.0.4
j  java.awt.WaitDispatchSupport$4.run()Ljava/lang/Object;+1 java.desktop@9.0.4
v  ~StubRoutines::call_stub
J 1040  java.security.AccessController.doPrivileged(Ljava/security/PrivilegedAction;)Ljava/lang/Object; java.base@9.0.4 (0 bytes) @ 0x0000019cd0398a32 [0x0000019cd03989e0+0x0000000000000052]
j  java.awt.WaitDispatchSupport.enter()Z+260 java.desktop@9.0.4
j  java.awt.Dialog.show()V+225 java.desktop@9.0.4
J 12922 c1 java.awt.Component.setVisible(Z)V java.desktop@9.0.4 (6 bytes) @ 0x0000019ccac013cc [0x0000019ccac011e0+0x00000000000001ec]
j  java.awt.Window.setVisible(Z)V+2 java.desktop@9.0.4
j  java.awt.Dialog.setVisible(Z)V+2 java.desktop@9.0.4
j  ui.b.c.g.setVisible(Z)V+2
j  ui.b.c.by.showDialog()V+64
j  ui.b.c.bF.actionPerformed(Ljava/awt/event/ActionEvent;)V+8
j  ui.b.c.by.cJI()V+396
j  ui.views.c.t.b.a.run()V+60
j  ui.frmwork.a.dWF()Z+66
j  ui.frmwork.V.dYl()V+42
j  ui.bk.actionPerformed(Ljava/awt/event/ActionEvent;)V+25
j  javax.swing.AbstractButton.fireActionPerformed(Ljava/awt/event/ActionEvent;)V+84 java.desktop@9.0.4
j  ui.utils.o.b.B.fireActionPerformed(Ljava/awt/event/ActionEvent;)V+7
j  javax.swing.AbstractButton$Handler.actionPerformed(Ljava/awt/event/ActionEvent;)V+5 java.desktop@9.0.4
j  javax.swing.DefaultButtonModel.fireActionPerformed(Ljava/awt/event/ActionEvent;)V+34 java.desktop@9.0.4
j  javax.swing.DefaultButtonModel.setPressed(Z)V+117 java.desktop@9.0.4
j  javax.swing.plaf.basic.BasicButtonListener.mouseReleased(Ljava/awt/event/MouseEvent;)V+35 java.desktop@9.0.4
j  com.jidesoft.plaf.basic.BasicJideButtonListener.mouseReleased(Ljava/awt/event/MouseEvent;)V+61
j  java.awt.AWTEventMulticaster.mouseReleased(Ljava/awt/event/MouseEvent;)V+8 java.desktop@9.0.4
j  java.awt.AWTEventMulticaster.mouseReleased(Ljava/awt/event/MouseEvent;)V+8 java.desktop@9.0.4
j  java.awt.AWTEventMulticaster.mouseReleased(Ljava/awt/event/MouseEvent;)V+8 java.desktop@9.0.4
j  java.awt.AWTEventMulticaster.mouseReleased(Ljava/awt/event/MouseEvent;)V+8 java.desktop@9.0.4
j  java.awt.Component.processMouseEvent(Ljava/awt/event/MouseEvent;)V+64 java.desktop@9.0.4
j  javax.swing.JComponent.processMouseEvent(Ljava/awt/event/MouseEvent;)V+23 java.desktop@9.0.4
J 13084 c2 java.awt.Container.processEvent(Ljava/awt/AWTEvent;)V java.desktop@9.0.4 (22 bytes) @ 0x0000019cd0de1140 [0x0000019cd0de1020+0x0000000000000120]
J 14239 c2 java.awt.Component.dispatchEventImpl(Ljava/awt/AWTEvent;)V java.desktop@9.0.4 (739 bytes) @ 0x0000019cd0e5eb80 [0x0000019cd0e5e3e0+0x00000000000007a0]
J 12786 c2 java.awt.Container.dispatchEventImpl(Ljava/awt/AWTEvent;)V java.desktop@9.0.4 (129 bytes) @ 0x0000019cd0d9af58 [0x0000019cd0d9af00+0x0000000000000058]
J 11536 c1 java.awt.LightweightDispatcher.retargetMouseEvent(Ljava/awt/Component;ILjava/awt/event/MouseEvent;)V java.desktop@9.0.4 (350 bytes) @ 0x0000019ccaa733f4 [0x0000019ccaa70f40+0x00000000000024b4]
J 14981 c1 java.awt.LightweightDispatcher.processMouseEvent(Ljava/awt/event/MouseEvent;)Z java.desktop@9.0.4 (265 bytes) @ 0x0000019ccb038fb4 [0x0000019ccb038040+0x0000000000000f74]
J 12786 c2 java.awt.Container.dispatchEventImpl(Ljava/awt/AWTEvent;)V java.desktop@9.0.4 (129 bytes) @ 0x0000019cd0d9b24c [0x0000019cd0d9af00+0x000000000000034c]
J 12319 c1 java.awt.Window.dispatchEventImpl(Ljava/awt/AWTEvent;)V java.desktop@9.0.4 (23 bytes) @ 0x0000019cc95fe8f4 [0x0000019cc95fe320+0x00000000000005d4]
J 10652 c1 java.awt.EventQueue.dispatchEventImpl(Ljava/awt/AWTEvent;Ljava/lang/Object;)V java.desktop@9.0.4 (136 bytes) @ 0x0000019cca77c9dc [0x0000019cca77c4c0+0x000000000000051c]
J 10422 c1 java.awt.EventQueue$3.run()Ljava/lang/Void; java.desktop@9.0.4 (60 bytes) @ 0x0000019cca6be5a4 [0x0000019cca6be3a0+0x0000000000000204]
J 10421 c1 java.awt.EventQueue$3.run()Ljava/lang/Object; java.desktop@9.0.4 (5 bytes) @ 0x0000019cca6bdfc4 [0x0000019cca6bdf40+0x0000000000000084]
v  ~StubRoutines::call_stub
J 4355  java.security.AccessController.doPrivileged(Ljava/security/PrivilegedAction;Ljava/security/AccessControlContext;)Ljava/lang/Object; java.base@9.0.4 (0 bytes) @ 0x0000019cd05989c6 [0x0000019cd0598960+0x0000000000000066]
J 10921 c1 java.awt.EventQueue$4.run()Ljava/lang/Object; java.desktop@9.0.4 (5 bytes) @ 0x0000019cca895354 [0x0000019cca894f60+0x00000000000003f4]
v  ~StubRoutines::call_stub
J 4355  java.security.AccessController.doPrivileged(Ljava/security/PrivilegedAction;Ljava/security/AccessControlContext;)Ljava/lang/Object; java.base@9.0.4 (0 bytes) @ 0x0000019cd05989c6 [0x0000019cd0598960+0x0000000000000066]
J 10647 c1 java.awt.EventQueue.dispatchEvent(Ljava/awt/AWTEvent;)V java.desktop@9.0.4 (80 bytes) @ 0x0000019cca775e34 [0x0000019cca774fa0+0x0000000000000e94]
J 10405 c1 ui.frmwork.b.d.dispatchEvent(Ljava/awt/AWTEvent;)V (34 bytes) @ 0x0000019cca6af4e4 [0x0000019cca6af420+0x00000000000000c4]
J 10648 c1 java.awt.EventDispatchThread.pumpOneEventForFilters(I)V java.desktop@9.0.4 (218 bytes) @ 0x0000019cca778194 [0x0000019cca776dc0+0x00000000000013d4]
j  java.awt.EventDispatchThread.pumpEventsForFilter(ILjava/awt/Conditional;Ljava/awt/EventFilter;)V+35 java.desktop@9.0.4
j  java.awt.EventDispatchThread.pumpEventsForHierarchy(ILjava/awt/Conditional;Ljava/awt/Component;)V+11 java.desktop@9.0.4
j  java.awt.EventDispatchThread.pumpEvents(ILjava/awt/Conditional;)V+4 java.desktop@9.0.4
j  java.awt.EventDispatchThread.pumpEvents(Ljava/awt/Conditional;)V+3 java.desktop@9.0.4
j  java.awt.EventDispatchThread.run()V+9 java.desktop@9.0.4
v  ~StubRoutines::call_stub

siginfo: EXCEPTION_ACCESS_VIOLATION (0xc0000005), reading address 0xffffffffffffffff


Register to memory mapping:

RIP=0x00007ffe038fa1a5 librdi_common.dll
RAX=0x0000019cb62eef01 is an unknown value
RBX=0x9007919c2f81f055 is an unknown value
RCX=0x0000019cb62eefd0 is an unknown value
RDX=0x9007919c2f81f055 is an unknown value
RSP=0x0000006f4e2f3580 is pointing into the stack for thread: 0x0000019ce38c1800
RBP=0x0000006f4e2f36b0 is pointing into the stack for thread: 0x0000019ce38c1800
RSI=0x0000019c8040e078 is an unknown value
RDI=0x0000006f4e2f3798 is pointing into the stack for thread: 0x0000019ce38c1800
R8 =0x0000006f4e2f3798 is pointing into the stack for thread: 0x0000019ce38c1800
R9 =0x0000000000000000 is an unknown value
R10=0x0000000000000067 is an unknown value
R11=0x4f780b7b79d263bf is an unknown value
R12=0x0000006f4e2f3798 is pointing into the stack for thread: 0x0000019ce38c1800
R13=0x0000000000000000 is an unknown value
R14=0x0000019cb4700fe0 is an unknown value
R15=0x9007919c2f81f055 is an unknown value


Registers:
RAX=0x0000019cb62eef01, RBX=0x9007919c2f81f055, RCX=0x0000019cb62eefd0, RDX=0x9007919c2f81f055
RSP=0x0000006f4e2f3580, RBP=0x0000006f4e2f36b0, RSI=0x0000019c8040e078, RDI=0x0000006f4e2f3798
R8 =0x0000006f4e2f3798, R9 =0x0000000000000000, R10=0x0000000000000067, R11=0x4f780b7b79d263bf
R12=0x0000006f4e2f3798, R13=0x0000000000000000, R14=0x0000019cb4700fe0, R15=0x9007919c2f81f055
RIP=0x00007ffe038fa1a5, EFLAGS=0x0000000000010202

Top of Stack: (sp=0x0000006f4e2f3580)
0x0000006f4e2f3580:   0000000000000018 0000019c8d42e630
0x0000006f4e2f3590:   0000000000003970 9007919c2f81f055
0x0000006f4e2f35a0:   9007919c2f81f055 00007ffe038eee15
0x0000006f4e2f35b0:   000000000001c195 00007ffe5c652648
0x0000006f4e2f35c0:   fffffffffffffffe 0000000000000336
0x0000006f4e2f35d0:   0000f31a0b996710 0000019c8d42e5c8
0x0000006f4e2f35e0:   0000000000000002 00007ffe03958985
0x0000006f4e2f35f0:   0000019ce3b33590 0000019c8d42e5e8
0x0000006f4e2f3600:   0000006f4e2f3890 00007ffe045b3fe0
0x0000006f4e2f3610:   fffffffffffffffe 00007ffe03ec6a6d
0x0000006f4e2f3620:   fffffffffffffffe 00007ffe045b3fe0
0x0000006f4e2f3630:   0000019c8d42e5a0 0000019cb4748ce8
0x0000006f4e2f3640:   0000006f4e2f3798 00007ffe03957c76
0x0000006f4e2f3650:   0000019c8d42e5a0 0000006f4e2f3798
0x0000006f4e2f3660:   0000019c00000002 0000000000000001
0x0000006f4e2f3670:   fffffffffffffffe 0000000000000001 

Instructions: (pc=0x00007ffe038fa1a5)
0x00007ffe038fa185:   20 48 8b d9 e8 22 c4 04 00 48 8b c8 48 8b d3 e8
0x00007ffe038fa195:   27 0d 05 00 84 c0 75 08 33 c0 48 83 c4 20 5b c3
0x00007ffe038fa1a5:   48 8b 4b 50 48 85 c9 74 0a 48 83 c4 20 5b e9 68
0x00007ffe038fa1b5:   e2 04 00 48 8b d3 48 8d 0d 26 fc 73 00 e8 59 b7 



---------------  P R O C E S S  ---------------

Java Threads: ( => current thread )
  0x0000019cf026d800 JavaThread "Relaunch Simulation" [_thread_in_native, id=17840, stack(0x0000006f51f00000,0x0000006f52400000)]
  0x0000019cf026e000 JavaThread "SyntheticaAnimation 50" daemon [_thread_blocked, id=13640, stack(0x0000006f4ff00000,0x0000006f50400000)]
  0x0000019cf026c000 JavaThread "Update Runs Swing Worker" [_thread_blocked, id=12172, stack(0x0000006f51800000,0x0000006f51d00000)]
  0x0000019cf026f000 JavaThread "hw_ila_monitor" [_thread_blocked, id=10696, stack(0x0000006f50e00000,0x0000006f51300000)]
  0x0000019ce3ba9000 JavaThread "Refresh Filesets Swing Worker" [_thread_blocked, id=11260, stack(0x0000006f50900000,0x0000006f50e00000)]
  0x0000019ce3ba7000 JavaThread "SyntheticaAnimation 70" daemon [_thread_blocked, id=5148, stack(0x0000006f50400000,0x0000006f50900000)]
  0x0000019ce3baa800 JavaThread "SyntheticaAnimation 25" daemon [_thread_blocked, id=18696, stack(0x0000006f4fa00000,0x0000006f4ff00000)]
  0x0000019ce3ba4000 JavaThread "SyntheticaAnimation 50" daemon [_thread_blocked, id=24040, stack(0x0000006f4f500000,0x0000006f4fa00000)]
  0x0000019ce3ba7800 JavaThread "Monitor HEventQueue" [_thread_blocked, id=18892, stack(0x0000006f4f000000,0x0000006f4f500000)]
  0x0000019ce3baa000 JavaThread "SyntheticaCleanerThread" daemon [_thread_blocked, id=9288, stack(0x0000006f4e800000,0x0000006f4ed00000)]
  0x0000019ce3ba5800 JavaThread "Batik CleanerThread" daemon [_thread_blocked, id=11992, stack(0x0000006f4d400000,0x0000006f4d900000)]
=>0x0000019ce38c1800 JavaThread "AWT-EventQueue-1" [_thread_in_native, id=14704, stack(0x0000006f4de00000,0x0000006f4e300000)]
  0x0000019cbef32000 JavaThread "Process Messages" [_thread_blocked, id=9044, stack(0x0000006f4d900000,0x0000006f4de00000)]
  0x0000019ce38b4000 JavaThread "Thread-1" [_thread_in_native, id=5228, stack(0x0000006f46200000,0x0000006f47600000)]
  0x0000019cbefd0800 JavaThread "TimerQueue" daemon [_thread_blocked, id=12536, stack(0x0000006f4ca00000,0x0000006f4cf00000)]
  0x0000019cbe59a800 JavaThread "AWT-Windows" daemon [_thread_in_native, id=8408, stack(0x0000006f4c500000,0x0000006f4ca00000)]
  0x0000019cbe63a800 JavaThread "AWT-Shutdown" [_thread_blocked, id=14700, stack(0x0000006f4c000000,0x0000006f4c500000)]
  0x0000019cbe638800 JavaThread "Java2D Disposer" daemon [_thread_blocked, id=5644, stack(0x0000006f4bb00000,0x0000006f4c000000)]
  0x0000019cbbb5b000 JavaThread "Service Thread" daemon [_thread_blocked, id=14660, stack(0x0000006f4b500000,0x0000006f4ba00000)]
  0x0000019cbbe9c000 JavaThread "Common-Cleaner" daemon [_thread_blocked, id=18928, stack(0x0000006f4b000000,0x0000006f4b500000)]
  0x0000019cbbe93800 JavaThread "Sweeper thread" daemon [_thread_blocked, id=19668, stack(0x0000006f4ab00000,0x0000006f4b000000)]
  0x0000019cbbe92800 JavaThread "C1 CompilerThread3" daemon [_thread_blocked, id=22588, stack(0x0000006f4aa00000,0x0000006f4ab00000)]
  0x0000019cbbe92000 JavaThread "C2 CompilerThread2" daemon [_thread_blocked, id=16312, stack(0x0000006f4a900000,0x0000006f4aa00000)]
  0x0000019cbbe91000 JavaThread "C2 CompilerThread1" daemon [_thread_blocked, id=7700, stack(0x0000006f4a800000,0x0000006f4a900000)]
  0x0000019cbbe90800 JavaThread "C2 CompilerThread0" daemon [_thread_blocked, id=16204, stack(0x0000006f4a700000,0x0000006f4a800000)]
  0x0000019cbbe8f800 JavaThread "Attach Listener" daemon [_thread_blocked, id=12336, stack(0x0000006f4a200000,0x0000006f4a700000)]
  0x0000019cbbe8f000 JavaThread "Signal Dispatcher" daemon [_thread_blocked, id=7828, stack(0x0000006f49d00000,0x0000006f4a200000)]
  0x0000019cbbe75000 JavaThread "Finalizer" daemon [_thread_blocked, id=18832, stack(0x0000006f49800000,0x0000006f49d00000)]
  0x0000019cbbe70000 JavaThread "Reference Handler" daemon [_thread_blocked, id=1016, stack(0x0000006f49300000,0x0000006f49800000)]
  0x0000019cbd9e7800 JavaThread "main" [_thread_blocked, id=23664, stack(0x0000006f46100000,0x0000006f46200000)]

Other Threads:
  0x0000019cbdae0000 VMThread "VM Thread" [stack: 0x0000006f49200000,0x0000006f49300000] [id=14080]
  0x0000019cbc03a000 WatcherThread [stack: 0x0000006f4ba00000,0x0000006f4bb00000] [id=5604]
  0x0000019cc1a96000 GCTaskThread "GC Thread#0" [stack: 0x0000006f47900000,0x0000006f47a00000] [id=17892]
  0x0000019cbd9e8800 GCTaskThread "GC Thread#1" [stack: 0x0000006f47a00000,0x0000006f47b00000] [id=22124]
  0x0000019cbd6e6800 GCTaskThread "GC Thread#2" [stack: 0x0000006f47b00000,0x0000006f47c00000] [id=4880]
  0x0000019cbd6e7000 GCTaskThread "GC Thread#3" [stack: 0x0000006f47c00000,0x0000006f47d00000] [id=8952]
  0x0000019cc11d9000 GCTaskThread "GC Thread#4" [stack: 0x0000006f47d00000,0x0000006f47e00000] [id=23364]
  0x0000019cb9639800 GCTaskThread "GC Thread#5" [stack: 0x0000006f47e00000,0x0000006f47f00000] [id=6848]
  0x0000019cb963a800 GCTaskThread "GC Thread#6" [stack: 0x0000006f47f00000,0x0000006f48000000] [id=1864]
  0x0000019cc0a05800 GCTaskThread "GC Thread#7" [stack: 0x0000006f48000000,0x0000006f48100000] [id=7968]
  0x0000019cc0a06800 GCTaskThread "GC Thread#8" [stack: 0x0000006f48100000,0x0000006f48200000] [id=10048]
  0x0000019cb90a7800 GCTaskThread "GC Thread#9" [stack: 0x0000006f48200000,0x0000006f48300000] [id=3096]
  0x0000019cbff02800 ConcurrentGCThread "G1 Main Marker" [stack: 0x0000006f48e00000,0x0000006f48f00000] [id=14408]
  0x0000019cbff03000 ConcurrentGCThread "G1 Marker#0" [stack: 0x0000006f48f00000,0x0000006f49000000] [id=16320]
  0x0000019cbff03800 ConcurrentGCThread "G1 Marker#1" [stack: 0x0000006f49000000,0x0000006f49100000] [id=22004]
  0x0000019cbd6de800 ConcurrentGCThread "G1 Marker#2" [stack: 0x0000006f49100000,0x0000006f49200000] [id=1336]
  0x0000019cc0a02800 ConcurrentGCThread "G1 Refine#0" [stack: 0x0000006f48c00000,0x0000006f48d00000] [id=7648]
  0x0000019cc0a02000 ConcurrentGCThread "G1 Refine#1" [stack: 0x0000006f48b00000,0x0000006f48c00000] [id=7676]
  0x0000019cc19da800 ConcurrentGCThread "G1 Refine#2" [stack: 0x0000006f48a00000,0x0000006f48b00000] [id=10248]
  0x0000019cc19da000 ConcurrentGCThread "G1 Refine#3" [stack: 0x0000006f48900000,0x0000006f48a00000] [id=7792]
  0x0000019cc19d9800 ConcurrentGCThread "G1 Refine#4" [stack: 0x0000006f48800000,0x0000006f48900000] [id=9496]
  0x0000019cc0304800 ConcurrentGCThread "G1 Refine#5" [stack: 0x0000006f48700000,0x0000006f48800000] [id=8512]
  0x0000019cc0f49000 ConcurrentGCThread "G1 Refine#6" [stack: 0x0000006f48600000,0x0000006f48700000] [id=16988]
  0x0000019cc0f48800 ConcurrentGCThread "G1 Refine#7" [stack: 0x0000006f48500000,0x0000006f48600000] [id=3468]
  0x0000019cb9632000 ConcurrentGCThread "G1 Refine#8" [stack: 0x0000006f48400000,0x0000006f48500000] [id=6156]
  0x0000019cb9631800 ConcurrentGCThread "G1 Refine#9" [stack: 0x0000006f48300000,0x0000006f48400000] [id=17488]
  0x0000019cc1342800 ConcurrentGCThread "G1 Young RemSet Sampling" [stack: 0x0000006f48d00000,0x0000006f48e00000] [id=19812]

Threads with active compile tasks:

VM state:not at safepoint (normal execution)

VM Mutex/Monitor currently owned by a thread: None

Heap address: 0x0000000700000000, size: 3072 MB, Compressed Oops mode: Zero based, Oop shift amount: 3
Narrow klass base: 0x0000000000000000, Narrow klass shift: 3
Compressed class space size: 1073741824 Address: 0x00000007c0000000

Heap:
 garbage-first heap   total 189440K, used 113372K [0x0000000700000000, 0x00000007001005c8, 0x00000007c0000000)
  region size 1024K, 43 young (44032K), 1 survivors (1024K)
 Metaspace       used 75139K, capacity 79999K, committed 80156K, reserved 1118208K
  class space    used 10475K, capacity 11328K, committed 11344K, reserved 1048576K
Heap Regions: E=young(eden), S=young(survivor), O=old, HS=humongous(starts), HC=humongous(continues), CS=collection set, F=free, A=archive, TS=gc time stamp, AC=allocation context, TAMS=top-at-mark-start (previous, next)
|   0|0x0000000700000000, 0x00000007000fdb40, 0x0000000700100000| 99%| O|  |TS  0|AC  0|TAMS 0x0000000700000000, 0x0000000700000000|
|   1|0x0000000700100000, 0x0000000700200000, 0x0000000700200000|100%|HS|  |TS  0|AC  0|TAMS 0x0000000700100000, 0x0000000700100000|
|   2|0x0000000700200000, 0x0000000700300000, 0x0000000700300000|100%|HC|  |TS  0|AC  0|TAMS 0x0000000700200000, 0x0000000700200000|
|   3|0x0000000700300000, 0x0000000700400000, 0x0000000700400000|100%|HS|  |TS  0|AC  0|TAMS 0x0000000700300000, 0x0000000700300000|
|   4|0x0000000700400000, 0x00000007004f6608, 0x0000000700500000| 96%| O|  |TS  0|AC  0|TAMS 0x0000000700400000, 0x0000000700400000|
|   5|0x0000000700500000, 0x00000007005f9fa8, 0x0000000700600000| 97%| O|  |TS  0|AC  0|TAMS 0x0000000700500000, 0x0000000700500000|
|   6|0x0000000700600000, 0x0000000700700000, 0x0000000700700000|100%| O|  |TS  0|AC  0|TAMS 0x0000000700600000, 0x0000000700600000|
|   7|0x0000000700700000, 0x0000000700800000, 0x0000000700800000|100%| O|  |TS  0|AC  0|TAMS 0x0000000700700000, 0x0000000700700000|
|   8|0x0000000700800000, 0x0000000700900000, 0x0000000700900000|100%| O|  |TS  0|AC  0|TAMS 0x0000000700800000, 0x0000000700800000|
|   9|0x0000000700900000, 0x00000007009fee98, 0x0000000700a00000| 99%| O|  |TS  0|AC  0|TAMS 0x0000000700900000, 0x0000000700900000|
|  10|0x0000000700a00000, 0x0000000700af3888, 0x0000000700b00000| 95%| O|  |TS  0|AC  0|TAMS 0x0000000700a00000, 0x0000000700a00000|
|  11|0x0000000700b00000, 0x0000000700bfeff8, 0x0000000700c00000| 99%| O|  |TS  0|AC  0|TAMS 0x0000000700b00000, 0x0000000700b00000|
|  12|0x0000000700c00000, 0x0000000700cfe358, 0x0000000700d00000| 99%| O|  |TS  0|AC  0|TAMS 0x0000000700c00000, 0x0000000700c00000|
|  13|0x0000000700d00000, 0x0000000700dfb698, 0x0000000700e00000| 98%| O|  |TS  0|AC  0|TAMS 0x0000000700d00000, 0x0000000700d00000|
|  14|0x0000000700e00000, 0x0000000700efc388, 0x0000000700f00000| 98%| O|  |TS  0|AC  0|TAMS 0x0000000700e00000, 0x0000000700e00000|
|  15|0x0000000700f00000, 0x0000000700fd86b8, 0x0000000701000000| 84%| O|  |TS  0|AC  0|TAMS 0x0000000700f00000, 0x0000000700f00000|
|  16|0x0000000701000000, 0x00000007010f5d28, 0x0000000701100000| 96%| O|  |TS  0|AC  0|TAMS 0x0000000701000000, 0x0000000701000000|
|  17|0x0000000701100000, 0x00000007011fffd8, 0x0000000701200000| 99%| O|  |TS  0|AC  0|TAMS 0x0000000701100000, 0x0000000701100000|
|  18|0x0000000701200000, 0x0000000701300000, 0x0000000701300000|100%| O|  |TS  0|AC  0|TAMS 0x0000000701200000, 0x0000000701200000|
|  19|0x0000000701300000, 0x00000007013ffef8, 0x0000000701400000| 99%| O|  |TS  0|AC  0|TAMS 0x0000000701300000, 0x0000000701300000|
|  20|0x0000000701400000, 0x0000000701500000, 0x0000000701500000|100%| O|  |TS  0|AC  0|TAMS 0x0000000701400000, 0x0000000701400000|
|  21|0x0000000701500000, 0x00000007015ffff8, 0x0000000701600000| 99%| O|  |TS  0|AC  0|TAMS 0x0000000701500000, 0x0000000701500000|
|  22|0x0000000701600000, 0x00000007016fede0, 0x0000000701700000| 99%| O|  |TS  0|AC  0|TAMS 0x0000000701600000, 0x0000000701600000|
|  23|0x0000000701700000, 0x0000000701800000, 0x0000000701800000|100%| O|  |TS  0|AC  0|TAMS 0x0000000701700000, 0x0000000701700000|
|  24|0x0000000701800000, 0x00000007018ffff0, 0x0000000701900000| 99%| O|  |TS  0|AC  0|TAMS 0x0000000701800000, 0x0000000701800000|
|  25|0x0000000701900000, 0x00000007019fffe8, 0x0000000701a00000| 99%| O|  |TS  0|AC  0|TAMS 0x0000000701900000, 0x0000000701900000|
|  26|0x0000000701a00000, 0x0000000701b00000, 0x0000000701b00000|100%| O|  |TS  0|AC  0|TAMS 0x0000000701a00000, 0x0000000701a00000|
|  27|0x0000000701b00000, 0x0000000701c00000, 0x0000000701c00000|100%| O|  |TS  0|AC  0|TAMS 0x0000000701b00000, 0x0000000701b00000|
|  28|0x0000000701c00000, 0x0000000701d00000, 0x0000000701d00000|100%| O|  |TS  0|AC  0|TAMS 0x0000000701c00000, 0x0000000701c00000|
|  29|0x0000000701d00000, 0x0000000701dfffe0, 0x0000000701e00000| 99%| O|  |TS  0|AC  0|TAMS 0x0000000701d00000, 0x0000000701d00000|
|  30|0x0000000701e00000, 0x0000000701f00000, 0x0000000701f00000|100%| O|  |TS  0|AC  0|TAMS 0x0000000701e00000, 0x0000000701e00000|
|  31|0x0000000701f00000, 0x0000000702000000, 0x0000000702000000|100%| O|  |TS  0|AC  0|TAMS 0x0000000701f00000, 0x0000000701f00000|
|  32|0x0000000702000000, 0x00000007020fff00, 0x0000000702100000| 99%| O|  |TS  0|AC  0|TAMS 0x0000000702000000, 0x0000000702000000|
|  33|0x0000000702100000, 0x00000007021ffff8, 0x0000000702200000| 99%| O|  |TS  0|AC  0|TAMS 0x0000000702100000, 0x0000000702100000|
|  34|0x0000000702200000, 0x00000007022ffff8, 0x0000000702300000| 99%| O|  |TS  0|AC  0|TAMS 0x0000000702200000, 0x0000000702200000|
|  35|0x0000000702300000, 0x00000007023fff40, 0x0000000702400000| 99%| O|  |TS  0|AC  0|TAMS 0x0000000702300000, 0x0000000702300000|
|  36|0x0000000702400000, 0x00000007024fffe8, 0x0000000702500000| 99%| O|  |TS  0|AC  0|TAMS 0x0000000702400000, 0x0000000702400000|
|  37|0x0000000702500000, 0x00000007025fffb8, 0x0000000702600000| 99%| O|  |TS  0|AC  0|TAMS 0x0000000702500000, 0x0000000702500000|
|  38|0x0000000702600000, 0x00000007026fffe8, 0x0000000702700000| 99%| O|  |TS  0|AC  0|TAMS 0x0000000702600000, 0x0000000702600000|
|  39|0x0000000702700000, 0x00000007027fffc0, 0x0000000702800000| 99%| O|  |TS  0|AC  0|TAMS 0x0000000702700000, 0x0000000702700000|
|  40|0x0000000702800000, 0x0000000702900000, 0x0000000702900000|100%| O|  |TS  0|AC  0|TAMS 0x0000000702800000, 0x0000000702800000|
|  41|0x0000000702900000, 0x00000007029fffe8, 0x0000000702a00000| 99%| O|  |TS  0|AC  0|TAMS 0x0000000702900000, 0x0000000702900000|
|  42|0x0000000702a00000, 0x0000000702b00000, 0x0000000702b00000|100%| O|  |TS  0|AC  0|TAMS 0x0000000702a00000, 0x0000000702a00000|
|  43|0x0000000702b00000, 0x0000000702bfffe8, 0x0000000702c00000| 99%| O|  |TS  0|AC  0|TAMS 0x0000000702b00000, 0x0000000702b00000|
|  44|0x0000000702c00000, 0x0000000702cffff8, 0x0000000702d00000| 99%| O|  |TS  0|AC  0|TAMS 0x0000000702c00000, 0x0000000702c00000|
|  45|0x0000000702d00000, 0x0000000702e00000, 0x0000000702e00000|100%|HS|  |TS  0|AC  0|TAMS 0x0000000702d00000, 0x0000000702d00000|
|  46|0x0000000702e00000, 0x0000000702f00000, 0x0000000702f00000|100%|HC|  |TS  0|AC  0|TAMS 0x0000000702e00000, 0x0000000702e00000|
|  47|0x0000000702f00000, 0x0000000703000000, 0x0000000703000000|100%|HC|  |TS  0|AC  0|TAMS 0x0000000702f00000, 0x0000000702f00000|
|  48|0x0000000703000000, 0x0000000703100000, 0x0000000703100000|100%|HC|  |TS  0|AC  0|TAMS 0x0000000703000000, 0x0000000703000000|
|  49|0x0000000703100000, 0x0000000703200000, 0x0000000703200000|100%|HC|  |TS  0|AC  0|TAMS 0x0000000703100000, 0x0000000703100000|
|  50|0x0000000703200000, 0x0000000703300000, 0x0000000703300000|100%|HC|  |TS  0|AC  0|TAMS 0x0000000703200000, 0x0000000703200000|
|  51|0x0000000703300000, 0x0000000703400000, 0x0000000703400000|100%|HC|  |TS  0|AC  0|TAMS 0x0000000703300000, 0x0000000703300000|
|  52|0x0000000703400000, 0x0000000703500000, 0x0000000703500000|100%|HC|  |TS  0|AC  0|TAMS 0x0000000703400000, 0x0000000703400000|
|  53|0x0000000703500000, 0x0000000703600000, 0x0000000703600000|100%|HC|  |TS  0|AC  0|TAMS 0x0000000703500000, 0x0000000703500000|
|  54|0x0000000703600000, 0x0000000703700000, 0x0000000703700000|100%|HC|  |TS  0|AC  0|TAMS 0x0000000703600000, 0x0000000703600000|
|  55|0x0000000703700000, 0x0000000703800000, 0x0000000703800000|100%|HC|  |TS  0|AC  0|TAMS 0x0000000703700000, 0x0000000703700000|
|  56|0x0000000703800000, 0x0000000703900000, 0x0000000703900000|100%|HC|  |TS  0|AC  0|TAMS 0x0000000703800000, 0x0000000703800000|
|  57|0x0000000703900000, 0x0000000703a00000, 0x0000000703a00000|100%| O|  |TS  0|AC  0|TAMS 0x0000000703900000, 0x0000000703900000|
|  58|0x0000000703a00000, 0x0000000703afffe8, 0x0000000703b00000| 99%| O|  |TS  0|AC  0|TAMS 0x0000000703a00000, 0x0000000703a00000|
|  59|0x0000000703b00000, 0x0000000703c00000, 0x0000000703c00000|100%| O|  |TS  0|AC  0|TAMS 0x0000000703b00000, 0x0000000703b00000|
|  60|0x0000000703c00000, 0x0000000703cfffe8, 0x0000000703d00000| 99%| O|  |TS  0|AC  0|TAMS 0x0000000703c00000, 0x0000000703c00000|
|  61|0x0000000703d00000, 0x0000000703dca508, 0x0000000703e00000| 79%| O|  |TS  0|AC  0|TAMS 0x0000000703d00000, 0x0000000703d00000|
|  62|0x0000000703e00000, 0x0000000703e00000, 0x0000000703f00000|  0%| F|  |TS  0|AC  0|TAMS 0x0000000703e00000, 0x0000000703e00000|
|  63|0x0000000703f00000, 0x0000000703f00000, 0x0000000704000000|  0%| F|  |TS  0|AC  0|TAMS 0x0000000703f00000, 0x0000000703f00000|
|  64|0x0000000704000000, 0x0000000704000000, 0x0000000704100000|  0%| F|  |TS  0|AC  0|TAMS 0x0000000704000000, 0x0000000704000000|
|  65|0x0000000704100000, 0x0000000704100000, 0x0000000704200000|  0%| F|  |TS  0|AC  0|TAMS 0x0000000704100000, 0x0000000704100000|
|  66|0x0000000704200000, 0x0000000704200000, 0x0000000704300000|  0%| F|  |TS  0|AC  0|TAMS 0x0000000704200000, 0x0000000704200000|
|  67|0x0000000704300000, 0x0000000704400000, 0x0000000704400000|100%|HS|  |TS  0|AC  0|TAMS 0x0000000704300000, 0x0000000704300000|
|  68|0x0000000704400000, 0x0000000704500000, 0x0000000704500000|100%|HC|  |TS  0|AC  0|TAMS 0x0000000704400000, 0x0000000704400000|
|  69|0x0000000704500000, 0x0000000704600000, 0x0000000704600000|100%|HC|  |TS  0|AC  0|TAMS 0x0000000704500000, 0x0000000704500000|
|  70|0x0000000704600000, 0x0000000704700000, 0x0000000704700000|100%|HC|  |TS  0|AC  0|TAMS 0x0000000704600000, 0x0000000704600000|
|  71|0x0000000704700000, 0x0000000704700000, 0x0000000704800000|  0%| F|  |TS  0|AC  0|TAMS 0x0000000704700000, 0x0000000704700000|
|  72|0x0000000704800000, 0x0000000704800000, 0x0000000704900000|  0%| F|  |TS  0|AC  0|TAMS 0x0000000704800000, 0x0000000704800000|
|  73|0x0000000704900000, 0x0000000704900000, 0x0000000704a00000|  0%| F|  |TS  0|AC  0|TAMS 0x0000000704900000, 0x0000000704900000|
|  74|0x0000000704a00000, 0x0000000704a00000, 0x0000000704b00000|  0%| F|  |TS  0|AC  0|TAMS 0x0000000704a00000, 0x0000000704a00000|
|  75|0x0000000704b00000, 0x0000000704b00000, 0x0000000704c00000|  0%| F|  |TS  0|AC  0|TAMS 0x0000000704b00000, 0x0000000704b00000|
|  76|0x0000000704c00000, 0x0000000704c00000, 0x0000000704d00000|  0%| F|  |TS  0|AC  0|TAMS 0x0000000704c00000, 0x0000000704c00000|
|  77|0x0000000704d00000, 0x0000000704d00000, 0x0000000704e00000|  0%| F|  |TS  0|AC  0|TAMS 0x0000000704d00000, 0x0000000704d00000|
|  78|0x0000000704e00000, 0x0000000704e00000, 0x0000000704f00000|  0%| F|  |TS  0|AC  0|TAMS 0x0000000704e00000, 0x0000000704e00000|
|  79|0x0000000704f00000, 0x0000000705000000, 0x0000000705000000|100%|HS|  |TS  0|AC  0|TAMS 0x0000000704f00000, 0x0000000704f00000|
|  80|0x0000000705000000, 0x0000000705100000, 0x0000000705100000|100%|HC|  |TS  0|AC  0|TAMS 0x0000000705000000, 0x0000000705000000|
|  81|0x0000000705100000, 0x0000000705200000, 0x0000000705200000|100%|HC|  |TS  0|AC  0|TAMS 0x0000000705100000, 0x0000000705100000|
|  82|0x0000000705200000, 0x0000000705300000, 0x0000000705300000|100%|HC|  |TS  0|AC  0|TAMS 0x0000000705200000, 0x0000000705200000|
|  83|0x0000000705300000, 0x0000000705300000, 0x0000000705400000|  0%| F|  |TS  0|AC  0|TAMS 0x0000000705300000, 0x0000000705300000|
|  84|0x0000000705400000, 0x0000000705400000, 0x0000000705500000|  0%| F|  |TS  0|AC  0|TAMS 0x0000000705400000, 0x0000000705400000|
|  85|0x0000000705500000, 0x0000000705500000, 0x0000000705600000|  0%| F|  |TS  0|AC  0|TAMS 0x0000000705500000, 0x0000000705500000|
|  86|0x0000000705600000, 0x0000000705600000, 0x0000000705700000|  0%| F|  |TS  0|AC  0|TAMS 0x0000000705600000, 0x0000000705600000|
|  87|0x0000000705700000, 0x0000000705700000, 0x0000000705800000|  0%| F|  |TS  0|AC  0|TAMS 0x0000000705700000, 0x0000000705700000|
|  88|0x0000000705800000, 0x0000000705800000, 0x0000000705900000|  0%| F|  |TS  0|AC  0|TAMS 0x0000000705800000, 0x0000000705800000|
|  89|0x0000000705900000, 0x0000000705900000, 0x0000000705a00000|  0%| F|  |TS  0|AC  0|TAMS 0x0000000705900000, 0x0000000705900000|
|  90|0x0000000705a00000, 0x0000000705a00000, 0x0000000705b00000|  0%| F|  |TS  0|AC  0|TAMS 0x0000000705a00000, 0x0000000705a00000|
|  91|0x0000000705b00000, 0x0000000705b00000, 0x0000000705c00000|  0%| F|  |TS  0|AC  0|TAMS 0x0000000705b00000, 0x0000000705b00000|
|  92|0x0000000705c00000, 0x0000000705c00000, 0x0000000705d00000|  0%| F|  |TS  0|AC  0|TAMS 0x0000000705c00000, 0x0000000705c00000|
|  93|0x0000000705d00000, 0x0000000705d00000, 0x0000000705e00000|  0%| F|  |TS  0|AC  0|TAMS 0x0000000705d00000, 0x0000000705d00000|
|  94|0x0000000705e00000, 0x0000000705e00000, 0x0000000705f00000|  0%| F|  |TS  0|AC  0|TAMS 0x0000000705e00000, 0x0000000705e00000|
|  95|0x0000000705f00000, 0x0000000705f00000, 0x0000000706000000|  0%| F|  |TS  0|AC  0|TAMS 0x0000000705f00000, 0x0000000705f00000|
|  96|0x0000000706000000, 0x0000000706000000, 0x0000000706100000|  0%| F|  |TS  0|AC  0|TAMS 0x0000000706000000, 0x0000000706000000|
|  97|0x0000000706100000, 0x0000000706100000, 0x0000000706200000|  0%| F|  |TS  0|AC  0|TAMS 0x0000000706100000, 0x0000000706100000|
|  98|0x0000000706200000, 0x0000000706200000, 0x0000000706300000|  0%| F|  |TS  0|AC  0|TAMS 0x0000000706200000, 0x0000000706200000|
|  99|0x0000000706300000, 0x0000000706300000, 0x0000000706400000|  0%| F|  |TS  0|AC  0|TAMS 0x0000000706300000, 0x0000000706300000|
| 100|0x0000000706400000, 0x0000000706400000, 0x0000000706500000|  0%| F|  |TS  0|AC  0|TAMS 0x0000000706400000, 0x0000000706400000|
| 101|0x0000000706500000, 0x0000000706500000, 0x0000000706600000|  0%| F|  |TS  0|AC  0|TAMS 0x0000000706500000, 0x0000000706500000|
| 102|0x0000000706600000, 0x0000000706600000, 0x0000000706700000|  0%| F|  |TS  0|AC  0|TAMS 0x0000000706600000, 0x0000000706600000|
| 103|0x0000000706700000, 0x0000000706700000, 0x0000000706800000|  0%| F|  |TS  0|AC  0|TAMS 0x0000000706700000, 0x0000000706700000|
| 104|0x0000000706800000, 0x0000000706800000, 0x0000000706900000|  0%| F|  |TS  0|AC  0|TAMS 0x0000000706800000, 0x0000000706800000|
| 105|0x0000000706900000, 0x0000000706900000, 0x0000000706a00000|  0%| F|  |TS  0|AC  0|TAMS 0x0000000706900000, 0x0000000706900000|
| 106|0x0000000706a00000, 0x0000000706a00000, 0x0000000706b00000|  0%| F|  |TS  0|AC  0|TAMS 0x0000000706a00000, 0x0000000706a00000|
| 107|0x0000000706b00000, 0x0000000706b00000, 0x0000000706c00000|  0%| F|  |TS  0|AC  0|TAMS 0x0000000706b00000, 0x0000000706b00000|
| 108|0x0000000706c00000, 0x0000000706c00000, 0x0000000706d00000|  0%| F|  |TS  0|AC  0|TAMS 0x0000000706c00000, 0x0000000706c00000|
| 109|0x0000000706d00000, 0x0000000706d00000, 0x0000000706e00000|  0%| F|  |TS  0|AC  0|TAMS 0x0000000706d00000, 0x0000000706d00000|
| 110|0x0000000706e00000, 0x0000000706e00000, 0x0000000706f00000|  0%| F|  |TS  0|AC  0|TAMS 0x0000000706e00000, 0x0000000706e00000|
| 111|0x0000000706f00000, 0x0000000706f00000, 0x0000000707000000|  0%| F|  |TS  0|AC  0|TAMS 0x0000000706f00000, 0x0000000706f00000|
| 112|0x0000000707000000, 0x0000000707000000, 0x0000000707100000|  0%| F|  |TS  0|AC  0|TAMS 0x0000000707000000, 0x0000000707000000|
| 113|0x0000000707100000, 0x0000000707100000, 0x0000000707200000|  0%| F|  |TS  0|AC  0|TAMS 0x0000000707100000, 0x0000000707100000|
| 114|0x0000000707200000, 0x0000000707200000, 0x0000000707300000|  0%| F|  |TS  0|AC  0|TAMS 0x0000000707200000, 0x0000000707200000|
| 115|0x0000000707300000, 0x0000000707300000, 0x0000000707400000|  0%| F|  |TS  0|AC  0|TAMS 0x0000000707300000, 0x0000000707300000|
| 116|0x0000000707400000, 0x0000000707400000, 0x0000000707500000|  0%| F|  |TS  0|AC  0|TAMS 0x0000000707400000, 0x0000000707400000|
| 117|0x0000000707500000, 0x0000000707500000, 0x0000000707600000|  0%| F|  |TS  0|AC  0|TAMS 0x0000000707500000, 0x0000000707500000|
| 118|0x0000000707600000, 0x0000000707600000, 0x0000000707700000|  0%| F|  |TS  0|AC  0|TAMS 0x0000000707600000, 0x0000000707600000|
| 119|0x0000000707700000, 0x0000000707700000, 0x0000000707800000|  0%| F|  |TS  0|AC  0|TAMS 0x0000000707700000, 0x0000000707700000|
| 120|0x0000000707800000, 0x0000000707800000, 0x0000000707900000|  0%| F|  |TS  0|AC  0|TAMS 0x0000000707800000, 0x0000000707800000|
| 121|0x0000000707900000, 0x0000000707900000, 0x0000000707a00000|  0%| F|  |TS  0|AC  0|TAMS 0x0000000707900000, 0x0000000707900000|
| 122|0x0000000707a00000, 0x0000000707a00000, 0x0000000707b00000|  0%| F|  |TS  0|AC  0|TAMS 0x0000000707a00000, 0x0000000707a00000|
| 123|0x0000000707b00000, 0x0000000707b00000, 0x0000000707c00000|  0%| F|  |TS  0|AC  0|TAMS 0x0000000707b00000, 0x0000000707b00000|
| 124|0x0000000707c00000, 0x0000000707c00000, 0x0000000707d00000|  0%| F|  |TS  3|AC  0|TAMS 0x0000000707c00000, 0x0000000707c00000|
| 125|0x0000000707d00000, 0x0000000707d4a958, 0x0000000707e00000| 29%| S|CS|TS  3|AC  0|TAMS 0x0000000707d00000, 0x0000000707d00000|
| 126|0x0000000707e00000, 0x0000000707e00000, 0x0000000707f00000|  0%| F|  |TS  3|AC  0|TAMS 0x0000000707e00000, 0x0000000707e00000|
| 127|0x0000000707f00000, 0x0000000707f00000, 0x0000000708000000|  0%| F|  |TS  3|AC  0|TAMS 0x0000000707f00000, 0x0000000707f00000|
| 128|0x0000000708000000, 0x0000000708000000, 0x0000000708100000|  0%| F|  |TS  3|AC  0|TAMS 0x0000000708000000, 0x0000000708000000|
| 129|0x0000000708100000, 0x0000000708100000, 0x0000000708200000|  0%| F|  |TS  3|AC  0|TAMS 0x0000000708100000, 0x0000000708100000|
| 130|0x0000000708200000, 0x0000000708200000, 0x0000000708300000|  0%| F|  |TS  3|AC  0|TAMS 0x0000000708200000, 0x0000000708200000|
| 131|0x0000000708300000, 0x0000000708300000, 0x0000000708400000|  0%| F|  |TS  3|AC  0|TAMS 0x0000000708300000, 0x0000000708300000|
| 132|0x0000000708400000, 0x0000000708400000, 0x0000000708500000|  0%| F|  |TS  3|AC  0|TAMS 0x0000000708400000, 0x0000000708400000|
| 133|0x0000000708500000, 0x0000000708500000, 0x0000000708600000|  0%| F|  |TS  3|AC  0|TAMS 0x0000000708500000, 0x0000000708500000|
| 134|0x0000000708600000, 0x0000000708600000, 0x0000000708700000|  0%| F|  |TS  3|AC  0|TAMS 0x0000000708600000, 0x0000000708600000|
| 135|0x0000000708700000, 0x0000000708700000, 0x0000000708800000|  0%| F|  |TS  3|AC  0|TAMS 0x0000000708700000, 0x0000000708700000|
| 136|0x0000000708800000, 0x0000000708800000, 0x0000000708900000|  0%| F|  |TS  3|AC  0|TAMS 0x0000000708800000, 0x0000000708800000|
| 137|0x0000000708900000, 0x0000000708900000, 0x0000000708a00000|  0%| F|  |TS  3|AC  0|TAMS 0x0000000708900000, 0x0000000708900000|
| 138|0x0000000708a00000, 0x0000000708a00000, 0x0000000708b00000|  0%| F|  |TS  3|AC  0|TAMS 0x0000000708a00000, 0x0000000708a00000|
| 139|0x0000000708b00000, 0x0000000708b00000, 0x0000000708c00000|  0%| F|  |TS  3|AC  0|TAMS 0x0000000708b00000, 0x0000000708b00000|
| 140|0x0000000708c00000, 0x0000000708c00000, 0x0000000708d00000|  0%| F|  |TS  3|AC  0|TAMS 0x0000000708c00000, 0x0000000708c00000|
| 141|0x0000000708d00000, 0x0000000708d00000, 0x0000000708e00000|  0%| F|  |TS  3|AC  0|TAMS 0x0000000708d00000, 0x0000000708d00000|
| 142|0x0000000708e00000, 0x0000000708e00000, 0x0000000708f00000|  0%| F|  |TS  3|AC  0|TAMS 0x0000000708e00000, 0x0000000708e00000|
| 143|0x0000000708f00000, 0x0000000708f02790, 0x0000000709000000|  0%| E|  |TS  3|AC  0|TAMS 0x0000000708f00000, 0x0000000708f00000|
| 144|0x0000000709000000, 0x0000000709100000, 0x0000000709100000|100%| E|CS|TS  3|AC  0|TAMS 0x0000000709000000, 0x0000000709000000|
| 145|0x0000000709100000, 0x0000000709200000, 0x0000000709200000|100%| E|CS|TS  3|AC  0|TAMS 0x0000000709100000, 0x0000000709100000|
| 146|0x0000000709200000, 0x0000000709300000, 0x0000000709300000|100%| E|CS|TS  3|AC  0|TAMS 0x0000000709200000, 0x0000000709200000|
| 147|0x0000000709300000, 0x0000000709400000, 0x0000000709400000|100%| E|CS|TS  3|AC  0|TAMS 0x0000000709300000, 0x0000000709300000|
| 148|0x0000000709400000, 0x0000000709500000, 0x0000000709500000|100%| E|CS|TS  3|AC  0|TAMS 0x0000000709400000, 0x0000000709400000|
| 149|0x0000000709500000, 0x0000000709600000, 0x0000000709600000|100%| E|CS|TS  3|AC  0|TAMS 0x0000000709500000, 0x0000000709500000|
| 150|0x0000000709600000, 0x0000000709700000, 0x0000000709700000|100%| E|CS|TS  3|AC  0|TAMS 0x0000000709600000, 0x0000000709600000|
| 151|0x0000000709700000, 0x0000000709800000, 0x0000000709800000|100%| E|CS|TS  3|AC  0|TAMS 0x0000000709700000, 0x0000000709700000|
| 152|0x0000000709800000, 0x0000000709900000, 0x0000000709900000|100%| E|CS|TS  3|AC  0|TAMS 0x0000000709800000, 0x0000000709800000|
| 153|0x0000000709900000, 0x0000000709a00000, 0x0000000709a00000|100%| E|CS|TS  3|AC  0|TAMS 0x0000000709900000, 0x0000000709900000|
| 154|0x0000000709a00000, 0x0000000709b00000, 0x0000000709b00000|100%| E|CS|TS  3|AC  0|TAMS 0x0000000709a00000, 0x0000000709a00000|
| 155|0x0000000709b00000, 0x0000000709c00000, 0x0000000709c00000|100%| E|CS|TS  3|AC  0|TAMS 0x0000000709b00000, 0x0000000709b00000|
| 156|0x0000000709c00000, 0x0000000709d00000, 0x0000000709d00000|100%| E|CS|TS  3|AC  0|TAMS 0x0000000709c00000, 0x0000000709c00000|
| 157|0x0000000709d00000, 0x0000000709e00000, 0x0000000709e00000|100%| E|CS|TS  3|AC  0|TAMS 0x0000000709d00000, 0x0000000709d00000|
| 158|0x0000000709e00000, 0x0000000709f00000, 0x0000000709f00000|100%| E|CS|TS  3|AC  0|TAMS 0x0000000709e00000, 0x0000000709e00000|
| 159|0x0000000709f00000, 0x000000070a000000, 0x000000070a000000|100%| E|CS|TS  3|AC  0|TAMS 0x0000000709f00000, 0x0000000709f00000|
| 160|0x000000070a000000, 0x000000070a100000, 0x000000070a100000|100%| E|CS|TS  3|AC  0|TAMS 0x000000070a000000, 0x000000070a000000|
| 161|0x000000070a100000, 0x000000070a200000, 0x000000070a200000|100%| E|CS|TS  3|AC  0|TAMS 0x000000070a100000, 0x000000070a100000|
| 162|0x000000070a200000, 0x000000070a300000, 0x000000070a300000|100%| E|CS|TS  3|AC  0|TAMS 0x000000070a200000, 0x000000070a200000|
| 163|0x000000070a300000, 0x000000070a400000, 0x000000070a400000|100%| E|CS|TS  3|AC  0|TAMS 0x000000070a300000, 0x000000070a300000|
| 164|0x000000070a400000, 0x000000070a500000, 0x000000070a500000|100%| E|CS|TS  3|AC  0|TAMS 0x000000070a400000, 0x000000070a400000|
| 165|0x000000070a500000, 0x000000070a600000, 0x000000070a600000|100%| E|CS|TS  3|AC  0|TAMS 0x000000070a500000, 0x000000070a500000|
| 166|0x000000070a600000, 0x000000070a700000, 0x000000070a700000|100%| E|CS|TS  3|AC  0|TAMS 0x000000070a600000, 0x000000070a600000|
| 167|0x000000070a700000, 0x000000070a800000, 0x000000070a800000|100%| E|CS|TS  3|AC  0|TAMS 0x000000070a700000, 0x000000070a700000|
| 168|0x000000070a800000, 0x000000070a900000, 0x000000070a900000|100%| E|CS|TS  3|AC  0|TAMS 0x000000070a800000, 0x000000070a800000|
| 169|0x000000070a900000, 0x000000070aa00000, 0x000000070aa00000|100%| E|CS|TS  3|AC  0|TAMS 0x000000070a900000, 0x000000070a900000|
| 170|0x000000070aa00000, 0x000000070ab00000, 0x000000070ab00000|100%| E|CS|TS  3|AC  0|TAMS 0x000000070aa00000, 0x000000070aa00000|
| 171|0x000000070ab00000, 0x000000070ac00000, 0x000000070ac00000|100%| E|CS|TS  3|AC  0|TAMS 0x000000070ab00000, 0x000000070ab00000|
| 172|0x000000070ac00000, 0x000000070ad00000, 0x000000070ad00000|100%| E|CS|TS  3|AC  0|TAMS 0x000000070ac00000, 0x000000070ac00000|
| 173|0x000000070ad00000, 0x000000070ae00000, 0x000000070ae00000|100%| E|CS|TS  3|AC  0|TAMS 0x000000070ad00000, 0x000000070ad00000|
| 174|0x000000070ae00000, 0x000000070af00000, 0x000000070af00000|100%| E|CS|TS  3|AC  0|TAMS 0x000000070ae00000, 0x000000070ae00000|
| 175|0x000000070af00000, 0x000000070b000000, 0x000000070b000000|100%| E|CS|TS  3|AC  0|TAMS 0x000000070af00000, 0x000000070af00000|
| 176|0x000000070b000000, 0x000000070b100000, 0x000000070b100000|100%| E|CS|TS  3|AC  0|TAMS 0x000000070b000000, 0x000000070b000000|
| 177|0x000000070b100000, 0x000000070b200000, 0x000000070b200000|100%| E|CS|TS  3|AC  0|TAMS 0x000000070b100000, 0x000000070b100000|
| 178|0x000000070b200000, 0x000000070b300000, 0x000000070b300000|100%| E|CS|TS  3|AC  0|TAMS 0x000000070b200000, 0x000000070b200000|
| 179|0x000000070b300000, 0x000000070b400000, 0x000000070b400000|100%| E|CS|TS  3|AC  0|TAMS 0x000000070b300000, 0x000000070b300000|
| 180|0x000000070b400000, 0x000000070b500000, 0x000000070b500000|100%| E|CS|TS  3|AC  0|TAMS 0x000000070b400000, 0x000000070b400000|
| 181|0x000000070b500000, 0x000000070b600000, 0x000000070b600000|100%| E|CS|TS  3|AC  0|TAMS 0x000000070b500000, 0x000000070b500000|
| 182|0x000000070b600000, 0x000000070b700000, 0x000000070b700000|100%| E|CS|TS  3|AC  0|TAMS 0x000000070b600000, 0x000000070b600000|
| 183|0x000000070b700000, 0x000000070b800000, 0x000000070b800000|100%| E|CS|TS  3|AC  0|TAMS 0x000000070b700000, 0x000000070b700000|
| 184|0x000000070b800000, 0x000000070b900000, 0x000000070b900000|100%| E|CS|TS  3|AC  0|TAMS 0x000000070b800000, 0x000000070b800000|

Card table byte_map: [0x0000019cd7860000,0x0000019cd7e60000] byte_map_base: 0x0000019cd4060000

Marking Bits (Prev, Next): (CMBitMap*) 0x0000019cc1343768, (CMBitMap*) 0x0000019cc1343730
 Prev Bits: [0x0000019cdb460000, 0x0000019cde460000)
 Next Bits: [0x0000019cd8460000, 0x0000019cdb460000)

Polling page: 0x0000019cb4880000

CodeHeap 'non-profiled nmethods': size=120000Kb used=12572Kb max_used=12677Kb free=107427Kb
 bounds [0x0000019cd0330000, 0x0000019cd0fa0000, 0x0000019cd7860000]
CodeHeap 'profiled nmethods': size=120000Kb used=34453Kb max_used=35020Kb free=85546Kb
 bounds [0x0000019cc8e00000, 0x0000019ccb050000, 0x0000019cd0330000]
CodeHeap 'non-nmethods': size=5760Kb used=1721Kb max_used=1758Kb free=4038Kb
 bounds [0x0000019cc8860000, 0x0000019cc8ad0000, 0x0000019cc8e00000]
 total_blobs=21235 nmethods=13286 adapters=1031
 compilation: enabled

Compilation events (10 events):
Event: 45.329 Thread 0x0000019cbbe92800 nmethod 15014 0x0000019cc8fb4990 code [0x0000019cc8fb4b60, 0x0000019cc8fb4ef0]
Event: 45.330 Thread 0x0000019cbbe92800 15016       3       ui.views.aP::getDockingManager (35 bytes)
Event: 45.330 Thread 0x0000019cbbe92800 nmethod 15016 0x0000019cc927b410 code [0x0000019cc927b5c0, 0x0000019cc927b9d8]
Event: 45.330 Thread 0x0000019cbbe91000 nmethod 15013 0x0000019cd06af290 code [0x0000019cd06af460, 0x0000019cd06af690]
Event: 45.336 Thread 0x0000019cbbe92800 15017       1       ui.utils.lnf.d::hashCode (5 bytes)
Event: 45.336 Thread 0x0000019cbbe92800 nmethod 15017 0x0000019cd0402f90 code [0x0000019cd0403140, 0x0000019cd0403258]
Event: 45.537 Thread 0x0000019cbbe92800 15018       3       ui.views.waveform.f.s::setRowHeight (67 bytes)
Event: 45.537 Thread 0x0000019cbbe92800 nmethod 15018 0x0000019cc92c5490 code [0x0000019cc92c56a0, 0x0000019cc92c5f20]
Event: 45.537 Thread 0x0000019cbbe92800 15019       3       com.jidesoft.grid.JideTable::setRowHeight (236 bytes)
Event: 45.538 Thread 0x0000019cbbe92800 nmethod 15019 0x0000019cc92c2e90 code [0x0000019cc92c31c0, 0x0000019cc92c4d80]

GC Heap History (10 events):
Event: 42.741 GC heap before
{Heap before GC invocations=35 (full 3):
 garbage-first heap   total 189440K, used 131905K [0x0000000700000000, 0x00000007001005c8, 0x00000007c0000000)
  region size 1024K, 60 young (61440K), 1 survivors (1024K)
 Metaspace       used 74910K, capacity 79799K, committed 79900K, reserved 1118208K
  class space    used 10464K, capacity 11326K, committed 11344K, reserved 1048576K
}
Event: 42.743 GC heap after
{Heap after GC invocations=36 (full 3):
 garbage-first heap   total 189440K, used 71876K [0x0000000700000000, 0x00000007001005c8, 0x00000007c0000000)
  region size 1024K, 2 young (2048K), 2 survivors (2048K)
 Metaspace       used 74910K, capacity 79799K, committed 79900K, reserved 1118208K
  class space    used 10464K, capacity 11326K, committed 11344K, reserved 1048576K
}
Event: 43.329 GC heap before
{Heap before GC invocations=36 (full 3):
 garbage-first heap   total 189440K, used 131268K [0x0000000700000000, 0x00000007001005c8, 0x00000007c0000000)
  region size 1024K, 60 young (61440K), 2 survivors (2048K)
 Metaspace       used 74971K, capacity 79871K, committed 79900K, reserved 1118208K
  class space    used 10467K, capacity 11328K, committed 11344K, reserved 1048576K
}
Event: 43.331 GC heap after
{Heap after GC invocations=37 (full 3):
 garbage-first heap   total 189440K, used 71759K [0x0000000700000000, 0x00000007001005c8, 0x00000007c0000000)
  region size 1024K, 2 young (2048K), 2 survivors (2048K)
 Metaspace       used 74971K, capacity 79871K, committed 79900K, reserved 1118208K
  class space    used 10467K, capacity 11328K, committed 11344K, reserved 1048576K
}
Event: 43.376 GC heap before
{Heap before GC invocations=37 (full 3):
 garbage-first heap   total 189440K, used 93263K [0x0000000700000000, 0x00000007001005c8, 0x00000007c0000000)
  region size 1024K, 24 young (24576K), 2 survivors (2048K)
 Metaspace       used 74989K, capacity 79871K, committed 79900K, reserved 1118208K
  class space    used 10467K, capacity 11328K, committed 11344K, reserved 1048576K
}
Event: 43.482 GC heap after
{Heap after GC invocations=38 (full 4):
 garbage-first heap   total 189440K, used 71089K [0x0000000700000000, 0x00000007001005c8, 0x00000007c0000000)
  region size 1024K, 0 young (0K), 0 survivors (0K)
 Metaspace       used 74989K, capacity 79871K, committed 79900K, reserved 1118208K
  class space    used 10467K, capacity 11328K, committed 11344K, reserved 1048576K
}
Event: 43.621 GC heap before
{Heap before GC invocations=38 (full 4):
 garbage-first heap   total 189440K, used 132529K [0x0000000700000000, 0x00000007001005c8, 0x00000007c0000000)
  region size 1024K, 60 young (61440K), 0 survivors (0K)
 Metaspace       used 75049K, capacity 79935K, committed 80156K, reserved 1118208K
  class space    used 10467K, capacity 11328K, committed 11344K, reserved 1048576K
}
Event: 43.623 GC heap after
{Heap after GC invocations=39 (full 4):
 garbage-first heap   total 189440K, used 71371K [0x0000000700000000, 0x00000007001005c8, 0x00000007c0000000)
  region size 1024K, 1 young (1024K), 1 survivors (1024K)
 Metaspace       used 75049K, capacity 79935K, committed 80156K, reserved 1118208K
  class space    used 10467K, capacity 11328K, committed 11344K, reserved 1048576K
}
Event: 43.837 GC heap before
{Heap before GC invocations=39 (full 4):
 garbage-first heap   total 189440K, used 131787K [0x0000000700000000, 0x00000007001005c8, 0x00000007c0000000)
  region size 1024K, 60 young (61440K), 1 survivors (1024K)
 Metaspace       used 75067K, capacity 79999K, committed 80156K, reserved 1118208K
  class space    used 10467K, capacity 11328K, committed 11344K, reserved 1048576K
}
Event: 43.838 GC heap after
{Heap after GC invocations=40 (full 4):
 garbage-first heap   total 189440K, used 71388K [0x0000000700000000, 0x00000007001005c8, 0x00000007c0000000)
  region size 1024K, 1 young (1024K), 1 survivors (1024K)
 Metaspace       used 75067K, capacity 79999K, committed 80156K, reserved 1118208K
  class space    used 10467K, capacity 11328K, committed 11344K, reserved 1048576K
}

Deoptimization events (10 events):
Event: 43.846 Thread 0x0000019ce38c1800 Uncommon trap: reason=class_check action=maybe_recompile pc=0x0000019cd0dffd98 method=java.awt.DefaultKeyboardFocusManager.dispatchEvent(Ljava/awt/AWTEvent;)Z @ 470 c2
Event: 43.857 Thread 0x0000019ce38c1800 Uncommon trap: reason=class_check action=maybe_recompile pc=0x0000019cd0abed04 method=sun.java2d.SunGraphics2D.setComposite(Ljava/awt/Composite;)V @ 10 c2
Event: 43.917 Thread 0x0000019ce38c1800 Uncommon trap: reason=class_check action=maybe_recompile pc=0x0000019cd0abed04 method=sun.java2d.SunGraphics2D.setComposite(Ljava/awt/Composite;)V @ 10 c2
Event: 44.474 Thread 0x0000019ce38c1800 Uncommon trap: reason=class_check action=maybe_recompile pc=0x0000019cd0a23754 method=java.awt.Component.addNotify()V @ 200 c2
Event: 44.475 Thread 0x0000019ce38c1800 Uncommon trap: reason=speculate_class_check action=maybe_recompile pc=0x0000019cd0ad8240 method=java.awt.Component.reshape(IIII)V @ 222 c2
Event: 44.475 Thread 0x0000019ce38c1800 Uncommon trap: reason=speculate_class_check action=maybe_recompile pc=0x0000019cd0ad8240 method=java.awt.Component.reshape(IIII)V @ 222 c2
Event: 44.484 Thread 0x0000019ce38c1800 Uncommon trap: reason=bimorphic_or_optimized_type_check action=maybe_recompile pc=0x0000019cd0dff7c8 method=java.awt.DefaultKeyboardFocusManager.dispatchEvent(Ljava/awt/AWTEvent;)Z @ 1467 c2
Event: 44.496 Thread 0x0000019ce38c1800 Uncommon trap: reason=unstable_if action=reinterpret pc=0x0000019cd07b3424 method=javax.swing.AbstractButton.setEnabled(Z)V @ 13 c2
Event: 44.507 Thread 0x0000019ce38c1800 Uncommon trap: reason=unstable_if action=reinterpret pc=0x0000019cd0ae9f7c method=java.awt.EventQueue.postEvent(Ljava/awt/AWTEvent;I)V @ 82 c2
Event: 44.932 Thread 0x0000019ce38c1800 Uncommon trap: reason=class_check action=maybe_recompile pc=0x0000019cd0abed04 method=sun.java2d.SunGraphics2D.setComposite(Ljava/awt/Composite;)V @ 10 c2

Classes redefined (0 events):
No events

Internal exceptions (10 events):
Event: 42.641 Thread 0x0000019ce38c1800 Exception <a 'java/lang/NoSuchMethodError'{0x000000070849ec58}: method resolution failed> (0x000000070849ec58) thrown at [t:/workspace/hotspot/src/share/vm/prims/methodHandles.cpp, line 1256]
Event: 42.641 Thread 0x0000019ce38c1800 Exception <a 'java/lang/NoSuchMethodError'{0x00000007084a3240}: java.lang.invoke.DelegatingMethodHandle$Holder.reinvoke_L(Ljava/lang/Object;Ljava/lang/Object;IILjava/lang/Object;Ljava/lang/Object;Ljava/lang/Object;Ljava/lang/Object;Ljava/lang/Object;Ljava
Event: 42.642 Thread 0x0000019ce38c1800 Exception <a 'java/lang/NoSuchMethodError'{0x00000007083134f0}: java.lang.invoke.DirectMethodHandle$Holder.invokeSpecial(Ljava/lang/Object;Ljava/lang/Object;IIILjava/lang/Object;Ljava/lang/Object;Ljava/lang/Object;Ljava/lang/Object;Ljava/lang/Object;Ljava
Event: 42.643 Thread 0x0000019ce38c1800 Exception <a 'java/lang/NoSuchMethodError'{0x0000000708317378}: java.lang.invoke.DelegatingMethodHandle$Holder.reinvoke_L(Ljava/lang/Object;IIILjava/lang/Object;Ljava/lang/Object;Ljava/lang/Object;Ljava/lang/Object;Ljava/lang/Object;Ljava/lang/Object;)Lja
Event: 42.643 Thread 0x0000019ce38c1800 Exception <a 'java/lang/NoSuchMethodError'{0x0000000708346df8}: java.lang.invoke.DirectMethodHandle$Holder.invokeStatic(Ljava/lang/Object;Ljava/lang/Object;Ljava/lang/Object;Ljava/lang/Object;Ljava/lang/Object;IILjava/lang/Object;Ljava/lang/Object;Ljava/l
Event: 42.644 Thread 0x0000019ce38c1800 Exception <a 'java/lang/NoSuchMethodError'{0x0000000708363e28}: method resolution failed> (0x0000000708363e28) thrown at [t:/workspace/hotspot/src/share/vm/prims/methodHandles.cpp, line 1256]
Event: 42.644 Thread 0x0000019ce38c1800 Exception <a 'java/lang/NoSuchMethodError'{0x0000000708383370}: method resolution failed> (0x0000000708383370) thrown at [t:/workspace/hotspot/src/share/vm/prims/methodHandles.cpp, line 1256]
Event: 42.683 Thread 0x0000019ce38c1800 Exception <a 'java/lang/NoSuchMethodError'{0x000000070828cce0}: java.lang.invoke.DirectMethodHandle$Holder.invokeSpecial(Ljava/lang/Object;Ljava/lang/Object;ILjava/lang/Object;)V> (0x000000070828cce0) thrown at [t:/workspace/hotspot/src/share/vm/interpret
Event: 42.683 Thread 0x0000019ce38c1800 Exception <a 'java/lang/NoSuchMethodError'{0x0000000708292608}: java.lang.invoke.DirectMethodHandle$Holder.invokeStatic(Ljava/lang/Object;Ljava/lang/Object;ILjava/lang/Object;)Ljava/lang/Object;> (0x0000000708292608) thrown at [t:/workspace/hotspot/src/sh
Event: 42.983 Thread 0x0000019ce38c1800 Exception <a 'java/lang/NoSuchMethodError'{0x000000070b31e888}: method resolution failed> (0x000000070b31e888) thrown at [t:/workspace/hotspot/src/share/vm/prims/methodHandles.cpp, line 1256]

Events (10 events):
Event: 44.519 Thread 0x0000019cbbe93800 flushing nmethod 0x0000019cca34ab90
Event: 44.519 Thread 0x0000019cbbe93800 flushing nmethod 0x0000019cca3c1210
Event: 44.932 Thread 0x0000019ce38c1800 Uncommon trap: trap_request=0xffffffde fr.pc=0x0000019cd0abed04 relative=0x00000000000000c4
Event: 44.932 Thread 0x0000019ce38c1800 DEOPT PACKING pc=0x0000019cd0abed04 sp=0x0000006f4e2f49e0
Event: 44.932 Thread 0x0000019ce38c1800 DEOPT UNPACKING pc=0x0000019cc88ada29 sp=0x0000006f4e2f49a8 mode 2
Event: 44.955 Thread 0x0000019cf026c800 Thread exited: 0x0000019cf026c800
Event: 45.082 Thread 0x0000019cf026c800 Thread added: 0x0000019cf026c800
Event: 45.085 Thread 0x0000019cf026c800 Thread exited: 0x0000019cf026c800
Event: 45.085 Executing VM operation: RevokeBias
Event: 45.085 Executing VM operation: RevokeBias done


Dynamic libraries:
0x00007ff6598c0000 - 0x00007ff6598f0000 	C:\Xilinx\Vivado\2019.1\bin\unwrapped\win64.o\vivado.exe
0x00007ffe72d70000 - 0x00007ffe72f68000 	C:\WINDOWS\SYSTEM32\ntdll.dll
0x00007ffe72bb0000 - 0x00007ffe72c72000 	C:\WINDOWS\System32\KERNEL32.DLL
0x00007ffe704c0000 - 0x00007ffe707be000 	C:\WINDOWS\System32\KERNELBASE.dll
0x00007ffe70c90000 - 0x00007ffe70d90000 	C:\WINDOWS\System32\ucrtbase.dll
0x00007ffe5c640000 - 0x00007ffe5c6cd000 	C:\WINDOWS\SYSTEM32\MSVCP140.dll
0x00007ffe689e0000 - 0x00007ffe689f4000 	C:\Xilinx\Vivado\2019.1\lib\win64.o\libboost_signals.dll
0x00007ffe62e80000 - 0x00007ffe62e94000 	C:\Xilinx\Vivado\2019.1\lib\win64.o\librdi_commonmain.dll
0x00007ffe60110000 - 0x00007ffe6012d000 	C:\WINDOWS\SYSTEM32\VCRUNTIME140.dll
0x00007ffe03780000 - 0x00007ffe04662000 	C:\Xilinx\Vivado\2019.1\lib\win64.o\librdi_common.dll
0x00007ffe67550000 - 0x00007ffe6755c000 	C:\WINDOWS\SYSTEM32\VCRUNTIME140_1.dll
0x00007ffe72520000 - 0x00007ffe726bd000 	C:\WINDOWS\System32\USER32.dll
0x00007ffe60170000 - 0x00007ffe60196000 	C:\Xilinx\Vivado\2019.1\lib\win64.o\libboost_filesystem.dll
0x00007ffe70a70000 - 0x00007ffe70a92000 	C:\WINDOWS\System32\win32u.dll
0x00007ffe71a20000 - 0x00007ffe71ad2000 	C:\WINDOWS\System32\ADVAPI32.dll
0x00007ffe719c0000 - 0x00007ffe719eb000 	C:\WINDOWS\System32\GDI32.dll
0x00007ffe6dab0000 - 0x00007ffe6daba000 	C:\Xilinx\Vivado\2019.1\lib\win64.o\librdi_commonversion.dll
0x00007ffe716c0000 - 0x00007ffe7175e000 	C:\WINDOWS\System32\msvcrt.dll
0x00007ffe11d50000 - 0x00007ffe11e71000 	C:\Xilinx\Vivado\2019.1\lib\win64.o\librdi_commonxillic.dll
0x00007ffe708d0000 - 0x00007ffe709e7000 	C:\WINDOWS\System32\gdi32full.dll
0x00007ffe72aa0000 - 0x00007ffe72b40000 	C:\WINDOWS\System32\sechost.dll
0x00007ffe707c0000 - 0x00007ffe7085d000 	C:\WINDOWS\System32\msvcp_win.dll
0x00007ffe71c20000 - 0x00007ffe71d43000 	C:\WINDOWS\System32\RPCRT4.dll
0x00007ffe709f0000 - 0x00007ffe70a17000 	C:\WINDOWS\System32\bcrypt.dll
0x00007ffe71d50000 - 0x00007ffe724bf000 	C:\WINDOWS\System32\SHELL32.dll
0x000000005ede0000 - 0x000000005ef0b000 	C:\Xilinx\Vivado\2019.1\lib\win64.o\tcl85t.dll
0x00007ffe72b40000 - 0x00007ffe72bab000 	C:\WINDOWS\System32\WS2_32.dll
0x00007ffe0e710000 - 0x00007ffe0ea7e000 	C:\Xilinx\Vivado\2019.1\lib\win64.o\libCOIN-all.dll
0x00007ffe60150000 - 0x00007ffe60164000 	C:\Xilinx\Vivado\2019.1\lib\win64.o\libboost_date_time.dll
0x00007ffe5caf0000 - 0x00007ffe5cb6f000 	C:\Xilinx\Vivado\2019.1\lib\win64.o\libboost_program_options.dll
0x00007ffe11c30000 - 0x00007ffe11d44000 	C:\Xilinx\Vivado\2019.1\lib\win64.o\libboost_regex.dll
0x00007ffe6d4e0000 - 0x00007ffe6d4eb000 	C:\Xilinx\Vivado\2019.1\lib\win64.o\libboost_system.dll
0x00007ffe5cbb0000 - 0x00007ffe5cbd1000 	C:\Xilinx\Vivado\2019.1\lib\win64.o\libboost_thread.dll
0x00007ffe6a6b0000 - 0x00007ffe6a6bf000 	C:\Xilinx\Vivado\2019.1\lib\win64.o\libboost_xilinx.dll
0x00007ffe56f20000 - 0x00007ffe56fa2000 	C:\Xilinx\Vivado\2019.1\lib\win64.o\libhdlpsolve.dll
0x00007ffe41c00000 - 0x00007ffe41ca5000 	C:\Xilinx\Vivado\2019.1\lib\win64.o\libhdxml.dll
0x00007ffe5c5e0000 - 0x00007ffe5c60e000 	C:\Xilinx\Vivado\2019.1\lib\win64.o\libisl_sysinfo.dll
0x00007ffe02bd0000 - 0x00007ffe0377f400 	C:\Xilinx\Vivado\2019.1\lib\win64.o\libisl_iostreams.dll
0x00007ffe590b0000 - 0x00007ffe59115000 	C:\Xilinx\Vivado\2019.1\lib\win64.o\liblmx6.0.dll
0x00007ffe60130000 - 0x00007ffe6014a000 	C:\Xilinx\Vivado\2019.1\lib\win64.o\pthreadVC2.dll
0x00007ffe5cad0000 - 0x00007ffe5caec000 	C:\Xilinx\Vivado\2019.1\lib\win64.o\librdiconfig.dll
0x00007ffe58da0000 - 0x00007ffe58dc1000 	C:\Xilinx\Vivado\2019.1\lib\win64.o\librdizlib.dll
0x0000000012000000 - 0x0000000012270000 	C:\Xilinx\Vivado\2019.1\lib\win64.o\xerces-c_3_1.dll
0x00007ffe10510000 - 0x00007ffe107e8000 	C:\Xilinx\Vivado\2019.1\lib\win64.o\libXil_lmgr11.dll
0x00007ffe70e10000 - 0x00007ffe70eea000 	C:\WINDOWS\System32\COMDLG32.dll
0x00007ffe726c0000 - 0x00007ffe72a13000 	C:\WINDOWS\System32\combase.dll
0x00007ffe607b0000 - 0x00007ffe607c9000 	C:\WINDOWS\SYSTEM32\NETAPI32.dll
0x00007ffe72c80000 - 0x00007ffe72d2d000 	C:\WINDOWS\System32\shcore.dll
0x00007ffe613c0000 - 0x00007ffe61898000 	C:\WINDOWS\SYSTEM32\WININET.dll
0x00007ffe6ab50000 - 0x00007ffe6ac5d000 	C:\WINDOWS\SYSTEM32\WINHTTP.dll
0x00007ffe72a20000 - 0x00007ffe72a75000 	C:\WINDOWS\System32\SHLWAPI.dll
0x00007ffe60800000 - 0x00007ffe609ec000 	C:\WINDOWS\SYSTEM32\urlmon.dll
0x00007ffe71890000 - 0x00007ffe7195d000 	C:\WINDOWS\System32\OLEAUT32.dll
0x00007ffe71760000 - 0x00007ffe7188b000 	C:\WINDOWS\System32\ole32.dll
0x00007ffe70860000 - 0x00007ffe708c9000 	C:\WINDOWS\System32\WINTRUST.dll
0x00007ffe70b30000 - 0x00007ffe70c8c000 	C:\WINDOWS\System32\CRYPT32.dll
0x00007ffdfa530000 - 0x00007ffdfa539000 	C:\WINDOWS\SYSTEM32\WSOCK32.dll
0x00007ffe58d60000 - 0x00007ffe58d92000 	C:\WINDOWS\SYSTEM32\VCOMP140.DLL
0x00007ffe01d30000 - 0x00007ffe02bc1000 	C:\Xilinx\Vivado\2019.1\lib\win64.o\gurobi65.dll
0x00007ffe69a50000 - 0x00007ffe69a5d000 	C:\Xilinx\Vivado\2019.1\lib\win64.o\libboost_chrono.dll
0x00007ffe56ef0000 - 0x00007ffe56f15000 	C:\Xilinx\Vivado\2019.1\lib\win64.o\libisl_iosutils.dll
0x00007ffe5c5c0000 - 0x00007ffe5c5db000 	C:\Xilinx\Vivado\2019.1\lib\win64.o\libboost_iostreams.dll
0x00007ffe601a0000 - 0x00007ffe6045e000 	C:\WINDOWS\SYSTEM32\iertutil.dll
0x00007ffe5d060000 - 0x00007ffe5d110000 	C:\WINDOWS\WinSxS\amd64_microsoft.windows.common-controls_6595b64144ccf1df_5.82.19041.4355_none_792ecafd2442822f\COMCTL32.dll
0x00007ffe60620000 - 0x00007ffe60648000 	C:\WINDOWS\SYSTEM32\srvcli.dll
0x00007ffe6f8c0000 - 0x00007ffe6f8cc000 	C:\WINDOWS\SYSTEM32\netutils.dll
0x00007ffe6b570000 - 0x00007ffe6b58d000 	C:\WINDOWS\SYSTEM32\dhcpcsvc.DLL
0x00007ffe719f0000 - 0x00007ffe71a1f000 	C:\WINDOWS\System32\IMM32.DLL
0x00007ffe6ff00000 - 0x00007ffe6ff12000 	C:\WINDOWS\SYSTEM32\MSASN1.dll
0x00007ffe6e2b0000 - 0x00007ffe6e2c2000 	C:\WINDOWS\SYSTEM32\kernel.appcore.dll
0x00007ffe01810000 - 0x00007ffe01d27000 	C:\Xilinx\Vivado\2019.1\lib\win64.o\librdi_commontasks.dll
0x00007ffe68e20000 - 0x00007ffe68e2a000 	C:\WINDOWS\SYSTEM32\VERSION.dll
0x00007ffe08d00000 - 0x00007ffe08f86000 	C:\Xilinx\Vivado\2019.1\lib\win64.o\librdi_sio.dll
0x000000005e3b0000 - 0x000000005edd5000 	C:\Xilinx\Vivado\2019.1\tps\win64\jre9.0.4\bin\server\jvm.dll
0x00007ffe71500000 - 0x00007ffe71508000 	C:\WINDOWS\System32\PSAPI.DLL
0x00007ffe62d80000 - 0x00007ffe62da7000 	C:\WINDOWS\SYSTEM32\WINMM.dll
0x00007ffe6f7b0000 - 0x00007ffe6f7eb000 	C:\WINDOWS\SYSTEM32\IPHLPAPI.DLL
0x00007ffe11b40000 - 0x00007ffe11c2f000 	C:\Xilinx\Vivado\2019.1\tps\win64\jre9.0.4\bin\MSVCR120.dll
0x00007ffe6fad0000 - 0x00007ffe6fb3a000 	C:\WINDOWS\SYSTEM32\MSWSOCK.DLL
0x00007ffe6e4b0000 - 0x00007ffe6ec54000 	C:\WINDOWS\SYSTEM32\windows.storage.dll
0x00007ffe6fd70000 - 0x00007ffe6fd9e000 	C:\WINDOWS\SYSTEM32\Wldp.dll
0x00007ffdff350000 - 0x00007ffe0180c000 	C:\Xilinx\Vivado\2019.1\lib\win64.o\librdi_tcltasks.dll
0x00007ffe11a50000 - 0x00007ffe11b3b000 	C:\Xilinx\Vivado\2019.1\lib\win64.o\librdi_chipscope.dll
0x00007ffe555b0000 - 0x00007ffe55628000 	C:\Xilinx\Vivado\2019.1\lib\win64.o\librdi_boarddep.dll
0x00007ffe11360000 - 0x00007ffe114f1000 	C:\Xilinx\Vivado\2019.1\lib\win64.o\librdi_board.dll
0x00007ffdfef40000 - 0x00007ffdff348000 	C:\Xilinx\Vivado\2019.1\lib\win64.o\librdi_bitstream.dll
0x00007ffe10f30000 - 0x00007ffe110ed000 	C:\Xilinx\Vivado\2019.1\lib\win64.o\librdi_chipscopeimpl.dll
0x00007ffe0ec00000 - 0x00007ffe0ed56000 	C:\Xilinx\Vivado\2019.1\lib\win64.o\librdi_containers.dll
0x00007ffdfce70000 - 0x00007ffdfd54a000 	C:\Xilinx\Vivado\2019.1\lib\win64.o\librdi_coregenipxact.dll
0x00007ffd69630000 - 0x00007ffd6d673000 	C:\Xilinx\Vivado\2019.1\lib\win64.o\librdi_designutils.dll
0x00007ffdfd550000 - 0x00007ffdfef3a000 	C:\Xilinx\Vivado\2019.1\lib\win64.o\librdi_constraints.dll
0x00007ffdf4090000 - 0x00007ffdf5f41000 	C:\Xilinx\Vivado\2019.1\lib\win64.o\librdi_coregen.dll
0x00007ffdfcb50000 - 0x00007ffdfce6e000 	C:\Xilinx\Vivado\2019.1\lib\win64.o\librdi_dlyest.dll
0x00007ffdfc5b0000 - 0x00007ffdfcb4a000 	C:\Xilinx\Vivado\2019.1\lib\win64.o\librdi_drc.dll
0x00007ffe0e640000 - 0x00007ffe0e704000 	C:\Xilinx\Vivado\2019.1\lib\win64.o\librdi_dsp.dll
0x00007ffdf3da0000 - 0x00007ffdf4083000 	C:\Xilinx\Vivado\2019.1\lib\win64.o\librdi_guitools.dll
0x00007ffe4da70000 - 0x00007ffe4dad5000 	C:\Xilinx\Vivado\2019.1\lib\win64.o\librdi_hdf.dll
0x00007ffdfbf60000 - 0x00007ffdfc5ad000 	C:\Xilinx\Vivado\2019.1\lib\win64.o\librdi_filemgmt.dll
0x00007ffe4ab10000 - 0x00007ffe4ab83000 	C:\Xilinx\Vivado\2019.1\lib\win64.o\librdi_memoryarray.dll
0x00007ffdf3780000 - 0x00007ffdf3d95000 	C:\Xilinx\Vivado\2019.1\lib\win64.o\librdi_memdata.dll
0x00007ffd57200000 - 0x00007ffd6962c000 	C:\Xilinx\Vivado\2019.1\lib\win64.o\librdi_device.dll
0x00007ffdf30d0000 - 0x00007ffdf3772000 	C:\Xilinx\Vivado\2019.1\lib\win64.o\librdi_netlist.dll
0x00007ffd54510000 - 0x00007ffd571f6000 	C:\Xilinx\Vivado\2019.1\lib\win64.o\librdi_mig.dll
0x00007ffe4e190000 - 0x00007ffe4e1db000 	C:\Xilinx\Vivado\2019.1\lib\win64.o\librdi_pfi.dll
0x00007ffddc640000 - 0x00007ffddc94f000 	C:\Xilinx\Vivado\2019.1\lib\win64.o\librdi_platform.dll
0x00007ffdf1b10000 - 0x00007ffdf30d0000 	C:\Xilinx\Vivado\2019.1\lib\win64.o\librdi_implflow.dll
0x00007ffd512f0000 - 0x00007ffd53966000 	C:\Xilinx\Vivado\2019.1\lib\win64.o\librdi_place.dll
0x00007ffd8e880000 - 0x00007ffd8efca000 	C:\Xilinx\Vivado\2019.1\lib\win64.o\librdi_power.dll
0x00007ffd4ff50000 - 0x00007ffd50656000 	C:\Xilinx\Vivado\2019.1\lib\win64.o\librdi_rsb.dll
0x00007ffd50d70000 - 0x00007ffd512ef000 	C:\Xilinx\Vivado\2019.1\lib\win64.o\librdi_project.dll
0x00007ffd8e480000 - 0x00007ffd8e871000 	C:\Xilinx\Vivado\2019.1\lib\win64.o\librdi_runs.dll
0x00007ffd50660000 - 0x00007ffd50d69000 	C:\Xilinx\Vivado\2019.1\lib\win64.o\librdi_psta.dll
0x00007ffe0e270000 - 0x00007ffe0e36a000 	C:\Xilinx\Vivado\2019.1\lib\win64.o\librdi_runsbase.dll
0x00007ffd4f130000 - 0x00007ffd4ff41000 	C:\Xilinx\Vivado\2019.1\lib\win64.o\librdi_timing.dll
0x00007ffda4a10000 - 0x00007ffda4c66000 	C:\Xilinx\Vivado\2019.1\lib\win64.o\librdi_simdata.dll
0x00007ffe0d9b0000 - 0x00007ffe0db22000 	C:\Xilinx\Vivado\2019.1\lib\win64.o\librdi_advchipscopeimpl.dll
0x00007ffe4d490000 - 0x00007ffe4d4dc000 	C:\Xilinx\Vivado\2019.1\lib\win64.o\libboost_serialization.dll
0x00007ffd4ed40000 - 0x00007ffd4f125000 	C:\Xilinx\Vivado\2019.1\lib\win64.o\librdi_hip_config.dll
0x00007ffdfa830000 - 0x00007ffdfa9cf000 	C:\Xilinx\Vivado\2019.1\lib\win64.o\librdi_hip_devdesign.dll
0x00007ffe11a00000 - 0x00007ffe11a43000 	C:\Xilinx\Vivado\2019.1\lib\win64.o\librdi_noc_frameworks.dll
0x00007ffd4e7f0000 - 0x00007ffd4ed3e000 	C:\Xilinx\Vivado\2019.1\lib\win64.o\librdi_xdm.dll
0x00007ffd4dca0000 - 0x00007ffd4e7e7000 	C:\Xilinx\Vivado\2019.1\lib\win64.o\libverific.dll
0x00007ffe0dc00000 - 0x00007ffe0dcc2000 	C:\Xilinx\Vivado\2019.1\lib\win64.o\librdi_ipconfig_readwrite.dll
0x00007ffe0eac0000 - 0x00007ffe0eb5e000 	C:\Xilinx\Vivado\2019.1\lib\win64.o\libise.dll
0x00007ffd4d6a0000 - 0x00007ffd4dc9c000 	C:\Xilinx\Vivado\2019.1\lib\win64.o\librdi_wavedata.dll
0x00007ffe56eb0000 - 0x00007ffe56ef0000 	C:\Xilinx\Vivado\2019.1\lib\win64.o\librdi_wavedata_SimpleApi.dll
0x00007ffe0c8b0000 - 0x00007ffe0c938000 	C:\Xilinx\Vivado\2019.1\lib\win64.o\librdi_meir_core.dll
0x00007ffd8fde0000 - 0x00007ffd90039000 	C:\Xilinx\Vivado\2019.1\lib\win64.o\librdi_hsm.dll

VM Arguments:
jvm_args: -Dsun.java2d.pmoffscreen=false -Dsun.java2d.xrender=false -Dsun.java2d.d3d=false -Dsun.awt.nopixfmt=true -Dsun.java2d.dpiaware=true -Dsun.java2d.uiScale.enabled=false -Xverify:none -Dswing.aatext=true -XX:-UsePerfData -Djdk.map.althashing.threshold=512 -XX:StringTableSize=4072 --add-opens=java.base/java.nio=ALL-UNNAMED --add-opens=java.desktop/sun.swing=ALL-UNNAMED --add-opens=java.desktop/javax.swing=ALL-UNNAMED --add-opens=java.desktop/javax.swing.tree=ALL-UNNAMED --add-opens=java.desktop/javax.swing.plaf.basic=ALL-UNNAMED --add-opens=java.desktop/javax.swing.plaf.synth=ALL-UNNAMED --add-opens=java.desktop/com.sun.awt=ALL-UNNAMED -XX:NewSize=60m -XX:MaxNewSize=60m -Xms128m -Xmx3072m -Xss5m 
java_command: <unknown>
java_class_path (initial): C:/Xilinx/Vivado/2019.1\lib\classes\alloy.jar;C:/Xilinx/Vivado/2019.1\lib\classes\autopilot.scelaborator.jar;C:/Xilinx/Vivado/2019.1\lib\classes\autopilot.sourceprocessor.jar;C:/Xilinx/Vivado/2019.1\lib\classes\autopilot.tbprocessor.jar;C:/Xilinx/Vivado/2019.1\lib\classes\batik-anim.jar;C:/Xilinx/Vivado/2019.1\lib\classes\batik-awt-util.jar;C:/Xilinx/Vivado/2019.1\lib\classes\batik-bridge.jar;C:/Xilinx/Vivado/2019.1\lib\classes\batik-codec.jar;C:/Xilinx/Vivado/2019.1\lib\classes\batik-css.jar;C:/Xilinx/Vivado/2019.1\lib\classes\batik-dom.jar;C:/Xilinx/Vivado/2019.1\lib\classes\batik-ext.jar;C:/Xilinx/Vivado/2019.1\lib\classes\batik-gui-util.jar;C:/Xilinx/Vivado/2019.1\lib\classes\batik-gvt.jar;C:/Xilinx/Vivado/2019.1\lib\classes\batik-parser.jar;C:/Xilinx/Vivado/2019.1\lib\classes\batik-script.jar;C:/Xilinx/Vivado/2019.1\lib\classes\batik-svg-dom.jar;C:/Xilinx/Vivado/2019.1\lib\classes\batik-swing.jar;C:/Xilinx/Vivado/2019.1\lib\classes\batik-transcoder.jar;C:/Xilinx/Vivado/2019.1\lib\classes\batik-util.jar;C:/Xilinx/Vivado/2019.1\lib\classes\batik-xml.jar;C:/Xilinx/Vivado/2019.1\lib\classes\com.google.gson_2.7.0.v20170129-0911.jar;C:/Xilinx/Vivado/2019.1\lib\classes\com.google.guava_21.0.0.v20170206-1425.jar;C:/Xilinx/Vivado/2019.1\lib\classes\com.google.inject_3.0.0.v201605172100.jar;C:/Xilinx/Vivado/2019.1\lib\classes\com.ibm.icu_4.4.2.v20110208.jar;C:/Xilinx/Vivado/2019.1\lib\classes\com.sigasi.hdt.annotations.runtime_4.3.0.201903071210.jar;C:/Xilinx/Vivado/2019.1\lib\classes\com.sigasi.hdt.blockdiagram.model_4.3.0.201903071210.jar;C:/Xilinx/Vivado/2019.1\lib\classes\com.sigasi.hdt.connection_4.3.0.201903071210.jar;C:/Xilinx/Vivado/2019.1\lib\classes\com.sigasi.hdt.dependencies.model_4.3.0.201903071210.jar;C:/Xilinx/Vivado/2019.1\lib\classes\com.sigasi.hdt.epl_4.3.0.201903071210.jar;C:/Xilinx/Vivado/2019.1\lib\classes\com.sigasi.hdt.graphics.model_4.3.0.201903071210.jar;C:/Xilinx/Vivado/2019.1\lib\classes\com.sigasi.hdt.project_4.3.0
Launcher Type: generic

Logging:
Log output configuration:
#0: stdout all=warning uptime,level,tags
#1: stderr all=off uptime,level,tags

Environment Variables:
PATH=C:/Xilinx/Vivado/2019.1/bin;C:/Xilinx/Vivado/2019.1/lib/win64.o;C:/Xilinx/Vivado/2019.1/tps/win64/jre9.0.4/bin/server;C:/Xilinx/Vivado/2019.1/tps/win64/jre9.0.4/bin;C:/Xilinx/SDK/2019.1/bin;C:/Xilinx/Vivado/2019.1/ids_lite/ISE/bin/nt64;C:/Xilinx/Vivado/2019.1/ids_lite/ISE/lib/nt64;C:\WINDOWS\system32;C:\WINDOWS;C:\WINDOWS\System32\Wbem;C:\WINDOWS\System32\WindowsPowerShell\v1.0\;C:\WINDOWS\System32\OpenSSH\;C:\Program Files\Git\cmd;C:\Users\sjh00\AppData\Local\Programs\Python\Python39;C:\Users\sjh00\AppData\Local\Programs\Python\Python39\Scripts;C:\Program Files\MATLAB\R2024b\bin;C:\Users\sjh00\AppData\Local\Microsoft\WindowsApps;D:\Microsoft VS Code\bin;;C:/Xilinx/Vivado/2019.1\tps\mingw\6.2.0\win64.o\nt\bin;C:/Xilinx/Vivado/2019.1\tps\mingw\6.2.0\win64.o\nt\libexec\gcc\x86_64-w64-mingw32\6.2.0;C:/Xilinx/Vivado/2019.1\tps\win64\python-2.7.5;C:/Xilinx/Vivado/2019.1\tps\win64\python-2.7.5\lib;C:/Xilinx/Vivado/2019.1\tps\win64\python-2.7.5\Lib\lib-tk;C:/Xilinx/Vivado/2019.1\tps\win64\python-2.7.5\lib\site-packages
USERNAME=sjh00
OS=Windows_NT
PROCESSOR_IDENTIFIER=AMD64 Family 25 Model 33 Stepping 0, AuthenticAMD



---------------  S Y S T E M  ---------------

OS: Windows 10 , 64 bit Build 19041 (10.0.19041.4957)

CPU:total 12 (initial active 12) (12 cores per cpu, 1 threads per core) family 25 model 33 stepping 0, cmov, cx8, fxsr, mmx, sse, sse2, sse3, ssse3, sse4.1, sse4.2, popcnt, avx, avx2, aes, clmul, erms, mmxext, 3dnowpref, lzcnt, sse4a, tsc, tscinvbit, tscinv, bmi1

Memory: 4k page, physical 16702292k(1854792k free), swap 32580024k(4893184k free)

vm_info: Java HotSpot(TM) 64-Bit Server VM (9.0.4+11) for windows-amd64 JRE (9.0.4+11), built on Dec 20 2017 02:18:54 by "mach5one" with MS VC++ 12.0 (VS2013)

END.
