#
# A fatal error has been detected by the Java Runtime Environment:
#
#  EXCEPTION_ACCESS_VIOLATION (0xc0000005) at pc=0x00007ffe57e13370, pid=19984, tid=19568
#
# JRE version: Java(TM) SE Runtime Environment (9.0+11) (build 9.0.4+11)
# Java VM: Java HotSpot(TM) 64-Bit Server VM (9.0.4+11, mixed mode, tiered, compressed oops, g1 gc, windows-amd64)
# Problematic frame:
# C  0x00007ffe57e13370
#
# No core dump will be written. Minidumps are not enabled by default on client versions of Windows
#
# If you would like to submit a bug report, please visit:
#   http://bugreport.java.com/bugreport/crash.jsp
# The crash happened outside the Java Virtual Machine in native code.
# See problematic frame for where to report the bug.
#

---------------  S U M M A R Y ------------

Command Line: -Dsun.java2d.pmoffscreen=false -Dsun.java2d.xrender=false -Dsun.java2d.d3d=false -Dsun.awt.nopixfmt=true -Dsun.java2d.dpiaware=true -Dsun.java2d.uiScale.enabled=false -Xverify:none -Dswing.aatext=true -XX:-UsePerfData -Djdk.map.althashing.threshold=512 -XX:StringTableSize=4072 --add-opens=java.base/java.nio=ALL-UNNAMED --add-opens=java.desktop/sun.swing=ALL-UNNAMED --add-opens=java.desktop/javax.swing=ALL-UNNAMED --add-opens=java.desktop/javax.swing.tree=ALL-UNNAMED --add-opens=java.desktop/javax.swing.plaf.basic=ALL-UNNAMED --add-opens=java.desktop/javax.swing.plaf.synth=ALL-UNNAMED --add-opens=java.desktop/com.sun.awt=ALL-UNNAMED -XX:NewSize=60m -XX:MaxNewSize=60m -Xms128m -Xmx3072m -Xss5m 

Host: AMD Ryzen 5 5600X 6-Core Processor             , 12 cores, 15G,  Windows 10 , 64 bit Build 19041 (10.0.19041.4957)
Time: Fri Nov 08 03:59:53 2024 ¢¥eCN©öI¡¾©ö C¡ÍA¨ª¨öA elapsed time: 104 seconds (0d 0h 1m 44s)

---------------  T H R E A D  ---------------

Current thread (0x000002052927e800):  JavaThread "AWT-EventQueue-1" [_thread_in_native, id=19568, stack(0x000000c5ab500000,0x000000c5aba00000)]

Stack: [0x000000c5ab500000,0x000000c5aba00000],  sp=0x000000c5ab9f3e08,  free space=5071k
Native frames: (J=compiled Java code, j=interpreted, Vv=VM code, C=native code)
C  0x00007ffe57e13370

Java frames: (J=compiled Java code, j=interpreted, Vv=VM code)
j  ui.views.waveform.waveformi.WVExecutive_getGraphicsDataSize(J)J+0
j  ui.views.waveform.executive.a.gEt()Ljava/io/ByteArrayInputStream;+8
j  ui.views.waveform.b.a.gEf()V+7
j  ui.views.waveform.b.a.fOl()V+1
j  ui.views.waveform.m.gDo()V+4
j  ui.views.waveform.m.cRi()V+11
j  ui.views.waveform.w.cRi()V+29
j  ui.views.waveform.c.b.j(Lui/frmwork/b/i;)V+92
j  ui.views.waveform.w.a(Lui/frmwork/b/i;)V+13
J 13043 c1 ui.frmwork.b.l.d(Lui/frmwork/b/i;)V (61 bytes) @ 0x000002053431a59c [0x0000020534319d40+0x000000000000085c]
J 13032 c1 ui.frmwork.HTclEventBroker.i(JZ)V (471 bytes) @ 0x00000205345a10ac [0x000002053459c8c0+0x00000000000047ec]
J 13033 c1 ui.frmwork.HTclEventBroker.fireTclEvent(J)I (113 bytes) @ 0x000002053437944c [0x0000020534378c40+0x000000000000080c]
v  ~StubRoutines::call_stub
j  ui.views.waveform.waveformi.WVExecutive_processModelEvent(JJ)V+0
j  ui.views.waveform.executive.a.eE(J)V+5
j  ui.views.waveform.c.b.eD(J)V+8
j  ui.views.waveform.c.b.j(Lui/frmwork/b/i;)V+133
j  ui.views.waveform.w.a(Lui/frmwork/b/i;)V+13
J 13043 c1 ui.frmwork.b.l.d(Lui/frmwork/b/i;)V (61 bytes) @ 0x000002053431a59c [0x0000020534319d40+0x000000000000085c]
J 13032 c1 ui.frmwork.HTclEventBroker.i(JZ)V (471 bytes) @ 0x00000205345a10ac [0x000002053459c8c0+0x00000000000047ec]
J 13033 c1 ui.frmwork.HTclEventBroker.fireTclEvent(J)I (113 bytes) @ 0x000002053437944c [0x0000020534378c40+0x000000000000080c]
v  ~StubRoutines::call_stub
j  ui.views.waveform.waveformi.WVExecutive_processModelEvent(JJ)V+0
j  ui.views.waveform.executive.a.eE(J)V+5
j  ui.views.waveform.c.b.eD(J)V+8
j  ui.views.waveform.c.e.actionPerformed(Ljava/awt/event/ActionEvent;)V+8
J 11894 c1 javax.swing.Timer.fireActionPerformed(Ljava/awt/event/ActionEvent;)V java.desktop@9.0.4 (46 bytes) @ 0x00000205357de744 [0x00000205357de480+0x00000000000002c4]
J 12483 c1 javax.swing.Timer$DoPostEvent.run()V java.desktop@9.0.4 (82 bytes) @ 0x00000205359a79cc [0x00000205359a7180+0x000000000000084c]
J 13206 c2 java.awt.EventQueue$3.run()Ljava/lang/Object; java.desktop@9.0.4 (5 bytes) @ 0x000002053bb502a4 [0x000002053bb501a0+0x0000000000000104]
v  ~StubRoutines::call_stub
J 4285  java.security.AccessController.doPrivileged(Ljava/security/PrivilegedAction;Ljava/security/AccessControlContext;)Ljava/lang/Object; java.base@9.0.4 (0 bytes) @ 0x000002053b29ffc6 [0x000002053b29ff60+0x0000000000000066]
J 13188 c2 ui.frmwork.b.d.dispatchEvent(Ljava/awt/AWTEvent;)V (34 bytes) @ 0x000002053bb42c14 [0x000002053bb425e0+0x0000000000000634]
J 13194 c2 java.awt.EventDispatchThread.pumpOneEventForFilters(I)V java.desktop@9.0.4 (218 bytes) @ 0x000002053bb4a3a4 [0x000002053bb49720+0x0000000000000c84]
j  java.awt.EventDispatchThread.pumpEventsForFilter(ILjava/awt/Conditional;Ljava/awt/EventFilter;)V+35 java.desktop@9.0.4
j  java.awt.EventDispatchThread.pumpEventsForFilter(Ljava/awt/Conditional;Ljava/awt/EventFilter;)V+4 java.desktop@9.0.4
j  java.awt.WaitDispatchSupport$2.run()V+59 java.desktop@9.0.4
j  java.awt.WaitDispatchSupport$4.run()Ljava/lang/Void;+4 java.desktop@9.0.4
j  java.awt.WaitDispatchSupport$4.run()Ljava/lang/Object;+1 java.desktop@9.0.4
v  ~StubRoutines::call_stub
J 1050  java.security.AccessController.doPrivileged(Ljava/security/PrivilegedAction;)Ljava/lang/Object; java.base@9.0.4 (0 bytes) @ 0x000002053b0aa032 [0x000002053b0a9fe0+0x0000000000000052]
j  java.awt.WaitDispatchSupport.enter()Z+260 java.desktop@9.0.4
j  java.awt.Dialog.show()V+225 java.desktop@9.0.4
J 9358 c1 java.awt.Component.setVisible(Z)V java.desktop@9.0.4 (6 bytes) @ 0x0000020534fa134c [0x0000020534fa1160+0x00000000000001ec]
j  java.awt.Window.setVisible(Z)V+2 java.desktop@9.0.4
j  java.awt.Dialog.setVisible(Z)V+2 java.desktop@9.0.4
j  ui.b.c.g.setVisible(Z)V+2
j  ui.b.c.by.showDialog()V+64
j  ui.b.c.bF.actionPerformed(Ljava/awt/event/ActionEvent;)V+8
j  ui.b.c.by.cJI()V+396
j  ui.views.c.t.b.a.run()V+60
j  ui.frmwork.a.dWF()Z+66
j  ui.frmwork.V.dYl()V+42
j  ui.bk.actionPerformed(Ljava/awt/event/ActionEvent;)V+25
j  javax.swing.AbstractButton.fireActionPerformed(Ljava/awt/event/ActionEvent;)V+84 java.desktop@9.0.4
j  ui.utils.o.b.B.fireActionPerformed(Ljava/awt/event/ActionEvent;)V+7
j  javax.swing.AbstractButton$Handler.actionPerformed(Ljava/awt/event/ActionEvent;)V+5 java.desktop@9.0.4
j  javax.swing.DefaultButtonModel.fireActionPerformed(Ljava/awt/event/ActionEvent;)V+34 java.desktop@9.0.4
j  javax.swing.DefaultButtonModel.setPressed(Z)V+117 java.desktop@9.0.4
j  javax.swing.plaf.basic.BasicButtonListener.mouseReleased(Ljava/awt/event/MouseEvent;)V+35 java.desktop@9.0.4
j  com.jidesoft.plaf.basic.BasicJideButtonListener.mouseReleased(Ljava/awt/event/MouseEvent;)V+61
j  java.awt.AWTEventMulticaster.mouseReleased(Ljava/awt/event/MouseEvent;)V+8 java.desktop@9.0.4
j  java.awt.AWTEventMulticaster.mouseReleased(Ljava/awt/event/MouseEvent;)V+8 java.desktop@9.0.4
j  java.awt.AWTEventMulticaster.mouseReleased(Ljava/awt/event/MouseEvent;)V+8 java.desktop@9.0.4
j  java.awt.AWTEventMulticaster.mouseReleased(Ljava/awt/event/MouseEvent;)V+8 java.desktop@9.0.4
j  java.awt.Component.processMouseEvent(Ljava/awt/event/MouseEvent;)V+64 java.desktop@9.0.4
j  javax.swing.JComponent.processMouseEvent(Ljava/awt/event/MouseEvent;)V+23 java.desktop@9.0.4
J 13357 c2 java.awt.Container.processEvent(Ljava/awt/AWTEvent;)V java.desktop@9.0.4 (22 bytes) @ 0x000002053bb973b8 [0x000002053bb972a0+0x0000000000000118]
J 12688 c1 java.awt.Component.dispatchEventImpl(Ljava/awt/AWTEvent;)V java.desktop@9.0.4 (739 bytes) @ 0x0000020533e09ccc [0x0000020533e06060+0x0000000000003c6c]
J 12584 c2 java.awt.Container.dispatchEventImpl(Ljava/awt/AWTEvent;)V java.desktop@9.0.4 (129 bytes) @ 0x000002053b1f73f8 [0x000002053b1f73a0+0x0000000000000058]
J 15068 c1 java.awt.LightweightDispatcher.retargetMouseEvent(Ljava/awt/Component;ILjava/awt/event/MouseEvent;)V java.desktop@9.0.4 (350 bytes) @ 0x0000020535cef874 [0x0000020535ced3c0+0x00000000000024b4]
J 12558 c1 java.awt.LightweightDispatcher.processMouseEvent(Ljava/awt/event/MouseEvent;)Z java.desktop@9.0.4 (265 bytes) @ 0x0000020533bc68e4 [0x0000020533bc5960+0x0000000000000f84]
J 12584 c2 java.awt.Container.dispatchEventImpl(Ljava/awt/AWTEvent;)V java.desktop@9.0.4 (129 bytes) @ 0x000002053b1f775c [0x000002053b1f73a0+0x00000000000003bc]
J 11842 c1 java.awt.Window.dispatchEventImpl(Ljava/awt/AWTEvent;)V java.desktop@9.0.4 (23 bytes) @ 0x00000205357ad674 [0x00000205357ad0a0+0x00000000000005d4]
J 13206 c2 java.awt.EventQueue$3.run()Ljava/lang/Object; java.desktop@9.0.4 (5 bytes) @ 0x000002053bb50360 [0x000002053bb501a0+0x00000000000001c0]
v  ~StubRoutines::call_stub
J 4285  java.security.AccessController.doPrivileged(Ljava/security/PrivilegedAction;Ljava/security/AccessControlContext;)Ljava/lang/Object; java.base@9.0.4 (0 bytes) @ 0x000002053b29ffc6 [0x000002053b29ff60+0x0000000000000066]
J 11482 c1 java.awt.EventQueue$4.run()Ljava/lang/Object; java.desktop@9.0.4 (5 bytes) @ 0x0000020535678f7c [0x0000020535678bc0+0x00000000000003bc]
v  ~StubRoutines::call_stub
J 4285  java.security.AccessController.doPrivileged(Ljava/security/PrivilegedAction;Ljava/security/AccessControlContext;)Ljava/lang/Object; java.base@9.0.4 (0 bytes) @ 0x000002053b29ffc6 [0x000002053b29ff60+0x0000000000000066]
J 13188 c2 ui.frmwork.b.d.dispatchEvent(Ljava/awt/AWTEvent;)V (34 bytes) @ 0x000002053bb42a28 [0x000002053bb425e0+0x0000000000000448]
J 13194 c2 java.awt.EventDispatchThread.pumpOneEventForFilters(I)V java.desktop@9.0.4 (218 bytes) @ 0x000002053bb4a3a4 [0x000002053bb49720+0x0000000000000c84]
j  java.awt.EventDispatchThread.pumpEventsForFilter(ILjava/awt/Conditional;Ljava/awt/EventFilter;)V+35 java.desktop@9.0.4
j  java.awt.EventDispatchThread.pumpEventsForHierarchy(ILjava/awt/Conditional;Ljava/awt/Component;)V+11 java.desktop@9.0.4
j  java.awt.EventDispatchThread.pumpEvents(ILjava/awt/Conditional;)V+4 java.desktop@9.0.4
j  java.awt.EventDispatchThread.pumpEvents(Ljava/awt/Conditional;)V+3 java.desktop@9.0.4
j  java.awt.EventDispatchThread.run()V+9 java.desktop@9.0.4
v  ~StubRoutines::call_stub

siginfo: EXCEPTION_ACCESS_VIOLATION (0xc0000005), data execution prevention violation at address 0x00007ffe57e13370


Register to memory mapping:

RIP=0x00007ffe57e13370 is an unknown value
RAX=0x00007ffe57db85e0 is an unknown value
RBX=0x000000c5ab9f3f70 is pointing into the stack for thread: 0x000002052927e800
RCX=0x00000205778abc50 is an unknown value
RDX=0x00000205295b40b0 is an unknown value
RSP=0x000000c5ab9f3e08 is pointing into the stack for thread: 0x000002052927e800
RBP=0x000000c5ab9f3f30 is pointing into the stack for thread: 0x000002052927e800
RSI=0x00000205295b40b0 is an unknown value
RDI=0x00000205778abc50 is an unknown value
R8 =0x000000c5ab9f3f30 is pointing into the stack for thread: 0x000002052927e800
R9 =0x000000c5ab9f3f70 is pointing into the stack for thread: 0x000002052927e800
R10=0x00000205295b40c0 is an unknown value
R11=0x73fa3ffeda01fdcf is an unknown value
R12=0x0000000000000000 is an unknown value
R13=0x0000000000000000 is an unknown value
R14=0x00000205295b40b0 is an unknown value
R15=0x0000000000000001 is an unknown value


Registers:
RAX=0x00007ffe57db85e0, RBX=0x000000c5ab9f3f70, RCX=0x00000205778abc50, RDX=0x00000205295b40b0
RSP=0x000000c5ab9f3e08, RBP=0x000000c5ab9f3f30, RSI=0x00000205295b40b0, RDI=0x00000205778abc50
R8 =0x000000c5ab9f3f30, R9 =0x000000c5ab9f3f70, R10=0x00000205295b40c0, R11=0x73fa3ffeda01fdcf
R12=0x0000000000000000, R13=0x0000000000000000, R14=0x00000205295b40b0, R15=0x0000000000000001
RIP=0x00007ffe57e13370, EFLAGS=0x0000000000010206

Top of Stack: (sp=0x000000c5ab9f3e08)
0x000000c5ab9f3e08:   00007ffe57aeeedc 0000000000000000
0x000000c5ab9f3e18:   000002051dc2fcc0 0000020500000000
0x000000c5ab9f3e28:   000002051dc20000 000002051dc202a4
0x000000c5ab9f3e38:   000000c5ab9f3f70 000000c5ab9f3f30
0x000000c5ab9f3e48:   00000205295b40b0 fffffffffffffffe
0x000000c5ab9f3e58:   0000000000000000 0000000000000000
0x000000c5ab9f3e68:   0000000000000010 0000000000000008
0x000000c5ab9f3e78:   0000000000000002 000002051dca0000
0x000000c5ab9f3e88:   000000c5ab9f3f49 0000000000000001
0x000000c5ab9f3e98:   00007ffed767b3c7 000002051dc20000
0x000000c5ab9f3ea8:   00007ffe00000007 0000000000000008
0x000000c5ab9f3eb8:   0000020500000000 00005c2121a9b166
0x000000c5ab9f3ec8:   0000020569c159a0 000000021dc20464
0x000000c5ab9f3ed8:   000000c5ab9f4048 000002055674c8c0
0x000000c5ab9f3ee8:   000000c5ab9f3f79 000000c5ab9f4030
0x000000c5ab9f3ef8:   00007ffe57ae5fc7 000000000000004f 

Instructions: (pc=0x00007ffe57e13370)
0x00007ffe57e13350:   00 00 00 00 ff ff ff ff 00 00 00 00 40 00 00 00
0x00007ffe57e13360:   20 33 45 00 00 00 00 00 00 00 00 00 00 00 00 00
0x00007ffe57e13370:   01 00 00 00 00 00 00 00 00 00 00 00 10 8a 58 00
0x00007ffe57e13380:   98 33 45 00 70 33 45 00 00 00 00 00 00 00 00 00 



---------------  P R O C E S S  ---------------

Java Threads: ( => current thread )
  0x000002054d6f6800 JavaThread "Relaunch Simulation" [_thread_in_native, id=6552, stack(0x000000c5ad600000,0x000000c5adb00000)]
  0x000002054d6f5000 JavaThread "SyntheticaAnimation 50" daemon [_thread_blocked, id=1472, stack(0x000000c5aba00000,0x000000c5abf00000)]
  0x000002054d6f8000 JavaThread "Update Runs Swing Worker" [_thread_blocked, id=6028, stack(0x000000c5aef00000,0x000000c5af400000)]
  0x000002054d828800 JavaThread "hw_ila_monitor" [_thread_blocked, id=10040, stack(0x000000c5ae500000,0x000000c5aea00000)]
  0x000002054d827000 JavaThread "Refresh Filesets Swing Worker" [_thread_blocked, id=12252, stack(0x000000c5ae000000,0x000000c5ae500000)]
  0x000002054d826800 JavaThread "SyntheticaAnimation 70" daemon [_thread_blocked, id=11724, stack(0x000000c5adb00000,0x000000c5ae000000)]
  0x000002054d82b000 JavaThread "SyntheticaAnimation 25" daemon [_thread_blocked, id=11712, stack(0x000000c5ad100000,0x000000c5ad600000)]
  0x000002054d828000 JavaThread "SyntheticaAnimation 50" daemon [_thread_blocked, id=11700, stack(0x000000c5acc00000,0x000000c5ad100000)]
  0x000002054d82b800 JavaThread "Monitor HEventQueue" [_thread_blocked, id=11692, stack(0x000000c5ac700000,0x000000c5acc00000)]
  0x000002054d829800 JavaThread "SyntheticaCleanerThread" daemon [_thread_blocked, id=19488, stack(0x000000c5abf00000,0x000000c5ac400000)]
  0x000002054d82c800 JavaThread "Batik CleanerThread" daemon [_thread_blocked, id=19528, stack(0x000000c5aab00000,0x000000c5ab000000)]
=>0x000002052927e800 JavaThread "AWT-EventQueue-1" [_thread_in_native, id=19568, stack(0x000000c5ab500000,0x000000c5aba00000)]
  0x00000205295aa000 JavaThread "Process Messages" [_thread_blocked, id=19564, stack(0x000000c5ab000000,0x000000c5ab500000)]
  0x000002052943b000 JavaThread "Thread-1" [_thread_in_native, id=20064, stack(0x000000c5a3900000,0x000000c5a4d00000)]
  0x00000205297b8800 JavaThread "TimerQueue" daemon [_thread_blocked, id=19548, stack(0x000000c5aa100000,0x000000c5aa600000)]
  0x00000205293f0000 JavaThread "AWT-Windows" daemon [_thread_in_native, id=19540, stack(0x000000c5a9c00000,0x000000c5aa100000)]
  0x000002052890e000 JavaThread "AWT-Shutdown" [_thread_blocked, id=19536, stack(0x000000c5a9700000,0x000000c5a9c00000)]
  0x000002052890d000 JavaThread "Java2D Disposer" daemon [_thread_blocked, id=19532, stack(0x000000c5a9200000,0x000000c5a9700000)]
  0x0000020528810000 JavaThread "Service Thread" daemon [_thread_blocked, id=20464, stack(0x000000c5a8c00000,0x000000c5a9100000)]
  0x0000020528db3800 JavaThread "Common-Cleaner" daemon [_thread_blocked, id=20460, stack(0x000000c5a8700000,0x000000c5a8c00000)]
  0x0000020528d9a000 JavaThread "Sweeper thread" daemon [_thread_blocked, id=20456, stack(0x000000c5a8200000,0x000000c5a8700000)]
  0x0000020528d95800 JavaThread "C1 CompilerThread3" daemon [_thread_blocked, id=20452, stack(0x000000c5a8100000,0x000000c5a8200000)]
  0x0000020528d94800 JavaThread "C2 CompilerThread2" daemon [_thread_blocked, id=20448, stack(0x000000c5a8000000,0x000000c5a8100000)]
  0x0000020528d8f000 JavaThread "C2 CompilerThread1" daemon [_thread_blocked, id=20444, stack(0x000000c5a7f00000,0x000000c5a8000000)]
  0x0000020528d8d000 JavaThread "C2 CompilerThread0" daemon [_thread_blocked, id=20440, stack(0x000000c5a7e00000,0x000000c5a7f00000)]
  0x0000020528d8c000 JavaThread "Attach Listener" daemon [_thread_blocked, id=20436, stack(0x000000c5a7900000,0x000000c5a7e00000)]
  0x000002052841d000 JavaThread "Signal Dispatcher" daemon [_thread_blocked, id=20432, stack(0x000000c5a7400000,0x000000c5a7900000)]
  0x0000020528413000 JavaThread "Finalizer" daemon [_thread_blocked, id=20428, stack(0x000000c5a6f00000,0x000000c5a7400000)]
  0x0000020528412000 JavaThread "Reference Handler" daemon [_thread_blocked, id=20424, stack(0x000000c5a6a00000,0x000000c5a6f00000)]
  0x000002052721b000 JavaThread "main" [_thread_blocked, id=20316, stack(0x000000c5a4f00000,0x000000c5a5000000)]

Other Threads:
  0x000002052602d800 VMThread "VM Thread" [stack: 0x000000c5a6900000,0x000000c5a6a00000] [id=20420]
  0x00000205286a0800 WatcherThread [stack: 0x000000c5a9100000,0x000000c5a9200000] [id=20468]
  0x00000205261e1800 GCTaskThread "GC Thread#0" [stack: 0x000000c5a5000000,0x000000c5a5100000] [id=20320]
  0x0000020525ebc800 GCTaskThread "GC Thread#1" [stack: 0x000000c5a5100000,0x000000c5a5200000] [id=20324]
  0x0000020525ebe000 GCTaskThread "GC Thread#2" [stack: 0x000000c5a5200000,0x000000c5a5300000] [id=20328]
  0x0000020525eb8800 GCTaskThread "GC Thread#3" [stack: 0x000000c5a5300000,0x000000c5a5400000] [id=20332]
  0x0000020525ebb800 GCTaskThread "GC Thread#4" [stack: 0x000000c5a5400000,0x000000c5a5500000] [id=20336]
  0x0000020525ebc000 GCTaskThread "GC Thread#5" [stack: 0x000000c5a5500000,0x000000c5a5600000] [id=20340]
  0x0000020525ebe800 GCTaskThread "GC Thread#6" [stack: 0x000000c5a5600000,0x000000c5a5700000] [id=20344]
  0x0000020525ebf000 GCTaskThread "GC Thread#7" [stack: 0x000000c5a5700000,0x000000c5a5800000] [id=20348]
  0x0000020525eb9000 GCTaskThread "GC Thread#8" [stack: 0x000000c5a5800000,0x000000c5a5900000] [id=20352]
  0x0000020525eb9800 GCTaskThread "GC Thread#9" [stack: 0x000000c5a5900000,0x000000c5a5a00000] [id=20356]
  0x0000020526554800 ConcurrentGCThread "G1 Main Marker" [stack: 0x000000c5a6500000,0x000000c5a6600000] [id=20404]
  0x0000020525ebd800 ConcurrentGCThread "G1 Marker#0" [stack: 0x000000c5a6600000,0x000000c5a6700000] [id=20408]
  0x0000020525eba000 ConcurrentGCThread "G1 Marker#1" [stack: 0x000000c5a6700000,0x000000c5a6800000] [id=20412]
  0x0000020525ebb000 ConcurrentGCThread "G1 Marker#2" [stack: 0x000000c5a6800000,0x000000c5a6900000] [id=20416]
  0x000002052891a800 ConcurrentGCThread "G1 Refine#0" [stack: 0x000000c5a6300000,0x000000c5a6400000] [id=20396]
  0x000002052891a000 ConcurrentGCThread "G1 Refine#1" [stack: 0x000000c5a6200000,0x000000c5a6300000] [id=20392]
  0x0000020528919800 ConcurrentGCThread "G1 Refine#2" [stack: 0x000000c5a6100000,0x000000c5a6200000] [id=20388]
  0x00000205265fe800 ConcurrentGCThread "G1 Refine#3" [stack: 0x000000c5a6000000,0x000000c5a6100000] [id=20384]
  0x00000205265fe000 ConcurrentGCThread "G1 Refine#4" [stack: 0x000000c5a5f00000,0x000000c5a6000000] [id=20380]
  0x00000205265fd800 ConcurrentGCThread "G1 Refine#5" [stack: 0x000000c5a5e00000,0x000000c5a5f00000] [id=20376]
  0x000002052c94a800 ConcurrentGCThread "G1 Refine#6" [stack: 0x000000c5a5d00000,0x000000c5a5e00000] [id=20372]
  0x0000020527410800 ConcurrentGCThread "G1 Refine#7" [stack: 0x000000c5a5c00000,0x000000c5a5d00000] [id=20368]
  0x000002052740f800 ConcurrentGCThread "G1 Refine#8" [stack: 0x000000c5a5b00000,0x000000c5a5c00000] [id=20364]
  0x00000205273a4800 ConcurrentGCThread "G1 Refine#9" [stack: 0x000000c5a5a00000,0x000000c5a5b00000] [id=20360]
  0x0000020526553800 ConcurrentGCThread "G1 Young RemSet Sampling" [stack: 0x000000c5a6400000,0x000000c5a6500000] [id=20400]

Threads with active compile tasks:

VM state:not at safepoint (normal execution)

VM Mutex/Monitor currently owned by a thread: None

Heap address: 0x0000000700000000, size: 3072 MB, Compressed Oops mode: Zero based, Oop shift amount: 3
Narrow klass base: 0x0000000000000000, Narrow klass shift: 3
Compressed class space size: 1073741824 Address: 0x00000007c0000000

Heap:
 garbage-first heap   total 161792K, used 93074K [0x0000000700000000, 0x00000007001004f0, 0x00000007c0000000)
  region size 1024K, 25 young (25600K), 1 survivors (1024K)
 Metaspace       used 75609K, capacity 80611K, committed 80816K, reserved 1118208K
  class space    used 10498K, capacity 11364K, committed 11440K, reserved 1048576K
Heap Regions: E=young(eden), S=young(survivor), O=old, HS=humongous(starts), HC=humongous(continues), CS=collection set, F=free, A=archive, TS=gc time stamp, AC=allocation context, TAMS=top-at-mark-start (previous, next)
|   0|0x0000000700000000, 0x00000007000f93d8, 0x0000000700100000| 97%| O|  |TS  0|AC  0|TAMS 0x0000000700000000, 0x0000000700000000|
|   1|0x0000000700100000, 0x0000000700200000, 0x0000000700200000|100%|HS|  |TS  0|AC  0|TAMS 0x0000000700100000, 0x0000000700100000|
|   2|0x0000000700200000, 0x0000000700300000, 0x0000000700300000|100%|HC|  |TS  0|AC  0|TAMS 0x0000000700200000, 0x0000000700200000|
|   3|0x0000000700300000, 0x0000000700400000, 0x0000000700400000|100%|HS|  |TS  0|AC  0|TAMS 0x0000000700300000, 0x0000000700300000|
|   4|0x0000000700400000, 0x00000007004f72c0, 0x0000000700500000| 96%| O|  |TS  0|AC  0|TAMS 0x0000000700400000, 0x0000000700400000|
|   5|0x0000000700500000, 0x0000000700600000, 0x0000000700600000|100%| O|  |TS  0|AC  0|TAMS 0x0000000700500000, 0x0000000700500000|
|   6|0x0000000700600000, 0x00000007006fffd8, 0x0000000700700000| 99%| O|  |TS  0|AC  0|TAMS 0x0000000700600000, 0x0000000700600000|
|   7|0x0000000700700000, 0x00000007007ffff0, 0x0000000700800000| 99%| O|  |TS  0|AC  0|TAMS 0x0000000700700000, 0x0000000700700000|
|   8|0x0000000700800000, 0x00000007008ffff0, 0x0000000700900000| 99%| O|  |TS  0|AC  0|TAMS 0x0000000700800000, 0x0000000700800000|
|   9|0x0000000700900000, 0x00000007009ffff0, 0x0000000700a00000| 99%| O|  |TS  0|AC  0|TAMS 0x0000000700900000, 0x0000000700900000|
|  10|0x0000000700a00000, 0x0000000700afffc0, 0x0000000700b00000| 99%| O|  |TS  0|AC  0|TAMS 0x0000000700a00000, 0x0000000700a00000|
|  11|0x0000000700b00000, 0x0000000700bda6d8, 0x0000000700c00000| 85%| O|  |TS  0|AC  0|TAMS 0x0000000700b00000, 0x0000000700b00000|
|  12|0x0000000700c00000, 0x0000000700cf4458, 0x0000000700d00000| 95%| O|  |TS  0|AC  0|TAMS 0x0000000700c00000, 0x0000000700c00000|
|  13|0x0000000700d00000, 0x0000000700dff290, 0x0000000700e00000| 99%| O|  |TS  0|AC  0|TAMS 0x0000000700d00000, 0x0000000700d00000|
|  14|0x0000000700e00000, 0x0000000700ef44c8, 0x0000000700f00000| 95%| O|  |TS  0|AC  0|TAMS 0x0000000700e00000, 0x0000000700e00000|
|  15|0x0000000700f00000, 0x0000000700fff178, 0x0000000701000000| 99%| O|  |TS  0|AC  0|TAMS 0x0000000700f00000, 0x0000000700f00000|
|  16|0x0000000701000000, 0x00000007010fdfc0, 0x0000000701100000| 99%| O|  |TS  0|AC  0|TAMS 0x0000000701000000, 0x0000000701000000|
|  17|0x0000000701100000, 0x00000007011fff38, 0x0000000701200000| 99%| O|  |TS  0|AC  0|TAMS 0x0000000701100000, 0x0000000701100000|
|  18|0x0000000701200000, 0x0000000701300000, 0x0000000701300000|100%| O|  |TS  0|AC  0|TAMS 0x0000000701200000, 0x0000000701200000|
|  19|0x0000000701300000, 0x00000007013fffe8, 0x0000000701400000| 99%| O|  |TS  0|AC  0|TAMS 0x0000000701300000, 0x0000000701300000|
|  20|0x0000000701400000, 0x00000007014fffe0, 0x0000000701500000| 99%| O|  |TS  0|AC  0|TAMS 0x0000000701400000, 0x0000000701400000|
|  21|0x0000000701500000, 0x00000007015fffd8, 0x0000000701600000| 99%| O|  |TS  0|AC  0|TAMS 0x0000000701500000, 0x0000000701500000|
|  22|0x0000000701600000, 0x00000007016ffff0, 0x0000000701700000| 99%| O|  |TS  0|AC  0|TAMS 0x0000000701600000, 0x0000000701600000|
|  23|0x0000000701700000, 0x0000000701800000, 0x0000000701800000|100%| O|  |TS  0|AC  0|TAMS 0x0000000701700000, 0x0000000701700000|
|  24|0x0000000701800000, 0x0000000701900000, 0x0000000701900000|100%| O|  |TS  0|AC  0|TAMS 0x0000000701800000, 0x0000000701800000|
|  25|0x0000000701900000, 0x00000007019ffff8, 0x0000000701a00000| 99%| O|  |TS  0|AC  0|TAMS 0x0000000701900000, 0x0000000701900000|
|  26|0x0000000701a00000, 0x0000000701affff0, 0x0000000701b00000| 99%| O|  |TS  0|AC  0|TAMS 0x0000000701a00000, 0x0000000701a00000|
|  27|0x0000000701b00000, 0x0000000701c00000, 0x0000000701c00000|100%| O|  |TS  0|AC  0|TAMS 0x0000000701b00000, 0x0000000701b00000|
|  28|0x0000000701c00000, 0x0000000701cfffe8, 0x0000000701d00000| 99%| O|  |TS  0|AC  0|TAMS 0x0000000701c00000, 0x0000000701c00000|
|  29|0x0000000701d00000, 0x0000000701e00000, 0x0000000701e00000|100%| O|  |TS  0|AC  0|TAMS 0x0000000701d00000, 0x0000000701d00000|
|  30|0x0000000701e00000, 0x0000000701effff0, 0x0000000701f00000| 99%| O|  |TS  0|AC  0|TAMS 0x0000000701e00000, 0x0000000701e00000|
|  31|0x0000000701f00000, 0x0000000701fffef0, 0x0000000702000000| 99%| O|  |TS  0|AC  0|TAMS 0x0000000701f00000, 0x0000000701f00000|
|  32|0x0000000702000000, 0x00000007020fffd0, 0x0000000702100000| 99%| O|  |TS  0|AC  0|TAMS 0x0000000702000000, 0x0000000702000000|
|  33|0x0000000702100000, 0x0000000702200000, 0x0000000702200000|100%| O|  |TS  0|AC  0|TAMS 0x0000000702100000, 0x0000000702100000|
|  34|0x0000000702200000, 0x00000007022ffff0, 0x0000000702300000| 99%| O|  |TS  0|AC  0|TAMS 0x0000000702200000, 0x0000000702200000|
|  35|0x0000000702300000, 0x00000007023fffe8, 0x0000000702400000| 99%| O|  |TS  0|AC  0|TAMS 0x0000000702300000, 0x0000000702300000|
|  36|0x0000000702400000, 0x00000007024ffff8, 0x0000000702500000| 99%| O|  |TS  0|AC  0|TAMS 0x0000000702400000, 0x0000000702400000|
|  37|0x0000000702500000, 0x00000007025ffe08, 0x0000000702600000| 99%| O|  |TS  0|AC  0|TAMS 0x0000000702500000, 0x0000000702500000|
|  38|0x0000000702600000, 0x00000007026fffe0, 0x0000000702700000| 99%| O|  |TS  0|AC  0|TAMS 0x0000000702600000, 0x0000000702600000|
|  39|0x0000000702700000, 0x00000007027fffd8, 0x0000000702800000| 99%| O|  |TS  0|AC  0|TAMS 0x0000000702700000, 0x0000000702700000|
|  40|0x0000000702800000, 0x00000007028fff00, 0x0000000702900000| 99%| O|  |TS  0|AC  0|TAMS 0x0000000702800000, 0x0000000702800000|
|  41|0x0000000702900000, 0x00000007029fffe8, 0x0000000702a00000| 99%| O|  |TS  0|AC  0|TAMS 0x0000000702900000, 0x0000000702900000|
|  42|0x0000000702a00000, 0x0000000702afe598, 0x0000000702b00000| 99%| O|  |TS  0|AC  0|TAMS 0x0000000702a00000, 0x0000000702a00000|
|  43|0x0000000702b00000, 0x0000000702bfffe8, 0x0000000702c00000| 99%| O|  |TS  0|AC  0|TAMS 0x0000000702b00000, 0x0000000702b00000|
|  44|0x0000000702c00000, 0x0000000702cfff10, 0x0000000702d00000| 99%| O|  |TS  0|AC  0|TAMS 0x0000000702c00000, 0x0000000702c00000|
|  45|0x0000000702d00000, 0x0000000702dffff8, 0x0000000702e00000| 99%| O|  |TS  0|AC  0|TAMS 0x0000000702d00000, 0x0000000702d00000|
|  46|0x0000000702e00000, 0x0000000702f00000, 0x0000000702f00000|100%|HS|  |TS  0|AC  0|TAMS 0x0000000702e00000, 0x0000000702e00000|
|  47|0x0000000702f00000, 0x0000000703000000, 0x0000000703000000|100%|HC|  |TS  0|AC  0|TAMS 0x0000000702f00000, 0x0000000702f00000|
|  48|0x0000000703000000, 0x0000000703100000, 0x0000000703100000|100%|HC|  |TS  0|AC  0|TAMS 0x0000000703000000, 0x0000000703000000|
|  49|0x0000000703100000, 0x0000000703200000, 0x0000000703200000|100%|HC|  |TS  0|AC  0|TAMS 0x0000000703100000, 0x0000000703100000|
|  50|0x0000000703200000, 0x0000000703300000, 0x0000000703300000|100%|HC|  |TS  0|AC  0|TAMS 0x0000000703200000, 0x0000000703200000|
|  51|0x0000000703300000, 0x0000000703400000, 0x0000000703400000|100%|HC|  |TS  0|AC  0|TAMS 0x0000000703300000, 0x0000000703300000|
|  52|0x0000000703400000, 0x0000000703500000, 0x0000000703500000|100%|HC|  |TS  0|AC  0|TAMS 0x0000000703400000, 0x0000000703400000|
|  53|0x0000000703500000, 0x0000000703600000, 0x0000000703600000|100%|HC|  |TS  0|AC  0|TAMS 0x0000000703500000, 0x0000000703500000|
|  54|0x0000000703600000, 0x0000000703700000, 0x0000000703700000|100%|HC|  |TS  0|AC  0|TAMS 0x0000000703600000, 0x0000000703600000|
|  55|0x0000000703700000, 0x0000000703800000, 0x0000000703800000|100%|HC|  |TS  0|AC  0|TAMS 0x0000000703700000, 0x0000000703700000|
|  56|0x0000000703800000, 0x0000000703900000, 0x0000000703900000|100%|HC|  |TS  0|AC  0|TAMS 0x0000000703800000, 0x0000000703800000|
|  57|0x0000000703900000, 0x00000007039ffe78, 0x0000000703a00000| 99%| O|  |TS  0|AC  0|TAMS 0x0000000703900000, 0x0000000703900000|
|  58|0x0000000703a00000, 0x0000000703b00000, 0x0000000703b00000|100%| O|  |TS  0|AC  0|TAMS 0x0000000703a00000, 0x0000000703a00000|
|  59|0x0000000703b00000, 0x0000000703bffff8, 0x0000000703c00000| 99%| O|  |TS  0|AC  0|TAMS 0x0000000703b00000, 0x0000000703b00000|
|  60|0x0000000703c00000, 0x0000000703cf6c18, 0x0000000703d00000| 96%| O|  |TS  0|AC  0|TAMS 0x0000000703c00000, 0x0000000703c00000|
|  61|0x0000000703d00000, 0x0000000703d00000, 0x0000000703e00000|  0%| F|  |TS  0|AC  0|TAMS 0x0000000703d00000, 0x0000000703d00000|
|  62|0x0000000703e00000, 0x0000000703e00000, 0x0000000703f00000|  0%| F|  |TS  0|AC  0|TAMS 0x0000000703e00000, 0x0000000703e00000|
|  63|0x0000000703f00000, 0x0000000703f00000, 0x0000000704000000|  0%| F|  |TS  0|AC  0|TAMS 0x0000000703f00000, 0x0000000703f00000|
|  64|0x0000000704000000, 0x0000000704100000, 0x0000000704100000|100%|HS|  |TS  0|AC  0|TAMS 0x0000000704000000, 0x0000000704000000|
|  65|0x0000000704100000, 0x0000000704200000, 0x0000000704200000|100%|HC|  |TS  0|AC  0|TAMS 0x0000000704100000, 0x0000000704100000|
|  66|0x0000000704200000, 0x0000000704300000, 0x0000000704300000|100%|HC|  |TS  0|AC  0|TAMS 0x0000000704200000, 0x0000000704200000|
|  67|0x0000000704300000, 0x0000000704300000, 0x0000000704400000|  0%| F|  |TS  0|AC  0|TAMS 0x0000000704300000, 0x0000000704300000|
|  68|0x0000000704400000, 0x0000000704500000, 0x0000000704500000|100%|HS|  |TS  0|AC  0|TAMS 0x0000000704400000, 0x0000000704400000|
|  69|0x0000000704500000, 0x0000000704600000, 0x0000000704600000|100%|HC|  |TS  0|AC  0|TAMS 0x0000000704500000, 0x0000000704500000|
|  70|0x0000000704600000, 0x0000000704700000, 0x0000000704700000|100%|HC|  |TS  0|AC  0|TAMS 0x0000000704600000, 0x0000000704600000|
|  71|0x0000000704700000, 0x0000000704800000, 0x0000000704800000|100%|HC|  |TS  0|AC  0|TAMS 0x0000000704700000, 0x0000000704700000|
|  72|0x0000000704800000, 0x0000000704800000, 0x0000000704900000|  0%| F|  |TS  0|AC  0|TAMS 0x0000000704800000, 0x0000000704800000|
|  73|0x0000000704900000, 0x0000000704900000, 0x0000000704a00000|  0%| F|  |TS  0|AC  0|TAMS 0x0000000704900000, 0x0000000704900000|
|  74|0x0000000704a00000, 0x0000000704a00000, 0x0000000704b00000|  0%| F|  |TS  0|AC  0|TAMS 0x0000000704a00000, 0x0000000704a00000|
|  75|0x0000000704b00000, 0x0000000704b00000, 0x0000000704c00000|  0%| F|  |TS  0|AC  0|TAMS 0x0000000704b00000, 0x0000000704b00000|
|  76|0x0000000704c00000, 0x0000000704c00000, 0x0000000704d00000|  0%| F|  |TS  0|AC  0|TAMS 0x0000000704c00000, 0x0000000704c00000|
|  77|0x0000000704d00000, 0x0000000704d00000, 0x0000000704e00000|  0%| F|  |TS  0|AC  0|TAMS 0x0000000704d00000, 0x0000000704d00000|
|  78|0x0000000704e00000, 0x0000000704e00000, 0x0000000704f00000|  0%| F|  |TS  0|AC  0|TAMS 0x0000000704e00000, 0x0000000704e00000|
|  79|0x0000000704f00000, 0x0000000704f00000, 0x0000000705000000|  0%| F|  |TS  0|AC  0|TAMS 0x0000000704f00000, 0x0000000704f00000|
|  80|0x0000000705000000, 0x0000000705000000, 0x0000000705100000|  0%| F|  |TS  0|AC  0|TAMS 0x0000000705000000, 0x0000000705000000|
|  81|0x0000000705100000, 0x0000000705100000, 0x0000000705200000|  0%| F|  |TS  0|AC  0|TAMS 0x0000000705100000, 0x0000000705100000|
|  82|0x0000000705200000, 0x0000000705200000, 0x0000000705300000|  0%| F|  |TS  0|AC  0|TAMS 0x0000000705200000, 0x0000000705200000|
|  83|0x0000000705300000, 0x0000000705300000, 0x0000000705400000|  0%| F|  |TS  0|AC  0|TAMS 0x0000000705300000, 0x0000000705300000|
|  84|0x0000000705400000, 0x0000000705400000, 0x0000000705500000|  0%| F|  |TS  0|AC  0|TAMS 0x0000000705400000, 0x0000000705400000|
|  85|0x0000000705500000, 0x0000000705500000, 0x0000000705600000|  0%| F|  |TS  0|AC  0|TAMS 0x0000000705500000, 0x0000000705500000|
|  86|0x0000000705600000, 0x0000000705600000, 0x0000000705700000|  0%| F|  |TS  0|AC  0|TAMS 0x0000000705600000, 0x0000000705600000|
|  87|0x0000000705700000, 0x0000000705700000, 0x0000000705800000|  0%| F|  |TS  0|AC  0|TAMS 0x0000000705700000, 0x0000000705700000|
|  88|0x0000000705800000, 0x0000000705800000, 0x0000000705900000|  0%| F|  |TS  0|AC  0|TAMS 0x0000000705800000, 0x0000000705800000|
|  89|0x0000000705900000, 0x0000000705900000, 0x0000000705a00000|  0%| F|  |TS  0|AC  0|TAMS 0x0000000705900000, 0x0000000705900000|
|  90|0x0000000705a00000, 0x0000000705a00000, 0x0000000705b00000|  0%| F|  |TS  0|AC  0|TAMS 0x0000000705a00000, 0x0000000705a00000|
|  91|0x0000000705b00000, 0x0000000705b00000, 0x0000000705c00000|  0%| F|  |TS  0|AC  0|TAMS 0x0000000705b00000, 0x0000000705b00000|
|  92|0x0000000705c00000, 0x0000000705c00000, 0x0000000705d00000|  0%| F|  |TS  0|AC  0|TAMS 0x0000000705c00000, 0x0000000705c00000|
|  93|0x0000000705d00000, 0x0000000705d00000, 0x0000000705e00000|  0%| F|  |TS  0|AC  0|TAMS 0x0000000705d00000, 0x0000000705d00000|
|  94|0x0000000705e00000, 0x0000000705e00000, 0x0000000705f00000|  0%| F|  |TS  0|AC  0|TAMS 0x0000000705e00000, 0x0000000705e00000|
|  95|0x0000000705f00000, 0x0000000705f00000, 0x0000000706000000|  0%| F|  |TS  0|AC  0|TAMS 0x0000000705f00000, 0x0000000705f00000|
|  96|0x0000000706000000, 0x0000000706000000, 0x0000000706100000|  0%| F|  |TS  0|AC  0|TAMS 0x0000000706000000, 0x0000000706000000|
|  97|0x0000000706100000, 0x0000000706100000, 0x0000000706200000|  0%| F|  |TS  3|AC  0|TAMS 0x0000000706100000, 0x0000000706100000|
|  98|0x0000000706200000, 0x0000000706240920, 0x0000000706300000| 25%| S|CS|TS  3|AC  0|TAMS 0x0000000706200000, 0x0000000706200000|
|  99|0x0000000706300000, 0x0000000706300000, 0x0000000706400000|  0%| F|  |TS  3|AC  0|TAMS 0x0000000706300000, 0x0000000706300000|
| 100|0x0000000706400000, 0x0000000706400000, 0x0000000706500000|  0%| F|  |TS  3|AC  0|TAMS 0x0000000706400000, 0x0000000706400000|
| 101|0x0000000706500000, 0x0000000706500000, 0x0000000706600000|  0%| F|  |TS  3|AC  0|TAMS 0x0000000706500000, 0x0000000706500000|
| 102|0x0000000706600000, 0x0000000706600000, 0x0000000706700000|  0%| F|  |TS  3|AC  0|TAMS 0x0000000706600000, 0x0000000706600000|
| 103|0x0000000706700000, 0x0000000706700000, 0x0000000706800000|  0%| F|  |TS  3|AC  0|TAMS 0x0000000706700000, 0x0000000706700000|
| 104|0x0000000706800000, 0x0000000706800000, 0x0000000706900000|  0%| F|  |TS  3|AC  0|TAMS 0x0000000706800000, 0x0000000706800000|
| 105|0x0000000706900000, 0x0000000706900000, 0x0000000706a00000|  0%| F|  |TS  3|AC  0|TAMS 0x0000000706900000, 0x0000000706900000|
| 106|0x0000000706a00000, 0x0000000706a00000, 0x0000000706b00000|  0%| F|  |TS  3|AC  0|TAMS 0x0000000706a00000, 0x0000000706a00000|
| 107|0x0000000706b00000, 0x0000000706b00000, 0x0000000706c00000|  0%| F|  |TS  3|AC  0|TAMS 0x0000000706b00000, 0x0000000706b00000|
| 108|0x0000000706c00000, 0x0000000706c00000, 0x0000000706d00000|  0%| F|  |TS  3|AC  0|TAMS 0x0000000706c00000, 0x0000000706c00000|
| 109|0x0000000706d00000, 0x0000000706d00000, 0x0000000706e00000|  0%| F|  |TS  3|AC  0|TAMS 0x0000000706d00000, 0x0000000706d00000|
| 110|0x0000000706e00000, 0x0000000706e00000, 0x0000000706f00000|  0%| F|  |TS  3|AC  0|TAMS 0x0000000706e00000, 0x0000000706e00000|
| 111|0x0000000706f00000, 0x0000000706f00000, 0x0000000707000000|  0%| F|  |TS  3|AC  0|TAMS 0x0000000706f00000, 0x0000000706f00000|
| 112|0x0000000707000000, 0x0000000707000000, 0x0000000707100000|  0%| F|  |TS  3|AC  0|TAMS 0x0000000707000000, 0x0000000707000000|
| 113|0x0000000707100000, 0x0000000707100000, 0x0000000707200000|  0%| F|  |TS  3|AC  0|TAMS 0x0000000707100000, 0x0000000707100000|
| 114|0x0000000707200000, 0x0000000707200000, 0x0000000707300000|  0%| F|  |TS  3|AC  0|TAMS 0x0000000707200000, 0x0000000707200000|
| 115|0x0000000707300000, 0x0000000707300000, 0x0000000707400000|  0%| F|  |TS  3|AC  0|TAMS 0x0000000707300000, 0x0000000707300000|
| 116|0x0000000707400000, 0x0000000707400000, 0x0000000707500000|  0%| F|  |TS  3|AC  0|TAMS 0x0000000707400000, 0x0000000707400000|
| 117|0x0000000707500000, 0x0000000707500000, 0x0000000707600000|  0%| F|  |TS  3|AC  0|TAMS 0x0000000707500000, 0x0000000707500000|
| 118|0x0000000707600000, 0x0000000707600000, 0x0000000707700000|  0%| F|  |TS  3|AC  0|TAMS 0x0000000707600000, 0x0000000707600000|
| 119|0x0000000707700000, 0x0000000707700000, 0x0000000707800000|  0%| F|  |TS  3|AC  0|TAMS 0x0000000707700000, 0x0000000707700000|
| 120|0x0000000707800000, 0x0000000707800000, 0x0000000707900000|  0%| F|  |TS  3|AC  0|TAMS 0x0000000707800000, 0x0000000707800000|
| 121|0x0000000707900000, 0x0000000707900000, 0x0000000707a00000|  0%| F|  |TS  3|AC  0|TAMS 0x0000000707900000, 0x0000000707900000|
| 122|0x0000000707a00000, 0x0000000707a00000, 0x0000000707b00000|  0%| F|  |TS  3|AC  0|TAMS 0x0000000707a00000, 0x0000000707a00000|
| 123|0x0000000707b00000, 0x0000000707b00000, 0x0000000707c00000|  0%| F|  |TS  3|AC  0|TAMS 0x0000000707b00000, 0x0000000707b00000|
| 124|0x0000000707c00000, 0x0000000707c00000, 0x0000000707d00000|  0%| F|  |TS  3|AC  0|TAMS 0x0000000707c00000, 0x0000000707c00000|
| 125|0x0000000707d00000, 0x0000000707d00000, 0x0000000707e00000|  0%| F|  |TS  3|AC  0|TAMS 0x0000000707d00000, 0x0000000707d00000|
| 126|0x0000000707e00000, 0x0000000707e00000, 0x0000000707f00000|  0%| F|  |TS  3|AC  0|TAMS 0x0000000707e00000, 0x0000000707e00000|
| 127|0x0000000707f00000, 0x0000000707f00000, 0x0000000708000000|  0%| F|  |TS  3|AC  0|TAMS 0x0000000707f00000, 0x0000000707f00000|
| 128|0x0000000708000000, 0x0000000708000000, 0x0000000708100000|  0%| F|  |TS  3|AC  0|TAMS 0x0000000708000000, 0x0000000708000000|
| 129|0x0000000708100000, 0x0000000708100000, 0x0000000708200000|  0%| F|  |TS  3|AC  0|TAMS 0x0000000708100000, 0x0000000708100000|
| 130|0x0000000708200000, 0x0000000708200000, 0x0000000708300000|  0%| F|  |TS  3|AC  0|TAMS 0x0000000708200000, 0x0000000708200000|
| 131|0x0000000708300000, 0x0000000708300000, 0x0000000708400000|  0%| F|  |TS  3|AC  0|TAMS 0x0000000708300000, 0x0000000708300000|
| 132|0x0000000708400000, 0x0000000708400000, 0x0000000708500000|  0%| F|  |TS  3|AC  0|TAMS 0x0000000708400000, 0x0000000708400000|
| 133|0x0000000708500000, 0x0000000708500000, 0x0000000708600000|  0%| F|  |TS  3|AC  0|TAMS 0x0000000708500000, 0x0000000708500000|
| 134|0x0000000708600000, 0x0000000708605b28, 0x0000000708700000|  2%| E|  |TS  3|AC  0|TAMS 0x0000000708600000, 0x0000000708600000|
| 135|0x0000000708700000, 0x0000000708800000, 0x0000000708800000|100%| E|CS|TS  3|AC  0|TAMS 0x0000000708700000, 0x0000000708700000|
| 136|0x0000000708800000, 0x0000000708900000, 0x0000000708900000|100%| E|CS|TS  3|AC  0|TAMS 0x0000000708800000, 0x0000000708800000|
| 137|0x0000000708900000, 0x0000000708a00000, 0x0000000708a00000|100%| E|CS|TS  3|AC  0|TAMS 0x0000000708900000, 0x0000000708900000|
| 138|0x0000000708a00000, 0x0000000708b00000, 0x0000000708b00000|100%| E|CS|TS  3|AC  0|TAMS 0x0000000708a00000, 0x0000000708a00000|
| 139|0x0000000708b00000, 0x0000000708c00000, 0x0000000708c00000|100%| E|CS|TS  3|AC  0|TAMS 0x0000000708b00000, 0x0000000708b00000|
| 140|0x0000000708c00000, 0x0000000708d00000, 0x0000000708d00000|100%| E|CS|TS  3|AC  0|TAMS 0x0000000708c00000, 0x0000000708c00000|
| 141|0x0000000708d00000, 0x0000000708e00000, 0x0000000708e00000|100%| E|CS|TS  3|AC  0|TAMS 0x0000000708d00000, 0x0000000708d00000|
| 142|0x0000000708e00000, 0x0000000708f00000, 0x0000000708f00000|100%| E|CS|TS  3|AC  0|TAMS 0x0000000708e00000, 0x0000000708e00000|
| 143|0x0000000708f00000, 0x0000000709000000, 0x0000000709000000|100%| E|CS|TS  3|AC  0|TAMS 0x0000000708f00000, 0x0000000708f00000|
| 144|0x0000000709000000, 0x0000000709100000, 0x0000000709100000|100%| E|CS|TS  3|AC  0|TAMS 0x0000000709000000, 0x0000000709000000|
| 145|0x0000000709100000, 0x0000000709200000, 0x0000000709200000|100%| E|CS|TS  3|AC  0|TAMS 0x0000000709100000, 0x0000000709100000|
| 146|0x0000000709200000, 0x0000000709300000, 0x0000000709300000|100%| E|CS|TS  3|AC  0|TAMS 0x0000000709200000, 0x0000000709200000|
| 147|0x0000000709300000, 0x0000000709400000, 0x0000000709400000|100%| E|CS|TS  3|AC  0|TAMS 0x0000000709300000, 0x0000000709300000|
| 148|0x0000000709400000, 0x0000000709500000, 0x0000000709500000|100%| E|CS|TS  3|AC  0|TAMS 0x0000000709400000, 0x0000000709400000|
| 149|0x0000000709500000, 0x0000000709600000, 0x0000000709600000|100%| E|CS|TS  3|AC  0|TAMS 0x0000000709500000, 0x0000000709500000|
| 150|0x0000000709600000, 0x0000000709700000, 0x0000000709700000|100%| E|CS|TS  3|AC  0|TAMS 0x0000000709600000, 0x0000000709600000|
| 151|0x0000000709700000, 0x0000000709800000, 0x0000000709800000|100%| E|CS|TS  3|AC  0|TAMS 0x0000000709700000, 0x0000000709700000|
| 152|0x0000000709800000, 0x0000000709900000, 0x0000000709900000|100%| E|CS|TS  3|AC  0|TAMS 0x0000000709800000, 0x0000000709800000|
| 153|0x0000000709900000, 0x0000000709a00000, 0x0000000709a00000|100%| E|CS|TS  3|AC  0|TAMS 0x0000000709900000, 0x0000000709900000|
| 154|0x0000000709a00000, 0x0000000709b00000, 0x0000000709b00000|100%| E|CS|TS  3|AC  0|TAMS 0x0000000709a00000, 0x0000000709a00000|
| 155|0x0000000709b00000, 0x0000000709c00000, 0x0000000709c00000|100%| E|CS|TS  3|AC  0|TAMS 0x0000000709b00000, 0x0000000709b00000|
| 156|0x0000000709c00000, 0x0000000709d00000, 0x0000000709d00000|100%| E|CS|TS  3|AC  0|TAMS 0x0000000709c00000, 0x0000000709c00000|
| 157|0x0000000709d00000, 0x0000000709e00000, 0x0000000709e00000|100%| E|CS|TS  3|AC  0|TAMS 0x0000000709d00000, 0x0000000709d00000|

Card table byte_map: [0x000002052a8b0000,0x000002052aeb0000] byte_map_base: 0x00000205270b0000

Marking Bits (Prev, Next): (CMBitMap*) 0x0000020526553b30, (CMBitMap*) 0x0000020526553b68
 Prev Bits: [0x0000020542570000, 0x0000020545570000)
 Next Bits: [0x0000020545570000, 0x0000020548570000)

Polling page: 0x000002051df90000

CodeHeap 'non-profiled nmethods': size=120000Kb used=14164Kb max_used=14164Kb free=105835Kb
 bounds [0x000002053b040000, 0x000002053be20000, 0x0000020542570000]
CodeHeap 'profiled nmethods': size=120000Kb used=35110Kb max_used=35110Kb free=84889Kb
 bounds [0x0000020533b10000, 0x0000020535db0000, 0x000002053b040000]
CodeHeap 'non-nmethods': size=5760Kb used=1725Kb max_used=1770Kb free=4034Kb
 bounds [0x0000020533570000, 0x00000205337e0000, 0x0000020533b10000]
 total_blobs=22417 nmethods=13598 adapters=1038
 compilation: enabled

Compilation events (10 events):
Event: 103.237 Thread 0x0000020528d95800 15633       3       javax.swing.JTable$5::getElementCount (10 bytes)
Event: 103.237 Thread 0x0000020528d95800 nmethod 15633 0x0000020534a81190 code [0x0000020534a81340, 0x0000020534a81570]
Event: 103.255 Thread 0x0000020528d94800 nmethod 15621 0x000002053be06410 code [0x000002053be067c0, 0x000002053be09088]
Event: 103.256 Thread 0x0000020528d8d000 nmethod 15622 0x000002053be0ad10 code [0x000002053be0b080, 0x000002053be0d830]
Event: 103.700 Thread 0x0000020528d8f000 15634       4       de.javasoft.plaf.synthetica.painter.PanelPainter::paintPanelBackground (638 bytes)
Event: 103.702 Thread 0x0000020528d94800 15635       4       sun.java2d.marlin.Dasher::goTo (211 bytes)
Event: 103.709 Thread 0x0000020528d8f000 nmethod 15634 0x000002053be0f210 code [0x000002053be0f500, 0x000002053be102b0]
Event: 103.721 Thread 0x0000020528d94800 nmethod 15635 0x000002053be11290 code [0x000002053be11600, 0x000002053be13a10]
Event: 104.290 Thread 0x0000020528d95800 15636       3       ui.b.o.au::din (56 bytes)
Event: 104.291 Thread 0x0000020528d95800 nmethod 15636 0x0000020534d97d10 code [0x0000020534d97fc0, 0x0000020534d99080]

GC Heap History (10 events):
Event: 101.760 GC heap before
{Heap before GC invocations=41 (full 3):
 garbage-first heap   total 161792K, used 129828K [0x0000000700000000, 0x00000007001004f0, 0x00000007c0000000)
  region size 1024K, 60 young (61440K), 1 survivors (1024K)
 Metaspace       used 75090K, capacity 79735K, committed 79920K, reserved 1118208K
  class space    used 10421K, capacity 11244K, committed 11312K, reserved 1048576K
}
Event: 101.762 GC heap after
{Heap after GC invocations=42 (full 3):
 garbage-first heap   total 161792K, used 69441K [0x0000000700000000, 0x00000007001004f0, 0x00000007c0000000)
  region size 1024K, 1 young (1024K), 1 survivors (1024K)
 Metaspace       used 75090K, capacity 79735K, committed 79920K, reserved 1118208K
  class space    used 10421K, capacity 11244K, committed 11312K, reserved 1048576K
}
Event: 102.314 GC heap before
{Heap before GC invocations=42 (full 3):
 garbage-first heap   total 161792K, used 129857K [0x0000000700000000, 0x00000007001004f0, 0x00000007c0000000)
  region size 1024K, 60 young (61440K), 1 survivors (1024K)
 Metaspace       used 75458K, capacity 80419K, committed 80560K, reserved 1118208K
  class space    used 10490K, capacity 11364K, committed 11440K, reserved 1048576K
}
Event: 102.316 GC heap after
{Heap after GC invocations=43 (full 3):
 garbage-first heap   total 161792K, used 69700K [0x0000000700000000, 0x00000007001004f0, 0x00000007c0000000)
  region size 1024K, 1 young (1024K), 1 survivors (1024K)
 Metaspace       used 75458K, capacity 80419K, committed 80560K, reserved 1118208K
  class space    used 10490K, capacity 11364K, committed 11440K, reserved 1048576K
}
Event: 102.385 GC heap before
{Heap before GC invocations=43 (full 3):
 garbage-first heap   total 161792K, used 105540K [0x0000000700000000, 0x00000007001004f0, 0x00000007c0000000)
  region size 1024K, 34 young (34816K), 1 survivors (1024K)
 Metaspace       used 75502K, capacity 80483K, committed 80560K, reserved 1118208K
  class space    used 10490K, capacity 11364K, committed 11440K, reserved 1048576K
}
Event: 102.492 GC heap after
{Heap after GC invocations=44 (full 4):
 garbage-first heap   total 161792K, used 69264K [0x0000000700000000, 0x00000007001004f0, 0x00000007c0000000)
  region size 1024K, 0 young (0K), 0 survivors (0K)
 Metaspace       used 75502K, capacity 80483K, committed 80560K, reserved 1118208K
  class space    used 10490K, capacity 11364K, committed 11440K, reserved 1048576K
}
Event: 102.626 GC heap before
{Heap before GC invocations=44 (full 4):
 garbage-first heap   total 161792K, used 130704K [0x0000000700000000, 0x00000007001004f0, 0x00000007c0000000)
  region size 1024K, 60 young (61440K), 0 survivors (0K)
 Metaspace       used 75549K, capacity 80483K, committed 80560K, reserved 1118208K
  class space    used 10490K, capacity 11364K, committed 11440K, reserved 1048576K
}
Event: 102.628 GC heap after
{Heap after GC invocations=45 (full 4):
 garbage-first heap   total 161792K, used 69515K [0x0000000700000000, 0x00000007001004f0, 0x00000007c0000000)
  region size 1024K, 1 young (1024K), 1 survivors (1024K)
 Metaspace       used 75549K, capacity 80483K, committed 80560K, reserved 1118208K
  class space    used 10490K, capacity 11364K, committed 11440K, reserved 1048576K
}
Event: 102.762 GC heap before
{Heap before GC invocations=45 (full 4):
 garbage-first heap   total 161792K, used 129931K [0x0000000700000000, 0x00000007001004f0, 0x00000007c0000000)
  region size 1024K, 60 young (61440K), 1 survivors (1024K)
 Metaspace       used 75568K, capacity 80547K, committed 80816K, reserved 1118208K
  class space    used 10490K, capacity 11364K, committed 11440K, reserved 1048576K
}
Event: 102.763 GC heap after
{Heap after GC invocations=46 (full 4):
 garbage-first heap   total 161792K, used 69522K [0x0000000700000000, 0x00000007001004f0, 0x00000007c0000000)
  region size 1024K, 1 young (1024K), 1 survivors (1024K)
 Metaspace       used 75568K, capacity 80547K, committed 80816K, reserved 1118208K
  class space    used 10490K, capacity 11364K, committed 11440K, reserved 1048576K
}

Deoptimization events (10 events):
Event: 102.650 Thread 0x000002052927e800 Uncommon trap: reason=unstable_if action=reinterpret pc=0x000002053b8b6598 method=sun.java2d.SurfaceData.validatePipe(Lsun/java2d/SunGraphics2D;)V @ 12 c2
Event: 102.650 Thread 0x000002052927e800 Uncommon trap: reason=unstable_if action=reinterpret pc=0x000002053b959ba0 method=sun.java2d.loops.GraphicsPrimitiveMgr.locateGeneral(I)Lsun/java2d/loops/GraphicsPrimitive; @ 15 c2
Event: 102.727 Thread 0x000002052927e800 Uncommon trap: reason=class_check action=maybe_recompile pc=0x000002053baf1c04 method=sun.java2d.SunGraphics2D.setComposite(Ljava/awt/Composite;)V @ 10 c2
Event: 102.784 Thread 0x000002052927e800 Uncommon trap: reason=class_check action=maybe_recompile pc=0x000002053baf1c04 method=sun.java2d.SunGraphics2D.setComposite(Ljava/awt/Composite;)V @ 10 c2
Event: 103.200 Thread 0x000002052927e800 Uncommon trap: reason=class_check action=maybe_recompile pc=0x000002053b6b688c method=java.awt.Component.addNotify()V @ 200 c2
Event: 103.200 Thread 0x000002052927e800 Uncommon trap: reason=speculate_class_check action=maybe_recompile pc=0x000002053b7df354 method=java.awt.Component.reshape(IIII)V @ 222 c2
Event: 103.201 Thread 0x000002052927e800 Uncommon trap: reason=speculate_class_check action=maybe_recompile pc=0x000002053b7df354 method=java.awt.Component.reshape(IIII)V @ 222 c2
Event: 103.208 Thread 0x000002052927e800 Uncommon trap: reason=bimorphic_or_optimized_type_check action=maybe_recompile pc=0x000002053bb38bec method=java.awt.DefaultKeyboardFocusManager.dispatchEvent(Ljava/awt/AWTEvent;)Z @ 1467 c2
Event: 103.222 Thread 0x000002052927e800 Uncommon trap: reason=unstable_if action=reinterpret pc=0x000002053b66e7a4 method=javax.swing.AbstractButton.setEnabled(Z)V @ 13 c2
Event: 103.702 Thread 0x000002052927e800 Uncommon trap: reason=class_check action=maybe_recompile pc=0x000002053baf1c04 method=sun.java2d.SunGraphics2D.setComposite(Ljava/awt/Composite;)V @ 10 c2

Classes redefined (0 events):
No events

Internal exceptions (10 events):
Event: 101.772 Thread 0x000002052927e800 Exception <a 'java/lang/NoSuchMethodError'{0x0000000709aa73a0}: method resolution failed> (0x0000000709aa73a0) thrown at [t:/workspace/hotspot/src/share/vm/prims/methodHandles.cpp, line 1256]
Event: 101.772 Thread 0x000002052927e800 Exception <a 'java/lang/NoSuchMethodError'{0x0000000709aab988}: java.lang.invoke.DelegatingMethodHandle$Holder.reinvoke_L(Ljava/lang/Object;Ljava/lang/Object;IILjava/lang/Object;Ljava/lang/Object;Ljava/lang/Object;Ljava/lang/Object;Ljava/lang/Object;Ljava
Event: 101.773 Thread 0x000002052927e800 Exception <a 'java/lang/NoSuchMethodError'{0x000000070991bc88}: java.lang.invoke.DirectMethodHandle$Holder.invokeSpecial(Ljava/lang/Object;Ljava/lang/Object;IIILjava/lang/Object;Ljava/lang/Object;Ljava/lang/Object;Ljava/lang/Object;Ljava/lang/Object;Ljava
Event: 101.773 Thread 0x000002052927e800 Exception <a 'java/lang/NoSuchMethodError'{0x000000070991fb10}: java.lang.invoke.DelegatingMethodHandle$Holder.reinvoke_L(Ljava/lang/Object;IIILjava/lang/Object;Ljava/lang/Object;Ljava/lang/Object;Ljava/lang/Object;Ljava/lang/Object;Ljava/lang/Object;)Lja
Event: 101.774 Thread 0x000002052927e800 Exception <a 'java/lang/NoSuchMethodError'{0x000000070994f590}: java.lang.invoke.DirectMethodHandle$Holder.invokeStatic(Ljava/lang/Object;Ljava/lang/Object;Ljava/lang/Object;Ljava/lang/Object;Ljava/lang/Object;IILjava/lang/Object;Ljava/lang/Object;Ljava/l
Event: 101.774 Thread 0x000002052927e800 Exception <a 'java/lang/NoSuchMethodError'{0x000000070996c5c0}: method resolution failed> (0x000000070996c5c0) thrown at [t:/workspace/hotspot/src/share/vm/prims/methodHandles.cpp, line 1256]
Event: 101.775 Thread 0x000002052927e800 Exception <a 'java/lang/NoSuchMethodError'{0x000000070998af30}: method resolution failed> (0x000000070998af30) thrown at [t:/workspace/hotspot/src/share/vm/prims/methodHandles.cpp, line 1256]
Event: 101.802 Thread 0x000002052927e800 Exception <a 'java/lang/NoSuchMethodError'{0x000000070988d5d0}: java.lang.invoke.DirectMethodHandle$Holder.invokeSpecial(Ljava/lang/Object;Ljava/lang/Object;ILjava/lang/Object;)V> (0x000000070988d5d0) thrown at [t:/workspace/hotspot/src/share/vm/interpret
Event: 101.802 Thread 0x000002052927e800 Exception <a 'java/lang/NoSuchMethodError'{0x0000000709892ef8}: java.lang.invoke.DirectMethodHandle$Holder.invokeStatic(Ljava/lang/Object;Ljava/lang/Object;ILjava/lang/Object;)Ljava/lang/Object;> (0x0000000709892ef8) thrown at [t:/workspace/hotspot/src/sh
Event: 102.058 Thread 0x000002052927e800 Exception <a 'java/lang/NoSuchMethodError'{0x0000000708e0e2b0}: method resolution failed> (0x0000000708e0e2b0) thrown at [t:/workspace/hotspot/src/share/vm/prims/methodHandles.cpp, line 1256]

Events (10 events):
Event: 103.222 Thread 0x000002052927e800 Uncommon trap: trap_request=0xffffff5d fr.pc=0x000002053b66e7a4 relative=0x0000000000000ac4
Event: 103.222 Thread 0x000002052927e800 DEOPT PACKING pc=0x000002053b66e7a4 sp=0x000000c5ab9f6a30
Event: 103.222 Thread 0x000002052927e800 DEOPT UNPACKING pc=0x00000205335bda29 sp=0x000000c5ab9f6a30 mode 2
Event: 103.289 Thread 0x000002054d6f2000 Thread added: 0x000002054d6f2000
Event: 103.292 Thread 0x000002054d6f2000 Thread exited: 0x000002054d6f2000
Event: 103.702 Thread 0x000002052927e800 Uncommon trap: trap_request=0xffffffde fr.pc=0x000002053baf1c04 relative=0x00000000000000c4
Event: 103.702 Thread 0x000002052927e800 DEOPT PACKING pc=0x000002053baf1c04 sp=0x000000c5ab9f5090
Event: 103.702 Thread 0x000002052927e800 DEOPT UNPACKING pc=0x00000205335bda29 sp=0x000000c5ab9f5058 mode 2
Event: 104.290 Thread 0x000002054d6f8800 Thread added: 0x000002054d6f8800
Event: 104.293 Thread 0x000002054d6f8800 Thread exited: 0x000002054d6f8800


Dynamic libraries:
0x00007ff79d930000 - 0x00007ff79d960000 	C:\Xilinx\Vivado\2019.1\bin\unwrapped\win64.o\vivado.exe
0x00007ffed7650000 - 0x00007ffed7848000 	C:\WINDOWS\SYSTEM32\ntdll.dll
0x00007ffed5e00000 - 0x00007ffed5ec2000 	C:\WINDOWS\System32\KERNEL32.DLL
0x00007ffed51c0000 - 0x00007ffed54be000 	C:\WINDOWS\System32\KERNELBASE.dll
0x00007ffed54c0000 - 0x00007ffed55c0000 	C:\WINDOWS\System32\ucrtbase.dll
0x00007ffe8d980000 - 0x00007ffe8da0d000 	C:\WINDOWS\SYSTEM32\MSVCP140.dll
0x00007ffebaa70000 - 0x00007ffebaa84000 	C:\Xilinx\Vivado\2019.1\lib\win64.o\libboost_signals.dll
0x00007ffeb50c0000 - 0x00007ffeb50dd000 	C:\WINDOWS\SYSTEM32\VCRUNTIME140.dll
0x00007ffe8ab20000 - 0x00007ffe8ba02000 	C:\Xilinx\Vivado\2019.1\lib\win64.o\librdi_common.dll
0x00007ffeb4c30000 - 0x00007ffeb4c3c000 	C:\WINDOWS\SYSTEM32\VCRUNTIME140_1.dll
0x00007ffed67e0000 - 0x00007ffed697d000 	C:\WINDOWS\System32\USER32.dll
0x00007ffed4f40000 - 0x00007ffed4f62000 	C:\WINDOWS\System32\win32u.dll
0x00007ffed5c30000 - 0x00007ffed5c5b000 	C:\WINDOWS\System32\GDI32.dll
0x00007ffed4d90000 - 0x00007ffed4ea7000 	C:\WINDOWS\System32\gdi32full.dll
0x00007ffe8a7b0000 - 0x00007ffe8ab1e000 	C:\Xilinx\Vivado\2019.1\lib\win64.o\libCOIN-all.dll
0x00007ffed4cf0000 - 0x00007ffed4d8d000 	C:\WINDOWS\System32\msvcp_win.dll
0x00007ffeb9a70000 - 0x00007ffeb9a84000 	C:\Xilinx\Vivado\2019.1\lib\win64.o\libboost_date_time.dll
0x00007ffed65d0000 - 0x00007ffed6682000 	C:\WINDOWS\System32\ADVAPI32.dll
0x00007ffed6530000 - 0x00007ffed65ce000 	C:\WINDOWS\System32\msvcrt.dll
0x00007ffeb9a40000 - 0x00007ffeb9a66000 	C:\Xilinx\Vivado\2019.1\lib\win64.o\libboost_filesystem.dll
0x00007ffed6740000 - 0x00007ffed67e0000 	C:\WINDOWS\System32\sechost.dll
0x00007ffe8a730000 - 0x00007ffe8a7af000 	C:\Xilinx\Vivado\2019.1\lib\win64.o\libboost_program_options.dll
0x00007ffed6190000 - 0x00007ffed62b3000 	C:\WINDOWS\System32\RPCRT4.dll
0x00007ffed4fe0000 - 0x00007ffed5007000 	C:\WINDOWS\System32\bcrypt.dll
0x00007ffed6980000 - 0x00007ffed70ef000 	C:\WINDOWS\System32\SHELL32.dll
0x00007ffed1de0000 - 0x00007ffed1deb000 	C:\Xilinx\Vivado\2019.1\lib\win64.o\libboost_system.dll
0x00007ffe8a610000 - 0x00007ffe8a724000 	C:\Xilinx\Vivado\2019.1\lib\win64.o\libboost_regex.dll
0x00007ffeb9a30000 - 0x00007ffeb9a3f000 	C:\Xilinx\Vivado\2019.1\lib\win64.o\libboost_xilinx.dll
0x00007ffe8a5e0000 - 0x00007ffe8a601000 	C:\Xilinx\Vivado\2019.1\lib\win64.o\libboost_thread.dll
0x00007ffe8a550000 - 0x00007ffe8a5d2000 	C:\Xilinx\Vivado\2019.1\lib\win64.o\libhdlpsolve.dll
0x00007ffe8a4a0000 - 0x00007ffe8a545000 	C:\Xilinx\Vivado\2019.1\lib\win64.o\libhdxml.dll
0x00007ffe898c0000 - 0x00007ffe898ee000 	C:\Xilinx\Vivado\2019.1\lib\win64.o\libisl_sysinfo.dll
0x00007ffed5ff0000 - 0x00007ffed605b000 	C:\WINDOWS\System32\WS2_32.dll
0x00007ffe89850000 - 0x00007ffe898b5000 	C:\Xilinx\Vivado\2019.1\lib\win64.o\liblmx6.0.dll
0x00007ffeb9a10000 - 0x00007ffeb9a2a000 	C:\Xilinx\Vivado\2019.1\lib\win64.o\pthreadVC2.dll
0x00007ffe89700000 - 0x00007ffe8971c000 	C:\Xilinx\Vivado\2019.1\lib\win64.o\librdiconfig.dll
0x00007ffe89720000 - 0x00007ffe89841000 	C:\Xilinx\Vivado\2019.1\lib\win64.o\librdi_commonxillic.dll
0x00007ffe896d0000 - 0x00007ffe896f1000 	C:\Xilinx\Vivado\2019.1\lib\win64.o\librdizlib.dll
0x000000006ca10000 - 0x000000006cb3b000 	C:\Xilinx\Vivado\2019.1\lib\win64.o\tcl85t.dll
0x0000000012000000 - 0x0000000012270000 	C:\Xilinx\Vivado\2019.1\lib\win64.o\xerces-c_3_1.dll
0x00007ffe898f0000 - 0x00007ffe8a49f400 	C:\Xilinx\Vivado\2019.1\lib\win64.o\libisl_iostreams.dll
0x00007ffec5070000 - 0x00007ffec5089000 	C:\WINDOWS\SYSTEM32\NETAPI32.dll
0x00007ffec5ca0000 - 0x00007ffec6178000 	C:\WINDOWS\SYSTEM32\WININET.dll
0x00007ffecf370000 - 0x00007ffecf47d000 	C:\WINDOWS\SYSTEM32\WINHTTP.dll
0x00007ffec51d0000 - 0x00007ffec53bc000 	C:\WINDOWS\SYSTEM32\urlmon.dll
0x00007ffe89010000 - 0x00007ffe89019000 	C:\WINDOWS\SYSTEM32\WSOCK32.dll
0x00007ffe89690000 - 0x00007ffe896c2000 	C:\WINDOWS\SYSTEM32\VCOMP140.DLL
0x00007ffe86270000 - 0x00007ffe87101000 	C:\Xilinx\Vivado\2019.1\lib\win64.o\gurobi65.dll
0x00007ffeae380000 - 0x00007ffeae38d000 	C:\Xilinx\Vivado\2019.1\lib\win64.o\libboost_chrono.dll
0x00007ffe893b0000 - 0x00007ffe89688000 	C:\Xilinx\Vivado\2019.1\lib\win64.o\libXil_lmgr11.dll
0x00007ffe89390000 - 0x00007ffe893ab000 	C:\Xilinx\Vivado\2019.1\lib\win64.o\libboost_iostreams.dll
0x00007ffed5d20000 - 0x00007ffed5dfa000 	C:\WINDOWS\System32\COMDLG32.dll
0x00007ffe89360000 - 0x00007ffe89385000 	C:\Xilinx\Vivado\2019.1\lib\win64.o\libisl_iosutils.dll
0x00007ffed72a0000 - 0x00007ffed75f3000 	C:\WINDOWS\System32\combase.dll
0x00007ffed6690000 - 0x00007ffed673d000 	C:\WINDOWS\System32\shcore.dll
0x00007ffec5040000 - 0x00007ffec5068000 	C:\WINDOWS\SYSTEM32\srvcli.dll
0x00007ffed6130000 - 0x00007ffed6185000 	C:\WINDOWS\System32\SHLWAPI.dll
0x00007ffec4cf0000 - 0x00007ffec4fae000 	C:\WINDOWS\SYSTEM32\iertutil.dll
0x00007ffed63f0000 - 0x00007ffed64bd000 	C:\WINDOWS\System32\OLEAUT32.dll
0x00007ffed41a0000 - 0x00007ffed41ac000 	C:\WINDOWS\SYSTEM32\netutils.dll
0x00007ffed62c0000 - 0x00007ffed63eb000 	C:\WINDOWS\System32\ole32.dll
0x00007ffed4f70000 - 0x00007ffed4fd9000 	C:\WINDOWS\System32\WINTRUST.dll
0x00007ffed5010000 - 0x00007ffed516c000 	C:\WINDOWS\System32\CRYPT32.dll
0x00007ffe88f20000 - 0x00007ffe88fd0000 	C:\WINDOWS\WinSxS\amd64_microsoft.windows.common-controls_6595b64144ccf1df_5.82.19041.4355_none_792ecafd2442822f\COMCTL32.dll
0x00007ffecfe60000 - 0x00007ffecfe7d000 	C:\WINDOWS\SYSTEM32\dhcpcsvc.DLL
0x00007ffe89340000 - 0x00007ffe89354000 	C:\Xilinx\Vivado\2019.1\lib\win64.o\librdi_commonmain.dll
0x00007ffeae330000 - 0x00007ffeae33a000 	C:\Xilinx\Vivado\2019.1\lib\win64.o\librdi_commonversion.dll
0x00007ffed6060000 - 0x00007ffed608f000 	C:\WINDOWS\System32\IMM32.DLL
0x00007ffed47e0000 - 0x00007ffed47f2000 	C:\WINDOWS\SYSTEM32\MSASN1.dll
0x00007ffed2b90000 - 0x00007ffed2ba2000 	C:\WINDOWS\SYSTEM32\kernel.appcore.dll
0x00007ffe88400000 - 0x00007ffe88917000 	C:\Xilinx\Vivado\2019.1\lib\win64.o\librdi_commontasks.dll
0x00007ffecd570000 - 0x00007ffecd57a000 	C:\WINDOWS\SYSTEM32\VERSION.dll
0x00007ffe890b0000 - 0x00007ffe89336000 	C:\Xilinx\Vivado\2019.1\lib\win64.o\librdi_sio.dll
0x00007ffed4090000 - 0x00007ffed40cb000 	C:\WINDOWS\SYSTEM32\IPHLPAPI.DLL
0x000000006bfe0000 - 0x000000006ca05000 	C:\Xilinx\Vivado\2019.1\tps\win64\jre9.0.4\bin\server\jvm.dll
0x00007ffed6120000 - 0x00007ffed6128000 	C:\WINDOWS\System32\PSAPI.DLL
0x00007ffec7680000 - 0x00007ffec76a7000 	C:\WINDOWS\SYSTEM32\WINMM.dll
0x00007ffe88310000 - 0x00007ffe883ff000 	C:\Xilinx\Vivado\2019.1\tps\win64\jre9.0.4\bin\MSVCR120.dll
0x00007ffed43b0000 - 0x00007ffed441a000 	C:\WINDOWS\SYSTEM32\MSWSOCK.DLL
0x00007ffed2d90000 - 0x00007ffed3534000 	C:\WINDOWS\SYSTEM32\windows.storage.dll
0x00007ffed4650000 - 0x00007ffed467e000 	C:\WINDOWS\SYSTEM32\Wldp.dll
0x00007ffe83db0000 - 0x00007ffe8626c000 	C:\Xilinx\Vivado\2019.1\lib\win64.o\librdi_tcltasks.dll
0x00007ffe88c60000 - 0x00007ffe88d4b000 	C:\Xilinx\Vivado\2019.1\lib\win64.o\librdi_chipscope.dll
0x00007ffe89030000 - 0x00007ffe890a8000 	C:\Xilinx\Vivado\2019.1\lib\win64.o\librdi_boarddep.dll
0x00007ffe839a0000 - 0x00007ffe83da8000 	C:\Xilinx\Vivado\2019.1\lib\win64.o\librdi_bitstream.dll
0x00007ffe88ac0000 - 0x00007ffe88c51000 	C:\Xilinx\Vivado\2019.1\lib\win64.o\librdi_board.dll
0x00007ffe88960000 - 0x00007ffe88ab6000 	C:\Xilinx\Vivado\2019.1\lib\win64.o\librdi_containers.dll
0x00007ffe837e0000 - 0x00007ffe8399d000 	C:\Xilinx\Vivado\2019.1\lib\win64.o\librdi_chipscopeimpl.dll
0x00007ffe7f790000 - 0x00007ffe837d3000 	C:\Xilinx\Vivado\2019.1\lib\win64.o\librdi_designutils.dll
0x00007ffe7dda0000 - 0x00007ffe7f78a000 	C:\Xilinx\Vivado\2019.1\lib\win64.o\librdi_constraints.dll
0x00007ffe7da80000 - 0x00007ffe7dd9e000 	C:\Xilinx\Vivado\2019.1\lib\win64.o\librdi_dlyest.dll
0x00007ffe7d4e0000 - 0x00007ffe7da7a000 	C:\Xilinx\Vivado\2019.1\lib\win64.o\librdi_drc.dll
0x00007ffe88240000 - 0x00007ffe88304000 	C:\Xilinx\Vivado\2019.1\lib\win64.o\librdi_dsp.dll
0x00007ffe7b620000 - 0x00007ffe7d4d1000 	C:\Xilinx\Vivado\2019.1\lib\win64.o\librdi_coregen.dll
0x00007ffe7b330000 - 0x00007ffe7b613000 	C:\Xilinx\Vivado\2019.1\lib\win64.o\librdi_guitools.dll
0x00007ffe881d0000 - 0x00007ffe88235000 	C:\Xilinx\Vivado\2019.1\lib\win64.o\librdi_hdf.dll
0x00007ffe7ac50000 - 0x00007ffe7b32a000 	C:\Xilinx\Vivado\2019.1\lib\win64.o\librdi_coregenipxact.dll
0x00007ffe7a600000 - 0x00007ffe7ac4d000 	C:\Xilinx\Vivado\2019.1\lib\win64.o\librdi_filemgmt.dll
0x00007ffe67bb0000 - 0x00007ffe681c5000 	C:\Xilinx\Vivado\2019.1\lib\win64.o\librdi_memdata.dll
0x00007ffe681d0000 - 0x00007ffe7a5fc000 	C:\Xilinx\Vivado\2019.1\lib\win64.o\librdi_device.dll
0x00007ffe66570000 - 0x00007ffe665e3000 	C:\Xilinx\Vivado\2019.1\lib\win64.o\librdi_memoryarray.dll
0x00007ffe665f0000 - 0x00007ffe67bb0000 	C:\Xilinx\Vivado\2019.1\lib\win64.o\librdi_implflow.dll
0x00007ffe88180000 - 0x00007ffe881cb000 	C:\Xilinx\Vivado\2019.1\lib\win64.o\librdi_pfi.dll
0x00007ffe65ec0000 - 0x00007ffe66562000 	C:\Xilinx\Vivado\2019.1\lib\win64.o\librdi_netlist.dll
0x00007ffe631d0000 - 0x00007ffe65eb6000 	C:\Xilinx\Vivado\2019.1\lib\win64.o\librdi_mig.dll
0x00007ffe62ec0000 - 0x00007ffe631cf000 	C:\Xilinx\Vivado\2019.1\lib\win64.o\librdi_platform.dll
0x00007ffe62770000 - 0x00007ffe62eba000 	C:\Xilinx\Vivado\2019.1\lib\win64.o\librdi_power.dll
0x00007ffe600f0000 - 0x00007ffe62766000 	C:\Xilinx\Vivado\2019.1\lib\win64.o\librdi_place.dll
0x00007ffe5f9e0000 - 0x00007ffe600e6000 	C:\Xilinx\Vivado\2019.1\lib\win64.o\librdi_rsb.dll
0x00007ffe5f460000 - 0x00007ffe5f9df000 	C:\Xilinx\Vivado\2019.1\lib\win64.o\librdi_project.dll
0x00007ffe5ed50000 - 0x00007ffe5f459000 	C:\Xilinx\Vivado\2019.1\lib\win64.o\librdi_psta.dll
0x00007ffe5eaf0000 - 0x00007ffe5ed46000 	C:\Xilinx\Vivado\2019.1\lib\win64.o\librdi_simdata.dll
0x00007ffe5e6f0000 - 0x00007ffe5eae1000 	C:\Xilinx\Vivado\2019.1\lib\win64.o\librdi_runs.dll
0x00007ffe5e5f0000 - 0x00007ffe5e6ea000 	C:\Xilinx\Vivado\2019.1\lib\win64.o\librdi_runsbase.dll
0x00007ffe5e470000 - 0x00007ffe5e5e2000 	C:\Xilinx\Vivado\2019.1\lib\win64.o\librdi_advchipscopeimpl.dll
0x00007ffe5e420000 - 0x00007ffe5e46c000 	C:\Xilinx\Vivado\2019.1\lib\win64.o\libboost_serialization.dll
0x00007ffe5d600000 - 0x00007ffe5e411000 	C:\Xilinx\Vivado\2019.1\lib\win64.o\librdi_timing.dll
0x00007ffe5d460000 - 0x00007ffe5d5ff000 	C:\Xilinx\Vivado\2019.1\lib\win64.o\librdi_hip_devdesign.dll
0x00007ffe5d020000 - 0x00007ffe5d063000 	C:\Xilinx\Vivado\2019.1\lib\win64.o\librdi_noc_frameworks.dll
0x00007ffe5d070000 - 0x00007ffe5d455000 	C:\Xilinx\Vivado\2019.1\lib\win64.o\librdi_hip_config.dll
0x00007ffe5cad0000 - 0x00007ffe5d01e000 	C:\Xilinx\Vivado\2019.1\lib\win64.o\librdi_xdm.dll
0x00007ffe5ca30000 - 0x00007ffe5cace000 	C:\Xilinx\Vivado\2019.1\lib\win64.o\libise.dll
0x00007ffe5c960000 - 0x00007ffe5ca22000 	C:\Xilinx\Vivado\2019.1\lib\win64.o\librdi_ipconfig_readwrite.dll
0x00007ffe88fd0000 - 0x00007ffe89010000 	C:\Xilinx\Vivado\2019.1\lib\win64.o\librdi_wavedata_SimpleApi.dll
0x00007ffe5be10000 - 0x00007ffe5c957000 	C:\Xilinx\Vivado\2019.1\lib\win64.o\libverific.dll
0x00007ffe88920000 - 0x00007ffe8895f000 	C:\Xilinx\Vivado\2019.1\lib\win64.o\librdi_schedmon.dll
0x00007ffe59e40000 - 0x00007ffe5be0d000 	C:\Xilinx\Vivado\2019.1\lib\win64.o\librdi_synth.dll
0x00007ffe58cb0000 - 0x00007ffe59e3d000 	C:\Xilinx\Vivado\2019.1\lib\win64.o\librdi_route.dll

VM Arguments:
jvm_args: -Dsun.java2d.pmoffscreen=false -Dsun.java2d.xrender=false -Dsun.java2d.d3d=false -Dsun.awt.nopixfmt=true -Dsun.java2d.dpiaware=true -Dsun.java2d.uiScale.enabled=false -Xverify:none -Dswing.aatext=true -XX:-UsePerfData -Djdk.map.althashing.threshold=512 -XX:StringTableSize=4072 --add-opens=java.base/java.nio=ALL-UNNAMED --add-opens=java.desktop/sun.swing=ALL-UNNAMED --add-opens=java.desktop/javax.swing=ALL-UNNAMED --add-opens=java.desktop/javax.swing.tree=ALL-UNNAMED --add-opens=java.desktop/javax.swing.plaf.basic=ALL-UNNAMED --add-opens=java.desktop/javax.swing.plaf.synth=ALL-UNNAMED --add-opens=java.desktop/com.sun.awt=ALL-UNNAMED -XX:NewSize=60m -XX:MaxNewSize=60m -Xms128m -Xmx3072m -Xss5m 
java_command: <unknown>
java_class_path (initial): C:/Xilinx/Vivado/2019.1\lib\classes\alloy.jar;C:/Xilinx/Vivado/2019.1\lib\classes\autopilot.scelaborator.jar;C:/Xilinx/Vivado/2019.1\lib\classes\autopilot.sourceprocessor.jar;C:/Xilinx/Vivado/2019.1\lib\classes\autopilot.tbprocessor.jar;C:/Xilinx/Vivado/2019.1\lib\classes\batik-anim.jar;C:/Xilinx/Vivado/2019.1\lib\classes\batik-awt-util.jar;C:/Xilinx/Vivado/2019.1\lib\classes\batik-bridge.jar;C:/Xilinx/Vivado/2019.1\lib\classes\batik-codec.jar;C:/Xilinx/Vivado/2019.1\lib\classes\batik-css.jar;C:/Xilinx/Vivado/2019.1\lib\classes\batik-dom.jar;C:/Xilinx/Vivado/2019.1\lib\classes\batik-ext.jar;C:/Xilinx/Vivado/2019.1\lib\classes\batik-gui-util.jar;C:/Xilinx/Vivado/2019.1\lib\classes\batik-gvt.jar;C:/Xilinx/Vivado/2019.1\lib\classes\batik-parser.jar;C:/Xilinx/Vivado/2019.1\lib\classes\batik-script.jar;C:/Xilinx/Vivado/2019.1\lib\classes\batik-svg-dom.jar;C:/Xilinx/Vivado/2019.1\lib\classes\batik-swing.jar;C:/Xilinx/Vivado/2019.1\lib\classes\batik-transcoder.jar;C:/Xilinx/Vivado/2019.1\lib\classes\batik-util.jar;C:/Xilinx/Vivado/2019.1\lib\classes\batik-xml.jar;C:/Xilinx/Vivado/2019.1\lib\classes\com.google.gson_2.7.0.v20170129-0911.jar;C:/Xilinx/Vivado/2019.1\lib\classes\com.google.guava_21.0.0.v20170206-1425.jar;C:/Xilinx/Vivado/2019.1\lib\classes\com.google.inject_3.0.0.v201605172100.jar;C:/Xilinx/Vivado/2019.1\lib\classes\com.ibm.icu_4.4.2.v20110208.jar;C:/Xilinx/Vivado/2019.1\lib\classes\com.sigasi.hdt.annotations.runtime_4.3.0.201903071210.jar;C:/Xilinx/Vivado/2019.1\lib\classes\com.sigasi.hdt.blockdiagram.model_4.3.0.201903071210.jar;C:/Xilinx/Vivado/2019.1\lib\classes\com.sigasi.hdt.connection_4.3.0.201903071210.jar;C:/Xilinx/Vivado/2019.1\lib\classes\com.sigasi.hdt.dependencies.model_4.3.0.201903071210.jar;C:/Xilinx/Vivado/2019.1\lib\classes\com.sigasi.hdt.epl_4.3.0.201903071210.jar;C:/Xilinx/Vivado/2019.1\lib\classes\com.sigasi.hdt.graphics.model_4.3.0.201903071210.jar;C:/Xilinx/Vivado/2019.1\lib\classes\com.sigasi.hdt.project_4.3.0
Launcher Type: generic

Logging:
Log output configuration:
#0: stdout all=warning uptime,level,tags
#1: stderr all=off uptime,level,tags

Environment Variables:
PATH=C:/Xilinx/Vivado/2019.1/bin;C:/Xilinx/Vivado/2019.1/lib/win64.o;C:/Xilinx/Vivado/2019.1/tps/win64/jre9.0.4/bin/server;C:/Xilinx/Vivado/2019.1/tps/win64/jre9.0.4/bin;C:/Xilinx/SDK/2019.1/bin;C:/Xilinx/Vivado/2019.1/ids_lite/ISE/bin/nt64;C:/Xilinx/Vivado/2019.1/ids_lite/ISE/lib/nt64;C:\WINDOWS\system32;C:\WINDOWS;C:\WINDOWS\System32\Wbem;C:\WINDOWS\System32\WindowsPowerShell\v1.0\;C:\WINDOWS\System32\OpenSSH\;C:\Program Files\Git\cmd;C:\Users\sjh00\AppData\Local\Programs\Python\Python39;C:\Users\sjh00\AppData\Local\Programs\Python\Python39\Scripts;C:\Program Files\MATLAB\R2024b\bin;C:\Users\sjh00\AppData\Local\Microsoft\WindowsApps;D:\Microsoft VS Code\bin;;C:/Xilinx/Vivado/2019.1\tps\mingw\6.2.0\win64.o\nt\bin;C:/Xilinx/Vivado/2019.1\tps\mingw\6.2.0\win64.o\nt\libexec\gcc\x86_64-w64-mingw32\6.2.0;C:/Xilinx/Vivado/2019.1\tps\win64\python-2.7.5;C:/Xilinx/Vivado/2019.1\tps\win64\python-2.7.5\lib;C:/Xilinx/Vivado/2019.1\tps\win64\python-2.7.5\Lib\lib-tk;C:/Xilinx/Vivado/2019.1\tps\win64\python-2.7.5\lib\site-packages
USERNAME=sjh00
OS=Windows_NT
PROCESSOR_IDENTIFIER=AMD64 Family 25 Model 33 Stepping 0, AuthenticAMD



---------------  S Y S T E M  ---------------

OS: Windows 10 , 64 bit Build 19041 (10.0.19041.4957)

CPU:total 12 (initial active 12) (12 cores per cpu, 1 threads per core) family 25 model 33 stepping 0, cmov, cx8, fxsr, mmx, sse, sse2, sse3, ssse3, sse4.1, sse4.2, popcnt, avx, avx2, aes, clmul, erms, mmxext, 3dnowpref, lzcnt, sse4a, tsc, tscinvbit, tscinv, bmi1

Memory: 4k page, physical 16702292k(4397428k free), swap 26139476k(8585516k free)

vm_info: Java HotSpot(TM) 64-Bit Server VM (9.0.4+11) for windows-amd64 JRE (9.0.4+11), built on Dec 20 2017 02:18:54 by "mach5one" with MS VC++ 12.0 (VS2013)

END.
