#
# A fatal error has been detected by the Java Runtime Environment:
#
#  EXCEPTION_ACCESS_VIOLATION (0xc0000005) at pc=0x00007ffd4daf3370, pid=14024, tid=14676
#
# JRE version: Java(TM) SE Runtime Environment (9.0+11) (build 9.0.4+11)
# Java VM: Java HotSpot(TM) 64-Bit Server VM (9.0.4+11, mixed mode, tiered, compressed oops, g1 gc, windows-amd64)
# Problematic frame:
# C  [librdi_wavedata.dll+0x453370]
#
# No core dump will be written. Minidumps are not enabled by default on client versions of Windows
#
# If you would like to submit a bug report, please visit:
#   http://bugreport.java.com/bugreport/crash.jsp
# The crash happened outside the Java Virtual Machine in native code.
# See problematic frame for where to report the bug.
#

---------------  S U M M A R Y ------------

Command Line: -Dsun.java2d.pmoffscreen=false -Dsun.java2d.xrender=false -Dsun.java2d.d3d=false -Dsun.awt.nopixfmt=true -Dsun.java2d.dpiaware=true -Dsun.java2d.uiScale.enabled=false -Xverify:none -Dswing.aatext=true -XX:-UsePerfData -Djdk.map.althashing.threshold=512 -XX:StringTableSize=4072 --add-opens=java.base/java.nio=ALL-UNNAMED --add-opens=java.desktop/sun.swing=ALL-UNNAMED --add-opens=java.desktop/javax.swing=ALL-UNNAMED --add-opens=java.desktop/javax.swing.tree=ALL-UNNAMED --add-opens=java.desktop/javax.swing.plaf.basic=ALL-UNNAMED --add-opens=java.desktop/javax.swing.plaf.synth=ALL-UNNAMED --add-opens=java.desktop/com.sun.awt=ALL-UNNAMED -XX:NewSize=60m -XX:MaxNewSize=60m -Xms128m -Xmx3072m -Xss5m 

Host: AMD Ryzen 5 5600X 6-Core Processor             , 12 cores, 15G,  Windows 10 , 64 bit Build 19041 (10.0.19041.4957)
Time: Fri Nov 08 03:46:18 2024 ¢¥eCN©öI¡¾©ö C¡ÍA¨ª¨öA elapsed time: 517 seconds (0d 0h 8m 37s)

---------------  T H R E A D  ---------------

Current thread (0x0000024860d2c800):  JavaThread "AWT-EventQueue-1" [_thread_in_native, id=14676, stack(0x000000d2b4300000,0x000000d2b4800000)]

Stack: [0x000000d2b4300000,0x000000d2b4800000],  sp=0x000000d2b47f38e8,  free space=5070k
Native frames: (J=compiled Java code, j=interpreted, Vv=VM code, C=native code)
C  [librdi_wavedata.dll+0x453370]

Java frames: (J=compiled Java code, j=interpreted, Vv=VM code)
j  ui.views.waveform.waveformi.WVExecutive_getGraphicsDataSize(J)J+0
j  ui.views.waveform.executive.a.gEt()Ljava/io/ByteArrayInputStream;+8
j  ui.views.waveform.b.a.gEf()V+7
j  ui.views.waveform.b.a.fOl()V+1
j  ui.views.waveform.m.gDo()V+4
j  ui.views.waveform.m.cRi()V+11
j  ui.views.waveform.w.cRi()V+29
J 18932 c1 ui.views.waveform.c.b.j(Lui/frmwork/b/i;)V (603 bytes) @ 0x000002484b1530ac [0x000002484b148960+0x000000000000a74c]
J 18931 c1 ui.views.waveform.w.a(Lui/frmwork/b/i;)V (17 bytes) @ 0x00000248495da294 [0x00000248495da1c0+0x00000000000000d4]
J 13278 c1 ui.frmwork.b.l.d(Lui/frmwork/b/i;)V (61 bytes) @ 0x0000024849de1f1c [0x0000024849de16c0+0x000000000000085c]
J 13264 c1 ui.frmwork.HTclEventBroker.i(JZ)V (471 bytes) @ 0x000002484a10c6ac [0x000002484a107ec0+0x00000000000047ec]
J 13266 c1 ui.frmwork.HTclEventBroker.fireTclEvent(J)I (113 bytes) @ 0x0000024849e2c54c [0x0000024849e2bd40+0x000000000000080c]
v  ~StubRoutines::call_stub
J 20692  ui.views.waveform.waveformi.WVExecutive_processModelEvent(JJ)V (0 bytes) @ 0x00000248517a9724 [0x00000248517a96e0+0x0000000000000044]
J 20695 c1 ui.views.waveform.c.b.eD(J)V (109 bytes) @ 0x000002484b25c644 [0x000002484b25c500+0x0000000000000144]
J 18932 c1 ui.views.waveform.c.b.j(Lui/frmwork/b/i;)V (603 bytes) @ 0x000002484b153de4 [0x000002484b148960+0x000000000000b484]
J 18931 c1 ui.views.waveform.w.a(Lui/frmwork/b/i;)V (17 bytes) @ 0x00000248495da294 [0x00000248495da1c0+0x00000000000000d4]
J 13278 c1 ui.frmwork.b.l.d(Lui/frmwork/b/i;)V (61 bytes) @ 0x0000024849de1f1c [0x0000024849de16c0+0x000000000000085c]
J 13264 c1 ui.frmwork.HTclEventBroker.i(JZ)V (471 bytes) @ 0x000002484a10c6ac [0x000002484a107ec0+0x00000000000047ec]
J 13266 c1 ui.frmwork.HTclEventBroker.fireTclEvent(J)I (113 bytes) @ 0x0000024849e2c54c [0x0000024849e2bd40+0x000000000000080c]
v  ~StubRoutines::call_stub
J 20692  ui.views.waveform.waveformi.WVExecutive_processModelEvent(JJ)V (0 bytes) @ 0x00000248517a9724 [0x00000248517a96e0+0x0000000000000044]
J 20695 c1 ui.views.waveform.c.b.eD(J)V (109 bytes) @ 0x000002484b25c644 [0x000002484b25c500+0x0000000000000144]
j  ui.views.waveform.c.e.actionPerformed(Ljava/awt/event/ActionEvent;)V+8
J 19321 c2 javax.swing.Timer.fireActionPerformed(Ljava/awt/event/ActionEvent;)V java.desktop@9.0.4 (46 bytes) @ 0x000002485102fa58 [0x000002485102f940+0x0000000000000118]
J 19189 c2 javax.swing.Timer$DoPostEvent.run()V java.desktop@9.0.4 (82 bytes) @ 0x0000024850fe7938 [0x0000024850fe7640+0x00000000000002f8]
J 17033 c2 java.awt.EventQueue.dispatchEventImpl(Ljava/awt/AWTEvent;Ljava/lang/Object;)V java.desktop@9.0.4 (136 bytes) @ 0x0000024851a70f7c [0x0000024851a70a60+0x000000000000051c]
J 17075 c2 java.awt.EventQueue$3.run()Ljava/lang/Object; java.desktop@9.0.4 (5 bytes) @ 0x0000024851a8db2c [0x0000024851a8dac0+0x000000000000006c]
v  ~StubRoutines::call_stub
J 4283  java.security.AccessController.doPrivileged(Ljava/security/PrivilegedAction;Ljava/security/AccessControlContext;)Ljava/lang/Object; java.base@9.0.4 (0 bytes) @ 0x0000024850cb7bc6 [0x0000024850cb7b60+0x0000000000000066]
J 17786 c2 ui.frmwork.b.d.dispatchEvent(Ljava/awt/AWTEvent;)V (34 bytes) @ 0x0000024851b3d570 [0x0000024851b3cf00+0x0000000000000670]
J 15619 c2 java.awt.EventDispatchThread.pumpOneEventForFilters(I)V java.desktop@9.0.4 (218 bytes) @ 0x000002485184da8c [0x000002485184d780+0x000000000000030c]
j  java.awt.EventDispatchThread.pumpEventsForFilter(ILjava/awt/Conditional;Ljava/awt/EventFilter;)V+35 java.desktop@9.0.4
j  java.awt.EventDispatchThread.pumpEventsForFilter(Ljava/awt/Conditional;Ljava/awt/EventFilter;)V+4 java.desktop@9.0.4
j  java.awt.WaitDispatchSupport$2.run()V+59 java.desktop@9.0.4
j  java.awt.WaitDispatchSupport$4.run()Ljava/lang/Void;+4 java.desktop@9.0.4
j  java.awt.WaitDispatchSupport$4.run()Ljava/lang/Object;+1 java.desktop@9.0.4
v  ~StubRoutines::call_stub
J 1046  java.security.AccessController.doPrivileged(Ljava/security/PrivilegedAction;)Ljava/lang/Object; java.base@9.0.4 (0 bytes) @ 0x0000024850abad32 [0x0000024850abace0+0x0000000000000052]
j  java.awt.WaitDispatchSupport.enter()Z+260 java.desktop@9.0.4
j  java.awt.Dialog.show()V+225 java.desktop@9.0.4
J 14012 c1 java.awt.Component.setVisible(Z)V java.desktop@9.0.4 (6 bytes) @ 0x0000024849f61ecc [0x0000024849f61ce0+0x00000000000001ec]
j  java.awt.Window.setVisible(Z)V+2 java.desktop@9.0.4
j  java.awt.Dialog.setVisible(Z)V+2 java.desktop@9.0.4
j  ui.b.c.g.setVisible(Z)V+2
j  ui.b.c.by.showDialog()V+64
j  ui.b.c.bF.actionPerformed(Ljava/awt/event/ActionEvent;)V+8
j  ui.b.c.by.cJI()V+396
j  ui.views.c.t.b.a.run()V+60
j  ui.frmwork.a.dWF()Z+66
j  ui.frmwork.V.dYl()V+42
j  ui.bk.actionPerformed(Ljava/awt/event/ActionEvent;)V+25
j  javax.swing.AbstractButton.fireActionPerformed(Ljava/awt/event/ActionEvent;)V+84 java.desktop@9.0.4
j  ui.utils.o.b.B.fireActionPerformed(Ljava/awt/event/ActionEvent;)V+7
j  javax.swing.AbstractButton$Handler.actionPerformed(Ljava/awt/event/ActionEvent;)V+5 java.desktop@9.0.4
j  javax.swing.DefaultButtonModel.fireActionPerformed(Ljava/awt/event/ActionEvent;)V+34 java.desktop@9.0.4
j  javax.swing.DefaultButtonModel.setPressed(Z)V+117 java.desktop@9.0.4
j  javax.swing.plaf.basic.BasicButtonListener.mouseReleased(Ljava/awt/event/MouseEvent;)V+35 java.desktop@9.0.4
j  com.jidesoft.plaf.basic.BasicJideButtonListener.mouseReleased(Ljava/awt/event/MouseEvent;)V+61
j  java.awt.AWTEventMulticaster.mouseReleased(Ljava/awt/event/MouseEvent;)V+8 java.desktop@9.0.4
j  java.awt.AWTEventMulticaster.mouseReleased(Ljava/awt/event/MouseEvent;)V+8 java.desktop@9.0.4
j  java.awt.AWTEventMulticaster.mouseReleased(Ljava/awt/event/MouseEvent;)V+8 java.desktop@9.0.4
j  java.awt.AWTEventMulticaster.mouseReleased(Ljava/awt/event/MouseEvent;)V+8 java.desktop@9.0.4
J 13127 c1 java.awt.Component.processMouseEvent(Ljava/awt/event/MouseEvent;)V java.desktop@9.0.4 (100 bytes) @ 0x0000024849c1df34 [0x0000024849c1dba0+0x0000000000000394]
J 13130 c1 javax.swing.JComponent.processMouseEvent(Ljava/awt/event/MouseEvent;)V java.desktop@9.0.4 (27 bytes) @ 0x0000024849a8056c [0x0000024849a80360+0x000000000000020c]
J 12368 c2 java.awt.Container.processEvent(Ljava/awt/AWTEvent;)V java.desktop@9.0.4 (22 bytes) @ 0x000002485143e4c0 [0x000002485143e3a0+0x0000000000000120]
J 18050 c2 java.awt.Component.dispatchEventImpl(Ljava/awt/AWTEvent;)V java.desktop@9.0.4 (739 bytes) @ 0x0000024851bd2f44 [0x0000024851bd24c0+0x0000000000000a84]
J 18266 c2 java.awt.Container.dispatchEventImpl(Ljava/awt/AWTEvent;)V java.desktop@9.0.4 (129 bytes) @ 0x0000024851c2b918 [0x0000024851c2b8c0+0x0000000000000058]
J 17183 c2 java.awt.LightweightDispatcher.retargetMouseEvent(Ljava/awt/Component;ILjava/awt/event/MouseEvent;)V java.desktop@9.0.4 (350 bytes) @ 0x0000024851ab09a0 [0x0000024851ab0440+0x0000000000000560]
J 11615 c1 java.awt.LightweightDispatcher.processMouseEvent(Ljava/awt/event/MouseEvent;)Z java.desktop@9.0.4 (265 bytes) @ 0x00000248495c3864 [0x00000248495c28e0+0x0000000000000f84]
J 18266 c2 java.awt.Container.dispatchEventImpl(Ljava/awt/AWTEvent;)V java.desktop@9.0.4 (129 bytes) @ 0x0000024851c2bc78 [0x0000024851c2b8c0+0x00000000000003b8]
J 20211 c2 java.awt.Window.dispatchEventImpl(Ljava/awt/AWTEvent;)V java.desktop@9.0.4 (23 bytes) @ 0x00000248515d648c [0x00000248515d6440+0x000000000000004c]
J 17033 c2 java.awt.EventQueue.dispatchEventImpl(Ljava/awt/AWTEvent;Ljava/lang/Object;)V java.desktop@9.0.4 (136 bytes) @ 0x0000024851a71020 [0x0000024851a70a60+0x00000000000005c0]
J 17075 c2 java.awt.EventQueue$3.run()Ljava/lang/Object; java.desktop@9.0.4 (5 bytes) @ 0x0000024851a8db2c [0x0000024851a8dac0+0x000000000000006c]
v  ~StubRoutines::call_stub
J 4283  java.security.AccessController.doPrivileged(Ljava/security/PrivilegedAction;Ljava/security/AccessControlContext;)Ljava/lang/Object; java.base@9.0.4 (0 bytes) @ 0x0000024850cb7bc6 [0x0000024850cb7b60+0x0000000000000066]
J 18337 c2 java.awt.EventQueue$4.run()Ljava/lang/Object; java.desktop@9.0.4 (5 bytes) @ 0x0000024851c491b0 [0x0000024851c48f60+0x0000000000000250]
v  ~StubRoutines::call_stub
J 4283  java.security.AccessController.doPrivileged(Ljava/security/PrivilegedAction;Ljava/security/AccessControlContext;)Ljava/lang/Object; java.base@9.0.4 (0 bytes) @ 0x0000024850cb7bc6 [0x0000024850cb7b60+0x0000000000000066]
J 17786 c2 ui.frmwork.b.d.dispatchEvent(Ljava/awt/AWTEvent;)V (34 bytes) @ 0x0000024851b3d368 [0x0000024851b3cf00+0x0000000000000468]
J 15619 c2 java.awt.EventDispatchThread.pumpOneEventForFilters(I)V java.desktop@9.0.4 (218 bytes) @ 0x000002485184da8c [0x000002485184d780+0x000000000000030c]
j  java.awt.EventDispatchThread.pumpEventsForFilter(ILjava/awt/Conditional;Ljava/awt/EventFilter;)V+35 java.desktop@9.0.4
j  java.awt.EventDispatchThread.pumpEventsForHierarchy(ILjava/awt/Conditional;Ljava/awt/Component;)V+11 java.desktop@9.0.4
j  java.awt.EventDispatchThread.pumpEvents(ILjava/awt/Conditional;)V+4 java.desktop@9.0.4
j  java.awt.EventDispatchThread.pumpEvents(Ljava/awt/Conditional;)V+3 java.desktop@9.0.4
j  java.awt.EventDispatchThread.run()V+9 java.desktop@9.0.4
v  ~StubRoutines::call_stub

siginfo: EXCEPTION_ACCESS_VIOLATION (0xc0000005), data execution prevention violation at address 0x00007ffd4daf3370


Register to memory mapping:

RIP=0x00007ffd4daf3370 librdi_wavedata.dll
RAX=0x00007ffd4da985e0 librdi_wavedata.dll
RBX=0x000000d2b47f3a50 is pointing into the stack for thread: 0x0000024860d2c800
RCX=0x0000024895ae9580 is an unknown value
RDX=0x000002486f75afb0 is an unknown value
RSP=0x000000d2b47f38e8 is pointing into the stack for thread: 0x0000024860d2c800
RBP=0x000000d2b47f3a10 is pointing into the stack for thread: 0x0000024860d2c800
RSI=0x000002486f75afb0 is an unknown value
RDI=0x0000024895ae9580 is an unknown value
R8 =0x000000d2b47f3a10 is pointing into the stack for thread: 0x0000024860d2c800
R9 =0x000000d2b47f3a50 is pointing into the stack for thread: 0x0000024860d2c800
R10=0x000002486f75afc0 is an unknown value
R11=0x5de20fc30000182e is an unknown value
R12=0x0000000000000000 is an unknown value
R13=0x0000000000000000 is an unknown value
R14=0x000002486f75afb0 is an unknown value
R15=0x0000000000000001 is an unknown value


Registers:
RAX=0x00007ffd4da985e0, RBX=0x000000d2b47f3a50, RCX=0x0000024895ae9580, RDX=0x000002486f75afb0
RSP=0x000000d2b47f38e8, RBP=0x000000d2b47f3a10, RSI=0x000002486f75afb0, RDI=0x0000024895ae9580
R8 =0x000000d2b47f3a10, R9 =0x000000d2b47f3a50, R10=0x000002486f75afc0, R11=0x5de20fc30000182e
R12=0x0000000000000000, R13=0x0000000000000000, R14=0x000002486f75afb0, R15=0x0000000000000001
RIP=0x00007ffd4daf3370, EFLAGS=0x0000000000010202

Top of Stack: (sp=0x000000d2b47f38e8)
0x000000d2b47f38e8:   00007ffd4d7ceedc 0000024800000000
0x000000d2b47f38f8:   00000248332ab100 0000024800000000
0x000000d2b47f3908:   00000248332a0000 00000248332a02a4
0x000000d2b47f3918:   000000d2b47f3a50 000000d2b47f3a10
0x000000d2b47f3928:   000002486f75afb0 fffffffffffffffe
0x000000d2b47f3938:   0000000000000000 0000000000000000
0x000000d2b47f3948:   0000000000000010 0000000000000008
0x000000d2b47f3958:   0000000000000002 0000024833380000
0x000000d2b47f3968:   000000d2b47f3a29 0000000000000001
0x000000d2b47f3978:   00007ffe72d9b3c7 00000248332a0000
0x000000d2b47f3988:   00007ffe00000003 0000000000000008
0x000000d2b47f3998:   0000024800000000 000086af35d69061
0x000000d2b47f39a8:   00000248332a0000 00000002332a0464
0x000000d2b47f39b8:   000000d2b47f3b28 00000248b9c4c130
0x000000d2b47f39c8:   000000d2b47f3a59 000000d2b47f3b10
0x000000d2b47f39d8:   00007ffd4d7c5fc7 000000000000004f 

Instructions: (pc=0x00007ffd4daf3370)
0x00007ffd4daf3350:   00 00 00 00 ff ff ff ff 00 00 00 00 40 00 00 00
0x00007ffd4daf3360:   20 33 45 00 00 00 00 00 00 00 00 00 00 00 00 00
0x00007ffd4daf3370:   01 00 00 00 00 00 00 00 00 00 00 00 10 8a 58 00
0x00007ffd4daf3380:   98 33 45 00 70 33 45 00 00 00 00 00 00 00 00 00 



---------------  P R O C E S S  ---------------

Java Threads: ( => current thread )
  0x000002486edbf800 JavaThread "Relaunch Simulation" [_thread_in_native, id=7472, stack(0x000000d2b7800000,0x000000d2b7d00000)]
  0x000002486edcc000 JavaThread "Thread-245" [_thread_in_native, id=6648, stack(0x000000d2ac300000,0x000000d2ac400000)]
  0x000002486edc7800 JavaThread "Thread-242" [_thread_in_native, id=7028, stack(0x000000d2ac400000,0x000000d2ac500000)]
  0x000002486edc1000 JavaThread "Image Animator 0" daemon [_thread_blocked, id=4800, stack(0x000000d2b9300000,0x000000d2b9800000)]
  0x000002486edc4800 JavaThread "SyntheticaAnimation 50" daemon [_thread_blocked, id=20104, stack(0x000000d2b6400000,0x000000d2b6900000)]
  0x000002486edc0000 JavaThread "Update Runs Swing Worker" [_thread_blocked, id=18880, stack(0x000000d2b7d00000,0x000000d2b8200000)]
  0x000002486edc1800 JavaThread "hw_ila_monitor" [_thread_blocked, id=16524, stack(0x000000d2b7300000,0x000000d2b7800000)]
  0x000002486edc6000 JavaThread "Refresh Filesets Swing Worker" [_thread_blocked, id=23480, stack(0x000000d2b6e00000,0x000000d2b7300000)]
  0x00000248379b1000 JavaThread "SyntheticaAnimation 70" daemon [_thread_blocked, id=20160, stack(0x000000d2b6900000,0x000000d2b6e00000)]
  0x00000248379af800 JavaThread "SyntheticaAnimation 25" daemon [_thread_blocked, id=9616, stack(0x000000d2b5f00000,0x000000d2b6400000)]
  0x00000248379ac000 JavaThread "SyntheticaAnimation 50" daemon [_thread_blocked, id=24112, stack(0x000000d2b5a00000,0x000000d2b5f00000)]
  0x00000248379ae800 JavaThread "Monitor HEventQueue" [_thread_blocked, id=23124, stack(0x000000d2b5500000,0x000000d2b5a00000)]
  0x00000248379ad800 JavaThread "SyntheticaCleanerThread" daemon [_thread_blocked, id=12240, stack(0x000000d2b4d00000,0x000000d2b5200000)]
  0x00000248379b1800 JavaThread "Batik CleanerThread" daemon [_thread_blocked, id=1764, stack(0x000000d2b3900000,0x000000d2b3e00000)]
=>0x0000024860d2c800 JavaThread "AWT-EventQueue-1" [_thread_in_native, id=14676, stack(0x000000d2b4300000,0x000000d2b4800000)]
  0x000002486296e000 JavaThread "Process Messages" [_thread_blocked, id=21000, stack(0x000000d2b3e00000,0x000000d2b4300000)]
  0x00000248629c1800 JavaThread "Thread-1" [_thread_in_native, id=2784, stack(0x000000d2ac700000,0x000000d2adb00000)]
  0x0000024860d9a800 JavaThread "TimerQueue" daemon [_thread_blocked, id=17196, stack(0x000000d2b2f00000,0x000000d2b3400000)]
  0x000002486060f800 JavaThread "AWT-Windows" daemon [_thread_in_native, id=19784, stack(0x000000d2b2a00000,0x000000d2b2f00000)]
  0x0000024860515000 JavaThread "AWT-Shutdown" [_thread_blocked, id=4672, stack(0x000000d2b2500000,0x000000d2b2a00000)]
  0x00000248605b7800 JavaThread "Java2D Disposer" daemon [_thread_blocked, id=17760, stack(0x000000d2b2000000,0x000000d2b2500000)]
  0x0000024837e1b800 JavaThread "Service Thread" daemon [_thread_blocked, id=7904, stack(0x000000d2b1a00000,0x000000d2b1f00000)]
  0x00000248379c4000 JavaThread "Common-Cleaner" daemon [_thread_blocked, id=14636, stack(0x000000d2b1500000,0x000000d2b1a00000)]
  0x00000248379b2800 JavaThread "Sweeper thread" daemon [_thread_blocked, id=14508, stack(0x000000d2b1000000,0x000000d2b1500000)]
  0x00000248379a5800 JavaThread "C1 CompilerThread3" daemon [_thread_blocked, id=14548, stack(0x000000d2b0f00000,0x000000d2b1000000)]
  0x00000248379a4800 JavaThread "C2 CompilerThread2" daemon [_thread_blocked, id=7160, stack(0x000000d2b0e00000,0x000000d2b0f00000)]
  0x000002483799f800 JavaThread "C2 CompilerThread1" daemon [_thread_blocked, id=7508, stack(0x000000d2b0d00000,0x000000d2b0e00000)]
  0x0000024837984000 JavaThread "C2 CompilerThread0" daemon [_thread_blocked, id=9352, stack(0x000000d2b0c00000,0x000000d2b0d00000)]
  0x0000024837983000 JavaThread "Attach Listener" daemon [_thread_blocked, id=5080, stack(0x000000d2b0700000,0x000000d2b0c00000)]
  0x0000024837982800 JavaThread "Signal Dispatcher" daemon [_thread_blocked, id=17348, stack(0x000000d2b0200000,0x000000d2b0700000)]
  0x000002484075a000 JavaThread "Finalizer" daemon [_thread_blocked, id=23728, stack(0x000000d2afd00000,0x000000d2b0200000)]
  0x0000024840759800 JavaThread "Reference Handler" daemon [_thread_blocked, id=20300, stack(0x000000d2af800000,0x000000d2afd00000)]
  0x0000024840caf800 JavaThread "main" [_thread_blocked, id=17972, stack(0x000000d2ac600000,0x000000d2ac700000)]

Other Threads:
  0x000002483a8c8800 VMThread "VM Thread" [stack: 0x000000d2af700000,0x000000d2af800000] [id=9568]
  0x0000024837a50800 WatcherThread [stack: 0x000000d2b1f00000,0x000000d2b2000000] [id=8468]
  0x000002483d22f800 GCTaskThread "GC Thread#0" [stack: 0x000000d2ade00000,0x000000d2adf00000] [id=10120]
  0x000002483acbd000 GCTaskThread "GC Thread#1" [stack: 0x000000d2adf00000,0x000000d2ae000000] [id=11836]
  0x000002483acbb000 GCTaskThread "GC Thread#2" [stack: 0x000000d2ae000000,0x000000d2ae100000] [id=16152]
  0x000002483acbf800 GCTaskThread "GC Thread#3" [stack: 0x000000d2ae100000,0x000000d2ae200000] [id=7860]
  0x000002483acbb800 GCTaskThread "GC Thread#4" [stack: 0x000000d2ae200000,0x000000d2ae300000] [id=22968]
  0x000002483acc0800 GCTaskThread "GC Thread#5" [stack: 0x000000d2ae300000,0x000000d2ae400000] [id=17284]
  0x000002483acc1000 GCTaskThread "GC Thread#6" [stack: 0x000000d2ae400000,0x000000d2ae500000] [id=24052]
  0x000002483acba800 GCTaskThread "GC Thread#7" [stack: 0x000000d2ae500000,0x000000d2ae600000] [id=14908]
  0x000002483acbd800 GCTaskThread "GC Thread#8" [stack: 0x000000d2ae600000,0x000000d2ae700000] [id=3304]
  0x000002483acc0000 GCTaskThread "GC Thread#9" [stack: 0x000000d2ae700000,0x000000d2ae800000] [id=3356]
  0x0000024842094800 ConcurrentGCThread "G1 Main Marker" [stack: 0x000000d2af300000,0x000000d2af400000] [id=11552]
  0x000002483acbe000 ConcurrentGCThread "G1 Marker#0" [stack: 0x000000d2af400000,0x000000d2af500000] [id=11124]
  0x000002483acbe800 ConcurrentGCThread "G1 Marker#1" [stack: 0x000000d2af500000,0x000000d2af600000] [id=13816]
  0x000002483acbc000 ConcurrentGCThread "G1 Marker#2" [stack: 0x000000d2af600000,0x000000d2af700000] [id=10788]
  0x0000024841e7a000 ConcurrentGCThread "G1 Refine#0" [stack: 0x000000d2af100000,0x000000d2af200000] [id=19184]
  0x0000024841e79800 ConcurrentGCThread "G1 Refine#1" [stack: 0x000000d2af000000,0x000000d2af100000] [id=18556]
  0x000002484243e000 ConcurrentGCThread "G1 Refine#2" [stack: 0x000000d2aef00000,0x000000d2af000000] [id=9772]
  0x000002484243d800 ConcurrentGCThread "G1 Refine#3" [stack: 0x000000d2aee00000,0x000000d2aef00000] [id=10988]
  0x000002483ad7d800 ConcurrentGCThread "G1 Refine#4" [stack: 0x000000d2aed00000,0x000000d2aee00000] [id=12772]
  0x000002483abc7800 ConcurrentGCThread "G1 Refine#5" [stack: 0x000000d2aec00000,0x000000d2aed00000] [id=13956]
  0x000002483d71e800 ConcurrentGCThread "G1 Refine#6" [stack: 0x000000d2aeb00000,0x000000d2aec00000] [id=12372]
  0x0000024842438800 ConcurrentGCThread "G1 Refine#7" [stack: 0x000000d2aea00000,0x000000d2aeb00000] [id=22408]
  0x0000024842437800 ConcurrentGCThread "G1 Refine#8" [stack: 0x000000d2ae900000,0x000000d2aea00000] [id=5880]
  0x000002483a8d0000 ConcurrentGCThread "G1 Refine#9" [stack: 0x000000d2ae800000,0x000000d2ae900000] [id=4732]
  0x0000024841f79800 ConcurrentGCThread "G1 Young RemSet Sampling" [stack: 0x000000d2af200000,0x000000d2af300000] [id=20676]

Threads with active compile tasks:

VM state:not at safepoint (normal execution)

VM Mutex/Monitor currently owned by a thread: None

Heap address: 0x0000000700000000, size: 3072 MB, Compressed Oops mode: Zero based, Oop shift amount: 3
Narrow klass base: 0x0000000000000000, Narrow klass shift: 3
Compressed class space size: 1073741824 Address: 0x00000007c0000000

Heap:
 garbage-first heap   total 157696K, used 122473K [0x0000000700000000, 0x00000007001004d0, 0x00000007c0000000)
  region size 1024K, 42 young (43008K), 1 survivors (1024K)
 Metaspace       used 82126K, capacity 88143K, committed 88220K, reserved 1126400K
  class space    used 11155K, capacity 12218K, committed 12240K, reserved 1048576K
Heap Regions: E=young(eden), S=young(survivor), O=old, HS=humongous(starts), HC=humongous(continues), CS=collection set, F=free, A=archive, TS=gc time stamp, AC=allocation context, TAMS=top-at-mark-start (previous, next)
|   0|0x0000000700000000, 0x00000007000fef08, 0x0000000700100000| 99%| O|  |TS  0|AC  0|TAMS 0x00000007000fef08, 0x00000007000fef08|
|   1|0x0000000700100000, 0x0000000700200000, 0x0000000700200000|100%|HS|  |TS  0|AC  0|TAMS 0x0000000700200000, 0x0000000700200000|
|   2|0x0000000700200000, 0x0000000700300000, 0x0000000700300000|100%|HC|  |TS  0|AC  0|TAMS 0x0000000700300000, 0x0000000700300000|
|   3|0x0000000700300000, 0x0000000700400000, 0x0000000700400000|100%|HS|  |TS  0|AC  0|TAMS 0x0000000700400000, 0x0000000700400000|
|   4|0x0000000700400000, 0x00000007004fd458, 0x0000000700500000| 98%| O|  |TS  0|AC  0|TAMS 0x00000007004fd458, 0x00000007004fd458|
|   5|0x0000000700500000, 0x00000007005fb068, 0x0000000700600000| 98%| O|  |TS  0|AC  0|TAMS 0x00000007005fb068, 0x00000007005fb068|
|   6|0x0000000700600000, 0x00000007006fffb8, 0x0000000700700000| 99%| O|  |TS  0|AC  0|TAMS 0x00000007006fffb8, 0x00000007006fffb8|
|   7|0x0000000700700000, 0x00000007007ffff8, 0x0000000700800000| 99%| O|  |TS  0|AC  0|TAMS 0x00000007007ffff8, 0x00000007007ffff8|
|   8|0x0000000700800000, 0x0000000700900000, 0x0000000700900000|100%| O|  |TS  0|AC  0|TAMS 0x0000000700900000, 0x0000000700900000|
|   9|0x0000000700900000, 0x00000007009fffa8, 0x0000000700a00000| 99%| O|  |TS  0|AC  0|TAMS 0x00000007009fffa8, 0x00000007009fffa8|
|  10|0x0000000700a00000, 0x0000000700afffd0, 0x0000000700b00000| 99%| O|  |TS  0|AC  0|TAMS 0x0000000700afffd0, 0x0000000700afffd0|
|  11|0x0000000700b00000, 0x0000000700bffff0, 0x0000000700c00000| 99%| O|  |TS  0|AC  0|TAMS 0x0000000700bffff0, 0x0000000700bffff0|
|  12|0x0000000700c00000, 0x0000000700cf1bf0, 0x0000000700d00000| 94%| O|  |TS  0|AC  0|TAMS 0x0000000700cf1bf0, 0x0000000700cf1bf0|
|  13|0x0000000700d00000, 0x0000000700dbf7b0, 0x0000000700e00000| 74%| O|  |TS  0|AC  0|TAMS 0x0000000700dbf7b0, 0x0000000700dbf7b0|
|  14|0x0000000700e00000, 0x0000000700efff58, 0x0000000700f00000| 99%| O|  |TS  0|AC  0|TAMS 0x0000000700efff58, 0x0000000700efff58|
|  15|0x0000000700f00000, 0x0000000700fffac0, 0x0000000701000000| 99%| O|  |TS  0|AC  0|TAMS 0x0000000700fffac0, 0x0000000700fffac0|
|  16|0x0000000701000000, 0x00000007010fffe8, 0x0000000701100000| 99%| O|  |TS  0|AC  0|TAMS 0x00000007010fffe8, 0x00000007010fffe8|
|  17|0x0000000701100000, 0x00000007011ffff0, 0x0000000701200000| 99%| O|  |TS  0|AC  0|TAMS 0x00000007011ffff0, 0x00000007011ffff0|
|  18|0x0000000701200000, 0x00000007012ffff0, 0x0000000701300000| 99%| O|  |TS  0|AC  0|TAMS 0x00000007012ffff0, 0x00000007012ffff0|
|  19|0x0000000701300000, 0x0000000701400000, 0x0000000701400000|100%| O|  |TS  0|AC  0|TAMS 0x0000000701400000, 0x0000000701400000|
|  20|0x0000000701400000, 0x00000007014ffff0, 0x0000000701500000| 99%| O|  |TS  0|AC  0|TAMS 0x00000007014ffff0, 0x00000007014ffff0|
|  21|0x0000000701500000, 0x00000007015c2068, 0x0000000701600000| 75%| O|  |TS  0|AC  0|TAMS 0x00000007015c2068, 0x00000007015c2068|
|  22|0x0000000701600000, 0x00000007016ffb98, 0x0000000701700000| 99%| O|  |TS  0|AC  0|TAMS 0x00000007016ffb98, 0x00000007016ffb98|
|  23|0x0000000701700000, 0x00000007017ffff0, 0x0000000701800000| 99%| O|  |TS  0|AC  0|TAMS 0x00000007017ffff0, 0x00000007017ffff0|
|  24|0x0000000701800000, 0x00000007018fffd0, 0x0000000701900000| 99%| O|  |TS  0|AC  0|TAMS 0x00000007018fffd0, 0x00000007018fffd0|
|  25|0x0000000701900000, 0x00000007019fffe8, 0x0000000701a00000| 99%| O|  |TS  0|AC  0|TAMS 0x00000007019fffe8, 0x00000007019fffe8|
|  26|0x0000000701a00000, 0x0000000701affff8, 0x0000000701b00000| 99%| O|  |TS  0|AC  0|TAMS 0x0000000701affff8, 0x0000000701affff8|
|  27|0x0000000701b00000, 0x0000000701bffff0, 0x0000000701c00000| 99%| O|  |TS  0|AC  0|TAMS 0x0000000701bffff0, 0x0000000701bffff0|
|  28|0x0000000701c00000, 0x0000000701d00000, 0x0000000701d00000|100%| O|  |TS  0|AC  0|TAMS 0x0000000701d00000, 0x0000000701d00000|
|  29|0x0000000701d00000, 0x0000000701dfffe8, 0x0000000701e00000| 99%| O|  |TS  0|AC  0|TAMS 0x0000000701dfffe8, 0x0000000701dfffe8|
|  30|0x0000000701e00000, 0x0000000701f00000, 0x0000000701f00000|100%| O|  |TS  0|AC  0|TAMS 0x0000000701f00000, 0x0000000701f00000|
|  31|0x0000000701f00000, 0x0000000701fffff0, 0x0000000702000000| 99%| O|  |TS  0|AC  0|TAMS 0x0000000701fffff0, 0x0000000701fffff0|
|  32|0x0000000702000000, 0x00000007020ffff0, 0x0000000702100000| 99%| O|  |TS  0|AC  0|TAMS 0x00000007020ffff0, 0x00000007020ffff0|
|  33|0x0000000702100000, 0x00000007021fffc8, 0x0000000702200000| 99%| O|  |TS  0|AC  0|TAMS 0x00000007021fffc8, 0x00000007021fffc8|
|  34|0x0000000702200000, 0x0000000702300000, 0x0000000702300000|100%| O|  |TS  0|AC  0|TAMS 0x0000000702300000, 0x0000000702300000|
|  35|0x0000000702300000, 0x00000007023fffe8, 0x0000000702400000| 99%| O|  |TS  0|AC  0|TAMS 0x00000007023fffe8, 0x00000007023fffe8|
|  36|0x0000000702400000, 0x0000000702500000, 0x0000000702500000|100%| O|  |TS  0|AC  0|TAMS 0x0000000702500000, 0x0000000702500000|
|  37|0x0000000702500000, 0x00000007025fffd8, 0x0000000702600000| 99%| O|  |TS  0|AC  0|TAMS 0x00000007025fffd8, 0x00000007025fffd8|
|  38|0x0000000702600000, 0x00000007026ffff8, 0x0000000702700000| 99%| O|  |TS  0|AC  0|TAMS 0x00000007026ffff8, 0x00000007026ffff8|
|  39|0x0000000702700000, 0x00000007027fffb8, 0x0000000702800000| 99%| O|  |TS  0|AC  0|TAMS 0x00000007027fffb8, 0x00000007027fffb8|
|  40|0x0000000702800000, 0x00000007028ffff8, 0x0000000702900000| 99%| O|  |TS  0|AC  0|TAMS 0x00000007028ffff8, 0x00000007028ffff8|
|  41|0x0000000702900000, 0x00000007029fffe8, 0x0000000702a00000| 99%| O|  |TS  0|AC  0|TAMS 0x00000007029fffe8, 0x00000007029fffe8|
|  42|0x0000000702a00000, 0x0000000702b00000, 0x0000000702b00000|100%| O|  |TS  0|AC  0|TAMS 0x0000000702b00000, 0x0000000702b00000|
|  43|0x0000000702b00000, 0x0000000702bd1708, 0x0000000702c00000| 81%| O|  |TS  0|AC  0|TAMS 0x0000000702bd1708, 0x0000000702bd1708|
|  44|0x0000000702c00000, 0x0000000702d00000, 0x0000000702d00000|100%| O|  |TS  0|AC  0|TAMS 0x0000000702d00000, 0x0000000702d00000|
|  45|0x0000000702d00000, 0x0000000702dfffe0, 0x0000000702e00000| 99%| O|  |TS  0|AC  0|TAMS 0x0000000702dfffe0, 0x0000000702dfffe0|
|  46|0x0000000702e00000, 0x0000000702effe78, 0x0000000702f00000| 99%| O|  |TS  0|AC  0|TAMS 0x0000000702effe78, 0x0000000702effe78|
|  47|0x0000000702f00000, 0x0000000702fffd60, 0x0000000703000000| 99%| O|  |TS  0|AC  0|TAMS 0x0000000702fffd60, 0x0000000702fffd60|
|  48|0x0000000703000000, 0x0000000703100000, 0x0000000703100000|100%| O|  |TS  0|AC  0|TAMS 0x0000000703100000, 0x0000000703100000|
|  49|0x0000000703100000, 0x00000007031feaf8, 0x0000000703200000| 99%| O|  |TS  0|AC  0|TAMS 0x00000007031feaf8, 0x00000007031feaf8|
|  50|0x0000000703200000, 0x00000007032fffc0, 0x0000000703300000| 99%| O|  |TS  0|AC  0|TAMS 0x00000007032fffc0, 0x00000007032fffc0|
|  51|0x0000000703300000, 0x0000000703400000, 0x0000000703400000|100%| O|  |TS  0|AC  0|TAMS 0x0000000703400000, 0x0000000703400000|
|  52|0x0000000703400000, 0x0000000703500000, 0x0000000703500000|100%| O|  |TS  0|AC  0|TAMS 0x0000000703500000, 0x0000000703500000|
|  53|0x0000000703500000, 0x00000007035ff728, 0x0000000703600000| 99%| O|  |TS  0|AC  0|TAMS 0x00000007035ff728, 0x00000007035ff728|
|  54|0x0000000703600000, 0x00000007036fff68, 0x0000000703700000| 99%| O|  |TS  0|AC  0|TAMS 0x00000007036fff68, 0x00000007036fff68|
|  55|0x0000000703700000, 0x0000000703800000, 0x0000000703800000|100%| O|  |TS  0|AC  0|TAMS 0x0000000703800000, 0x0000000703800000|
|  56|0x0000000703800000, 0x00000007038ffff8, 0x0000000703900000| 99%| O|  |TS  0|AC  0|TAMS 0x00000007038ffff8, 0x00000007038ffff8|
|  57|0x0000000703900000, 0x00000007039ffff8, 0x0000000703a00000| 99%| O|  |TS  0|AC  0|TAMS 0x00000007039ffff8, 0x00000007039ffff8|
|  58|0x0000000703a00000, 0x0000000703affe90, 0x0000000703b00000| 99%| O|  |TS  0|AC  0|TAMS 0x0000000703affe90, 0x0000000703affe90|
|  59|0x0000000703b00000, 0x0000000703bbe030, 0x0000000703c00000| 74%| O|  |TS  0|AC  0|TAMS 0x0000000703bbe030, 0x0000000703bbe030|
|  60|0x0000000703c00000, 0x0000000703c00000, 0x0000000703d00000|  0%| F|  |TS  0|AC  0|TAMS 0x0000000703c00000, 0x0000000703c00000|
|  61|0x0000000703d00000, 0x0000000703d00000, 0x0000000703e00000|  0%| F|  |TS  0|AC  0|TAMS 0x0000000703d00000, 0x0000000703d00000|
|  62|0x0000000703e00000, 0x0000000703e00000, 0x0000000703f00000|  0%| F|  |TS  0|AC  0|TAMS 0x0000000703e00000, 0x0000000703e00000|
|  63|0x0000000703f00000, 0x0000000703f00000, 0x0000000704000000|  0%| F|  |TS  0|AC  0|TAMS 0x0000000703f00000, 0x0000000703f00000|
|  64|0x0000000704000000, 0x0000000704000000, 0x0000000704100000|  0%| F|  |TS  0|AC  0|TAMS 0x0000000704000000, 0x0000000704000000|
|  65|0x0000000704100000, 0x0000000704100000, 0x0000000704200000|  0%| F|  |TS  0|AC  0|TAMS 0x0000000704100000, 0x0000000704100000|
|  66|0x0000000704200000, 0x0000000704200000, 0x0000000704300000|  0%| F|  |TS  0|AC  0|TAMS 0x0000000704200000, 0x0000000704200000|
|  67|0x0000000704300000, 0x0000000704300000, 0x0000000704400000|  0%| F|  |TS  0|AC  0|TAMS 0x0000000704300000, 0x0000000704300000|
|  68|0x0000000704400000, 0x0000000704500000, 0x0000000704500000|100%|HS|  |TS  0|AC  0|TAMS 0x0000000704500000, 0x0000000704500000|
|  69|0x0000000704500000, 0x0000000704600000, 0x0000000704600000|100%|HC|  |TS  0|AC  0|TAMS 0x0000000704600000, 0x0000000704600000|
|  70|0x0000000704600000, 0x0000000704700000, 0x0000000704700000|100%|HC|  |TS  0|AC  0|TAMS 0x0000000704700000, 0x0000000704700000|
|  71|0x0000000704700000, 0x0000000704800000, 0x0000000704800000|100%|HC|  |TS  0|AC  0|TAMS 0x0000000704800000, 0x0000000704800000|
|  72|0x0000000704800000, 0x0000000704800000, 0x0000000704900000|  0%| F|  |TS  0|AC  0|TAMS 0x0000000704800000, 0x0000000704800000|
|  73|0x0000000704900000, 0x0000000704900000, 0x0000000704a00000|  0%| F|  |TS  0|AC  0|TAMS 0x0000000704900000, 0x0000000704900000|
|  74|0x0000000704a00000, 0x0000000704b00000, 0x0000000704b00000|100%|HS|  |TS  0|AC  0|TAMS 0x0000000704b00000, 0x0000000704b00000|
|  75|0x0000000704b00000, 0x0000000704c00000, 0x0000000704c00000|100%|HC|  |TS  0|AC  0|TAMS 0x0000000704c00000, 0x0000000704c00000|
|  76|0x0000000704c00000, 0x0000000704d00000, 0x0000000704d00000|100%|HC|  |TS  0|AC  0|TAMS 0x0000000704d00000, 0x0000000704d00000|
|  77|0x0000000704d00000, 0x0000000704e00000, 0x0000000704e00000|100%|HC|  |TS  0|AC  0|TAMS 0x0000000704e00000, 0x0000000704e00000|
|  78|0x0000000704e00000, 0x0000000704f00000, 0x0000000704f00000|100%|HC|  |TS  0|AC  0|TAMS 0x0000000704f00000, 0x0000000704f00000|
|  79|0x0000000704f00000, 0x0000000705000000, 0x0000000705000000|100%|HC|  |TS  0|AC  0|TAMS 0x0000000705000000, 0x0000000705000000|
|  80|0x0000000705000000, 0x0000000705100000, 0x0000000705100000|100%|HC|  |TS  0|AC  0|TAMS 0x0000000705100000, 0x0000000705100000|
|  81|0x0000000705100000, 0x0000000705200000, 0x0000000705200000|100%|HC|  |TS  0|AC  0|TAMS 0x0000000705200000, 0x0000000705200000|
|  82|0x0000000705200000, 0x0000000705300000, 0x0000000705300000|100%|HC|  |TS  0|AC  0|TAMS 0x0000000705300000, 0x0000000705300000|
|  83|0x0000000705300000, 0x0000000705400000, 0x0000000705400000|100%|HC|  |TS  0|AC  0|TAMS 0x0000000705400000, 0x0000000705400000|
|  84|0x0000000705400000, 0x0000000705500000, 0x0000000705500000|100%|HC|  |TS  0|AC  0|TAMS 0x0000000705500000, 0x0000000705500000|
|  85|0x0000000705500000, 0x0000000705600000, 0x0000000705600000|100%|HC|  |TS  0|AC  0|TAMS 0x0000000705600000, 0x0000000705600000|
|  86|0x0000000705600000, 0x0000000705700000, 0x0000000705700000|100%|HS|  |TS  0|AC  0|TAMS 0x0000000705700000, 0x0000000705700000|
|  87|0x0000000705700000, 0x0000000705800000, 0x0000000705800000|100%|HC|  |TS  0|AC  0|TAMS 0x0000000705800000, 0x0000000705800000|
|  88|0x0000000705800000, 0x0000000705900000, 0x0000000705900000|100%|HC|  |TS  0|AC  0|TAMS 0x0000000705900000, 0x0000000705900000|
|  89|0x0000000705900000, 0x0000000705a00000, 0x0000000705a00000|100%|HC|  |TS  0|AC  0|TAMS 0x0000000705a00000, 0x0000000705a00000|
|  90|0x0000000705a00000, 0x0000000705a00000, 0x0000000705b00000|  0%| F|  |TS  0|AC  0|TAMS 0x0000000705a00000, 0x0000000705a00000|
|  91|0x0000000705b00000, 0x0000000705b00000, 0x0000000705c00000|  0%| F|  |TS  0|AC  0|TAMS 0x0000000705b00000, 0x0000000705b00000|
|  92|0x0000000705c00000, 0x0000000705c00000, 0x0000000705d00000|  0%| F|  |TS  0|AC  0|TAMS 0x0000000705c00000, 0x0000000705c00000|
|  93|0x0000000705d00000, 0x0000000705da3898, 0x0000000705e00000| 63%| S|CS|TS  1|AC  0|TAMS 0x0000000705d00000, 0x0000000705d00000|
|  94|0x0000000705e00000, 0x0000000705e00000, 0x0000000705f00000|  0%| F|  |TS  1|AC  0|TAMS 0x0000000705e00000, 0x0000000705e00000|
|  95|0x0000000705f00000, 0x0000000705f00000, 0x0000000706000000|  0%| F|  |TS  1|AC  0|TAMS 0x0000000705f00000, 0x0000000705f00000|
|  96|0x0000000706000000, 0x0000000706000000, 0x0000000706100000|  0%| F|  |TS  1|AC  0|TAMS 0x0000000706000000, 0x0000000706000000|
|  97|0x0000000706100000, 0x0000000706100000, 0x0000000706200000|  0%| F|  |TS  1|AC  0|TAMS 0x0000000706100000, 0x0000000706100000|
|  98|0x0000000706200000, 0x0000000706200000, 0x0000000706300000|  0%| F|  |TS  1|AC  0|TAMS 0x0000000706200000, 0x0000000706200000|
|  99|0x0000000706300000, 0x0000000706300000, 0x0000000706400000|  0%| F|  |TS  1|AC  0|TAMS 0x0000000706300000, 0x0000000706300000|
| 100|0x0000000706400000, 0x0000000706400000, 0x0000000706500000|  0%| F|  |TS  1|AC  0|TAMS 0x0000000706400000, 0x0000000706400000|
| 101|0x0000000706500000, 0x0000000706500000, 0x0000000706600000|  0%| F|  |TS  1|AC  0|TAMS 0x0000000706500000, 0x0000000706500000|
| 102|0x0000000706600000, 0x0000000706600000, 0x0000000706700000|  0%| F|  |TS  1|AC  0|TAMS 0x0000000706600000, 0x0000000706600000|
| 103|0x0000000706700000, 0x0000000706700000, 0x0000000706800000|  0%| F|  |TS  1|AC  0|TAMS 0x0000000706700000, 0x0000000706700000|
| 104|0x0000000706800000, 0x0000000706800000, 0x0000000706900000|  0%| F|  |TS  1|AC  0|TAMS 0x0000000706800000, 0x0000000706800000|
| 105|0x0000000706900000, 0x0000000706900000, 0x0000000706a00000|  0%| F|  |TS  1|AC  0|TAMS 0x0000000706900000, 0x0000000706900000|
| 106|0x0000000706a00000, 0x0000000706a00000, 0x0000000706b00000|  0%| F|  |TS  1|AC  0|TAMS 0x0000000706a00000, 0x0000000706a00000|
| 107|0x0000000706b00000, 0x0000000706b00000, 0x0000000706c00000|  0%| F|  |TS  1|AC  0|TAMS 0x0000000706b00000, 0x0000000706b00000|
| 108|0x0000000706c00000, 0x0000000706c00000, 0x0000000706d00000|  0%| F|  |TS  1|AC  0|TAMS 0x0000000706c00000, 0x0000000706c00000|
| 109|0x0000000706d00000, 0x0000000706d00000, 0x0000000706e00000|  0%| F|  |TS  1|AC  0|TAMS 0x0000000706d00000, 0x0000000706d00000|
| 110|0x0000000706e00000, 0x0000000706e00000, 0x0000000706f00000|  0%| F|  |TS  1|AC  0|TAMS 0x0000000706e00000, 0x0000000706e00000|
| 111|0x0000000706f00000, 0x0000000706f00000, 0x0000000707000000|  0%| F|  |TS  1|AC  0|TAMS 0x0000000706f00000, 0x0000000706f00000|
| 112|0x0000000707000000, 0x0000000707000000, 0x0000000707100000|  0%| F|  |TS  1|AC  0|TAMS 0x0000000707000000, 0x0000000707000000|
| 113|0x0000000707100000, 0x00000007071f8938, 0x0000000707200000| 97%| E|  |TS  1|AC  0|TAMS 0x0000000707100000, 0x0000000707100000|
| 114|0x0000000707200000, 0x0000000707300000, 0x0000000707300000|100%| E|CS|TS  1|AC  0|TAMS 0x0000000707200000, 0x0000000707200000|
| 115|0x0000000707300000, 0x0000000707400000, 0x0000000707400000|100%| E|CS|TS  1|AC  0|TAMS 0x0000000707300000, 0x0000000707300000|
| 116|0x0000000707400000, 0x0000000707500000, 0x0000000707500000|100%| E|CS|TS  1|AC  0|TAMS 0x0000000707400000, 0x0000000707400000|
| 117|0x0000000707500000, 0x0000000707600000, 0x0000000707600000|100%| E|CS|TS  1|AC  0|TAMS 0x0000000707500000, 0x0000000707500000|
| 118|0x0000000707600000, 0x0000000707700000, 0x0000000707700000|100%| E|CS|TS  1|AC  0|TAMS 0x0000000707600000, 0x0000000707600000|
| 119|0x0000000707700000, 0x0000000707800000, 0x0000000707800000|100%| E|CS|TS  1|AC  0|TAMS 0x0000000707700000, 0x0000000707700000|
| 120|0x0000000707800000, 0x0000000707900000, 0x0000000707900000|100%| E|CS|TS  1|AC  0|TAMS 0x0000000707800000, 0x0000000707800000|
| 121|0x0000000707900000, 0x0000000707a00000, 0x0000000707a00000|100%| E|CS|TS  1|AC  0|TAMS 0x0000000707900000, 0x0000000707900000|
| 122|0x0000000707a00000, 0x0000000707b00000, 0x0000000707b00000|100%| E|CS|TS  1|AC  0|TAMS 0x0000000707a00000, 0x0000000707a00000|
| 123|0x0000000707b00000, 0x0000000707c00000, 0x0000000707c00000|100%| E|CS|TS  1|AC  0|TAMS 0x0000000707b00000, 0x0000000707b00000|
| 124|0x0000000707c00000, 0x0000000707d00000, 0x0000000707d00000|100%| E|CS|TS  1|AC  0|TAMS 0x0000000707c00000, 0x0000000707c00000|
| 125|0x0000000707d00000, 0x0000000707e00000, 0x0000000707e00000|100%| E|CS|TS  1|AC  0|TAMS 0x0000000707d00000, 0x0000000707d00000|
| 126|0x0000000707e00000, 0x0000000707f00000, 0x0000000707f00000|100%| E|CS|TS  1|AC  0|TAMS 0x0000000707e00000, 0x0000000707e00000|
| 127|0x0000000707f00000, 0x0000000708000000, 0x0000000708000000|100%| E|CS|TS  1|AC  0|TAMS 0x0000000707f00000, 0x0000000707f00000|
| 128|0x0000000708000000, 0x0000000708100000, 0x0000000708100000|100%| E|CS|TS  1|AC  0|TAMS 0x0000000708000000, 0x0000000708000000|
| 129|0x0000000708100000, 0x0000000708200000, 0x0000000708200000|100%| E|CS|TS  1|AC  0|TAMS 0x0000000708100000, 0x0000000708100000|
| 130|0x0000000708200000, 0x0000000708300000, 0x0000000708300000|100%| E|CS|TS  1|AC  0|TAMS 0x0000000708200000, 0x0000000708200000|
| 131|0x0000000708300000, 0x0000000708400000, 0x0000000708400000|100%| E|CS|TS  1|AC  0|TAMS 0x0000000708300000, 0x0000000708300000|
| 132|0x0000000708400000, 0x0000000708500000, 0x0000000708500000|100%| E|CS|TS  1|AC  0|TAMS 0x0000000708400000, 0x0000000708400000|
| 133|0x0000000708500000, 0x0000000708600000, 0x0000000708600000|100%| E|CS|TS  1|AC  0|TAMS 0x0000000708500000, 0x0000000708500000|
| 134|0x0000000708600000, 0x0000000708700000, 0x0000000708700000|100%| E|CS|TS  1|AC  0|TAMS 0x0000000708600000, 0x0000000708600000|
| 135|0x0000000708700000, 0x0000000708800000, 0x0000000708800000|100%| E|CS|TS  1|AC  0|TAMS 0x0000000708700000, 0x0000000708700000|
| 136|0x0000000708800000, 0x0000000708900000, 0x0000000708900000|100%| E|CS|TS  1|AC  0|TAMS 0x0000000708800000, 0x0000000708800000|
| 137|0x0000000708900000, 0x0000000708a00000, 0x0000000708a00000|100%| E|CS|TS  1|AC  0|TAMS 0x0000000708900000, 0x0000000708900000|
| 138|0x0000000708a00000, 0x0000000708b00000, 0x0000000708b00000|100%| E|CS|TS  1|AC  0|TAMS 0x0000000708a00000, 0x0000000708a00000|
| 139|0x0000000708b00000, 0x0000000708c00000, 0x0000000708c00000|100%| E|CS|TS  1|AC  0|TAMS 0x0000000708b00000, 0x0000000708b00000|
| 140|0x0000000708c00000, 0x0000000708d00000, 0x0000000708d00000|100%| E|CS|TS  1|AC  0|TAMS 0x0000000708c00000, 0x0000000708c00000|
| 141|0x0000000708d00000, 0x0000000708e00000, 0x0000000708e00000|100%| E|CS|TS  1|AC  0|TAMS 0x0000000708d00000, 0x0000000708d00000|
| 142|0x0000000708e00000, 0x0000000708f00000, 0x0000000708f00000|100%| E|CS|TS  1|AC  0|TAMS 0x0000000708e00000, 0x0000000708e00000|
| 143|0x0000000708f00000, 0x0000000709000000, 0x0000000709000000|100%| E|CS|TS  1|AC  0|TAMS 0x0000000708f00000, 0x0000000708f00000|
| 144|0x0000000709000000, 0x0000000709100000, 0x0000000709100000|100%| E|CS|TS  1|AC  0|TAMS 0x0000000709000000, 0x0000000709000000|
| 145|0x0000000709100000, 0x0000000709200000, 0x0000000709200000|100%| E|CS|TS  1|AC  0|TAMS 0x0000000709100000, 0x0000000709100000|
| 146|0x0000000709200000, 0x0000000709300000, 0x0000000709300000|100%| E|CS|TS  1|AC  0|TAMS 0x0000000709200000, 0x0000000709200000|
| 147|0x0000000709300000, 0x0000000709400000, 0x0000000709400000|100%| E|CS|TS  1|AC  0|TAMS 0x0000000709300000, 0x0000000709300000|
| 148|0x0000000709400000, 0x0000000709500000, 0x0000000709500000|100%| E|CS|TS  1|AC  0|TAMS 0x0000000709400000, 0x0000000709400000|
| 149|0x0000000709500000, 0x0000000709600000, 0x0000000709600000|100%| E|CS|TS  1|AC  0|TAMS 0x0000000709500000, 0x0000000709500000|
| 150|0x0000000709600000, 0x0000000709700000, 0x0000000709700000|100%| E|CS|TS  1|AC  0|TAMS 0x0000000709600000, 0x0000000709600000|
| 151|0x0000000709700000, 0x0000000709800000, 0x0000000709800000|100%| E|CS|TS  1|AC  0|TAMS 0x0000000709700000, 0x0000000709700000|
| 152|0x0000000709800000, 0x0000000709900000, 0x0000000709900000|100%| E|CS|TS  1|AC  0|TAMS 0x0000000709800000, 0x0000000709800000|
| 153|0x0000000709900000, 0x0000000709a00000, 0x0000000709a00000|100%| E|CS|TS  1|AC  0|TAMS 0x0000000709900000, 0x0000000709900000|

Card table byte_map: [0x000002483dd20000,0x000002483e320000] byte_map_base: 0x000002483a520000

Marking Bits (Prev, Next): (CMBitMap*) 0x000002483ab55760, (CMBitMap*) 0x000002483ab55798
 Prev Bits: [0x0000024857f80000, 0x000002485af80000)
 Next Bits: [0x000002485af80000, 0x000002485df80000)

Polling page: 0x0000024833360000

CodeHeap 'non-profiled nmethods': size=120000Kb used=18236Kb max_used=19119Kb free=101763Kb
 bounds [0x0000024850a50000, 0x0000024851d00000, 0x0000024857f80000]
CodeHeap 'profiled nmethods': size=120000Kb used=38897Kb max_used=40201Kb free=81102Kb
 bounds [0x0000024849520000, 0x000002484bca0000, 0x0000024850a50000]
CodeHeap 'non-nmethods': size=5760Kb used=1766Kb max_used=1809Kb free=3994Kb
 bounds [0x0000024848f80000, 0x00000248491f0000, 0x0000024849520000]
 total_blobs=30222 nmethods=16217 adapters=1087
 compilation: enabled

Compilation events (10 events):
Event: 516.449 Thread 0x00000248379a5800 20754       3       java.awt.Window::processEvent (101 bytes)
Event: 516.449 Thread 0x00000248379a5800 nmethod 20754 0x000002484b31ae90 code [0x000002484b31b0e0, 0x000002484b31bcb0]
Event: 516.456 Thread 0x0000024837984000 20755       4       javax.swing.tree.DefaultMutableTreeNode::isNodeChild (39 bytes)
Event: 516.456 Thread 0x0000024837984000 nmethod 20755 0x00000248517e2410 code [0x00000248517e25a0, 0x00000248517e2658]
Event: 516.779 Thread 0x00000248379a4800 20756       4       com.jidesoft.editor.DefaultSpan::isValid (25 bytes)
Event: 516.780 Thread 0x00000248379a4800 nmethod 20756 0x00000248517e2110 code [0x00000248517e22a0, 0x00000248517e2358]
Event: 516.836 Thread 0x00000248379a5800 20757   !   3       com.jidesoft.editor.CodeEditor$x_::preferredLayoutSize (218 bytes)
Event: 516.836 Thread 0x000002483799f800 20758       4       com.jidesoft.swing.JideBoxLayout::calculateComponentSizes (731 bytes)
Event: 516.837 Thread 0x00000248379a5800 nmethod 20757 0x000002484b4cc010 code [0x000002484b4cc2a0, 0x000002484b4cd260]
Event: 516.884 Thread 0x000002483799f800 nmethod 20758 0x00000248517ff990 code [0x00000248517ffda0, 0x0000024851802360]

GC Heap History (10 events):
Event: 513.876 GC heap before
{Heap before GC invocations=200 (full 18):
 garbage-first heap   total 157696K, used 142299K [0x0000000700000000, 0x00000007001004d0, 0x00000007c0000000)
  region size 1024K, 60 young (61440K), 0 survivors (0K)
 Metaspace       used 82048K, capacity 88079K, committed 88220K, reserved 1126400K
  class space    used 11155K, capacity 12218K, committed 12240K, reserved 1048576K
}
Event: 513.877 GC heap after
{Heap after GC invocations=201 (full 18):
 garbage-first heap   total 157696K, used 81345K [0x0000000700000000, 0x00000007001004d0, 0x00000007c0000000)
  region size 1024K, 1 young (1024K), 1 survivors (1024K)
 Metaspace       used 82048K, capacity 88079K, committed 88220K, reserved 1126400K
  class space    used 11155K, capacity 12218K, committed 12240K, reserved 1048576K
}
Event: 515.012 GC heap before
{Heap before GC invocations=201 (full 18):
 garbage-first heap   total 157696K, used 141761K [0x0000000700000000, 0x00000007001004d0, 0x00000007c0000000)
  region size 1024K, 60 young (61440K), 1 survivors (1024K)
 Metaspace       used 82090K, capacity 88143K, committed 88220K, reserved 1126400K
  class space    used 11155K, capacity 12218K, committed 12240K, reserved 1048576K
}
Event: 515.014 GC heap after
{Heap after GC invocations=202 (full 18):
 garbage-first heap   total 157696K, used 81496K [0x0000000700000000, 0x00000007001004d0, 0x00000007c0000000)
  region size 1024K, 1 young (1024K), 1 survivors (1024K)
 Metaspace       used 82090K, capacity 88143K, committed 88220K, reserved 1126400K
  class space    used 11155K, capacity 12218K, committed 12240K, reserved 1048576K
}
Event: 515.522 GC heap before
{Heap before GC invocations=203 (full 18):
 garbage-first heap   total 157696K, used 141912K [0x0000000700000000, 0x00000007001004d0, 0x00000007c0000000)
  region size 1024K, 60 young (61440K), 1 survivors (1024K)
 Metaspace       used 82113K, capacity 88143K, committed 88220K, reserved 1126400K
  class space    used 11155K, capacity 12218K, committed 12240K, reserved 1048576K
}
Event: 515.523 GC heap after
{Heap after GC invocations=204 (full 18):
 garbage-first heap   total 157696K, used 81472K [0x0000000700000000, 0x00000007001004d0, 0x00000007c0000000)
  region size 1024K, 1 young (1024K), 1 survivors (1024K)
 Metaspace       used 82113K, capacity 88143K, committed 88220K, reserved 1126400K
  class space    used 11155K, capacity 12218K, committed 12240K, reserved 1048576K
}
Event: 515.616 GC heap before
{Heap before GC invocations=204 (full 18):
 garbage-first heap   total 157696K, used 141888K [0x0000000700000000, 0x00000007001004d0, 0x00000007c0000000)
  region size 1024K, 60 young (61440K), 1 survivors (1024K)
 Metaspace       used 82114K, capacity 88143K, committed 88220K, reserved 1126400K
  class space    used 11155K, capacity 12218K, committed 12240K, reserved 1048576K
}
Event: 515.618 GC heap after
{Heap after GC invocations=205 (full 18):
 garbage-first heap   total 157696K, used 81443K [0x0000000700000000, 0x00000007001004d0, 0x00000007c0000000)
  region size 1024K, 1 young (1024K), 1 survivors (1024K)
 Metaspace       used 82114K, capacity 88143K, committed 88220K, reserved 1126400K
  class space    used 11155K, capacity 12218K, committed 12240K, reserved 1048576K
}
Event: 515.758 GC heap before
{Heap before GC invocations=206 (full 18):
 garbage-first heap   total 157696K, used 141859K [0x0000000700000000, 0x00000007001004d0, 0x00000007c0000000)
  region size 1024K, 60 young (61440K), 1 survivors (1024K)
 Metaspace       used 82121K, capacity 88143K, committed 88220K, reserved 1126400K
  class space    used 11155K, capacity 12218K, committed 12240K, reserved 1048576K
}
Event: 515.760 GC heap after
{Heap after GC invocations=207 (full 18):
 garbage-first heap   total 157696K, used 81513K [0x0000000700000000, 0x00000007001004d0, 0x00000007c0000000)
  region size 1024K, 1 young (1024K), 1 survivors (1024K)
 Metaspace       used 82121K, capacity 88143K, committed 88220K, reserved 1126400K
  class space    used 11155K, capacity 12218K, committed 12240K, reserved 1048576K
}

Deoptimization events (10 events):
Event: 409.407 Thread 0x0000024860d2c800 Uncommon trap: reason=bimorphic_or_optimized_type_check action=maybe_recompile pc=0x000002485185a274 method=javax.swing.text.AbstractDocument.fireRemoveUpdate(Ljavax/swing/event/DocumentEvent;)V @ 39 c2
Event: 425.728 Thread 0x0000024860d2c800 Uncommon trap: reason=unstable_if action=reinterpret pc=0x00000248512856b0 method=com.jidesoft.document.c.a(Ljava/awt/AWTEvent;)V @ 62 c2
Event: 425.818 Thread 0x0000024860d2c800 Uncommon trap: reason=class_check action=maybe_recompile pc=0x0000024851ce6a1c method=com.jidesoft.editor.CodeEditor.viewToModelPosition(Lcom/jidesoft/editor/caret/CaretPosition;)Lcom/jidesoft/editor/caret/CaretPosition; @ 43 c2
Event: 425.819 Thread 0x0000024860d2c800 Uncommon trap: reason=class_check action=maybe_recompile pc=0x0000024851c9e628 method=com.jidesoft.editor.CodeEditor._offsetToX(I)I @ 205 c2
Event: 425.819 Thread 0x0000024860d2c800 Uncommon trap: reason=class_check action=maybe_recompile pc=0x0000024851ce6a1c method=com.jidesoft.editor.CodeEditor.viewToModelPosition(Lcom/jidesoft/editor/caret/CaretPosition;)Lcom/jidesoft/editor/caret/CaretPosition; @ 43 c2
Event: 425.819 Thread 0x0000024860d2c800 Uncommon trap: reason=class_check action=maybe_recompile pc=0x0000024851c9e628 method=com.jidesoft.editor.CodeEditor._offsetToX(I)I @ 205 c2
Event: 427.436 Thread 0x0000024860d2c800 Uncommon trap: reason=bimorphic_or_optimized_type_check action=maybe_recompile pc=0x000002485185a274 method=javax.swing.text.AbstractDocument.fireRemoveUpdate(Ljavax/swing/event/DocumentEvent;)V @ 39 c2
Event: 428.289 Thread 0x0000024860d2c800 Uncommon trap: reason=null_check action=make_not_entrant pc=0x0000024851269a30 method=javax.swing.text.GapContent$MarkData.getPosition()Ljavax/swing/text/GapContent$StickyPosition; @ 4 c2
Event: 430.417 Thread 0x0000024860d2c800 Uncommon trap: reason=unstable_if action=reinterpret pc=0x0000024851313c90 method=com.jidesoft.plaf.basic.BasicCellStyleTableHeaderUIDelegate.isMouseOverPaintArea(Ljava/awt/Point;Ljava/awt/Rectangle;Ljava/awt/Insets;)Z @ 6 c2
Event: 443.131 Thread 0x000002486edc4800 Uncommon trap: reason=null_check action=make_not_entrant pc=0x0000024851572508 method=ui.utils.lnf.b.run()V @ 130 c2

Classes redefined (0 events):
No events

Internal exceptions (10 events):
Event: 257.021 Thread 0x0000024860d2c800 Exception <a 'sun/nio/fs/WindowsException'{0x000000070604f1a0}> (0x000000070604f1a0) thrown at [t:/workspace/hotspot/src/share/vm/prims/jni.cpp, line 604]
Event: 257.021 Thread 0x0000024860d2c800 Exception <a 'sun/nio/fs/WindowsException'{0x000000070604f4d0}> (0x000000070604f4d0) thrown at [t:/workspace/hotspot/src/share/vm/prims/jni.cpp, line 604]
Event: 257.023 Thread 0x0000024860d2c800 Exception <a 'sun/nio/fs/WindowsException'{0x0000000706069540}> (0x0000000706069540) thrown at [t:/workspace/hotspot/src/share/vm/prims/jni.cpp, line 604]
Event: 257.023 Thread 0x0000024860d2c800 Exception <a 'sun/nio/fs/WindowsException'{0x0000000706069870}> (0x0000000706069870) thrown at [t:/workspace/hotspot/src/share/vm/prims/jni.cpp, line 604]
Event: 257.025 Thread 0x0000024860d2c800 Exception <a 'sun/nio/fs/WindowsException'{0x000000070608db18}> (0x000000070608db18) thrown at [t:/workspace/hotspot/src/share/vm/prims/jni.cpp, line 604]
Event: 257.025 Thread 0x0000024860d2c800 Exception <a 'sun/nio/fs/WindowsException'{0x000000070608de48}> (0x000000070608de48) thrown at [t:/workspace/hotspot/src/share/vm/prims/jni.cpp, line 604]
Event: 425.819 Thread 0x000002486edca000 Exception <a 'java/lang/InterruptedException'{0x00000007072911e0}: sleep interrupted> (0x00000007072911e0) thrown at [t:/workspace/hotspot/src/share/vm/prims/jvm.cpp, line 3023]
Event: 428.289 Thread 0x0000024860d2c800 Implicit null exception at 0x0000024851267ffd to 0x0000024851269a1d
Event: 443.131 Thread 0x000002486edc4800 Implicit null exception at 0x0000024851570664 to 0x00000248515724f1
Event: 443.424 Thread 0x000002486edc3000 Exception <a 'java/lang/InterruptedException'{0x00000007092896d0}: sleep interrupted> (0x00000007092896d0) thrown at [t:/workspace/hotspot/src/share/vm/prims/jvm.cpp, line 2984]

Events (10 events):
Event: 516.011 Thread 0x000002486edbf800 Thread added: 0x000002486edbf800
Event: 516.014 Thread 0x000002486edbf800 Thread exited: 0x000002486edbf800
Event: 516.435 Thread 0x000002486edbf800 Thread added: 0x000002486edbf800
Event: 516.436 Executing VM operation: RevokeBias
Event: 516.437 Executing VM operation: RevokeBias done
Event: 516.438 Executing VM operation: RevokeBias
Event: 516.438 Executing VM operation: RevokeBias done
Event: 516.484 Thread 0x000002486edc5800 Thread exited: 0x000002486edc5800
Event: 517.011 Thread 0x000002486edc5800 Thread added: 0x000002486edc5800
Event: 517.014 Thread 0x000002486edc5800 Thread exited: 0x000002486edc5800


Dynamic libraries:
0x00007ff6598c0000 - 0x00007ff6598f0000 	C:\Xilinx\Vivado\2019.1\bin\unwrapped\win64.o\vivado.exe
0x00007ffe72d70000 - 0x00007ffe72f68000 	C:\WINDOWS\SYSTEM32\ntdll.dll
0x00007ffe72bb0000 - 0x00007ffe72c72000 	C:\WINDOWS\System32\KERNEL32.DLL
0x00007ffe704c0000 - 0x00007ffe707be000 	C:\WINDOWS\System32\KERNELBASE.dll
0x00007ffe70c90000 - 0x00007ffe70d90000 	C:\WINDOWS\System32\ucrtbase.dll
0x00007ffe5c640000 - 0x00007ffe5c6cd000 	C:\WINDOWS\SYSTEM32\MSVCP140.dll
0x00007ffe689e0000 - 0x00007ffe689f4000 	C:\Xilinx\Vivado\2019.1\lib\win64.o\libboost_signals.dll
0x00007ffe62e80000 - 0x00007ffe62e94000 	C:\Xilinx\Vivado\2019.1\lib\win64.o\librdi_commonmain.dll
0x00007ffe60110000 - 0x00007ffe6012d000 	C:\WINDOWS\SYSTEM32\VCRUNTIME140.dll
0x00007ffe03780000 - 0x00007ffe04662000 	C:\Xilinx\Vivado\2019.1\lib\win64.o\librdi_common.dll
0x00007ffe67550000 - 0x00007ffe6755c000 	C:\WINDOWS\SYSTEM32\VCRUNTIME140_1.dll
0x00007ffe72520000 - 0x00007ffe726bd000 	C:\WINDOWS\System32\USER32.dll
0x00007ffe70a70000 - 0x00007ffe70a92000 	C:\WINDOWS\System32\win32u.dll
0x00007ffe60130000 - 0x00007ffe60156000 	C:\Xilinx\Vivado\2019.1\lib\win64.o\libboost_filesystem.dll
0x00007ffe719c0000 - 0x00007ffe719eb000 	C:\WINDOWS\System32\GDI32.dll
0x00007ffe71a20000 - 0x00007ffe71ad2000 	C:\WINDOWS\System32\ADVAPI32.dll
0x00007ffe708d0000 - 0x00007ffe709e7000 	C:\WINDOWS\System32\gdi32full.dll
0x00007ffe6dab0000 - 0x00007ffe6daba000 	C:\Xilinx\Vivado\2019.1\lib\win64.o\librdi_commonversion.dll
0x00007ffe707c0000 - 0x00007ffe7085d000 	C:\WINDOWS\System32\msvcp_win.dll
0x00007ffe716c0000 - 0x00007ffe7175e000 	C:\WINDOWS\System32\msvcrt.dll
0x00007ffe11d50000 - 0x00007ffe11e71000 	C:\Xilinx\Vivado\2019.1\lib\win64.o\librdi_commonxillic.dll
0x00007ffe72aa0000 - 0x00007ffe72b40000 	C:\WINDOWS\System32\sechost.dll
0x00007ffe71d50000 - 0x00007ffe724bf000 	C:\WINDOWS\System32\SHELL32.dll
0x00007ffe71c20000 - 0x00007ffe71d43000 	C:\WINDOWS\System32\RPCRT4.dll
0x000000005ede0000 - 0x000000005ef0b000 	C:\Xilinx\Vivado\2019.1\lib\win64.o\tcl85t.dll
0x00007ffe709f0000 - 0x00007ffe70a17000 	C:\WINDOWS\System32\bcrypt.dll
0x00007ffe72b40000 - 0x00007ffe72bab000 	C:\WINDOWS\System32\WS2_32.dll
0x00007ffe0e710000 - 0x00007ffe0ea7e000 	C:\Xilinx\Vivado\2019.1\lib\win64.o\libCOIN-all.dll
0x00007ffe5cbc0000 - 0x00007ffe5cbd4000 	C:\Xilinx\Vivado\2019.1\lib\win64.o\libboost_date_time.dll
0x00007ffe5caf0000 - 0x00007ffe5cb6f000 	C:\Xilinx\Vivado\2019.1\lib\win64.o\libboost_program_options.dll
0x00007ffe11c30000 - 0x00007ffe11d44000 	C:\Xilinx\Vivado\2019.1\lib\win64.o\libboost_regex.dll
0x00007ffe6d4e0000 - 0x00007ffe6d4eb000 	C:\Xilinx\Vivado\2019.1\lib\win64.o\libboost_system.dll
0x00007ffe5c5e0000 - 0x00007ffe5c601000 	C:\Xilinx\Vivado\2019.1\lib\win64.o\libboost_thread.dll
0x00007ffe6a6b0000 - 0x00007ffe6a6bf000 	C:\Xilinx\Vivado\2019.1\lib\win64.o\libboost_xilinx.dll
0x00007ffe56f20000 - 0x00007ffe56fa2000 	C:\Xilinx\Vivado\2019.1\lib\win64.o\libhdlpsolve.dll
0x00007ffe41c00000 - 0x00007ffe41ca5000 	C:\Xilinx\Vivado\2019.1\lib\win64.o\libhdxml.dll
0x00007ffe590f0000 - 0x00007ffe5911e000 	C:\Xilinx\Vivado\2019.1\lib\win64.o\libisl_sysinfo.dll
0x00007ffe58d60000 - 0x00007ffe58dc5000 	C:\Xilinx\Vivado\2019.1\lib\win64.o\liblmx6.0.dll
0x00007ffe02bd0000 - 0x00007ffe0377f400 	C:\Xilinx\Vivado\2019.1\lib\win64.o\libisl_iostreams.dll
0x00007ffe5cad0000 - 0x00007ffe5caea000 	C:\Xilinx\Vivado\2019.1\lib\win64.o\pthreadVC2.dll
0x00007ffe590c0000 - 0x00007ffe590e1000 	C:\Xilinx\Vivado\2019.1\lib\win64.o\librdizlib.dll
0x00007ffe5c5c0000 - 0x00007ffe5c5dc000 	C:\Xilinx\Vivado\2019.1\lib\win64.o\librdiconfig.dll
0x0000000012000000 - 0x0000000012270000 	C:\Xilinx\Vivado\2019.1\lib\win64.o\xerces-c_3_1.dll
0x00007ffe607b0000 - 0x00007ffe607c9000 	C:\WINDOWS\SYSTEM32\NETAPI32.dll
0x00007ffe613c0000 - 0x00007ffe61898000 	C:\WINDOWS\SYSTEM32\WININET.dll
0x00007ffe6ab50000 - 0x00007ffe6ac5d000 	C:\WINDOWS\SYSTEM32\WINHTTP.dll
0x00007ffe60800000 - 0x00007ffe609ec000 	C:\WINDOWS\SYSTEM32\urlmon.dll
0x00007ffe10510000 - 0x00007ffe107e8000 	C:\Xilinx\Vivado\2019.1\lib\win64.o\libXil_lmgr11.dll
0x00007ffe70e10000 - 0x00007ffe70eea000 	C:\WINDOWS\System32\COMDLG32.dll
0x00007ffe726c0000 - 0x00007ffe72a13000 	C:\WINDOWS\System32\combase.dll
0x00007ffdfa530000 - 0x00007ffdfa539000 	C:\WINDOWS\SYSTEM32\WSOCK32.dll
0x00007ffe72c80000 - 0x00007ffe72d2d000 	C:\WINDOWS\System32\shcore.dll
0x00007ffe56ee0000 - 0x00007ffe56f12000 	C:\WINDOWS\SYSTEM32\VCOMP140.DLL
0x00007ffe01d30000 - 0x00007ffe02bc1000 	C:\Xilinx\Vivado\2019.1\lib\win64.o\gurobi65.dll
0x00007ffe72a20000 - 0x00007ffe72a75000 	C:\WINDOWS\System32\SHLWAPI.dll
0x00007ffe71890000 - 0x00007ffe7195d000 	C:\WINDOWS\System32\OLEAUT32.dll
0x00007ffe71760000 - 0x00007ffe7188b000 	C:\WINDOWS\System32\ole32.dll
0x00007ffe70860000 - 0x00007ffe708c9000 	C:\WINDOWS\System32\WINTRUST.dll
0x00007ffe69a50000 - 0x00007ffe69a5d000 	C:\Xilinx\Vivado\2019.1\lib\win64.o\libboost_chrono.dll
0x00007ffe70b30000 - 0x00007ffe70c8c000 	C:\WINDOWS\System32\CRYPT32.dll
0x00007ffe57790000 - 0x00007ffe577ab000 	C:\Xilinx\Vivado\2019.1\lib\win64.o\libboost_iostreams.dll
0x00007ffe56eb0000 - 0x00007ffe56ed5000 	C:\Xilinx\Vivado\2019.1\lib\win64.o\libisl_iosutils.dll
0x00007ffe60620000 - 0x00007ffe60648000 	C:\WINDOWS\SYSTEM32\srvcli.dll
0x00007ffe601a0000 - 0x00007ffe6045e000 	C:\WINDOWS\SYSTEM32\iertutil.dll
0x00007ffe6f8c0000 - 0x00007ffe6f8cc000 	C:\WINDOWS\SYSTEM32\netutils.dll
0x00007ffe5d060000 - 0x00007ffe5d110000 	C:\WINDOWS\WinSxS\amd64_microsoft.windows.common-controls_6595b64144ccf1df_5.82.19041.4355_none_792ecafd2442822f\COMCTL32.dll
0x00007ffe6b570000 - 0x00007ffe6b58d000 	C:\WINDOWS\SYSTEM32\dhcpcsvc.DLL
0x00007ffe719f0000 - 0x00007ffe71a1f000 	C:\WINDOWS\System32\IMM32.DLL
0x00007ffe6ff00000 - 0x00007ffe6ff12000 	C:\WINDOWS\SYSTEM32\MSASN1.dll
0x00007ffe6e2b0000 - 0x00007ffe6e2c2000 	C:\WINDOWS\SYSTEM32\kernel.appcore.dll
0x00007ffe01810000 - 0x00007ffe01d27000 	C:\Xilinx\Vivado\2019.1\lib\win64.o\librdi_commontasks.dll
0x00007ffe68e20000 - 0x00007ffe68e2a000 	C:\WINDOWS\SYSTEM32\VERSION.dll
0x00007ffe08d00000 - 0x00007ffe08f86000 	C:\Xilinx\Vivado\2019.1\lib\win64.o\librdi_sio.dll
0x000000005e3b0000 - 0x000000005edd5000 	C:\Xilinx\Vivado\2019.1\tps\win64\jre9.0.4\bin\server\jvm.dll
0x00007ffe6f7b0000 - 0x00007ffe6f7eb000 	C:\WINDOWS\SYSTEM32\IPHLPAPI.DLL
0x00007ffe71500000 - 0x00007ffe71508000 	C:\WINDOWS\System32\PSAPI.DLL
0x00007ffe62d80000 - 0x00007ffe62da7000 	C:\WINDOWS\SYSTEM32\WINMM.dll
0x00007ffe6fad0000 - 0x00007ffe6fb3a000 	C:\WINDOWS\SYSTEM32\MSWSOCK.DLL
0x00007ffe11b40000 - 0x00007ffe11c2f000 	C:\Xilinx\Vivado\2019.1\tps\win64\jre9.0.4\bin\MSVCR120.dll
0x00007ffe6e4b0000 - 0x00007ffe6ec54000 	C:\WINDOWS\SYSTEM32\windows.storage.dll
0x00007ffe6fd70000 - 0x00007ffe6fd9e000 	C:\WINDOWS\SYSTEM32\Wldp.dll
0x00007ffdff350000 - 0x00007ffe0180c000 	C:\Xilinx\Vivado\2019.1\lib\win64.o\librdi_tcltasks.dll
0x00007ffe555b0000 - 0x00007ffe55628000 	C:\Xilinx\Vivado\2019.1\lib\win64.o\librdi_boarddep.dll
0x00007ffe11360000 - 0x00007ffe114f1000 	C:\Xilinx\Vivado\2019.1\lib\win64.o\librdi_board.dll
0x00007ffe11a50000 - 0x00007ffe11b3b000 	C:\Xilinx\Vivado\2019.1\lib\win64.o\librdi_chipscope.dll
0x00007ffdfef40000 - 0x00007ffdff348000 	C:\Xilinx\Vivado\2019.1\lib\win64.o\librdi_bitstream.dll
0x00007ffe10f30000 - 0x00007ffe110ed000 	C:\Xilinx\Vivado\2019.1\lib\win64.o\librdi_chipscopeimpl.dll
0x00007ffe0ec00000 - 0x00007ffe0ed56000 	C:\Xilinx\Vivado\2019.1\lib\win64.o\librdi_containers.dll
0x00007ffdfce70000 - 0x00007ffdfd54a000 	C:\Xilinx\Vivado\2019.1\lib\win64.o\librdi_coregenipxact.dll
0x00007ffdfd550000 - 0x00007ffdfef3a000 	C:\Xilinx\Vivado\2019.1\lib\win64.o\librdi_constraints.dll
0x00007ffdfcb50000 - 0x00007ffdfce6e000 	C:\Xilinx\Vivado\2019.1\lib\win64.o\librdi_dlyest.dll
0x00007ffdf4090000 - 0x00007ffdf5f41000 	C:\Xilinx\Vivado\2019.1\lib\win64.o\librdi_coregen.dll
0x00007ffd69630000 - 0x00007ffd6d673000 	C:\Xilinx\Vivado\2019.1\lib\win64.o\librdi_designutils.dll
0x00007ffdfc5b0000 - 0x00007ffdfcb4a000 	C:\Xilinx\Vivado\2019.1\lib\win64.o\librdi_drc.dll
0x00007ffe0e640000 - 0x00007ffe0e704000 	C:\Xilinx\Vivado\2019.1\lib\win64.o\librdi_dsp.dll
0x00007ffdf3da0000 - 0x00007ffdf4083000 	C:\Xilinx\Vivado\2019.1\lib\win64.o\librdi_guitools.dll
0x00007ffe4da70000 - 0x00007ffe4dad5000 	C:\Xilinx\Vivado\2019.1\lib\win64.o\librdi_hdf.dll
0x00007ffdfbf60000 - 0x00007ffdfc5ad000 	C:\Xilinx\Vivado\2019.1\lib\win64.o\librdi_filemgmt.dll
0x00007ffdf21c0000 - 0x00007ffdf27d5000 	C:\Xilinx\Vivado\2019.1\lib\win64.o\librdi_memdata.dll
0x00007ffe4ab10000 - 0x00007ffe4ab83000 	C:\Xilinx\Vivado\2019.1\lib\win64.o\librdi_memoryarray.dll
0x00007ffdf27e0000 - 0x00007ffdf3da0000 	C:\Xilinx\Vivado\2019.1\lib\win64.o\librdi_implflow.dll
0x00007ffd57200000 - 0x00007ffd6962c000 	C:\Xilinx\Vivado\2019.1\lib\win64.o\librdi_device.dll
0x00007ffdf1b10000 - 0x00007ffdf21b2000 	C:\Xilinx\Vivado\2019.1\lib\win64.o\librdi_netlist.dll
0x00007ffe4e190000 - 0x00007ffe4e1db000 	C:\Xilinx\Vivado\2019.1\lib\win64.o\librdi_pfi.dll
0x00007ffddc640000 - 0x00007ffddc94f000 	C:\Xilinx\Vivado\2019.1\lib\win64.o\librdi_platform.dll
0x00007ffd512f0000 - 0x00007ffd53966000 	C:\Xilinx\Vivado\2019.1\lib\win64.o\librdi_place.dll
0x00007ffd8e880000 - 0x00007ffd8efca000 	C:\Xilinx\Vivado\2019.1\lib\win64.o\librdi_power.dll
0x00007ffd50660000 - 0x00007ffd50d69000 	C:\Xilinx\Vivado\2019.1\lib\win64.o\librdi_psta.dll
0x00007ffd50d70000 - 0x00007ffd512ef000 	C:\Xilinx\Vivado\2019.1\lib\win64.o\librdi_project.dll
0x00007ffd4ff50000 - 0x00007ffd50656000 	C:\Xilinx\Vivado\2019.1\lib\win64.o\librdi_rsb.dll
0x00007ffd8e480000 - 0x00007ffd8e871000 	C:\Xilinx\Vivado\2019.1\lib\win64.o\librdi_runs.dll
0x00007ffe0e270000 - 0x00007ffe0e36a000 	C:\Xilinx\Vivado\2019.1\lib\win64.o\librdi_runsbase.dll
0x00007ffda4a10000 - 0x00007ffda4c66000 	C:\Xilinx\Vivado\2019.1\lib\win64.o\librdi_simdata.dll
0x00007ffe0d9b0000 - 0x00007ffe0db22000 	C:\Xilinx\Vivado\2019.1\lib\win64.o\librdi_advchipscopeimpl.dll
0x00007ffd4f130000 - 0x00007ffd4ff41000 	C:\Xilinx\Vivado\2019.1\lib\win64.o\librdi_timing.dll
0x00007ffe4d490000 - 0x00007ffe4d4dc000 	C:\Xilinx\Vivado\2019.1\lib\win64.o\libboost_serialization.dll
0x00007ffe0dc00000 - 0x00007ffe0dcc2000 	C:\Xilinx\Vivado\2019.1\lib\win64.o\librdi_ipconfig_readwrite.dll
0x00007ffdfa830000 - 0x00007ffdfa9cf000 	C:\Xilinx\Vivado\2019.1\lib\win64.o\librdi_hip_devdesign.dll
0x00007ffe11a00000 - 0x00007ffe11a43000 	C:\Xilinx\Vivado\2019.1\lib\win64.o\librdi_noc_frameworks.dll
0x00007ffd54510000 - 0x00007ffd571f6000 	C:\Xilinx\Vivado\2019.1\lib\win64.o\librdi_mig.dll
0x00007ffe0eac0000 - 0x00007ffe0eb5e000 	C:\Xilinx\Vivado\2019.1\lib\win64.o\libise.dll
0x00007ffd4e1f0000 - 0x00007ffd4e5d5000 	C:\Xilinx\Vivado\2019.1\lib\win64.o\librdi_hip_config.dll
0x00007ffd4dca0000 - 0x00007ffd4e1ee000 	C:\Xilinx\Vivado\2019.1\lib\win64.o\librdi_xdm.dll
0x00007ffd4e5e0000 - 0x00007ffd4f127000 	C:\Xilinx\Vivado\2019.1\lib\win64.o\libverific.dll
0x00007ffe52830000 - 0x00007ffe52870000 	C:\Xilinx\Vivado\2019.1\lib\win64.o\librdi_wavedata_SimpleApi.dll
0x00007ffd4d6a0000 - 0x00007ffd4dc9c000 	C:\Xilinx\Vivado\2019.1\lib\win64.o\librdi_wavedata.dll
0x00007ffe41bc0000 - 0x00007ffe41bff000 	C:\Xilinx\Vivado\2019.1\lib\win64.o\librdi_schedmon.dll
0x00007ffe0c8b0000 - 0x00007ffe0c938000 	C:\Xilinx\Vivado\2019.1\lib\win64.o\librdi_meir_core.dll

VM Arguments:
jvm_args: -Dsun.java2d.pmoffscreen=false -Dsun.java2d.xrender=false -Dsun.java2d.d3d=false -Dsun.awt.nopixfmt=true -Dsun.java2d.dpiaware=true -Dsun.java2d.uiScale.enabled=false -Xverify:none -Dswing.aatext=true -XX:-UsePerfData -Djdk.map.althashing.threshold=512 -XX:StringTableSize=4072 --add-opens=java.base/java.nio=ALL-UNNAMED --add-opens=java.desktop/sun.swing=ALL-UNNAMED --add-opens=java.desktop/javax.swing=ALL-UNNAMED --add-opens=java.desktop/javax.swing.tree=ALL-UNNAMED --add-opens=java.desktop/javax.swing.plaf.basic=ALL-UNNAMED --add-opens=java.desktop/javax.swing.plaf.synth=ALL-UNNAMED --add-opens=java.desktop/com.sun.awt=ALL-UNNAMED -XX:NewSize=60m -XX:MaxNewSize=60m -Xms128m -Xmx3072m -Xss5m 
java_command: <unknown>
java_class_path (initial): C:/Xilinx/Vivado/2019.1\lib\classes\alloy.jar;C:/Xilinx/Vivado/2019.1\lib\classes\autopilot.scelaborator.jar;C:/Xilinx/Vivado/2019.1\lib\classes\autopilot.sourceprocessor.jar;C:/Xilinx/Vivado/2019.1\lib\classes\autopilot.tbprocessor.jar;C:/Xilinx/Vivado/2019.1\lib\classes\batik-anim.jar;C:/Xilinx/Vivado/2019.1\lib\classes\batik-awt-util.jar;C:/Xilinx/Vivado/2019.1\lib\classes\batik-bridge.jar;C:/Xilinx/Vivado/2019.1\lib\classes\batik-codec.jar;C:/Xilinx/Vivado/2019.1\lib\classes\batik-css.jar;C:/Xilinx/Vivado/2019.1\lib\classes\batik-dom.jar;C:/Xilinx/Vivado/2019.1\lib\classes\batik-ext.jar;C:/Xilinx/Vivado/2019.1\lib\classes\batik-gui-util.jar;C:/Xilinx/Vivado/2019.1\lib\classes\batik-gvt.jar;C:/Xilinx/Vivado/2019.1\lib\classes\batik-parser.jar;C:/Xilinx/Vivado/2019.1\lib\classes\batik-script.jar;C:/Xilinx/Vivado/2019.1\lib\classes\batik-svg-dom.jar;C:/Xilinx/Vivado/2019.1\lib\classes\batik-swing.jar;C:/Xilinx/Vivado/2019.1\lib\classes\batik-transcoder.jar;C:/Xilinx/Vivado/2019.1\lib\classes\batik-util.jar;C:/Xilinx/Vivado/2019.1\lib\classes\batik-xml.jar;C:/Xilinx/Vivado/2019.1\lib\classes\com.google.gson_2.7.0.v20170129-0911.jar;C:/Xilinx/Vivado/2019.1\lib\classes\com.google.guava_21.0.0.v20170206-1425.jar;C:/Xilinx/Vivado/2019.1\lib\classes\com.google.inject_3.0.0.v201605172100.jar;C:/Xilinx/Vivado/2019.1\lib\classes\com.ibm.icu_4.4.2.v20110208.jar;C:/Xilinx/Vivado/2019.1\lib\classes\com.sigasi.hdt.annotations.runtime_4.3.0.201903071210.jar;C:/Xilinx/Vivado/2019.1\lib\classes\com.sigasi.hdt.blockdiagram.model_4.3.0.201903071210.jar;C:/Xilinx/Vivado/2019.1\lib\classes\com.sigasi.hdt.connection_4.3.0.201903071210.jar;C:/Xilinx/Vivado/2019.1\lib\classes\com.sigasi.hdt.dependencies.model_4.3.0.201903071210.jar;C:/Xilinx/Vivado/2019.1\lib\classes\com.sigasi.hdt.epl_4.3.0.201903071210.jar;C:/Xilinx/Vivado/2019.1\lib\classes\com.sigasi.hdt.graphics.model_4.3.0.201903071210.jar;C:/Xilinx/Vivado/2019.1\lib\classes\com.sigasi.hdt.project_4.3.0
Launcher Type: generic

Logging:
Log output configuration:
#0: stdout all=warning uptime,level,tags
#1: stderr all=off uptime,level,tags

Environment Variables:
PATH=C:/Xilinx/Vivado/2019.1/bin;C:/Xilinx/Vivado/2019.1/lib/win64.o;C:/Xilinx/Vivado/2019.1/tps/win64/jre9.0.4/bin/server;C:/Xilinx/Vivado/2019.1/tps/win64/jre9.0.4/bin;C:/Xilinx/SDK/2019.1/bin;C:/Xilinx/Vivado/2019.1/ids_lite/ISE/bin/nt64;C:/Xilinx/Vivado/2019.1/ids_lite/ISE/lib/nt64;C:\WINDOWS\system32;C:\WINDOWS;C:\WINDOWS\System32\Wbem;C:\WINDOWS\System32\WindowsPowerShell\v1.0\;C:\WINDOWS\System32\OpenSSH\;C:\Program Files\Git\cmd;C:\Users\sjh00\AppData\Local\Programs\Python\Python39;C:\Users\sjh00\AppData\Local\Programs\Python\Python39\Scripts;C:\Program Files\MATLAB\R2024b\bin;C:\Users\sjh00\AppData\Local\Microsoft\WindowsApps;D:\Microsoft VS Code\bin;;C:/Xilinx/Vivado/2019.1\tps\mingw\6.2.0\win64.o\nt\bin;C:/Xilinx/Vivado/2019.1\tps\mingw\6.2.0\win64.o\nt\libexec\gcc\x86_64-w64-mingw32\6.2.0;C:/Xilinx/Vivado/2019.1\tps\win64\python-2.7.5;C:/Xilinx/Vivado/2019.1\tps\win64\python-2.7.5\lib;C:/Xilinx/Vivado/2019.1\tps\win64\python-2.7.5\Lib\lib-tk;C:/Xilinx/Vivado/2019.1\tps\win64\python-2.7.5\lib\site-packages
USERNAME=sjh00
OS=Windows_NT
PROCESSOR_IDENTIFIER=AMD64 Family 25 Model 33 Stepping 0, AuthenticAMD



---------------  S Y S T E M  ---------------

OS: Windows 10 , 64 bit Build 19041 (10.0.19041.4957)

CPU:total 12 (initial active 12) (12 cores per cpu, 1 threads per core) family 25 model 33 stepping 0, cmov, cx8, fxsr, mmx, sse, sse2, sse3, ssse3, sse4.1, sse4.2, popcnt, avx, avx2, aes, clmul, erms, mmxext, 3dnowpref, lzcnt, sse4a, tsc, tscinvbit, tscinv, bmi1

Memory: 4k page, physical 16702292k(2660096k free), swap 37068592k(7147468k free)

vm_info: Java HotSpot(TM) 64-Bit Server VM (9.0.4+11) for windows-amd64 JRE (9.0.4+11), built on Dec 20 2017 02:18:54 by "mach5one" with MS VC++ 12.0 (VS2013)

END.
