#
# A fatal error has been detected by the Java Runtime Environment:
#
#  EXCEPTION_ACCESS_VIOLATION (0xc0000005) at pc=0x00007ffdfbe41439, pid=16452, tid=7784
#
# JRE version: Java(TM) SE Runtime Environment (9.0+11) (build 9.0.4+11)
# Java VM: Java HotSpot(TM) 64-Bit Server VM (9.0.4+11, mixed mode, tiered, compressed oops, g1 gc, windows-amd64)
# Problematic frame:
# C  0x00007ffdfbe41439
#
# No core dump will be written. Minidumps are not enabled by default on client versions of Windows
#
# If you would like to submit a bug report, please visit:
#   http://bugreport.java.com/bugreport/crash.jsp
# The crash happened outside the Java Virtual Machine in native code.
# See problematic frame for where to report the bug.
#

---------------  S U M M A R Y ------------

Command Line: -Dsun.java2d.pmoffscreen=false -Dsun.java2d.xrender=false -Dsun.java2d.d3d=false -Dsun.awt.nopixfmt=true -Dsun.java2d.dpiaware=true -Dsun.java2d.uiScale.enabled=false -Xverify:none -Dswing.aatext=true -XX:-UsePerfData -Djdk.map.althashing.threshold=512 -XX:StringTableSize=4072 --add-opens=java.base/java.nio=ALL-UNNAMED --add-opens=java.desktop/sun.swing=ALL-UNNAMED --add-opens=java.desktop/javax.swing=ALL-UNNAMED --add-opens=java.desktop/javax.swing.tree=ALL-UNNAMED --add-opens=java.desktop/javax.swing.plaf.basic=ALL-UNNAMED --add-opens=java.desktop/javax.swing.plaf.synth=ALL-UNNAMED --add-opens=java.desktop/com.sun.awt=ALL-UNNAMED -XX:NewSize=60m -XX:MaxNewSize=60m -Xms128m -Xmx3072m -Xss5m 

Host: AMD Ryzen 5 5600X 6-Core Processor             , 12 cores, 15G,  Windows 10 , 64 bit Build 19041 (10.0.19041.4957)
Time: Fri Nov 08 03:53:37 2024 ¢¥eCN©öI¡¾©ö C¡ÍA¨ª¨öA elapsed time: 279 seconds (0d 0h 4m 39s)

---------------  T H R E A D  ---------------

Current thread (0x000001fcd29f0000):  JavaThread "AWT-EventQueue-1" [_thread_in_native, id=7784, stack(0x000000a283800000,0x000000a283d00000)]

Stack: [0x000000a283800000,0x000000a283d00000],  sp=0x000000a283cf46b0,  free space=5073k
Native frames: (J=compiled Java code, j=interpreted, Vv=VM code, C=native code)
C  0x00007ffdfbe41439
C  0x00007ffdfbe55107
C  0x00007ffdfbe54e12
C  0x00007ffdfbe3ac06
C  [librdi_wavedata.dll+0x125e90]
C  [librdi_wavedata.dll+0x148744]
C  [librdi_wavedata.dll+0x1e1cce]
C  [librdi_wavedata.dll+0x1e1bef]
C  [librdi_wavedata.dll+0x20cb0a]
C  [librdi_wavedata.dll+0x20aede]
C  [librdi_wavedata.dll+0x26873b]
C  [librdi_wavedata.dll+0x26a153]
C  [librdi_wavedata.dll+0x242ea0]
C  [librdi_wavedata.dll+0x242f1d]
C  [librdi_wavedata.dll+0x242fc1]
C  [librdi_wavedata.dll+0x2695c4]
C  [librdi_wavedata.dll+0x239546]
C  [librdi_wavedata.dll+0x239315]
C  [librdi_wavedata.dll+0x275c1f]
C  0x000001fce3f7f83a

Java frames: (J=compiled Java code, j=interpreted, Vv=VM code)
J 18878  ui.views.waveform.waveformi.WVExecutive_getGraphicsDataSize(J)J (0 bytes) @ 0x000001fce3f7f7a1 [0x000001fce3f7f760+0x0000000000000041]
J 18877 c1 ui.views.waveform.executive.a.gEt()Ljava/io/ByteArrayInputStream; (93 bytes) @ 0x000001fcdcb980ac [0x000001fcdcb97fc0+0x00000000000000ec]
j  ui.views.waveform.b.a.gEf()V+7
J 18848 c1 ui.views.waveform.w.cRi()V (38 bytes) @ 0x000001fcdca832ec [0x000001fcdca82b80+0x000000000000076c]
J 18119 c1 ui.views.waveform.c.b.j(Lui/frmwork/b/i;)V (603 bytes) @ 0x000001fcde8aa2bc [0x000001fcde8a0ba0+0x000000000000971c]
J 18118 c1 ui.views.waveform.w.a(Lui/frmwork/b/i;)V (17 bytes) @ 0x000001fcdda28594 [0x000001fcdda284c0+0x00000000000000d4]
J 13816 c1 ui.frmwork.b.l.d(Lui/frmwork/b/i;)V (61 bytes) @ 0x000001fcdcac7b1c [0x000001fcdcac72c0+0x000000000000085c]
J 13801 c1 ui.frmwork.HTclEventBroker.i(JZ)V (471 bytes) @ 0x000001fcdd74162c [0x000001fcdd73ce40+0x00000000000047ec]
J 13803 c1 ui.frmwork.HTclEventBroker.fireTclEvent(J)I (113 bytes) @ 0x000001fcdcb7164c [0x000001fcdcb70e40+0x000000000000080c]
v  ~StubRoutines::call_stub
j  ui.views.waveform.waveformi.WVExecutive_processModelEvent(JJ)V+0
J 20405 c1 ui.views.waveform.c.b.eD(J)V (109 bytes) @ 0x000001fcddab0344 [0x000001fcddab0200+0x0000000000000144]
J 18119 c1 ui.views.waveform.c.b.j(Lui/frmwork/b/i;)V (603 bytes) @ 0x000001fcde8aaff4 [0x000001fcde8a0ba0+0x000000000000a454]
J 18118 c1 ui.views.waveform.w.a(Lui/frmwork/b/i;)V (17 bytes) @ 0x000001fcdda28594 [0x000001fcdda284c0+0x00000000000000d4]
J 13816 c1 ui.frmwork.b.l.d(Lui/frmwork/b/i;)V (61 bytes) @ 0x000001fcdcac7b1c [0x000001fcdcac72c0+0x000000000000085c]
J 13801 c1 ui.frmwork.HTclEventBroker.i(JZ)V (471 bytes) @ 0x000001fcdd74162c [0x000001fcdd73ce40+0x00000000000047ec]
J 19186 c1 ui.frmwork.HTclEventBroker$$Lambda$205.run()V (12 bytes) @ 0x000001fcdd61785c [0x000001fcdd617780+0x00000000000000dc]
J 13543 c2 java.awt.EventQueue$3.run()Ljava/lang/Object; java.desktop@9.0.4 (5 bytes) @ 0x000001fce3b4e4f4 [0x000001fce3b4e200+0x00000000000002f4]
v  ~StubRoutines::call_stub
J 4221  java.security.AccessController.doPrivileged(Ljava/security/PrivilegedAction;Ljava/security/AccessControlContext;)Ljava/lang/Object; java.base@9.0.4 (0 bytes) @ 0x000001fce3bfecc6 [0x000001fce3bfec60+0x0000000000000066]
J 13528 c2 ui.frmwork.b.d.dispatchEvent(Ljava/awt/AWTEvent;)V (34 bytes) @ 0x000001fce3c343a0 [0x000001fce3c33d80+0x0000000000000620]
J 19564 c2 java.awt.EventDispatchThread.pumpOneEventForFilters(I)V java.desktop@9.0.4 (218 bytes) @ 0x000001fce4bd9da0 [0x000001fce4bd9a80+0x0000000000000320]
j  java.awt.EventDispatchThread.pumpEventsForFilter(ILjava/awt/Conditional;Ljava/awt/EventFilter;)V+35 java.desktop@9.0.4
j  java.awt.EventDispatchThread.pumpEventsForFilter(Ljava/awt/Conditional;Ljava/awt/EventFilter;)V+4 java.desktop@9.0.4
j  java.awt.WaitDispatchSupport$2.run()V+59 java.desktop@9.0.4
j  java.awt.WaitDispatchSupport$4.run()Ljava/lang/Void;+4 java.desktop@9.0.4
j  java.awt.WaitDispatchSupport$4.run()Ljava/lang/Object;+1 java.desktop@9.0.4
v  ~StubRoutines::call_stub
J 1040  java.security.AccessController.doPrivileged(Ljava/security/PrivilegedAction;)Ljava/lang/Object; java.base@9.0.4 (0 bytes) @ 0x000001fce3a1a632 [0x000001fce3a1a5e0+0x0000000000000052]
j  java.awt.WaitDispatchSupport.enter()Z+260 java.desktop@9.0.4
j  java.awt.Dialog.show()V+225 java.desktop@9.0.4
J 9081 c1 java.awt.Component.setVisible(Z)V java.desktop@9.0.4 (6 bytes) @ 0x000001fcddb86dcc [0x000001fcddb86be0+0x00000000000001ec]
j  java.awt.Window.setVisible(Z)V+2 java.desktop@9.0.4
j  java.awt.Dialog.setVisible(Z)V+2 java.desktop@9.0.4
j  ui.b.c.g.setVisible(Z)V+2
j  ui.b.c.by.showDialog()V+64
j  ui.b.c.bF.actionPerformed(Ljava/awt/event/ActionEvent;)V+8
j  ui.b.c.by.cJI()V+396
j  ui.views.c.t.b.a.run()V+60
j  ui.frmwork.a.dWF()Z+66
j  ui.frmwork.V.dYl()V+42
j  ui.bk.actionPerformed(Ljava/awt/event/ActionEvent;)V+25
j  javax.swing.AbstractButton.fireActionPerformed(Ljava/awt/event/ActionEvent;)V+84 java.desktop@9.0.4
j  ui.utils.o.b.B.fireActionPerformed(Ljava/awt/event/ActionEvent;)V+7
j  javax.swing.AbstractButton$Handler.actionPerformed(Ljava/awt/event/ActionEvent;)V+5 java.desktop@9.0.4
j  javax.swing.DefaultButtonModel.fireActionPerformed(Ljava/awt/event/ActionEvent;)V+34 java.desktop@9.0.4
j  javax.swing.DefaultButtonModel.setPressed(Z)V+117 java.desktop@9.0.4
j  javax.swing.plaf.basic.BasicButtonListener.mouseReleased(Ljava/awt/event/MouseEvent;)V+35 java.desktop@9.0.4
j  com.jidesoft.plaf.basic.BasicJideButtonListener.mouseReleased(Ljava/awt/event/MouseEvent;)V+61
j  java.awt.AWTEventMulticaster.mouseReleased(Ljava/awt/event/MouseEvent;)V+8 java.desktop@9.0.4
j  java.awt.AWTEventMulticaster.mouseReleased(Ljava/awt/event/MouseEvent;)V+8 java.desktop@9.0.4
j  java.awt.AWTEventMulticaster.mouseReleased(Ljava/awt/event/MouseEvent;)V+8 java.desktop@9.0.4
j  java.awt.AWTEventMulticaster.mouseReleased(Ljava/awt/event/MouseEvent;)V+8 java.desktop@9.0.4
J 16110 c1 java.awt.Component.processMouseEvent(Ljava/awt/event/MouseEvent;)V java.desktop@9.0.4 (100 bytes) @ 0x000001fcddb85334 [0x000001fcddb84fa0+0x0000000000000394]
J 16109 c1 javax.swing.JComponent.processMouseEvent(Ljava/awt/event/MouseEvent;)V java.desktop@9.0.4 (27 bytes) @ 0x000001fcddb8176c [0x000001fcddb81560+0x000000000000020c]
J 12175 c2 java.awt.Container.processEvent(Ljava/awt/AWTEvent;)V java.desktop@9.0.4 (22 bytes) @ 0x000001fce43266c0 [0x000001fce43265a0+0x0000000000000120]
J 19592 c2 java.awt.Component.dispatchEventImpl(Ljava/awt/AWTEvent;)V java.desktop@9.0.4 (739 bytes) @ 0x000001fce4c03094 [0x000001fce4c027c0+0x00000000000008d4]
J 19571 c1 java.awt.Container.dispatchEventImpl(Ljava/awt/AWTEvent;)V java.desktop@9.0.4 (129 bytes) @ 0x000001fcdeb26e0c [0x000001fcdeb26ce0+0x000000000000012c]
J 13518 c2 java.awt.LightweightDispatcher.retargetMouseEvent(Ljava/awt/Component;ILjava/awt/event/MouseEvent;)V java.desktop@9.0.4 (350 bytes) @ 0x000001fce3c1c2a0 [0x000001fce3c1bce0+0x00000000000005c0]
J 19445 c2 java.awt.LightweightDispatcher.processMouseEvent(Ljava/awt/event/MouseEvent;)Z java.desktop@9.0.4 (265 bytes) @ 0x000001fce4bad668 [0x000001fce4bacf40+0x0000000000000728]
J 12121 c1 java.awt.LightweightDispatcher.dispatchEvent(Ljava/awt/AWTEvent;)Z java.desktop@9.0.4 (73 bytes) @ 0x000001fcde264f4c [0x000001fcde264b20+0x000000000000042c]
J 19571 c1 java.awt.Container.dispatchEventImpl(Ljava/awt/AWTEvent;)V java.desktop@9.0.4 (129 bytes) @ 0x000001fcdeb26dac [0x000001fcdeb26ce0+0x00000000000000cc]
J 18956 c2 java.awt.Window.dispatchEventImpl(Ljava/awt/AWTEvent;)V java.desktop@9.0.4 (23 bytes) @ 0x000001fce401fa0c [0x000001fce401f9c0+0x000000000000004c]
J 13543 c2 java.awt.EventQueue$3.run()Ljava/lang/Object; java.desktop@9.0.4 (5 bytes) @ 0x000001fce3b4e3bc [0x000001fce3b4e200+0x00000000000001bc]
v  ~StubRoutines::call_stub
J 4221  java.security.AccessController.doPrivileged(Ljava/security/PrivilegedAction;Ljava/security/AccessControlContext;)Ljava/lang/Object; java.base@9.0.4 (0 bytes) @ 0x000001fce3bfecc6 [0x000001fce3bfec60+0x0000000000000066]
J 18369 c2 java.awt.EventQueue$4.run()Ljava/lang/Object; java.desktop@9.0.4 (5 bytes) @ 0x000001fce4a7cc40 [0x000001fce4a7c9e0+0x0000000000000260]
v  ~StubRoutines::call_stub
J 4221  java.security.AccessController.doPrivileged(Ljava/security/PrivilegedAction;Ljava/security/AccessControlContext;)Ljava/lang/Object; java.base@9.0.4 (0 bytes) @ 0x000001fce3bfecc6 [0x000001fce3bfec60+0x0000000000000066]
J 13528 c2 ui.frmwork.b.d.dispatchEvent(Ljava/awt/AWTEvent;)V (34 bytes) @ 0x000001fce3c341c8 [0x000001fce3c33d80+0x0000000000000448]
J 19564 c2 java.awt.EventDispatchThread.pumpOneEventForFilters(I)V java.desktop@9.0.4 (218 bytes) @ 0x000001fce4bd9da0 [0x000001fce4bd9a80+0x0000000000000320]
j  java.awt.EventDispatchThread.pumpEventsForFilter(ILjava/awt/Conditional;Ljava/awt/EventFilter;)V+35 java.desktop@9.0.4
j  java.awt.EventDispatchThread.pumpEventsForHierarchy(ILjava/awt/Conditional;Ljava/awt/Component;)V+11 java.desktop@9.0.4
j  java.awt.EventDispatchThread.pumpEvents(ILjava/awt/Conditional;)V+4 java.desktop@9.0.4
j  java.awt.EventDispatchThread.pumpEvents(Ljava/awt/Conditional;)V+3 java.desktop@9.0.4
j  java.awt.EventDispatchThread.run()V+9 java.desktop@9.0.4
v  ~StubRoutines::call_stub

siginfo: EXCEPTION_ACCESS_VIOLATION (0xc0000005), reading address 0x0000000000000044


Register to memory mapping:

RIP=0x00007ffdfbe41439 is an unknown value
RAX=0x000001fcfaaef010 is an unknown value
RBX=0x000001fc95437b00 is an unknown value
RCX=0x0000000000000000 is an unknown value
RDX=0x000001fcf77a4b50 is an unknown value
RSP=0x000000a283cf46b0 is pointing into the stack for thread: 0x000001fcd29f0000
RBP=0x000000a283cf4850 is pointing into the stack for thread: 0x000001fcd29f0000
RSI=0x0000000000000000 is an unknown value
RDI=0x000000a283cf4810 is pointing into the stack for thread: 0x000001fcd29f0000
R8 =0x000000a283cf4750 is pointing into the stack for thread: 0x000001fcd29f0000
R9 =0x0000000000000018 is an unknown value
R10=0x0000000000000080 is an unknown value
R11=0xfb8040000000003f is an unknown value
R12=0x000001fd1f2d3a10 is an unknown value
R13=0x0000000000000001 is an unknown value
R14=0x000001fcf77a4b50 is an unknown value
R15=0x000000a283cf4750 is pointing into the stack for thread: 0x000001fcd29f0000


Registers:
RAX=0x000001fcfaaef010, RBX=0x000001fc95437b00, RCX=0x0000000000000000, RDX=0x000001fcf77a4b50
RSP=0x000000a283cf46b0, RBP=0x000000a283cf4850, RSI=0x0000000000000000, RDI=0x000000a283cf4810
R8 =0x000000a283cf4750, R9 =0x0000000000000018, R10=0x0000000000000080, R11=0xfb8040000000003f
R12=0x000001fd1f2d3a10, R13=0x0000000000000001, R14=0x000001fcf77a4b50, R15=0x000000a283cf4750
RIP=0x00007ffdfbe41439, EFLAGS=0x0000000000010202

Top of Stack: (sp=0x000000a283cf46b0)
0x000000a283cf46b0:   000000a283cf4de0 0000000000000000
0x000000a283cf46c0:   0000000000000000 000001fd1f2d3a10
0x000000a283cf46d0:   000001fc95437b00 0000000000000002
0x000000a283cf46e0:   fffffffffffffffe 00007ffe70c9fde6
0x000000a283cf46f0:   0000000000000000 00000000000004f8
0x000000a283cf4700:   000000a283cf4de0 0000000000007000
0x000000a283cf4710:   000000a283cf4810 00007ffdfbe55107
0x000000a283cf4720:   00000000000004f8 000001fc95437b00
0x000000a283cf4730:   000001fcfaaef010 000001fc8f8c2968
0x000000a283cf4740:   000001fc95437b00 00007ffdfbe54e12
0x000000a283cf4750:   000001fc95437b00 000001fc8f8c2940
0x000000a283cf4760:   0000000000000002 000001fc8f8c2940
0x000000a283cf4770:   000001fc8f8c2940 0000000000000000
0x000000a283cf4780:   0000000000000000 000001fd1f2d3a10
0x000000a283cf4790:   0000000000000000 000001fc8f8c3250
0x000000a283cf47a0:   0000000000000001 000001fc00000000 

Instructions: (pc=0x00007ffdfbe41439)
0x00007ffdfbe41419:   50 48 c7 44 24 30 fe ff ff ff 48 89 5c 24 78 48
0x00007ffdfbe41429:   89 b4 24 80 00 00 00 4d 8b f8 4c 8b f2 48 8b f1
0x00007ffdfbe41439:   83 79 44 00 75 07 33 c0 e9 da 00 00 00 33 db 39
0x00007ffdfbe41449:   59 44 75 04 8b c3 eb 06 48 8b 41 48 8b 00 8b d0 



---------------  P R O C E S S  ---------------

Java Threads: ( => current thread )
  0x000001fcfa3ae000 JavaThread "Relaunch Simulation" [_thread_blocked, id=7340, stack(0x000000a283d00000,0x000000a284200000)]
  0x000001fcfa3ad000 JavaThread "Monitor File Timestamp Swing Worker" [_thread_blocked, id=17488, stack(0x000000a287e00000,0x000000a288300000)]
  0x000001fcfa3ae800 JavaThread "Timer-0" [_thread_blocked, id=14696, stack(0x000000a287900000,0x000000a287e00000)]
  0x000001fcfa3b5800 JavaThread "SyntheticaAnimation 50" daemon [_thread_blocked, id=7352, stack(0x000000a285900000,0x000000a285e00000)]
  0x000001fcfa3b4000 JavaThread "Update Runs Swing Worker" [_thread_blocked, id=17744, stack(0x000000a287200000,0x000000a287700000)]
  0x000001fcfa3ac800 JavaThread "hw_ila_monitor" [_thread_blocked, id=19188, stack(0x000000a286800000,0x000000a286d00000)]
  0x000001fcfa3b1800 JavaThread "Refresh Filesets Swing Worker" [_thread_blocked, id=8872, stack(0x000000a286300000,0x000000a286800000)]
  0x000001fcfa3b3000 JavaThread "SyntheticaAnimation 70" daemon [_thread_blocked, id=21284, stack(0x000000a285e00000,0x000000a286300000)]
  0x000001fcd4d31000 JavaThread "SyntheticaAnimation 25" daemon [_thread_blocked, id=15712, stack(0x000000a285400000,0x000000a285900000)]
  0x000001fcd4d36800 JavaThread "SyntheticaAnimation 50" daemon [_thread_blocked, id=1780, stack(0x000000a284f00000,0x000000a285400000)]
  0x000001fcd4d30800 JavaThread "Monitor HEventQueue" [_thread_blocked, id=4316, stack(0x000000a284a00000,0x000000a284f00000)]
  0x000001fcd4d33800 JavaThread "SyntheticaCleanerThread" daemon [_thread_blocked, id=19080, stack(0x000000a284200000,0x000000a284700000)]
  0x000001fcd4d34000 JavaThread "Batik CleanerThread" daemon [_thread_blocked, id=6360, stack(0x000000a282e00000,0x000000a283300000)]
=>0x000001fcd29f0000 JavaThread "AWT-EventQueue-1" [_thread_in_native, id=7784, stack(0x000000a283800000,0x000000a283d00000)]
  0x000001fcd2222800 JavaThread "Process Messages" [_thread_blocked, id=23764, stack(0x000000a283300000,0x000000a283800000)]
  0x000001fcf6dee000 JavaThread "Thread-1" [_thread_in_native, id=21048, stack(0x000000a2fbc00000,0x000000a2fd000000)]
  0x000001fcf6c97000 JavaThread "TimerQueue" daemon [_thread_blocked, id=3668, stack(0x000000a282400000,0x000000a282900000)]
  0x000001fccc49d800 JavaThread "AWT-Windows" daemon [_thread_in_native, id=3908, stack(0x000000a281f00000,0x000000a282400000)]
  0x000001fcd210c000 JavaThread "AWT-Shutdown" [_thread_blocked, id=21744, stack(0x000000a281a00000,0x000000a281f00000)]
  0x000001fcd210b800 JavaThread "Java2D Disposer" daemon [_thread_blocked, id=15912, stack(0x000000a281500000,0x000000a281a00000)]
  0x000001fccc007800 JavaThread "Service Thread" daemon [_thread_blocked, id=12200, stack(0x000000a280f00000,0x000000a281400000)]
  0x000001fcd03ec000 JavaThread "Common-Cleaner" daemon [_thread_blocked, id=22900, stack(0x000000a280a00000,0x000000a280f00000)]
  0x000001fcd4d2f800 JavaThread "Sweeper thread" daemon [_thread_blocked, id=11988, stack(0x000000a280500000,0x000000a280a00000)]
  0x000001fcd03eb800 JavaThread "C1 CompilerThread3" daemon [_thread_blocked, id=17300, stack(0x000000a2fff00000,0x000000a300000000)]
  0x000001fcd03ea800 JavaThread "C2 CompilerThread2" daemon [_thread_blocked, id=20736, stack(0x000000a2ffe00000,0x000000a2fff00000)]
  0x000001fcd03ea000 JavaThread "C2 CompilerThread1" daemon [_thread_blocked, id=18720, stack(0x000000a2ffd00000,0x000000a2ffe00000)]
  0x000001fcd03e9000 JavaThread "C2 CompilerThread0" daemon [_thread_blocked, id=21600, stack(0x000000a2ffc00000,0x000000a2ffd00000)]
  0x000001fcd03e8800 JavaThread "Attach Listener" daemon [_thread_blocked, id=19452, stack(0x000000a280000000,0x000000a280500000)]
  0x000001fcd03ef000 JavaThread "Signal Dispatcher" daemon [_thread_blocked, id=13600, stack(0x000000a2ff700000,0x000000a2ffc00000)]
  0x000001fcd03e7800 JavaThread "Finalizer" daemon [_thread_blocked, id=2336, stack(0x000000a2ff200000,0x000000a2ff700000)]
  0x000001fcd03e6800 JavaThread "Reference Handler" daemon [_thread_blocked, id=18020, stack(0x000000a2fed00000,0x000000a2ff200000)]
  0x000001fccbfb4800 JavaThread "main" [_thread_blocked, id=5492, stack(0x000000a2fbb00000,0x000000a2fbc00000)]

Other Threads:
  0x000001fcd03d5800 VMThread "VM Thread" [stack: 0x000000a2fec00000,0x000000a2fed00000] [id=4888]
  0x000001fccc120800 WatcherThread [stack: 0x000000a281400000,0x000000a281500000] [id=21468]
  0x000001fcc9ce0800 GCTaskThread "GC Thread#0" [stack: 0x000000a2fd300000,0x000000a2fd400000] [id=16428]
  0x000001fcd4d17800 GCTaskThread "GC Thread#1" [stack: 0x000000a2fd400000,0x000000a2fd500000] [id=7896]
  0x000001fcd4d18000 GCTaskThread "GC Thread#2" [stack: 0x000000a2fd500000,0x000000a2fd600000] [id=22548]
  0x000001fcd4d18800 GCTaskThread "GC Thread#3" [stack: 0x000000a2fd600000,0x000000a2fd700000] [id=17680]
  0x000001fcd4d16000 GCTaskThread "GC Thread#4" [stack: 0x000000a2fd700000,0x000000a2fd800000] [id=14944]
  0x000001fcd4d15800 GCTaskThread "GC Thread#5" [stack: 0x000000a2fd800000,0x000000a2fd900000] [id=10876]
  0x000001fcd4d17000 GCTaskThread "GC Thread#6" [stack: 0x000000a2fd900000,0x000000a2fda00000] [id=12452]
  0x000001fcd4d19800 GCTaskThread "GC Thread#7" [stack: 0x000000a2fda00000,0x000000a2fdb00000] [id=1524]
  0x000001fcd4d14800 GCTaskThread "GC Thread#8" [stack: 0x000000a2fdb00000,0x000000a2fdc00000] [id=12728]
  0x000001fcd4d1a000 GCTaskThread "GC Thread#9" [stack: 0x000000a2fdc00000,0x000000a2fdd00000] [id=7444]
  0x000001fcd047b800 ConcurrentGCThread "G1 Main Marker" [stack: 0x000000a2fe800000,0x000000a2fe900000] [id=13256]
  0x000001fcd4d15000 ConcurrentGCThread "G1 Marker#0" [stack: 0x000000a2fe900000,0x000000a2fea00000] [id=22844]
  0x000001fcd4d1a800 ConcurrentGCThread "G1 Marker#1" [stack: 0x000000a2fea00000,0x000000a2feb00000] [id=6400]
  0x000001fcd4d13800 ConcurrentGCThread "G1 Marker#2" [stack: 0x000000a2feb00000,0x000000a2fec00000] [id=2340]
  0x000001fcd4f0c800 ConcurrentGCThread "G1 Refine#0" [stack: 0x000000a2fe600000,0x000000a2fe700000] [id=24108]
  0x000001fcd4f0b800 ConcurrentGCThread "G1 Refine#1" [stack: 0x000000a2fe500000,0x000000a2fe600000] [id=12632]
  0x000001fcd5003800 ConcurrentGCThread "G1 Refine#2" [stack: 0x000000a2fe400000,0x000000a2fe500000] [id=10796]
  0x000001fcd01b3800 ConcurrentGCThread "G1 Refine#3" [stack: 0x000000a2fe300000,0x000000a2fe400000] [id=21992]
  0x000001fcd01b3000 ConcurrentGCThread "G1 Refine#4" [stack: 0x000000a2fe200000,0x000000a2fe300000] [id=8484]
  0x000001fcd4b2a000 ConcurrentGCThread "G1 Refine#5" [stack: 0x000000a2fe100000,0x000000a2fe200000] [id=10220]
  0x000001fcd4b29800 ConcurrentGCThread "G1 Refine#6" [stack: 0x000000a2fe000000,0x000000a2fe100000] [id=11772]
  0x000001fcd4a0e000 ConcurrentGCThread "G1 Refine#7" [stack: 0x000000a2fdf00000,0x000000a2fe000000] [id=11116]
  0x000001fcd4a0d800 ConcurrentGCThread "G1 Refine#8" [stack: 0x000000a2fde00000,0x000000a2fdf00000] [id=15012]
  0x000001fcd483f800 ConcurrentGCThread "G1 Refine#9" [stack: 0x000000a2fdd00000,0x000000a2fde00000] [id=12056]
  0x000001fcd0476800 ConcurrentGCThread "G1 Young RemSet Sampling" [stack: 0x000000a2fe700000,0x000000a2fe800000] [id=1716]

Threads with active compile tasks:

VM state:not at safepoint (normal execution)

VM Mutex/Monitor currently owned by a thread: None

Heap address: 0x0000000700000000, size: 3072 MB, Compressed Oops mode: Zero based, Oop shift amount: 3
Narrow klass base: 0x0000000000000000, Narrow klass shift: 3
Compressed class space size: 1073741824 Address: 0x00000007c0000000

Heap:
 garbage-first heap   total 194560K, used 122669K [0x0000000700000000, 0x00000007001005f0, 0x00000007c0000000)
  region size 1024K, 44 young (45056K), 2 survivors (2048K)
 Metaspace       used 81882K, capacity 87817K, committed 88008K, reserved 1124352K
  class space    used 11160K, capacity 12183K, committed 12232K, reserved 1048576K
Heap Regions: E=young(eden), S=young(survivor), O=old, HS=humongous(starts), HC=humongous(continues), CS=collection set, F=free, A=archive, TS=gc time stamp, AC=allocation context, TAMS=top-at-mark-start (previous, next)
|   0|0x0000000700000000, 0x00000007000ff948, 0x0000000700100000| 99%| O|  |TS  0|AC  0|TAMS 0x0000000700000000, 0x0000000700000000|
|   1|0x0000000700100000, 0x0000000700200000, 0x0000000700200000|100%|HS|  |TS  0|AC  0|TAMS 0x0000000700100000, 0x0000000700100000|
|   2|0x0000000700200000, 0x0000000700300000, 0x0000000700300000|100%|HC|  |TS  0|AC  0|TAMS 0x0000000700200000, 0x0000000700200000|
|   3|0x0000000700300000, 0x0000000700400000, 0x0000000700400000|100%|HS|  |TS  0|AC  0|TAMS 0x0000000700300000, 0x0000000700300000|
|   4|0x0000000700400000, 0x00000007004fffc0, 0x0000000700500000| 99%| O|  |TS  0|AC  0|TAMS 0x0000000700400000, 0x0000000700400000|
|   5|0x0000000700500000, 0x00000007005fffe8, 0x0000000700600000| 99%| O|  |TS  0|AC  0|TAMS 0x0000000700500000, 0x0000000700500000|
|   6|0x0000000700600000, 0x00000007006ffff8, 0x0000000700700000| 99%| O|  |TS  0|AC  0|TAMS 0x0000000700600000, 0x0000000700600000|
|   7|0x0000000700700000, 0x00000007007fffd8, 0x0000000700800000| 99%| O|  |TS  0|AC  0|TAMS 0x0000000700700000, 0x0000000700700000|
|   8|0x0000000700800000, 0x00000007008fffe0, 0x0000000700900000| 99%| O|  |TS  0|AC  0|TAMS 0x0000000700800000, 0x0000000700800000|
|   9|0x0000000700900000, 0x00000007009fff30, 0x0000000700a00000| 99%| O|  |TS  0|AC  0|TAMS 0x0000000700900000, 0x0000000700900000|
|  10|0x0000000700a00000, 0x0000000700afffd0, 0x0000000700b00000| 99%| O|  |TS  0|AC  0|TAMS 0x0000000700a00000, 0x0000000700a00000|
|  11|0x0000000700b00000, 0x0000000700bffff0, 0x0000000700c00000| 99%| O|  |TS  0|AC  0|TAMS 0x0000000700b00000, 0x0000000700b00000|
|  12|0x0000000700c00000, 0x0000000700cfc3c8, 0x0000000700d00000| 98%| O|  |TS  0|AC  0|TAMS 0x0000000700c00000, 0x0000000700c00000|
|  13|0x0000000700d00000, 0x0000000700dfffd0, 0x0000000700e00000| 99%| O|  |TS  0|AC  0|TAMS 0x0000000700d00000, 0x0000000700d00000|
|  14|0x0000000700e00000, 0x0000000700eff8f0, 0x0000000700f00000| 99%| O|  |TS  0|AC  0|TAMS 0x0000000700e00000, 0x0000000700e00000|
|  15|0x0000000700f00000, 0x0000000700fec420, 0x0000000701000000| 92%| O|  |TS  0|AC  0|TAMS 0x0000000700f00000, 0x0000000700f00000|
|  16|0x0000000701000000, 0x00000007010ffff0, 0x0000000701100000| 99%| O|  |TS  0|AC  0|TAMS 0x0000000701000000, 0x0000000701000000|
|  17|0x0000000701100000, 0x00000007011fffe8, 0x0000000701200000| 99%| O|  |TS  0|AC  0|TAMS 0x0000000701100000, 0x0000000701100000|
|  18|0x0000000701200000, 0x00000007012fffe0, 0x0000000701300000| 99%| O|  |TS  0|AC  0|TAMS 0x0000000701200000, 0x0000000701200000|
|  19|0x0000000701300000, 0x00000007013fffd0, 0x0000000701400000| 99%| O|  |TS  0|AC  0|TAMS 0x0000000701300000, 0x0000000701300000|
|  20|0x0000000701400000, 0x00000007014ffff8, 0x0000000701500000| 99%| O|  |TS  0|AC  0|TAMS 0x0000000701400000, 0x0000000701400000|
|  21|0x0000000701500000, 0x0000000701600000, 0x0000000701600000|100%| O|  |TS  0|AC  0|TAMS 0x0000000701500000, 0x0000000701500000|
|  22|0x0000000701600000, 0x0000000701700000, 0x0000000701700000|100%| O|  |TS  0|AC  0|TAMS 0x0000000701600000, 0x0000000701600000|
|  23|0x0000000701700000, 0x00000007017ffff0, 0x0000000701800000| 99%| O|  |TS  0|AC  0|TAMS 0x0000000701700000, 0x0000000701700000|
|  24|0x0000000701800000, 0x00000007018fffd8, 0x0000000701900000| 99%| O|  |TS  0|AC  0|TAMS 0x0000000701800000, 0x0000000701800000|
|  25|0x0000000701900000, 0x00000007019ffff0, 0x0000000701a00000| 99%| O|  |TS  0|AC  0|TAMS 0x0000000701900000, 0x0000000701900000|
|  26|0x0000000701a00000, 0x0000000701afffd8, 0x0000000701b00000| 99%| O|  |TS  0|AC  0|TAMS 0x0000000701a00000, 0x0000000701a00000|
|  27|0x0000000701b00000, 0x0000000701bfffc8, 0x0000000701c00000| 99%| O|  |TS  0|AC  0|TAMS 0x0000000701b00000, 0x0000000701b00000|
|  28|0x0000000701c00000, 0x0000000701cfffd0, 0x0000000701d00000| 99%| O|  |TS  0|AC  0|TAMS 0x0000000701c00000, 0x0000000701c00000|
|  29|0x0000000701d00000, 0x0000000701dfffd8, 0x0000000701e00000| 99%| O|  |TS  0|AC  0|TAMS 0x0000000701d00000, 0x0000000701d00000|
|  30|0x0000000701e00000, 0x0000000701f00000, 0x0000000701f00000|100%| O|  |TS  0|AC  0|TAMS 0x0000000701e00000, 0x0000000701e00000|
|  31|0x0000000701f00000, 0x0000000702000000, 0x0000000702000000|100%| O|  |TS  0|AC  0|TAMS 0x0000000701f00000, 0x0000000701f00000|
|  32|0x0000000702000000, 0x00000007020fff80, 0x0000000702100000| 99%| O|  |TS  0|AC  0|TAMS 0x0000000702000000, 0x0000000702000000|
|  33|0x0000000702100000, 0x0000000702200000, 0x0000000702200000|100%| O|  |TS  0|AC  0|TAMS 0x0000000702100000, 0x0000000702100000|
|  34|0x0000000702200000, 0x00000007022fffe8, 0x0000000702300000| 99%| O|  |TS  0|AC  0|TAMS 0x0000000702200000, 0x0000000702200000|
|  35|0x0000000702300000, 0x00000007023ffff8, 0x0000000702400000| 99%| O|  |TS  0|AC  0|TAMS 0x0000000702300000, 0x0000000702300000|
|  36|0x0000000702400000, 0x00000007024ffe88, 0x0000000702500000| 99%| O|  |TS  0|AC  0|TAMS 0x0000000702400000, 0x0000000702400000|
|  37|0x0000000702500000, 0x00000007025ffff8, 0x0000000702600000| 99%| O|  |TS  0|AC  0|TAMS 0x0000000702500000, 0x0000000702500000|
|  38|0x0000000702600000, 0x00000007026f3728, 0x0000000702700000| 95%| O|  |TS  0|AC  0|TAMS 0x0000000702600000, 0x0000000702600000|
|  39|0x0000000702700000, 0x0000000702800000, 0x0000000702800000|100%| O|  |TS  0|AC  0|TAMS 0x0000000702700000, 0x0000000702700000|
|  40|0x0000000702800000, 0x00000007028fffe0, 0x0000000702900000| 99%| O|  |TS  0|AC  0|TAMS 0x0000000702800000, 0x0000000702800000|
|  41|0x0000000702900000, 0x0000000702a00000, 0x0000000702a00000|100%| O|  |TS  0|AC  0|TAMS 0x0000000702900000, 0x0000000702900000|
|  42|0x0000000702a00000, 0x0000000702affff8, 0x0000000702b00000| 99%| O|  |TS  0|AC  0|TAMS 0x0000000702a00000, 0x0000000702a00000|
|  43|0x0000000702b00000, 0x0000000702bffff0, 0x0000000702c00000| 99%| O|  |TS  0|AC  0|TAMS 0x0000000702b00000, 0x0000000702b00000|
|  44|0x0000000702c00000, 0x0000000702d00000, 0x0000000702d00000|100%|HS|  |TS  0|AC  0|TAMS 0x0000000702c00000, 0x0000000702c00000|
|  45|0x0000000702d00000, 0x0000000702e00000, 0x0000000702e00000|100%|HC|  |TS  0|AC  0|TAMS 0x0000000702d00000, 0x0000000702d00000|
|  46|0x0000000702e00000, 0x0000000702f00000, 0x0000000702f00000|100%|HC|  |TS  0|AC  0|TAMS 0x0000000702e00000, 0x0000000702e00000|
|  47|0x0000000702f00000, 0x0000000703000000, 0x0000000703000000|100%|HC|  |TS  0|AC  0|TAMS 0x0000000702f00000, 0x0000000702f00000|
|  48|0x0000000703000000, 0x0000000703100000, 0x0000000703100000|100%|HC|  |TS  0|AC  0|TAMS 0x0000000703000000, 0x0000000703000000|
|  49|0x0000000703100000, 0x0000000703200000, 0x0000000703200000|100%|HC|  |TS  0|AC  0|TAMS 0x0000000703100000, 0x0000000703100000|
|  50|0x0000000703200000, 0x0000000703300000, 0x0000000703300000|100%|HC|  |TS  0|AC  0|TAMS 0x0000000703200000, 0x0000000703200000|
|  51|0x0000000703300000, 0x0000000703400000, 0x0000000703400000|100%|HC|  |TS  0|AC  0|TAMS 0x0000000703300000, 0x0000000703300000|
|  52|0x0000000703400000, 0x0000000703500000, 0x0000000703500000|100%|HC|  |TS  0|AC  0|TAMS 0x0000000703400000, 0x0000000703400000|
|  53|0x0000000703500000, 0x0000000703600000, 0x0000000703600000|100%|HC|  |TS  0|AC  0|TAMS 0x0000000703500000, 0x0000000703500000|
|  54|0x0000000703600000, 0x0000000703700000, 0x0000000703700000|100%|HC|  |TS  0|AC  0|TAMS 0x0000000703600000, 0x0000000703600000|
|  55|0x0000000703700000, 0x0000000703800000, 0x0000000703800000|100%|HC|  |TS  0|AC  0|TAMS 0x0000000703700000, 0x0000000703700000|
|  56|0x0000000703800000, 0x00000007038feb78, 0x0000000703900000| 99%| O|  |TS  0|AC  0|TAMS 0x0000000703800000, 0x0000000703800000|
|  57|0x0000000703900000, 0x0000000703a00000, 0x0000000703a00000|100%| O|  |TS  0|AC  0|TAMS 0x0000000703900000, 0x0000000703900000|
|  58|0x0000000703a00000, 0x0000000703affff0, 0x0000000703b00000| 99%| O|  |TS  0|AC  0|TAMS 0x0000000703a00000, 0x0000000703a00000|
|  59|0x0000000703b00000, 0x0000000703bfd8c8, 0x0000000703c00000| 99%| O|  |TS  0|AC  0|TAMS 0x0000000703b00000, 0x0000000703b00000|
|  60|0x0000000703c00000, 0x0000000703cffff0, 0x0000000703d00000| 99%| O|  |TS  0|AC  0|TAMS 0x0000000703c00000, 0x0000000703c00000|
|  61|0x0000000703d00000, 0x0000000703e00000, 0x0000000703e00000|100%| O|  |TS  0|AC  0|TAMS 0x0000000703d00000, 0x0000000703d00000|
|  62|0x0000000703e00000, 0x0000000703effff8, 0x0000000703f00000| 99%| O|  |TS  0|AC  0|TAMS 0x0000000703e00000, 0x0000000703e00000|
|  63|0x0000000703f00000, 0x0000000703fffff0, 0x0000000704000000| 99%| O|  |TS  0|AC  0|TAMS 0x0000000703f00000, 0x0000000703f00000|
|  64|0x0000000704000000, 0x00000007040ffff8, 0x0000000704100000| 99%| O|  |TS  0|AC  0|TAMS 0x0000000704000000, 0x0000000704000000|
|  65|0x0000000704100000, 0x0000000704200000, 0x0000000704200000|100%| O|  |TS  0|AC  0|TAMS 0x0000000704100000, 0x0000000704100000|
|  66|0x0000000704200000, 0x00000007042ffff0, 0x0000000704300000| 99%| O|  |TS  0|AC  0|TAMS 0x0000000704200000, 0x0000000704200000|
|  67|0x0000000704300000, 0x00000007043fffd8, 0x0000000704400000| 99%| O|  |TS  0|AC  0|TAMS 0x0000000704300000, 0x0000000704300000|
|  68|0x0000000704400000, 0x00000007044b43a0, 0x0000000704500000| 70%| O|  |TS  0|AC  0|TAMS 0x0000000704400000, 0x0000000704400000|
|  69|0x0000000704500000, 0x0000000704600000, 0x0000000704600000|100%|HS|  |TS  0|AC  0|TAMS 0x0000000704500000, 0x0000000704500000|
|  70|0x0000000704600000, 0x0000000704600000, 0x0000000704700000|  0%| F|  |TS  0|AC  0|TAMS 0x0000000704600000, 0x0000000704600000|
|  71|0x0000000704700000, 0x0000000704700000, 0x0000000704800000|  0%| F|  |TS  0|AC  0|TAMS 0x0000000704700000, 0x0000000704700000|
|  72|0x0000000704800000, 0x0000000704800000, 0x0000000704900000|  0%| F|  |TS  0|AC  0|TAMS 0x0000000704800000, 0x0000000704800000|
|  73|0x0000000704900000, 0x0000000704900000, 0x0000000704a00000|  0%| F|  |TS  0|AC  0|TAMS 0x0000000704900000, 0x0000000704900000|
|  74|0x0000000704a00000, 0x0000000704a00000, 0x0000000704b00000|  0%| F|  |TS  0|AC  0|TAMS 0x0000000704a00000, 0x0000000704a00000|
|  75|0x0000000704b00000, 0x0000000704b00000, 0x0000000704c00000|  0%| F|  |TS  0|AC  0|TAMS 0x0000000704b00000, 0x0000000704b00000|
|  76|0x0000000704c00000, 0x0000000704c00000, 0x0000000704d00000|  0%| F|  |TS  0|AC  0|TAMS 0x0000000704c00000, 0x0000000704c00000|
|  77|0x0000000704d00000, 0x0000000704d00000, 0x0000000704e00000|  0%| F|  |TS  0|AC  0|TAMS 0x0000000704d00000, 0x0000000704d00000|
|  78|0x0000000704e00000, 0x0000000704f00000, 0x0000000704f00000|100%|HS|  |TS  0|AC  0|TAMS 0x0000000704e00000, 0x0000000704e00000|
|  79|0x0000000704f00000, 0x0000000705000000, 0x0000000705000000|100%|HC|  |TS  0|AC  0|TAMS 0x0000000704f00000, 0x0000000704f00000|
|  80|0x0000000705000000, 0x0000000705100000, 0x0000000705100000|100%|HC|  |TS  0|AC  0|TAMS 0x0000000705000000, 0x0000000705000000|
|  81|0x0000000705100000, 0x0000000705200000, 0x0000000705200000|100%|HC|  |TS  0|AC  0|TAMS 0x0000000705100000, 0x0000000705100000|
|  82|0x0000000705200000, 0x0000000705200000, 0x0000000705300000|  0%| F|  |TS  0|AC  0|TAMS 0x0000000705200000, 0x0000000705200000|
|  83|0x0000000705300000, 0x0000000705300000, 0x0000000705400000|  0%| F|  |TS  0|AC  0|TAMS 0x0000000705300000, 0x0000000705300000|
|  84|0x0000000705400000, 0x0000000705400000, 0x0000000705500000|  0%| F|  |TS  0|AC  0|TAMS 0x0000000705400000, 0x0000000705400000|
|  85|0x0000000705500000, 0x0000000705500000, 0x0000000705600000|  0%| F|  |TS  0|AC  0|TAMS 0x0000000705500000, 0x0000000705500000|
|  86|0x0000000705600000, 0x0000000705600000, 0x0000000705700000|  0%| F|  |TS  0|AC  0|TAMS 0x0000000705600000, 0x0000000705600000|
|  87|0x0000000705700000, 0x0000000705700000, 0x0000000705800000|  0%| F|  |TS  0|AC  0|TAMS 0x0000000705700000, 0x0000000705700000|
|  88|0x0000000705800000, 0x0000000705800000, 0x0000000705900000|  0%| F|  |TS  0|AC  0|TAMS 0x0000000705800000, 0x0000000705800000|
|  89|0x0000000705900000, 0x0000000705a00000, 0x0000000705a00000|100%|HS|  |TS  0|AC  0|TAMS 0x0000000705900000, 0x0000000705900000|
|  90|0x0000000705a00000, 0x0000000705b00000, 0x0000000705b00000|100%|HC|  |TS  0|AC  0|TAMS 0x0000000705a00000, 0x0000000705a00000|
|  91|0x0000000705b00000, 0x0000000705c00000, 0x0000000705c00000|100%|HC|  |TS  0|AC  0|TAMS 0x0000000705b00000, 0x0000000705b00000|
|  92|0x0000000705c00000, 0x0000000705d00000, 0x0000000705d00000|100%|HC|  |TS  0|AC  0|TAMS 0x0000000705c00000, 0x0000000705c00000|
|  93|0x0000000705d00000, 0x0000000705d00000, 0x0000000705e00000|  0%| F|  |TS  0|AC  0|TAMS 0x0000000705d00000, 0x0000000705d00000|
|  94|0x0000000705e00000, 0x0000000705e00000, 0x0000000705f00000|  0%| F|  |TS  0|AC  0|TAMS 0x0000000705e00000, 0x0000000705e00000|
|  95|0x0000000705f00000, 0x0000000705f00000, 0x0000000706000000|  0%| F|  |TS  0|AC  0|TAMS 0x0000000705f00000, 0x0000000705f00000|
|  96|0x0000000706000000, 0x0000000706000000, 0x0000000706100000|  0%| F|  |TS  0|AC  0|TAMS 0x0000000706000000, 0x0000000706000000|
|  97|0x0000000706100000, 0x0000000706100000, 0x0000000706200000|  0%| F|  |TS  0|AC  0|TAMS 0x0000000706100000, 0x0000000706100000|
|  98|0x0000000706200000, 0x0000000706200000, 0x0000000706300000|  0%| F|  |TS  0|AC  0|TAMS 0x0000000706200000, 0x0000000706200000|
|  99|0x0000000706300000, 0x0000000706300000, 0x0000000706400000|  0%| F|  |TS  0|AC  0|TAMS 0x0000000706300000, 0x0000000706300000|
| 100|0x0000000706400000, 0x0000000706400000, 0x0000000706500000|  0%| F|  |TS  0|AC  0|TAMS 0x0000000706400000, 0x0000000706400000|
| 101|0x0000000706500000, 0x0000000706500000, 0x0000000706600000|  0%| F|  |TS  0|AC  0|TAMS 0x0000000706500000, 0x0000000706500000|
| 102|0x0000000706600000, 0x0000000706600000, 0x0000000706700000|  0%| F|  |TS  0|AC  0|TAMS 0x0000000706600000, 0x0000000706600000|
| 103|0x0000000706700000, 0x0000000706700000, 0x0000000706800000|  0%| F|  |TS  0|AC  0|TAMS 0x0000000706700000, 0x0000000706700000|
| 104|0x0000000706800000, 0x0000000706800000, 0x0000000706900000|  0%| F|  |TS  0|AC  0|TAMS 0x0000000706800000, 0x0000000706800000|
| 105|0x0000000706900000, 0x0000000706900000, 0x0000000706a00000|  0%| F|  |TS  0|AC  0|TAMS 0x0000000706900000, 0x0000000706900000|
| 106|0x0000000706a00000, 0x0000000706a00000, 0x0000000706b00000|  0%| F|  |TS  0|AC  0|TAMS 0x0000000706a00000, 0x0000000706a00000|
| 107|0x0000000706b00000, 0x0000000706b00000, 0x0000000706c00000|  0%| F|  |TS  0|AC  0|TAMS 0x0000000706b00000, 0x0000000706b00000|
| 108|0x0000000706c00000, 0x0000000706c00000, 0x0000000706d00000|  0%| F|  |TS  0|AC  0|TAMS 0x0000000706c00000, 0x0000000706c00000|
| 109|0x0000000706d00000, 0x0000000706d00000, 0x0000000706e00000|  0%| F|  |TS  0|AC  0|TAMS 0x0000000706d00000, 0x0000000706d00000|
| 110|0x0000000706e00000, 0x0000000706e00000, 0x0000000706f00000|  0%| F|  |TS  0|AC  0|TAMS 0x0000000706e00000, 0x0000000706e00000|
| 111|0x0000000706f00000, 0x0000000706f00000, 0x0000000707000000|  0%| F|  |TS  0|AC  0|TAMS 0x0000000706f00000, 0x0000000706f00000|
| 112|0x0000000707000000, 0x0000000707000000, 0x0000000707100000|  0%| F|  |TS  0|AC  0|TAMS 0x0000000707000000, 0x0000000707000000|
| 113|0x0000000707100000, 0x0000000707100000, 0x0000000707200000|  0%| F|  |TS  0|AC  0|TAMS 0x0000000707100000, 0x0000000707100000|
| 114|0x0000000707200000, 0x0000000707200000, 0x0000000707300000|  0%| F|  |TS  0|AC  0|TAMS 0x0000000707200000, 0x0000000707200000|
| 115|0x0000000707300000, 0x0000000707300000, 0x0000000707400000|  0%| F|  |TS  0|AC  0|TAMS 0x0000000707300000, 0x0000000707300000|
| 116|0x0000000707400000, 0x0000000707400000, 0x0000000707500000|  0%| F|  |TS  0|AC  0|TAMS 0x0000000707400000, 0x0000000707400000|
| 117|0x0000000707500000, 0x0000000707500000, 0x0000000707600000|  0%| F|  |TS  0|AC  0|TAMS 0x0000000707500000, 0x0000000707500000|
| 118|0x0000000707600000, 0x0000000707600000, 0x0000000707700000|  0%| F|  |TS  0|AC  0|TAMS 0x0000000707600000, 0x0000000707600000|
| 119|0x0000000707700000, 0x0000000707700000, 0x0000000707800000|  0%| F|  |TS  0|AC  0|TAMS 0x0000000707700000, 0x0000000707700000|
| 120|0x0000000707800000, 0x0000000707800000, 0x0000000707900000|  0%| F|  |TS  0|AC  0|TAMS 0x0000000707800000, 0x0000000707800000|
| 121|0x0000000707900000, 0x0000000707900000, 0x0000000707a00000|  0%| F|  |TS  0|AC  0|TAMS 0x0000000707900000, 0x0000000707900000|
| 122|0x0000000707a00000, 0x0000000707a00000, 0x0000000707b00000|  0%| F|  |TS  0|AC  0|TAMS 0x0000000707a00000, 0x0000000707a00000|
| 123|0x0000000707b00000, 0x0000000707b00000, 0x0000000707c00000|  0%| F|  |TS  0|AC  0|TAMS 0x0000000707b00000, 0x0000000707b00000|
| 124|0x0000000707c00000, 0x0000000707c00000, 0x0000000707d00000|  0%| F|  |TS  0|AC  0|TAMS 0x0000000707c00000, 0x0000000707c00000|
| 125|0x0000000707d00000, 0x0000000707d00000, 0x0000000707e00000|  0%| F|  |TS  0|AC  0|TAMS 0x0000000707d00000, 0x0000000707d00000|
| 126|0x0000000707e00000, 0x0000000707e00000, 0x0000000707f00000|  0%| F|  |TS  0|AC  0|TAMS 0x0000000707e00000, 0x0000000707e00000|
| 127|0x0000000707f00000, 0x0000000707f00000, 0x0000000708000000|  0%| F|  |TS  0|AC  0|TAMS 0x0000000707f00000, 0x0000000707f00000|
| 128|0x0000000708000000, 0x0000000708040180, 0x0000000708100000| 25%| S|CS|TS 11|AC  0|TAMS 0x0000000708000000, 0x0000000708000000|
| 129|0x0000000708100000, 0x0000000708200000, 0x0000000708200000|100%| S|CS|TS 11|AC  0|TAMS 0x0000000708100000, 0x0000000708100000|
| 130|0x0000000708200000, 0x0000000708200000, 0x0000000708300000|  0%| F|  |TS 11|AC  0|TAMS 0x0000000708200000, 0x0000000708200000|
| 131|0x0000000708300000, 0x0000000708300000, 0x0000000708400000|  0%| F|  |TS 11|AC  0|TAMS 0x0000000708300000, 0x0000000708300000|
| 132|0x0000000708400000, 0x0000000708400000, 0x0000000708500000|  0%| F|  |TS 11|AC  0|TAMS 0x0000000708400000, 0x0000000708400000|
| 133|0x0000000708500000, 0x0000000708500000, 0x0000000708600000|  0%| F|  |TS 11|AC  0|TAMS 0x0000000708500000, 0x0000000708500000|
| 134|0x0000000708600000, 0x0000000708600000, 0x0000000708700000|  0%| F|  |TS 11|AC  0|TAMS 0x0000000708600000, 0x0000000708600000|
| 135|0x0000000708700000, 0x0000000708700000, 0x0000000708800000|  0%| F|  |TS 11|AC  0|TAMS 0x0000000708700000, 0x0000000708700000|
| 136|0x0000000708800000, 0x0000000708800000, 0x0000000708900000|  0%| F|  |TS 11|AC  0|TAMS 0x0000000708800000, 0x0000000708800000|
| 137|0x0000000708900000, 0x0000000708900000, 0x0000000708a00000|  0%| F|  |TS 11|AC  0|TAMS 0x0000000708900000, 0x0000000708900000|
| 138|0x0000000708a00000, 0x0000000708a00000, 0x0000000708b00000|  0%| F|  |TS 11|AC  0|TAMS 0x0000000708a00000, 0x0000000708a00000|
| 139|0x0000000708b00000, 0x0000000708b00000, 0x0000000708c00000|  0%| F|  |TS 11|AC  0|TAMS 0x0000000708b00000, 0x0000000708b00000|
| 140|0x0000000708c00000, 0x0000000708c00000, 0x0000000708d00000|  0%| F|  |TS 11|AC  0|TAMS 0x0000000708c00000, 0x0000000708c00000|
| 141|0x0000000708d00000, 0x0000000708d00000, 0x0000000708e00000|  0%| F|  |TS 11|AC  0|TAMS 0x0000000708d00000, 0x0000000708d00000|
| 142|0x0000000708e00000, 0x0000000708e00000, 0x0000000708f00000|  0%| F|  |TS 11|AC  0|TAMS 0x0000000708e00000, 0x0000000708e00000|
| 143|0x0000000708f00000, 0x0000000708f00000, 0x0000000709000000|  0%| F|  |TS 11|AC  0|TAMS 0x0000000708f00000, 0x0000000708f00000|
| 144|0x0000000709000000, 0x0000000709000000, 0x0000000709100000|  0%| F|  |TS 11|AC  0|TAMS 0x0000000709000000, 0x0000000709000000|
| 145|0x0000000709100000, 0x0000000709100000, 0x0000000709200000|  0%| F|  |TS 11|AC  0|TAMS 0x0000000709100000, 0x0000000709100000|
| 146|0x0000000709200000, 0x0000000709200000, 0x0000000709300000|  0%| F|  |TS 11|AC  0|TAMS 0x0000000709200000, 0x0000000709200000|
| 147|0x0000000709300000, 0x0000000709300000, 0x0000000709400000|  0%| F|  |TS 11|AC  0|TAMS 0x0000000709300000, 0x0000000709300000|
| 148|0x0000000709400000, 0x0000000709408ab0, 0x0000000709500000|  3%| E|  |TS 11|AC  0|TAMS 0x0000000709400000, 0x0000000709400000|
| 149|0x0000000709500000, 0x0000000709600000, 0x0000000709600000|100%| E|CS|TS 11|AC  0|TAMS 0x0000000709500000, 0x0000000709500000|
| 150|0x0000000709600000, 0x0000000709700000, 0x0000000709700000|100%| E|CS|TS 11|AC  0|TAMS 0x0000000709600000, 0x0000000709600000|
| 151|0x0000000709700000, 0x0000000709800000, 0x0000000709800000|100%| E|CS|TS 11|AC  0|TAMS 0x0000000709700000, 0x0000000709700000|
| 152|0x0000000709800000, 0x0000000709900000, 0x0000000709900000|100%| E|CS|TS 11|AC  0|TAMS 0x0000000709800000, 0x0000000709800000|
| 153|0x0000000709900000, 0x0000000709a00000, 0x0000000709a00000|100%| E|CS|TS 11|AC  0|TAMS 0x0000000709900000, 0x0000000709900000|
| 154|0x0000000709a00000, 0x0000000709b00000, 0x0000000709b00000|100%| E|CS|TS 11|AC  0|TAMS 0x0000000709a00000, 0x0000000709a00000|
| 155|0x0000000709b00000, 0x0000000709c00000, 0x0000000709c00000|100%| E|CS|TS 11|AC  0|TAMS 0x0000000709b00000, 0x0000000709b00000|
| 156|0x0000000709c00000, 0x0000000709d00000, 0x0000000709d00000|100%| E|CS|TS 11|AC  0|TAMS 0x0000000709c00000, 0x0000000709c00000|
| 157|0x0000000709d00000, 0x0000000709e00000, 0x0000000709e00000|100%| E|CS|TS 11|AC  0|TAMS 0x0000000709d00000, 0x0000000709d00000|
| 158|0x0000000709e00000, 0x0000000709f00000, 0x0000000709f00000|100%| E|CS|TS 11|AC  0|TAMS 0x0000000709e00000, 0x0000000709e00000|
| 159|0x0000000709f00000, 0x000000070a000000, 0x000000070a000000|100%| E|CS|TS 11|AC  0|TAMS 0x0000000709f00000, 0x0000000709f00000|
| 160|0x000000070a000000, 0x000000070a100000, 0x000000070a100000|100%| E|CS|TS 11|AC  0|TAMS 0x000000070a000000, 0x000000070a000000|
| 161|0x000000070a100000, 0x000000070a200000, 0x000000070a200000|100%| E|CS|TS 11|AC  0|TAMS 0x000000070a100000, 0x000000070a100000|
| 162|0x000000070a200000, 0x000000070a300000, 0x000000070a300000|100%| E|CS|TS 11|AC  0|TAMS 0x000000070a200000, 0x000000070a200000|
| 163|0x000000070a300000, 0x000000070a400000, 0x000000070a400000|100%| E|CS|TS 11|AC  0|TAMS 0x000000070a300000, 0x000000070a300000|
| 164|0x000000070a400000, 0x000000070a500000, 0x000000070a500000|100%| E|CS|TS 11|AC  0|TAMS 0x000000070a400000, 0x000000070a400000|
| 165|0x000000070a500000, 0x000000070a600000, 0x000000070a600000|100%| E|CS|TS 11|AC  0|TAMS 0x000000070a500000, 0x000000070a500000|
| 166|0x000000070a600000, 0x000000070a700000, 0x000000070a700000|100%| E|CS|TS 11|AC  0|TAMS 0x000000070a600000, 0x000000070a600000|
| 167|0x000000070a700000, 0x000000070a800000, 0x000000070a800000|100%| E|CS|TS 11|AC  0|TAMS 0x000000070a700000, 0x000000070a700000|
| 168|0x000000070a800000, 0x000000070a900000, 0x000000070a900000|100%| E|CS|TS 11|AC  0|TAMS 0x000000070a800000, 0x000000070a800000|
| 169|0x000000070a900000, 0x000000070aa00000, 0x000000070aa00000|100%| E|CS|TS 11|AC  0|TAMS 0x000000070a900000, 0x000000070a900000|
| 170|0x000000070aa00000, 0x000000070ab00000, 0x000000070ab00000|100%| E|CS|TS 11|AC  0|TAMS 0x000000070aa00000, 0x000000070aa00000|
| 171|0x000000070ab00000, 0x000000070ac00000, 0x000000070ac00000|100%| E|CS|TS 11|AC  0|TAMS 0x000000070ab00000, 0x000000070ab00000|
| 172|0x000000070ac00000, 0x000000070ad00000, 0x000000070ad00000|100%| E|CS|TS 11|AC  0|TAMS 0x000000070ac00000, 0x000000070ac00000|
| 173|0x000000070ad00000, 0x000000070ae00000, 0x000000070ae00000|100%| E|CS|TS 11|AC  0|TAMS 0x000000070ad00000, 0x000000070ad00000|
| 174|0x000000070ae00000, 0x000000070af00000, 0x000000070af00000|100%| E|CS|TS 11|AC  0|TAMS 0x000000070ae00000, 0x000000070ae00000|
| 175|0x000000070af00000, 0x000000070b000000, 0x000000070b000000|100%| E|CS|TS 11|AC  0|TAMS 0x000000070af00000, 0x000000070af00000|
| 176|0x000000070b000000, 0x000000070b100000, 0x000000070b100000|100%| E|CS|TS 11|AC  0|TAMS 0x000000070b000000, 0x000000070b000000|
| 177|0x000000070b100000, 0x000000070b200000, 0x000000070b200000|100%| E|CS|TS 11|AC  0|TAMS 0x000000070b100000, 0x000000070b100000|
| 178|0x000000070b200000, 0x000000070b300000, 0x000000070b300000|100%| E|CS|TS 11|AC  0|TAMS 0x000000070b200000, 0x000000070b200000|
| 179|0x000000070b300000, 0x000000070b400000, 0x000000070b400000|100%| E|CS|TS 11|AC  0|TAMS 0x000000070b300000, 0x000000070b300000|
| 180|0x000000070b400000, 0x000000070b500000, 0x000000070b500000|100%| E|CS|TS 11|AC  0|TAMS 0x000000070b400000, 0x000000070b400000|
| 181|0x000000070b500000, 0x000000070b600000, 0x000000070b600000|100%| E|CS|TS 11|AC  0|TAMS 0x000000070b500000, 0x000000070b500000|
| 182|0x000000070b600000, 0x000000070b700000, 0x000000070b700000|100%| E|CS|TS 11|AC  0|TAMS 0x000000070b600000, 0x000000070b600000|
| 183|0x000000070b700000, 0x000000070b800000, 0x000000070b800000|100%| E|CS|TS 11|AC  0|TAMS 0x000000070b700000, 0x000000070b700000|
| 184|0x000000070b800000, 0x000000070b900000, 0x000000070b900000|100%| E|CS|TS 11|AC  0|TAMS 0x000000070b800000, 0x000000070b800000|
| 185|0x000000070b900000, 0x000000070ba00000, 0x000000070ba00000|100%| E|CS|TS 11|AC  0|TAMS 0x000000070b900000, 0x000000070b900000|
| 186|0x000000070ba00000, 0x000000070bb00000, 0x000000070bb00000|100%| E|CS|TS 11|AC  0|TAMS 0x000000070ba00000, 0x000000070ba00000|
| 187|0x000000070bb00000, 0x000000070bc00000, 0x000000070bc00000|100%| E|CS|TS 11|AC  0|TAMS 0x000000070bb00000, 0x000000070bb00000|
| 188|0x000000070bc00000, 0x000000070bd00000, 0x000000070bd00000|100%| E|CS|TS 11|AC  0|TAMS 0x000000070bc00000, 0x000000070bc00000|
| 189|0x000000070bd00000, 0x000000070be00000, 0x000000070be00000|100%| E|CS|TS 11|AC  0|TAMS 0x000000070bd00000, 0x000000070bd00000|

Card table byte_map: [0x000001fceb4e0000,0x000001fcebae0000] byte_map_base: 0x000001fce7ce0000

Marking Bits (Prev, Next): (CMBitMap*) 0x000001fcd4d37798, (CMBitMap*) 0x000001fcd4d37760
 Prev Bits: [0x000001fcef0e0000, 0x000001fcf20e0000)
 Next Bits: [0x000001fcec0e0000, 0x000001fcef0e0000)

Polling page: 0x000001fcc7e50000

CodeHeap 'non-profiled nmethods': size=120000Kb used=19856Kb max_used=19856Kb free=100143Kb
 bounds [0x000001fce39b0000, 0x000001fce4d20000, 0x000001fceaee0000]
CodeHeap 'profiled nmethods': size=120000Kb used=39775Kb max_used=40364Kb free=80224Kb
 bounds [0x000001fcdc480000, 0x000001fcdec30000, 0x000001fce39b0000]
CodeHeap 'non-nmethods': size=5760Kb used=1767Kb max_used=1826Kb free=3992Kb
 bounds [0x000001fcdbee0000, 0x000001fcdc150000, 0x000001fcdc480000]
 total_blobs=29859 nmethods=16316 adapters=1086
 compilation: enabled

Compilation events (10 events):
Event: 279.760 Thread 0x000001fcd03ea000 20434       4       ui.utils.aQ::e (32 bytes)
Event: 279.766 Thread 0x000001fcd03eb800 20435       3       ui.views.p.N::a (280 bytes)
Event: 279.767 Thread 0x000001fcd03eb800 nmethod 20435 0x000001fcddfc6190 code [0x000001fcddfc65e0, 0x000001fcddfc8c50]
Event: 279.767 Thread 0x000001fcd03eb800 20436       3       ui.utils.o.c.a::getPreferredSize (43 bytes)
Event: 279.768 Thread 0x000001fcd03eb800 nmethod 20436 0x000001fcdd9bc590 code [0x000001fcdd9bc780, 0x000001fcdd9bcc50]
Event: 279.769 Thread 0x000001fcd03ea000 nmethod 20434 0x000001fce4d11090 code [0x000001fce4d11280, 0x000001fce4d11cb8]
Event: 279.770 Thread 0x000001fcd03ea800 20437       4       de.javasoft.plaf.synthetica.styles.ScrollBarStyle::get (45 bytes)
Event: 279.773 Thread 0x000001fcd03ea800 nmethod 20437 0x000001fce4d12210 code [0x000001fce4d12400, 0x000001fce4d12818]
Event: 279.776 Thread 0x000001fcd03e9000 20438       4       javax.swing.AbstractButton::setEnabled (42 bytes)
Event: 279.786 Thread 0x000001fcd03e9000 nmethod 20438 0x000001fce4d12a90 code [0x000001fce4d12d80, 0x000001fce4d13f28]

GC Heap History (10 events):
Event: 250.075 GC heap before
{Heap before GC invocations=133 (full 40):
 garbage-first heap   total 194560K, used 140510K [0x0000000700000000, 0x00000007001005f0, 0x00000007c0000000)
  region size 1024K, 60 young (61440K), 1 survivors (1024K)
 Metaspace       used 81745K, capacity 87753K, committed 88008K, reserved 1124352K
  class space    used 11160K, capacity 12183K, committed 12232K, reserved 1048576K
}
Event: 250.076 GC heap after
{Heap after GC invocations=134 (full 40):
 garbage-first heap   total 194560K, used 80092K [0x0000000700000000, 0x00000007001005f0, 0x00000007c0000000)
  region size 1024K, 1 young (1024K), 1 survivors (1024K)
 Metaspace       used 81745K, capacity 87753K, committed 88008K, reserved 1124352K
  class space    used 11160K, capacity 12183K, committed 12232K, reserved 1048576K
}
Event: 252.719 GC heap before
{Heap before GC invocations=134 (full 40):
 garbage-first heap   total 194560K, used 140508K [0x0000000700000000, 0x00000007001005f0, 0x00000007c0000000)
  region size 1024K, 60 young (61440K), 1 survivors (1024K)
 Metaspace       used 81762K, capacity 87753K, committed 88008K, reserved 1124352K
  class space    used 11160K, capacity 12183K, committed 12232K, reserved 1048576K
}
Event: 252.721 GC heap after
{Heap after GC invocations=135 (full 40):
 garbage-first heap   total 194560K, used 80209K [0x0000000700000000, 0x00000007001005f0, 0x00000007c0000000)
  region size 1024K, 1 young (1024K), 1 survivors (1024K)
 Metaspace       used 81762K, capacity 87753K, committed 88008K, reserved 1124352K
  class space    used 11160K, capacity 12183K, committed 12232K, reserved 1048576K
}
Event: 261.092 GC heap before
{Heap before GC invocations=135 (full 40):
 garbage-first heap   total 194560K, used 140625K [0x0000000700000000, 0x00000007001005f0, 0x00000007c0000000)
  region size 1024K, 60 young (61440K), 1 survivors (1024K)
 Metaspace       used 81782K, capacity 87753K, committed 88008K, reserved 1124352K
  class space    used 11160K, capacity 12183K, committed 12232K, reserved 1048576K
}
Event: 261.093 GC heap after
{Heap after GC invocations=136 (full 40):
 garbage-first heap   total 194560K, used 80785K [0x0000000700000000, 0x00000007001005f0, 0x00000007c0000000)
  region size 1024K, 2 young (2048K), 2 survivors (2048K)
 Metaspace       used 81782K, capacity 87753K, committed 88008K, reserved 1124352K
  class space    used 11160K, capacity 12183K, committed 12232K, reserved 1048576K
}
Event: 261.207 GC heap before
{Heap before GC invocations=136 (full 40):
 garbage-first heap   total 194560K, used 140177K [0x0000000700000000, 0x00000007001005f0, 0x00000007c0000000)
  region size 1024K, 60 young (61440K), 2 survivors (2048K)
 Metaspace       used 81804K, capacity 87753K, committed 88008K, reserved 1124352K
  class space    used 11160K, capacity 12183K, committed 12232K, reserved 1048576K
}
Event: 261.208 GC heap after
{Heap after GC invocations=137 (full 40):
 garbage-first heap   total 194560K, used 80428K [0x0000000700000000, 0x00000007001005f0, 0x00000007c0000000)
  region size 1024K, 1 young (1024K), 1 survivors (1024K)
 Metaspace       used 81804K, capacity 87753K, committed 88008K, reserved 1124352K
  class space    used 11160K, capacity 12183K, committed 12232K, reserved 1048576K
}
Event: 264.842 GC heap before
{Heap before GC invocations=137 (full 40):
 garbage-first heap   total 194560K, used 140844K [0x0000000700000000, 0x00000007001005f0, 0x00000007c0000000)
  region size 1024K, 60 young (61440K), 1 survivors (1024K)
 Metaspace       used 81853K, capacity 87817K, committed 88008K, reserved 1124352K
  class space    used 11160K, capacity 12183K, committed 12232K, reserved 1048576K
}
Event: 264.844 GC heap after
{Heap after GC invocations=138 (full 40):
 garbage-first heap   total 194560K, used 80685K [0x0000000700000000, 0x00000007001005f0, 0x00000007c0000000)
  region size 1024K, 2 young (2048K), 2 survivors (2048K)
 Metaspace       used 81853K, capacity 87817K, committed 88008K, reserved 1124352K
  class space    used 11160K, capacity 12183K, committed 12232K, reserved 1048576K
}

Deoptimization events (10 events):
Event: 243.663 Thread 0x000001fcd29f0000 Uncommon trap: reason=speculate_class_check action=maybe_recompile pc=0x000001fce45cde00 method=javax.swing.DefaultListCellRenderer.getListCellRendererComponent(Ljavax/swing/JList;Ljava/lang/Object;IZZ)Ljava/awt/Component; @ 245 c2
Event: 243.705 Thread 0x000001fcd29f0000 Uncommon trap: reason=speculate_class_check action=maybe_recompile pc=0x000001fce45cde00 method=javax.swing.DefaultListCellRenderer.getListCellRendererComponent(Ljavax/swing/JList;Ljava/lang/Object;IZZ)Ljava/awt/Component; @ 245 c2
Event: 243.794 Thread 0x000001fcd29f0000 Uncommon trap: reason=unstable_if action=reinterpret pc=0x000001fce49cb074 method=ui.utils.o.h.b.f(Ljava/awt/Rectangle;Ljava/awt/Rectangle;)Z @ 39 c2
Event: 243.823 Thread 0x000001fcd03e7800 Uncommon trap: reason=unstable_if action=reinterpret pc=0x000001fce3b032a8 method=ui.data.common.L.finalize()V @ 6 c2
Event: 246.539 Thread 0x000001fcd29f0000 Uncommon trap: reason=speculate_class_check action=maybe_recompile pc=0x000001fce45cde00 method=javax.swing.DefaultListCellRenderer.getListCellRendererComponent(Ljavax/swing/JList;Ljava/lang/Object;IZZ)Ljava/awt/Component; @ 245 c2
Event: 246.608 Thread 0x000001fcd29f0000 Uncommon trap: reason=speculate_class_check action=maybe_recompile pc=0x000001fce45cde00 method=javax.swing.DefaultListCellRenderer.getListCellRendererComponent(Ljavax/swing/JList;Ljava/lang/Object;IZZ)Ljava/awt/Component; @ 245 c2
Event: 251.498 Thread 0x000001fcd29f0000 Uncommon trap: reason=class_check action=maybe_recompile pc=0x000001fce49a983c method=com.jidesoft.swing.JideSwingUtilities.getButtonState(Ljavax/swing/AbstractButton;)I @ 37 c2
Event: 251.498 Thread 0x000001fcd29f0000 Uncommon trap: reason=class_check action=maybe_recompile pc=0x000001fce4403290 method=com.jidesoft.plaf.basic.BasicJideButtonUI.getIcon(Ljavax/swing/AbstractButton;)Ljavax/swing/Icon; @ 91 c2
Event: 252.641 Thread 0x000001fcd29f0000 Uncommon trap: reason=class_check action=maybe_recompile pc=0x000001fce39faffc method=java.awt.KeyboardFocusManager.clearMostRecentFocusOwner(Ljava/awt/Component;)V @ 67 c2
Event: 252.641 Thread 0x000001fcd29f0000 Uncommon trap: reason=unstable_if action=reinterpret pc=0x000001fce3b1bba4 method=java.awt.Component.disable()V @ 27 c2

Classes redefined (0 events):
No events

Internal exceptions (10 events):
Event: 262.797 Thread 0x000001fcd29f0000 Exception <a 'java/lang/ClassCastException'{0x0000000708758850}: ui.views.O.i.d cannot be cast to java.base/java.lang.String> (0x0000000708758850) thrown at [t:/workspace/hotspot/src/share/vm/interpreter/interpreterRuntime.cpp, line 380]
Event: 262.797 Thread 0x000001fcd29f0000 Exception <a 'java/lang/ClassCastException'{0x0000000708759af0}: ui.views.O.i.d cannot be cast to java.base/java.lang.String> (0x0000000708759af0) thrown at [t:/workspace/hotspot/src/share/vm/interpreter/interpreterRuntime.cpp, line 380]
Event: 262.797 Thread 0x000001fcd29f0000 Exception <a 'java/lang/ClassCastException'{0x000000070875a350}: ui.views.O.i.d cannot be cast to java.base/java.lang.String> (0x000000070875a350) thrown at [t:/workspace/hotspot/src/share/vm/interpreter/interpreterRuntime.cpp, line 380]
Event: 262.797 Thread 0x000001fcd29f0000 Exception <a 'java/lang/ClassCastException'{0x000000070875ac60}: ui.views.O.i.d cannot be cast to java.base/java.lang.String> (0x000000070875ac60) thrown at [t:/workspace/hotspot/src/share/vm/interpreter/interpreterRuntime.cpp, line 380]
Event: 262.797 Thread 0x000001fcd29f0000 Exception <a 'java/lang/ClassCastException'{0x000000070875b4c0}: ui.views.O.i.d cannot be cast to java.base/java.lang.String> (0x000000070875b4c0) thrown at [t:/workspace/hotspot/src/share/vm/interpreter/interpreterRuntime.cpp, line 380]
Event: 262.797 Thread 0x000001fcd29f0000 Exception <a 'java/lang/ClassCastException'{0x000000070875bd20}: ui.views.O.i.d cannot be cast to java.base/java.lang.String> (0x000000070875bd20) thrown at [t:/workspace/hotspot/src/share/vm/interpreter/interpreterRuntime.cpp, line 380]
Event: 279.759 Thread 0x000001fcd29f0000 Exception <a 'java/lang/ClassCastException'{0x000000070975c6b8}: ui.views.O.i.d cannot be cast to java.base/java.lang.String> (0x000000070975c6b8) thrown at [t:/workspace/hotspot/src/share/vm/interpreter/interpreterRuntime.cpp, line 380]
Event: 279.759 Thread 0x000001fcd29f0000 Exception <a 'java/lang/ClassCastException'{0x000000070975cf18}: ui.views.O.i.d cannot be cast to java.base/java.lang.String> (0x000000070975cf18) thrown at [t:/workspace/hotspot/src/share/vm/interpreter/interpreterRuntime.cpp, line 380]
Event: 279.759 Thread 0x000001fcd29f0000 Exception <a 'java/lang/ClassCastException'{0x000000070975d778}: ui.views.O.i.d cannot be cast to java.base/java.lang.String> (0x000000070975d778) thrown at [t:/workspace/hotspot/src/share/vm/interpreter/interpreterRuntime.cpp, line 380]
Event: 279.759 Thread 0x000001fcd29f0000 Exception <a 'java/lang/ClassCastException'{0x000000070975dfd8}: ui.views.O.i.d cannot be cast to java.base/java.lang.String> (0x000000070975dfd8) thrown at [t:/workspace/hotspot/src/share/vm/interpreter/interpreterRuntime.cpp, line 380]

Events (10 events):
Event: 275.140 Thread 0x000001fcd4d32800 Thread added: 0x000001fcd4d32800
Event: 275.144 Thread 0x000001fcd4d32800 Thread exited: 0x000001fcd4d32800
Event: 276.141 Thread 0x000001fcfa3ba000 Thread added: 0x000001fcfa3ba000
Event: 276.144 Thread 0x000001fcfa3ba000 Thread exited: 0x000001fcfa3ba000
Event: 277.142 Thread 0x000001fcfa3b6000 Thread added: 0x000001fcfa3b6000
Event: 277.147 Thread 0x000001fcfa3b6000 Thread exited: 0x000001fcfa3b6000
Event: 278.143 Thread 0x000001fcfa3ba000 Thread added: 0x000001fcfa3ba000
Event: 278.145 Thread 0x000001fcfa3ba000 Thread exited: 0x000001fcfa3ba000
Event: 279.143 Thread 0x000001fcfa3ba000 Thread added: 0x000001fcfa3ba000
Event: 279.146 Thread 0x000001fcfa3ba000 Thread exited: 0x000001fcfa3ba000


Dynamic libraries:
0x00007ff6598c0000 - 0x00007ff6598f0000 	C:\Xilinx\Vivado\2019.1\bin\unwrapped\win64.o\vivado.exe
0x00007ffe72d70000 - 0x00007ffe72f68000 	C:\WINDOWS\SYSTEM32\ntdll.dll
0x00007ffe72bb0000 - 0x00007ffe72c72000 	C:\WINDOWS\System32\KERNEL32.DLL
0x00007ffe704c0000 - 0x00007ffe707be000 	C:\WINDOWS\System32\KERNELBASE.dll
0x00007ffe70c90000 - 0x00007ffe70d90000 	C:\WINDOWS\System32\ucrtbase.dll
0x00007ffe5c640000 - 0x00007ffe5c6cd000 	C:\WINDOWS\SYSTEM32\MSVCP140.dll
0x00007ffe689e0000 - 0x00007ffe689f4000 	C:\Xilinx\Vivado\2019.1\lib\win64.o\libboost_signals.dll
0x00007ffe62e80000 - 0x00007ffe62e94000 	C:\Xilinx\Vivado\2019.1\lib\win64.o\librdi_commonmain.dll
0x00007ffe03780000 - 0x00007ffe04662000 	C:\Xilinx\Vivado\2019.1\lib\win64.o\librdi_common.dll
0x00007ffe60110000 - 0x00007ffe6012d000 	C:\WINDOWS\SYSTEM32\VCRUNTIME140.dll
0x00007ffe67550000 - 0x00007ffe6755c000 	C:\WINDOWS\SYSTEM32\VCRUNTIME140_1.dll
0x00007ffe72520000 - 0x00007ffe726bd000 	C:\WINDOWS\System32\USER32.dll
0x00007ffe70a70000 - 0x00007ffe70a92000 	C:\WINDOWS\System32\win32u.dll
0x00007ffe60170000 - 0x00007ffe60196000 	C:\Xilinx\Vivado\2019.1\lib\win64.o\libboost_filesystem.dll
0x00007ffe719c0000 - 0x00007ffe719eb000 	C:\WINDOWS\System32\GDI32.dll
0x00007ffe71a20000 - 0x00007ffe71ad2000 	C:\WINDOWS\System32\ADVAPI32.dll
0x00007ffe708d0000 - 0x00007ffe709e7000 	C:\WINDOWS\System32\gdi32full.dll
0x00007ffe716c0000 - 0x00007ffe7175e000 	C:\WINDOWS\System32\msvcrt.dll
0x00007ffe707c0000 - 0x00007ffe7085d000 	C:\WINDOWS\System32\msvcp_win.dll
0x00007ffe6dab0000 - 0x00007ffe6daba000 	C:\Xilinx\Vivado\2019.1\lib\win64.o\librdi_commonversion.dll
0x00007ffe72aa0000 - 0x00007ffe72b40000 	C:\WINDOWS\System32\sechost.dll
0x00007ffe11d50000 - 0x00007ffe11e71000 	C:\Xilinx\Vivado\2019.1\lib\win64.o\librdi_commonxillic.dll
0x00007ffe71d50000 - 0x00007ffe724bf000 	C:\WINDOWS\System32\SHELL32.dll
0x00007ffe71c20000 - 0x00007ffe71d43000 	C:\WINDOWS\System32\RPCRT4.dll
0x00007ffe709f0000 - 0x00007ffe70a17000 	C:\WINDOWS\System32\bcrypt.dll
0x000000005ede0000 - 0x000000005ef0b000 	C:\Xilinx\Vivado\2019.1\lib\win64.o\tcl85t.dll
0x00007ffe72b40000 - 0x00007ffe72bab000 	C:\WINDOWS\System32\WS2_32.dll
0x00007ffe60150000 - 0x00007ffe60164000 	C:\Xilinx\Vivado\2019.1\lib\win64.o\libboost_date_time.dll
0x00007ffe0e710000 - 0x00007ffe0ea7e000 	C:\Xilinx\Vivado\2019.1\lib\win64.o\libCOIN-all.dll
0x00007ffe5caf0000 - 0x00007ffe5cb6f000 	C:\Xilinx\Vivado\2019.1\lib\win64.o\libboost_program_options.dll
0x00007ffe6d4e0000 - 0x00007ffe6d4eb000 	C:\Xilinx\Vivado\2019.1\lib\win64.o\libboost_system.dll
0x00007ffe11c30000 - 0x00007ffe11d44000 	C:\Xilinx\Vivado\2019.1\lib\win64.o\libboost_regex.dll
0x00007ffe6a6b0000 - 0x00007ffe6a6bf000 	C:\Xilinx\Vivado\2019.1\lib\win64.o\libboost_xilinx.dll
0x00007ffe5cbb0000 - 0x00007ffe5cbd1000 	C:\Xilinx\Vivado\2019.1\lib\win64.o\libboost_thread.dll
0x00007ffe56f20000 - 0x00007ffe56fa2000 	C:\Xilinx\Vivado\2019.1\lib\win64.o\libhdlpsolve.dll
0x00007ffe41c00000 - 0x00007ffe41ca5000 	C:\Xilinx\Vivado\2019.1\lib\win64.o\libhdxml.dll
0x00007ffe5c5e0000 - 0x00007ffe5c60e000 	C:\Xilinx\Vivado\2019.1\lib\win64.o\libisl_sysinfo.dll
0x00007ffe02bd0000 - 0x00007ffe0377f400 	C:\Xilinx\Vivado\2019.1\lib\win64.o\libisl_iostreams.dll
0x00007ffe590b0000 - 0x00007ffe59115000 	C:\Xilinx\Vivado\2019.1\lib\win64.o\liblmx6.0.dll
0x00007ffe60130000 - 0x00007ffe6014a000 	C:\Xilinx\Vivado\2019.1\lib\win64.o\pthreadVC2.dll
0x00007ffe5cad0000 - 0x00007ffe5caec000 	C:\Xilinx\Vivado\2019.1\lib\win64.o\librdiconfig.dll
0x00007ffe58da0000 - 0x00007ffe58dc1000 	C:\Xilinx\Vivado\2019.1\lib\win64.o\librdizlib.dll
0x0000000012000000 - 0x0000000012270000 	C:\Xilinx\Vivado\2019.1\lib\win64.o\xerces-c_3_1.dll
0x00007ffe607b0000 - 0x00007ffe607c9000 	C:\WINDOWS\SYSTEM32\NETAPI32.dll
0x00007ffe613c0000 - 0x00007ffe61898000 	C:\WINDOWS\SYSTEM32\WININET.dll
0x00007ffe6ab50000 - 0x00007ffe6ac5d000 	C:\WINDOWS\SYSTEM32\WINHTTP.dll
0x00007ffe60800000 - 0x00007ffe609ec000 	C:\WINDOWS\SYSTEM32\urlmon.dll
0x00007ffe10510000 - 0x00007ffe107e8000 	C:\Xilinx\Vivado\2019.1\lib\win64.o\libXil_lmgr11.dll
0x00007ffe70e10000 - 0x00007ffe70eea000 	C:\WINDOWS\System32\COMDLG32.dll
0x00007ffdfa530000 - 0x00007ffdfa539000 	C:\WINDOWS\SYSTEM32\WSOCK32.dll
0x00007ffe726c0000 - 0x00007ffe72a13000 	C:\WINDOWS\System32\combase.dll
0x00007ffe58d60000 - 0x00007ffe58d92000 	C:\WINDOWS\SYSTEM32\VCOMP140.DLL
0x00007ffe01d30000 - 0x00007ffe02bc1000 	C:\Xilinx\Vivado\2019.1\lib\win64.o\gurobi65.dll
0x00007ffe72c80000 - 0x00007ffe72d2d000 	C:\WINDOWS\System32\shcore.dll
0x00007ffe72a20000 - 0x00007ffe72a75000 	C:\WINDOWS\System32\SHLWAPI.dll
0x00007ffe69a50000 - 0x00007ffe69a5d000 	C:\Xilinx\Vivado\2019.1\lib\win64.o\libboost_chrono.dll
0x00007ffe71890000 - 0x00007ffe7195d000 	C:\WINDOWS\System32\OLEAUT32.dll
0x00007ffe5c5c0000 - 0x00007ffe5c5db000 	C:\Xilinx\Vivado\2019.1\lib\win64.o\libboost_iostreams.dll
0x00007ffe56ef0000 - 0x00007ffe56f15000 	C:\Xilinx\Vivado\2019.1\lib\win64.o\libisl_iosutils.dll
0x00007ffe71760000 - 0x00007ffe7188b000 	C:\WINDOWS\System32\ole32.dll
0x00007ffe70860000 - 0x00007ffe708c9000 	C:\WINDOWS\System32\WINTRUST.dll
0x00007ffe70b30000 - 0x00007ffe70c8c000 	C:\WINDOWS\System32\CRYPT32.dll
0x00007ffe601a0000 - 0x00007ffe6045e000 	C:\WINDOWS\SYSTEM32\iertutil.dll
0x00007ffe60620000 - 0x00007ffe60648000 	C:\WINDOWS\SYSTEM32\srvcli.dll
0x00007ffe6f8c0000 - 0x00007ffe6f8cc000 	C:\WINDOWS\SYSTEM32\netutils.dll
0x00007ffe5d060000 - 0x00007ffe5d110000 	C:\WINDOWS\WinSxS\amd64_microsoft.windows.common-controls_6595b64144ccf1df_5.82.19041.4355_none_792ecafd2442822f\COMCTL32.dll
0x00007ffe6b570000 - 0x00007ffe6b58d000 	C:\WINDOWS\SYSTEM32\dhcpcsvc.DLL
0x00007ffe719f0000 - 0x00007ffe71a1f000 	C:\WINDOWS\System32\IMM32.DLL
0x00007ffe6ff00000 - 0x00007ffe6ff12000 	C:\WINDOWS\SYSTEM32\MSASN1.dll
0x00007ffe6e2b0000 - 0x00007ffe6e2c2000 	C:\WINDOWS\SYSTEM32\kernel.appcore.dll
0x00007ffe01810000 - 0x00007ffe01d27000 	C:\Xilinx\Vivado\2019.1\lib\win64.o\librdi_commontasks.dll
0x00007ffe68e20000 - 0x00007ffe68e2a000 	C:\WINDOWS\SYSTEM32\VERSION.dll
0x00007ffe08d00000 - 0x00007ffe08f86000 	C:\Xilinx\Vivado\2019.1\lib\win64.o\librdi_sio.dll
0x000000005e3b0000 - 0x000000005edd5000 	C:\Xilinx\Vivado\2019.1\tps\win64\jre9.0.4\bin\server\jvm.dll
0x00007ffe71500000 - 0x00007ffe71508000 	C:\WINDOWS\System32\PSAPI.DLL
0x00007ffe6f7b0000 - 0x00007ffe6f7eb000 	C:\WINDOWS\SYSTEM32\IPHLPAPI.DLL
0x00007ffe62d80000 - 0x00007ffe62da7000 	C:\WINDOWS\SYSTEM32\WINMM.dll
0x00007ffe11b40000 - 0x00007ffe11c2f000 	C:\Xilinx\Vivado\2019.1\tps\win64\jre9.0.4\bin\MSVCR120.dll
0x00007ffe6fad0000 - 0x00007ffe6fb3a000 	C:\WINDOWS\SYSTEM32\MSWSOCK.DLL
0x00007ffe6e4b0000 - 0x00007ffe6ec54000 	C:\WINDOWS\SYSTEM32\windows.storage.dll
0x00007ffe6fd70000 - 0x00007ffe6fd9e000 	C:\WINDOWS\SYSTEM32\Wldp.dll
0x00007ffdff350000 - 0x00007ffe0180c000 	C:\Xilinx\Vivado\2019.1\lib\win64.o\librdi_tcltasks.dll
0x00007ffdfef40000 - 0x00007ffdff348000 	C:\Xilinx\Vivado\2019.1\lib\win64.o\librdi_bitstream.dll
0x00007ffe11360000 - 0x00007ffe114f1000 	C:\Xilinx\Vivado\2019.1\lib\win64.o\librdi_board.dll
0x00007ffe555b0000 - 0x00007ffe55628000 	C:\Xilinx\Vivado\2019.1\lib\win64.o\librdi_boarddep.dll
0x00007ffe11a50000 - 0x00007ffe11b3b000 	C:\Xilinx\Vivado\2019.1\lib\win64.o\librdi_chipscope.dll
0x00007ffe10f30000 - 0x00007ffe110ed000 	C:\Xilinx\Vivado\2019.1\lib\win64.o\librdi_chipscopeimpl.dll
0x00007ffe0ec00000 - 0x00007ffe0ed56000 	C:\Xilinx\Vivado\2019.1\lib\win64.o\librdi_containers.dll
0x00007ffdfce70000 - 0x00007ffdfd54a000 	C:\Xilinx\Vivado\2019.1\lib\win64.o\librdi_coregenipxact.dll
0x00007ffdfd550000 - 0x00007ffdfef3a000 	C:\Xilinx\Vivado\2019.1\lib\win64.o\librdi_constraints.dll
0x00007ffd69630000 - 0x00007ffd6d673000 	C:\Xilinx\Vivado\2019.1\lib\win64.o\librdi_designutils.dll
0x00007ffdfcb50000 - 0x00007ffdfce6e000 	C:\Xilinx\Vivado\2019.1\lib\win64.o\librdi_dlyest.dll
0x00007ffe0e640000 - 0x00007ffe0e704000 	C:\Xilinx\Vivado\2019.1\lib\win64.o\librdi_dsp.dll
0x00007ffdfc5b0000 - 0x00007ffdfcb4a000 	C:\Xilinx\Vivado\2019.1\lib\win64.o\librdi_drc.dll
0x00007ffdf4090000 - 0x00007ffdf5f41000 	C:\Xilinx\Vivado\2019.1\lib\win64.o\librdi_coregen.dll
0x00007ffdf3da0000 - 0x00007ffdf4083000 	C:\Xilinx\Vivado\2019.1\lib\win64.o\librdi_guitools.dll
0x00007ffe4da70000 - 0x00007ffe4dad5000 	C:\Xilinx\Vivado\2019.1\lib\win64.o\librdi_hdf.dll
0x00007ffdfbf60000 - 0x00007ffdfc5ad000 	C:\Xilinx\Vivado\2019.1\lib\win64.o\librdi_filemgmt.dll
0x00007ffe4ab10000 - 0x00007ffe4ab83000 	C:\Xilinx\Vivado\2019.1\lib\win64.o\librdi_memoryarray.dll
0x00007ffdf21c0000 - 0x00007ffdf27d5000 	C:\Xilinx\Vivado\2019.1\lib\win64.o\librdi_memdata.dll
0x00007ffdf27e0000 - 0x00007ffdf3da0000 	C:\Xilinx\Vivado\2019.1\lib\win64.o\librdi_implflow.dll
0x00007ffe4e190000 - 0x00007ffe4e1db000 	C:\Xilinx\Vivado\2019.1\lib\win64.o\librdi_pfi.dll
0x00007ffdf1b10000 - 0x00007ffdf21b2000 	C:\Xilinx\Vivado\2019.1\lib\win64.o\librdi_netlist.dll
0x00007ffd57200000 - 0x00007ffd6962c000 	C:\Xilinx\Vivado\2019.1\lib\win64.o\librdi_device.dll
0x00007ffddc640000 - 0x00007ffddc94f000 	C:\Xilinx\Vivado\2019.1\lib\win64.o\librdi_platform.dll
0x00007ffd8e880000 - 0x00007ffd8efca000 	C:\Xilinx\Vivado\2019.1\lib\win64.o\librdi_power.dll
0x00007ffd50d70000 - 0x00007ffd512ef000 	C:\Xilinx\Vivado\2019.1\lib\win64.o\librdi_project.dll
0x00007ffd50660000 - 0x00007ffd50d69000 	C:\Xilinx\Vivado\2019.1\lib\win64.o\librdi_psta.dll
0x00007ffd512f0000 - 0x00007ffd53966000 	C:\Xilinx\Vivado\2019.1\lib\win64.o\librdi_place.dll
0x00007ffe0e270000 - 0x00007ffe0e36a000 	C:\Xilinx\Vivado\2019.1\lib\win64.o\librdi_runsbase.dll
0x00007ffd4ff50000 - 0x00007ffd50656000 	C:\Xilinx\Vivado\2019.1\lib\win64.o\librdi_rsb.dll
0x00007ffd8e480000 - 0x00007ffd8e871000 	C:\Xilinx\Vivado\2019.1\lib\win64.o\librdi_runs.dll
0x00007ffda4a10000 - 0x00007ffda4c66000 	C:\Xilinx\Vivado\2019.1\lib\win64.o\librdi_simdata.dll
0x00007ffd4f130000 - 0x00007ffd4ff41000 	C:\Xilinx\Vivado\2019.1\lib\win64.o\librdi_timing.dll
0x00007ffe0d9b0000 - 0x00007ffe0db22000 	C:\Xilinx\Vivado\2019.1\lib\win64.o\librdi_advchipscopeimpl.dll
0x00007ffe4d490000 - 0x00007ffe4d4dc000 	C:\Xilinx\Vivado\2019.1\lib\win64.o\libboost_serialization.dll
0x00007ffdfa830000 - 0x00007ffdfa9cf000 	C:\Xilinx\Vivado\2019.1\lib\win64.o\librdi_hip_devdesign.dll
0x00007ffe0dc00000 - 0x00007ffe0dcc2000 	C:\Xilinx\Vivado\2019.1\lib\win64.o\librdi_ipconfig_readwrite.dll
0x00007ffe11a00000 - 0x00007ffe11a43000 	C:\Xilinx\Vivado\2019.1\lib\win64.o\librdi_noc_frameworks.dll
0x00007ffd54510000 - 0x00007ffd571f6000 	C:\Xilinx\Vivado\2019.1\lib\win64.o\librdi_mig.dll
0x00007ffe0eac0000 - 0x00007ffe0eb5e000 	C:\Xilinx\Vivado\2019.1\lib\win64.o\libise.dll
0x00007ffd4ed40000 - 0x00007ffd4f125000 	C:\Xilinx\Vivado\2019.1\lib\win64.o\librdi_hip_config.dll
0x00007ffd4e7f0000 - 0x00007ffd4ed3e000 	C:\Xilinx\Vivado\2019.1\lib\win64.o\librdi_xdm.dll
0x00007ffe56eb0000 - 0x00007ffe56ef0000 	C:\Xilinx\Vivado\2019.1\lib\win64.o\librdi_wavedata_SimpleApi.dll
0x00007ffd4dca0000 - 0x00007ffd4e7e7000 	C:\Xilinx\Vivado\2019.1\lib\win64.o\libverific.dll
0x00007ffd4d6a0000 - 0x00007ffd4dc9c000 	C:\Xilinx\Vivado\2019.1\lib\win64.o\librdi_wavedata.dll
0x00007ffe52830000 - 0x00007ffe5286f000 	C:\Xilinx\Vivado\2019.1\lib\win64.o\librdi_schedmon.dll
0x00007ffd8fde0000 - 0x00007ffd90039000 	C:\Xilinx\Vivado\2019.1\lib\win64.o\librdi_hsm.dll

VM Arguments:
jvm_args: -Dsun.java2d.pmoffscreen=false -Dsun.java2d.xrender=false -Dsun.java2d.d3d=false -Dsun.awt.nopixfmt=true -Dsun.java2d.dpiaware=true -Dsun.java2d.uiScale.enabled=false -Xverify:none -Dswing.aatext=true -XX:-UsePerfData -Djdk.map.althashing.threshold=512 -XX:StringTableSize=4072 --add-opens=java.base/java.nio=ALL-UNNAMED --add-opens=java.desktop/sun.swing=ALL-UNNAMED --add-opens=java.desktop/javax.swing=ALL-UNNAMED --add-opens=java.desktop/javax.swing.tree=ALL-UNNAMED --add-opens=java.desktop/javax.swing.plaf.basic=ALL-UNNAMED --add-opens=java.desktop/javax.swing.plaf.synth=ALL-UNNAMED --add-opens=java.desktop/com.sun.awt=ALL-UNNAMED -XX:NewSize=60m -XX:MaxNewSize=60m -Xms128m -Xmx3072m -Xss5m 
java_command: <unknown>
java_class_path (initial): C:/Xilinx/Vivado/2019.1\lib\classes\alloy.jar;C:/Xilinx/Vivado/2019.1\lib\classes\autopilot.scelaborator.jar;C:/Xilinx/Vivado/2019.1\lib\classes\autopilot.sourceprocessor.jar;C:/Xilinx/Vivado/2019.1\lib\classes\autopilot.tbprocessor.jar;C:/Xilinx/Vivado/2019.1\lib\classes\batik-anim.jar;C:/Xilinx/Vivado/2019.1\lib\classes\batik-awt-util.jar;C:/Xilinx/Vivado/2019.1\lib\classes\batik-bridge.jar;C:/Xilinx/Vivado/2019.1\lib\classes\batik-codec.jar;C:/Xilinx/Vivado/2019.1\lib\classes\batik-css.jar;C:/Xilinx/Vivado/2019.1\lib\classes\batik-dom.jar;C:/Xilinx/Vivado/2019.1\lib\classes\batik-ext.jar;C:/Xilinx/Vivado/2019.1\lib\classes\batik-gui-util.jar;C:/Xilinx/Vivado/2019.1\lib\classes\batik-gvt.jar;C:/Xilinx/Vivado/2019.1\lib\classes\batik-parser.jar;C:/Xilinx/Vivado/2019.1\lib\classes\batik-script.jar;C:/Xilinx/Vivado/2019.1\lib\classes\batik-svg-dom.jar;C:/Xilinx/Vivado/2019.1\lib\classes\batik-swing.jar;C:/Xilinx/Vivado/2019.1\lib\classes\batik-transcoder.jar;C:/Xilinx/Vivado/2019.1\lib\classes\batik-util.jar;C:/Xilinx/Vivado/2019.1\lib\classes\batik-xml.jar;C:/Xilinx/Vivado/2019.1\lib\classes\com.google.gson_2.7.0.v20170129-0911.jar;C:/Xilinx/Vivado/2019.1\lib\classes\com.google.guava_21.0.0.v20170206-1425.jar;C:/Xilinx/Vivado/2019.1\lib\classes\com.google.inject_3.0.0.v201605172100.jar;C:/Xilinx/Vivado/2019.1\lib\classes\com.ibm.icu_4.4.2.v20110208.jar;C:/Xilinx/Vivado/2019.1\lib\classes\com.sigasi.hdt.annotations.runtime_4.3.0.201903071210.jar;C:/Xilinx/Vivado/2019.1\lib\classes\com.sigasi.hdt.blockdiagram.model_4.3.0.201903071210.jar;C:/Xilinx/Vivado/2019.1\lib\classes\com.sigasi.hdt.connection_4.3.0.201903071210.jar;C:/Xilinx/Vivado/2019.1\lib\classes\com.sigasi.hdt.dependencies.model_4.3.0.201903071210.jar;C:/Xilinx/Vivado/2019.1\lib\classes\com.sigasi.hdt.epl_4.3.0.201903071210.jar;C:/Xilinx/Vivado/2019.1\lib\classes\com.sigasi.hdt.graphics.model_4.3.0.201903071210.jar;C:/Xilinx/Vivado/2019.1\lib\classes\com.sigasi.hdt.project_4.3.0
Launcher Type: generic

Logging:
Log output configuration:
#0: stdout all=warning uptime,level,tags
#1: stderr all=off uptime,level,tags

Environment Variables:
PATH=C:/Xilinx/Vivado/2019.1/bin;C:/Xilinx/Vivado/2019.1/lib/win64.o;C:/Xilinx/Vivado/2019.1/tps/win64/jre9.0.4/bin/server;C:/Xilinx/Vivado/2019.1/tps/win64/jre9.0.4/bin;C:/Xilinx/SDK/2019.1/bin;C:/Xilinx/Vivado/2019.1/ids_lite/ISE/bin/nt64;C:/Xilinx/Vivado/2019.1/ids_lite/ISE/lib/nt64;C:\WINDOWS\system32;C:\WINDOWS;C:\WINDOWS\System32\Wbem;C:\WINDOWS\System32\WindowsPowerShell\v1.0\;C:\WINDOWS\System32\OpenSSH\;C:\Program Files\Git\cmd;C:\Users\sjh00\AppData\Local\Programs\Python\Python39;C:\Users\sjh00\AppData\Local\Programs\Python\Python39\Scripts;C:\Program Files\MATLAB\R2024b\bin;C:\Users\sjh00\AppData\Local\Microsoft\WindowsApps;D:\Microsoft VS Code\bin;;C:/Xilinx/Vivado/2019.1\tps\mingw\6.2.0\win64.o\nt\bin;C:/Xilinx/Vivado/2019.1\tps\mingw\6.2.0\win64.o\nt\libexec\gcc\x86_64-w64-mingw32\6.2.0;C:/Xilinx/Vivado/2019.1\tps\win64\python-2.7.5;C:/Xilinx/Vivado/2019.1\tps\win64\python-2.7.5\lib;C:/Xilinx/Vivado/2019.1\tps\win64\python-2.7.5\Lib\lib-tk;C:/Xilinx/Vivado/2019.1\tps\win64\python-2.7.5\lib\site-packages
USERNAME=sjh00
OS=Windows_NT
PROCESSOR_IDENTIFIER=AMD64 Family 25 Model 33 Stepping 0, AuthenticAMD



---------------  S Y S T E M  ---------------

OS: Windows 10 , 64 bit Build 19041 (10.0.19041.4957)

CPU:total 12 (initial active 12) (12 cores per cpu, 1 threads per core) family 25 model 33 stepping 0, cmov, cx8, fxsr, mmx, sse, sse2, sse3, ssse3, sse4.1, sse4.2, popcnt, avx, avx2, aes, clmul, erms, mmxext, 3dnowpref, lzcnt, sse4a, tsc, tscinvbit, tscinv, bmi1

Memory: 4k page, physical 16702292k(1484648k free), swap 33637660k(5011284k free)

vm_info: Java HotSpot(TM) 64-Bit Server VM (9.0.4+11) for windows-amd64 JRE (9.0.4+11), built on Dec 20 2017 02:18:54 by "mach5one" with MS VC++ 12.0 (VS2013)

END.
